Log file open, 07/28/17 05:49:30
LogInit:Display: Running engine for game: ArenaBattle
LogPlatformFile: Not using cached read wrapper
LogInit:Display: RandInit(990597814) SRandInit(990597815).
LogTaskGraph: Started task graph with 5 named threads and 6 total threads with 1 sets of task threads.
LogStats: Stats thread started at 0.187999
LogInit: Using libcurl 7.47.1
LogInit:  - built for x86_64-pc-win32
LogInit:  - supports SSL with OpenSSL/1.0.2g
LogInit:  - supports HTTP deflate (compression) using libz 1.2.8
LogInit:  - other features:
LogInit:      CURL_VERSION_SSL
LogInit:      CURL_VERSION_LIBZ
LogInit:      CURL_VERSION_IPV6
LogInit:      CURL_VERSION_ASYNCHDNS
LogInit:      CURL_VERSION_LARGEFILE
LogInit:      CURL_VERSION_IDN
LogInit:  CurlRequestOptions (configurable via config and command line):
LogInit:  - bVerifyPeer = false  - Libcurl will NOT verify peer certificate
LogInit:  - bUseHttpProxy = false  - Libcurl will NOT use HTTP proxy
LogInit:  - bDontReuseConnections = false  - Libcurl will reuse connections
LogInit:  - CertBundlePath = nullptr  - Libcurl will use whatever was configured at build time.
LogInit: Build: ++UE4+Release-4.16-CL-3514769
LogInit: Engine Version: 4.16.2-3514769+++UE4+Release-4.16
LogInit: Compatible Engine Version: 4.16.0-3452394+++UE4+Release-4.16
LogInit: Net CL: 3452394
LogDevObjectVersion: Number of dev versions registered: 16
LogDevObjectVersion:   Dev-Blueprints (B0D832E4-1F89-4F0D-ACCF-7EB736FD4AA2): 9
LogDevObjectVersion:   Dev-Build (E1C64328-A22C-4D53-A36C-8E866417BD8C): 0
LogDevObjectVersion:   Dev-Core (375EC13C-06E4-48FB-B500-84F0262A717E): 2
LogDevObjectVersion:   Dev-Editor (E4B068ED-F494-42E9-A231-DA0B2E46BB41): 17
LogDevObjectVersion:   Dev-Framework (CFFC743F-43B0-4480-9391-14DF171D2073): 23
LogDevObjectVersion:   Dev-Mobile (B02B49B5-BB20-44E9-A304-32B752E40360): 0
LogDevObjectVersion:   Dev-Networking (A4E4105C-59A1-49B5-A7C5-40C4547EDFEE): 0
LogDevObjectVersion:   Dev-Online (39C831C9-5AE6-47DC-9A44-9C173E1C8E7C): 0
LogDevObjectVersion:   Dev-Physics (78F01B33-EBEA-4F98-B9B4-84EACCB95AA2): 0
LogDevObjectVersion:   Dev-Platform (6631380F-2D4D-43E0-8009-CF276956A95A): 0
LogDevObjectVersion:   Dev-Rendering (12F88B9F-8875-4AFC-A67C-D90C383ABD29): 15
LogDevObjectVersion:   Dev-Sequencer (7B5AE74C-D270-4C10-A958-57980B212A5A): 4
LogDevObjectVersion:   Dev-VR (D7296918-1DD6-4BDD-9DE2-64A83CC13884): 0
LogDevObjectVersion:   Dev-LoadTimes (C2A15278-BFE7-4AFE-6C17-90FF531DF755): 1
LogDevObjectVersion:   Private-Geometry (6EACA3D4-40EC-4CC1-B786-8BED09428FC5): 1
LogDevObjectVersion:   Dev-AnimPhys (29E575DD-E0A3-4627-9D10-D276232CDCEA): 3
LogInit: Compiled (64-bit): Jun 29 2017 02:03:24
LogInit: Compiled with Visual C++: 19.00.24215.01
LogInit: Build Configuration: Development
LogInit: Branch Name: ++UE4+Release-4.16
LogInit: Command line:  
LogInit: Base directory: C:/Program Files/Epic Games/UE_4.16/Engine/Binaries/Win64/
LogInit: Installed Engine Build: 1
LogInit: Presizing for max 8388607 objects, including 0 objects not considered by GC, pre-allocating 0 bytes for permanent pool.
LogInit: Object subsystem initialized
[2017.07.27-20.49.32:440][  0]LogInit: Selected Device Profile: [Windows]
[2017.07.27-20.49.32:440][  0]LogInit: Applying CVar settings loaded from the selected device profile: [Windows]
[2017.07.27-20.49.32:476][  0]LogInit: Computer: LEEJIU
[2017.07.27-20.49.32:476][  0]LogInit: User: LEEJIU
[2017.07.27-20.49.32:476][  0]LogInit: CPU Page size=4096, Cores=2
[2017.07.27-20.49.32:476][  0]LogInit: High frequency timer resolution =2.435870 MHz
[2017.07.27-20.49.32:477][  0]LogMemory: Memory total: Physical=7.9GB (8GB approx)
[2017.07.27-20.49.32:477][  0]LogMemory: Platform Memory Stats for Windows
[2017.07.27-20.49.32:477][  0]LogMemory: Process Physical Memory: 272.50 MB used, 272.50 MB peak
[2017.07.27-20.49.32:477][  0]LogMemory: Process Virtual Memory: 258.36 MB used, 258.36 MB peak
[2017.07.27-20.49.32:477][  0]LogMemory: Physical Memory: 2659.20 MB used,  5440.20 MB free, 8099.39 MB total
[2017.07.27-20.49.32:477][  0]LogMemory: Virtual Memory: 633.95 MB used,  5440.20 MB free, 134217728.00 MB total
[2017.07.27-20.49.32:737][  0]LogInit: Using OS detected language (ko-KR).
[2017.07.27-20.49.32:737][  0]LogInit: Using OS detected locale (ko-KR).
[2017.07.27-20.49.32:744][  0]LogTextLocalizationManager: No specific localization for 'ko-KR' exists, so the 'ko' localization will be used.
[2017.07.27-20.49.34:130][  0]LogD3D11RHI: D3D11 adapters:
[2017.07.27-20.49.34:999][  0]LogD3D11RHI:    0. 'Intel(R) HD Graphics 3000' (Feature Level 11_0)
[2017.07.27-20.49.34:999][  0]LogD3D11RHI:       32/0/1632 MB DedicatedVideo/DedicatedSystem/SharedSystem, Outputs:2, VendorId:0x8086
[2017.07.27-20.49.35:048][  0]LogD3D11RHI:    1. 'NVIDIA GeForce GT 635M' (Feature Level 11_0)
[2017.07.27-20.49.35:048][  0]LogD3D11RHI:       2000/0/4049 MB DedicatedVideo/DedicatedSystem/SharedSystem, Outputs:0, VendorId:0x10de
[2017.07.27-20.49.35:052][  0]LogD3D11RHI:    2. 'Microsoft Basic Render Driver' (Feature Level 11_0)
[2017.07.27-20.49.35:052][  0]LogD3D11RHI:       0/0/4049 MB DedicatedVideo/DedicatedSystem/SharedSystem, Outputs:0, VendorId:0x1414
[2017.07.27-20.49.35:052][  0]LogD3D11RHI: Chosen D3D11 Adapter: 1
[2017.07.27-20.49.35:060][  0]LogD3D11RHI: Creating new Direct3DDevice
[2017.07.27-20.49.35:060][  0]LogD3D11RHI:     GPU DeviceId: 0x124d (for the marketing name, search the web for "GPU Device Id")
[2017.07.27-20.49.35:060][  0]LogWindows: EnumDisplayDevices:
[2017.07.27-20.49.35:060][  0]LogWindows:    0. 'Intel(R) HD Graphics 3000' (P:1 D:1)
[2017.07.27-20.49.35:060][  0]LogWindows:    1. 'Intel(R) HD Graphics 3000' (P:0 D:1)
[2017.07.27-20.49.35:060][  0]LogWindows:    2. 'NVIDIA GeForce GT 635M' (P:0 D:0)
[2017.07.27-20.49.35:060][  0]LogWindows: DebugString: PrimaryIsNotTheChoosenAdapter PrimaryIsNotTheChoosenAdapter 
[2017.07.27-20.49.35:060][  0]LogD3D11RHI:     Adapter Name: NVIDIA GeForce GT 635M
[2017.07.27-20.49.35:060][  0]LogD3D11RHI:   Driver Version: 382.05 (internal:22.21.13.8205, unified:382.05)
[2017.07.27-20.49.35:060][  0]LogD3D11RHI:      Driver Date: 5-1-2017
[2017.07.27-20.49.35:060][  0]LogRHI: Texture pool is 1361 MB (70% of 1945 MB)
[2017.07.27-20.49.35:112][  0]LogD3D11RHI:Display: Timestamp queries are currently disabled on this hardware due to instability. Realtime GPU stats will not be available. You can override this behaviour by setting r.NVIDIATimestampWorkaround to 0
[2017.07.27-20.49.35:112][  0]LogD3D11RHI: Async texture creation enabled
[2017.07.27-20.49.35:127][  0]LogD3D11RHI: GPU Timing Frequency: 1000.000000 (Debug: 2 1)
[2017.07.27-20.49.35:128][  0]LogShaderCompilers: Guid format shader working directory is 21 characters bigger than the processId version (D:/UnrealStudy/ArenaBattle/Intermediate/Shaders/WorkingDirectory/8324/).
[2017.07.27-20.49.35:128][  0]LogShaderCompilers: Cleaned the shader compiler working directory 'C:/Users/LEEJIU/AppData/Local/Temp/UnrealShaderWorkingDir/C77D0C9F465C6C32B13730AF4E05A507/'.
[2017.07.27-20.49.35:128][  0]LogShaderCompilers:Display: Using Local Shader Compiler.
[2017.07.27-20.49.37:144][  0]LogTemp:Display: Loaded TP AllDesktopTargetPlatform
[2017.07.27-20.49.37:240][  0]LogTemp:Display: Loaded TP MacClientTargetPlatform
[2017.07.27-20.49.37:341][  0]LogTemp:Display: Loaded TP MacNoEditorTargetPlatform
[2017.07.27-20.49.37:444][  0]LogTemp:Display: Loaded TP MacServerTargetPlatform
[2017.07.27-20.49.37:546][  0]LogTemp:Display: Loaded TP MacTargetPlatform
[2017.07.27-20.49.37:645][  0]LogTemp:Display: Loaded TP WindowsClientTargetPlatform
[2017.07.27-20.49.37:748][  0]LogTemp:Display: Loaded TP WindowsNoEditorTargetPlatform
[2017.07.27-20.49.37:846][  0]LogTemp:Display: Loaded TP WindowsServerTargetPlatform
[2017.07.27-20.49.37:931][  0]LogTemp:Display: Loaded TP WindowsTargetPlatform
[2017.07.27-20.49.38:028][  0]LogTemp:Display: Loaded TP AndroidTargetPlatform
[2017.07.27-20.49.38:129][  0]LogTemp:Display: Loaded TP Android_ASTCTargetPlatform
[2017.07.27-20.49.38:226][  0]LogTemp:Display: Loaded TP Android_ATCTargetPlatform
[2017.07.27-20.49.38:321][  0]LogTemp:Display: Loaded TP Android_DXTTargetPlatform
[2017.07.27-20.49.38:424][  0]LogTemp:Display: Loaded TP Android_ETC1TargetPlatform
[2017.07.27-20.49.38:524][  0]LogTemp:Display: Loaded TP Android_ETC2TargetPlatform
[2017.07.27-20.49.38:723][  0]LogTemp:Display: Loaded TP Android_MultiTargetPlatform
[2017.07.27-20.49.38:723][  0]LogTemp:Display: Loaded TP Android_PVRTCTargetPlatform
[2017.07.27-20.49.38:802][  0]LogTemp:Display: Loaded TP HTML5TargetPlatform
[2017.07.27-20.49.39:005][  0]LogTemp:Display: Loaded TP IOSTargetPlatform
[2017.07.27-20.49.39:068][  0]LogTemp:Display: Loaded TP TVOSTargetPlatform
[2017.07.27-20.49.39:155][  0]LogTemp:Display: Loaded TP LinuxClientTargetPlatform
[2017.07.27-20.49.39:250][  0]LogTemp:Display: Loaded TP LinuxNoEditorTargetPlatform
[2017.07.27-20.49.39:348][  0]LogTemp:Display: Loaded TP LinuxServerTargetPlatform
[2017.07.27-20.49.39:447][  0]LogTemp:Display: Loaded TP LinuxTargetPlatform
[2017.07.27-20.49.39:447][  0]LogTargetPlatformManager:Display: Building Assets For Windows
[2017.07.27-20.49.40:485][  0]LogDerivedDataCache:Display: Max Cache Size: 512 MB
[2017.07.27-20.49.40:629][  0]LogDerivedDataCache: Loaded boot cache 0.14s 96MB C:/Users/LEEJIU/AppData/Local/UnrealEngine/4.16/DerivedDataCache/Boot.ddc.
[2017.07.27-20.49.40:629][  0]LogDerivedDataCache:Display: Loaded Boot cache: C:/Users/LEEJIU/AppData/Local/UnrealEngine/4.16/DerivedDataCache/Boot.ddc
[2017.07.27-20.49.40:629][  0]LogDerivedDataCache: FDerivedDataBackendGraph:  Pak pak cache file D:/UnrealStudy/ArenaBattle/DerivedDataCache/DDC.ddp not found, will not use a pak cache.
[2017.07.27-20.49.40:629][  0]LogDerivedDataCache: Unable to find inner node Pak for hierarchical cache Hierarchy.
[2017.07.27-20.49.40:629][  0]LogDerivedDataCache: FDerivedDataBackendGraph:  CompressedPak pak cache file D:/UnrealStudy/ArenaBattle/DerivedDataCache/Compressed.ddp not found, will not use a pak cache.
[2017.07.27-20.49.40:629][  0]LogDerivedDataCache: Unable to find inner node CompressedPak for hierarchical cache Hierarchy.
[2017.07.27-20.49.40:665][  0]LogDerivedDataCache:Display: Pak cache opened for reading ../../../Engine/DerivedDataCache/Compressed.ddp.
[2017.07.27-20.49.40:679][  0]LogDerivedDataCache: Using Local data cache path C:/Users/LEEJIU/AppData/Local/UnrealEngine/Common/DerivedDataCache: Writable
[2017.07.27-20.49.40:700][  0]LogMaterial: Verifying Global Shaders for PCD3D_SM5
[2017.07.27-20.49.40:701][  0]LogSlate: Using Freetype 2.6.0
[2017.07.27-20.49.40:701][  0]LogSlate: SlateFontCache - WITH_FREETYPE: 1, WITH_HARFBUZZ: 1
[2017.07.27-20.49.40:702][  0]LogSlate: SlateFontCache - WITH_FREETYPE: 1, WITH_HARFBUZZ: 1
[2017.07.27-20.49.41:424][  0]LogInit: Selected Device Profile: [Windows]
[2017.07.27-20.49.41:555][  0]LogContentStreaming: Texture pool size is 0.00 MB
[2017.07.27-20.49.41:888][  0]LogMeshUtilities: Using QuadricMeshReduction for automatic static mesh reduction
[2017.07.27-20.49.41:969][  0]LogSimplygon: Simplygon DLL not present - disabling.
[2017.07.27-20.49.42:091][  0]LogMeshUtilities: Using SimplygonSwarm for distributed automatic mesh merging
[2017.07.27-20.49.42:091][  0]LogMeshUtilities: No automatic skeletal mesh reduction module available
[2017.07.27-20.49.42:091][  0]LogMeshUtilities: No automatic mesh merging module available
[2017.07.27-20.49.43:291][  0]LogNetVersion: ArenaBattle , NetCL: 3452394, EngineNetVer: 2, GameNetVer: 0 (Checksum: 38908305)
[2017.07.27-20.49.43:406][  0]LogAssetRegistry: FAssetRegistry took 0.0316 seconds to start up
[2017.07.27-20.49.43:605][  0]LogPackageLocalizationCache: Processed 4 localized package path(s) for 2 prioritized culture(s) in 0.109330 seconds
[2017.07.27-20.49.43:619][  0]LogUObjectArray: 34194 objects as part of root set at end of initial load.
[2017.07.27-20.49.43:619][  0]LogUObjectAllocator: 7260416 out of 0 bytes used by permanent object pool.
[2017.07.27-20.49.43:619][  0]LogUObjectArray: CloseDisregardForGC: 0/0 objects in disregard for GC pool
[2017.07.27-20.49.43:798][  0]LogInit: WinSock: version 1.1 (2.2), MaxSocks=32767, MaxUdp=65467
[2017.07.27-20.49.48:699][  0]LogTcpMessaging: Initializing TcpMessaging bridge
[2017.07.27-20.49.48:795][  0]LogUdpMessaging: Initializing bridge on interface 0.0.0.0:0 to multicast group 230.0.0.1:6666.
[2017.07.27-20.49.49:514][  0]WebConnection:Warning: WebConnection Constructor Call!
[2017.07.27-20.49.49:514][  0]ArenaBattle:Warning: UABGameInstance::UABGameInstance(20) Constructor Start!
[2017.07.27-20.49.49:514][  0]WebConnection:Warning: WebConnection Constructor Call!
[2017.07.27-20.49.49:514][  0]ArenaBattle:Warning: UABGameInstance::UABGameInstance(27) Constructor End!
[2017.07.27-20.49.50:062][  0]LogMaterial: Uniform references updated for custom material expression Custom.
[2017.07.27-20.49.50:856][  0]SourceControl: 정보 소스 콘트롤이 꺼졌습니다.
[2017.07.27-20.49.50:930][  0]SourceControl: 정보 소스 콘트롤이 꺼졌습니다.
[2017.07.27-20.49.51:069][  0]SourceControl: 정보 소스 콘트롤이 꺼졌습니다.
[2017.07.27-20.49.51:161][  0]SourceControl: 정보 소스 콘트롤이 꺼졌습니다.
[2017.07.27-20.49.52:661][  0]LogAndroidPermission: UAndroidPermissionCallbackProxy::GetInstance
[2017.07.27-20.49.53:891][  0]LogEngine: Initializing Engine...
[2017.07.27-20.49.53:892][  0]LogHMD: Failed to initialize OpenVR with code 110
[2017.07.27-20.49.54:236][  0]ArenaBattle:Warning: UABGameInstance::UABGameInstance(20) Constructor Start!
[2017.07.27-20.49.54:236][  0]WebConnection:Warning: WebConnection Constructor Call!
[2017.07.27-20.49.54:236][  0]ArenaBattle:Warning: UABGameInstance::UABGameInstance(27) Constructor End!
[2017.07.27-20.49.54:241][  0]LogStats: UGameplayTagsManager::ConstructGameplayTagTree: Construct from data asset -  0.000 s
[2017.07.27-20.49.54:241][  0]LogStats: UGameplayTagsManager::ConstructGameplayTagTree: GameplayTagTreeChangedEvent.Broadcast -  0.000 s
[2017.07.27-20.49.54:550][  0]LogAIModule: Creating AISystem for world Untitled
[2017.07.27-20.49.54:560][  0]LogInit: XAudio2 using '스피커(Realtek High Definition Audio)' : 2 channels at 48 kHz using 32 bits per sample (channel mask 0x3)
[2017.07.27-20.49.54:600][  0]LogInit: FAudioDevice initialized.
[2017.07.27-20.49.54:678][  0]LogDerivedDataCache: Saved boot cache 0.08s 96MB C:/Users/LEEJIU/AppData/Local/UnrealEngine/4.16/DerivedDataCache/Boot.ddc.
[2017.07.27-20.49.54:709][  0]LogInit: Texture streaming: Enabled
[2017.07.27-20.49.54:915][  0]LogEngineSessionManager: EngineSessionManager initialized
[2017.07.27-20.49.54:915][  0]LogEngineSessionManager: EngineSessionManager sent abnormal shutdown report. Type=Crashed, SessionId={D72838AA-48A8-C64B-E25D-4D882A4081EF}
[2017.07.27-20.49.55:386][  0]LogInit: Transaction tracking system initialized
[2017.07.27-20.49.56:041][  0]BlueprintLog: New page: 에디터 로드
[2017.07.27-20.49.57:981][  0]LocalizationService: 정보 현지화 서비스가 비활성화되었습니다.
[2017.07.27-20.49.59:456][  0]LogConsoleResponse:Display: 
[2017.07.27-20.49.59:814][  0]LogCook:Display: Max memory allowance for cook 16384mb min free memory 0mb
[2017.07.27-20.49.59:815][  0]LogCook:Display: Mobile HDR setting 1
[2017.07.27-20.50.00:262][  0]LogFileCache: Scanning file cache for directory 'D:/UnrealStudy/ArenaBattle/Content/' took 0.05s
[2017.07.27-20.50.02:275][  0]SourceControl: 정보 소스 콘트롤이 꺼졌습니다.
[2017.07.27-20.50.02:275][  0]Cmd: MAP LOAD FILE="../../../Engine/Content/Maps/Templates/Template_Default.umap" TEMPLATE=1 SHOWPROGRESS=1 FEATURELEVEL=3
[2017.07.27-20.50.02:276][  0]LightingResults: New page: 라이팅 빌드
[2017.07.27-20.50.02:372][  0]MapCheck: New page: 맵 체크
[2017.07.27-20.50.02:372][  0]LightingResults: New page: 라이팅 빌드
[2017.07.27-20.50.02:833][  0]LogAIModule: Creating AISystem for world Untitled_1
[2017.07.27-20.50.02:835][  0]LogActorComponent: RegisterComponentWithWorld: (/Temp/Untitled_1.Untitled_1:PersistentLevel.WorldSettings_1.StaticMeshComponent0) Trying to register component with IsPendingKill() == true. Aborting.
[2017.07.27-20.50.02:845][  0]LogEditorServer: Finished looking for orphan Actors (0.000 secs)
[2017.07.27-20.50.02:902][  0]Cmd: MAP CHECKDEP NOCLEARLOG
[2017.07.27-20.50.03:064][  0]MapCheck: 정보 맵 체크 완료: 오류 0 회, 경고 0 회, 소요 시간 161.837ms.
[2017.07.27-20.50.03:064][  0]LogFileHelpers: Loading map 'Template_Default' took 0.789
[2017.07.27-20.50.03:160][  0]LogWindowsTextInputMethodSystem:Display: IME system now activated using TSF (Microsoft 입력기).
[2017.07.27-20.50.03:400][  0]LogCollectionManager: Loaded 0 collections in 0.003718 seconds
[2017.07.27-20.50.03:573][  0]LogFileCache: Scanning file cache for directory 'D:/UnrealStudy/ArenaBattle/Saved/Collections/' took 0.01s
[2017.07.27-20.50.03:573][  0]LogFileCache: Scanning file cache for directory 'D:/UnrealStudy/ArenaBattle/Content/Developers/LEEJIU/Collections/' took 0.01s
[2017.07.27-20.50.03:573][  0]LogFileCache: Scanning file cache for directory 'D:/UnrealStudy/ArenaBattle/Content/Collections/' took 0.01s
[2017.07.27-20.50.03:573][  0]LogCollectionManager: Rebuilt the GUID cache for 0 collections in 0.000003 seconds
[2017.07.27-20.50.03:601][  0]LogContentBrowser: Native class hierarchy populated in 0.0276 seconds. Added 2333 classes and 495 folders.
[2017.07.27-20.50.03:729][  0]LogContentBrowser: Native class hierarchy updated for 'WidgetCarousel' in 0.0112 seconds. Added 0 classes and 0 folders.
[2017.07.27-20.50.03:818][  0]LogContentBrowser: Native class hierarchy updated for 'AddContentDialog' in 0.0112 seconds. Added 0 classes and 0 folders.
[2017.07.27-20.50.03:914][  0]LogContentBrowser: Native class hierarchy updated for 'SceneOutliner' in 0.0105 seconds. Added 1 classes and 2 folders.
[2017.07.27-20.50.03:988][  0]LogCrashTracker: Crashtracker disabled due to settings.
[2017.07.27-20.50.03:996][  0]LogSlate: Took 0.000402 seconds to synchronously load lazily loaded font '../../../Engine/Content/Slate/Fonts/Roboto-Regular.ttf' (155K)
[2017.07.27-20.50.04:004][  0]LogSlate: Took 0.006076 seconds to synchronously load lazily loaded font '../../../Engine/Content/Slate/Fonts/NanumGothic.ttf' (4243K)
[2017.07.27-20.50.04:006][  0]LogSlate: Took 0.000320 seconds to synchronously load lazily loaded font '../../../Engine/Content/Slate/Fonts/Roboto-Bold.ttf' (160K)
[2017.07.27-20.50.04:014][  0]LogSlate: Took 0.000354 seconds to synchronously load lazily loaded font '../../../Engine/Content/Editor/Slate/Fonts/FontAwesome.ttf' (139K)
[2017.07.27-20.50.04:235][  0]LogRenderer: Reallocating scene render targets to support 828x372 NumSamples 1 (Frame:1).
[2017.07.27-20.50.04:449][  0]LogUObjectGlobals:Warning: 'Class 없음.' 오브젝트를 찾는 데 실패했습니다.
[2017.07.27-20.50.04:576][  0]LogContentBrowser: Native class hierarchy updated for 'HierarchicalLODOutliner' in 0.0112 seconds. Added 1 classes and 2 folders.
[2017.07.27-20.50.04:576][  0]LogLoad: (Engine Initialization) Total time: 38.07 seconds
[2017.07.27-20.50.04:576][  0]LogLoad: (Engine Initialization) Total Blueprint compile time: 0.21 seconds
[2017.07.27-20.50.04:576][  0]LogExternalProfiler: Found external profiler: VSPerf
[2017.07.27-20.50.04:576][  0]LogExternalProfiler: Using external profiler: VSPerf
[2017.07.27-20.50.04:599][  0]LogOcInput: OculusInput pre-init called
[2017.07.27-20.50.04:600][  0]LogHMD: Starting GearVRController plugin
[2017.07.27-20.50.04:618][  0]LogContentStreaming: Texture pool size now 1000 MB
[2017.07.27-20.50.04:627][  0]LogSlate: Took 0.000311 seconds to synchronously load lazily loaded font '../../../Engine/Content/Slate/Fonts/Roboto-Light.ttf' (159K)
[2017.07.27-20.50.04:800][  3]LogAssetRegistry: Asset discovery search completed in 21.4164 seconds
[2017.07.27-20.50.04:806][  3]LogCollectionManager: Rebuilt the object cache for 0 collections in 0.000001 seconds (found 0 objects)
[2017.07.27-20.50.04:806][  3]LogCollectionManager: Fixed up redirectors for 0 collections in 0.000104 seconds (updated 0 objects)
[2017.07.27-20.50.21:385][817]LogSlate: Took 0.000225 seconds to synchronously load lazily loaded font '../../../Engine/Content/Slate/Fonts/Roboto-Light.ttf' (159K)
[2017.07.27-20.50.58:021][136]LogVSAccessor:Warning: Couldn't goto line number '0' in 'D:/UnrealStudy/ArenaBattle/Source/ArenaBattle/ABGameInstance.h'
[2017.07.27-20.50.58:445][136]LogVSAccessor:Warning: Couldn't goto line number '0' in 'D:/UnrealStudy/ArenaBattle/Source/ArenaBattle/ABGameInstance.cpp'
[2017.07.27-20.51.54:247][273]Candidate modules for hot reload:
[2017.07.27-20.51.54:247][273]  ArenaBattle
[2017.07.27-20.51.54:247][273]Launching UnrealBuildTool... [C:/Program Files/Epic Games/UE_4.16/Engine/Binaries/DotNET/UnrealBuildTool.exe ArenaBattle -ModuleWithSuffix ArenaBattle 8300 Win64 Development -editorrecompile -canskiplink "D:/UnrealStudy/ArenaBattle/ArenaBattle.uproject" ]
[2017.07.27-20.51.54:249][273]Warning: Starting HotReload took  0.0s.
[2017.07.27-20.52.48:420][196]CompilerResultsLog: New page: 컴파일 - 2017. 7. 28. 오후 2:52:48
[2017.07.27-20.52.48:420][196]CompilerResultsLog: 정보 Compiling game modules for hot reload
[2017.07.27-20.52.48:420][196]CompilerResultsLog: 정보 Parsing headers for ArenaBattleEditor
[2017.07.27-20.52.48:421][196]CompilerResultsLog: 정보   Running UnrealHeaderTool "D:\UnrealStudy\ArenaBattle\ArenaBattle.uproject" "D:\UnrealStudy\ArenaBattle\Intermediate\Build\Win64\ArenaBattleEditor\Development\ArenaBattleEditor.uhtmanifest" -LogCmds="loginit warning, logexit warning, logdatabase error" -Unattended -WarningsAsErrors -installed
[2017.07.27-20.52.48:421][196]CompilerResultsLog: 정보 Reflection code generated for ArenaBattleEditor in 19.7154577 seconds
[2017.07.27-20.52.48:421][196]CompilerResultsLog: 정보 Performing 3 actions (2 in parallel)
[2017.07.27-20.52.48:421][196]CompilerResultsLog: 정보 ABGameInstance.cpp
[2017.07.27-20.52.48:421][196]CompilerResultsLog: 정보 [2/3] Link UE4Editor-ArenaBattle-8300.dll
[2017.07.27-20.52.48:421][196]CompilerResultsLog: 정보 [3/3] Link UE4Editor-ArenaBattle-8300.lib
[2017.07.27-20.52.48:421][196]CompilerResultsLog: 정보    D:\UnrealStudy\ArenaBattle\Intermediate\Build\Win64\UE4Editor\Development\UE4Editor-ArenaBattle-8300.lib ???̺귯?? ?? D:\UnrealStudy\ArenaBattle\Intermediate\Build\Win64\UE4Editor\Development\UE4Editor-ArenaBattle-8300.exp ??ü?? ?????ϰ? ?ֽ??ϴ?.
[2017.07.27-20.52.48:421][196]CompilerResultsLog: 정보    D:\UnrealStudy\ArenaBattle\Intermediate\Build\Win64\UE4Editor\Development\UE4Editor-ArenaBattle-8300.suppressed.lib ???̺귯?? ?? D:\UnrealStudy\ArenaBattle\Intermediate\Build\Win64\UE4Editor\Development\UE4Editor-ArenaBattle-8300.suppressed.exp ??ü?? ?????ϰ? ?ֽ??ϴ?.
[2017.07.27-20.52.48:422][196]CompilerResultsLog: 정보 Total build time: 53.49 seconds (Local executor: 16.46 seconds)
[2017.07.27-20.52.48:422][196]LogMainFrame: MainFrame: Module compiling took 54.184 seconds
[2017.07.27-20.52.48:733][196]ArenaBattle:Warning: UABGameInstance::UABGameInstance(20) Constructor Start!
[2017.07.27-20.52.48:733][196]WebConnection:Warning: WebConnection Constructor Call!
[2017.07.27-20.52.48:733][196]ArenaBattle:Warning: UABGameInstance::UABGameInstance(27) Constructor End!
[2017.07.27-20.52.48:744][196]ArenaBattle:Warning: UABGameInstance::UABGameInstance(20) Constructor Start!
[2017.07.27-20.52.48:745][196]WebConnection:Warning: WebConnection Constructor Call!
[2017.07.27-20.52.48:745][196]ArenaBattle:Warning: UABGameInstance::UABGameInstance(27) Constructor End!
[2017.07.27-20.52.48:749][196]LogHotReload: Re-instancing ABPawn after hot-reload.
[2017.07.27-20.52.49:039][196]LogContentBrowser: Native class hierarchy updated for 'ArenaBattle' in 0.0198 seconds. Added 3 classes and 1 folders.
[2017.07.27-20.52.49:043][196]Display: HotReload successful (5 functions remapped  0 scriptstructs remapped)
[2017.07.27-20.52.49:222][196]LogContentBrowser: Native class hierarchy populated in 0.0539 seconds. Added 2335 classes and 499 folders.
[2017.07.27-20.52.49:224][196]Display: HotReload took 55.0s.
[2017.07.27-20.53.54:397][719]LogTemp: Repeting last play command: 선택된 뷰포트
[2017.07.27-20.53.55:387][719]LogPlayLevel: PlayLevel: No blueprints needed recompiling
[2017.07.27-20.53.55:388][719]PIE: New page: PIE 세션: Untitled_1 (2017. 7. 28. 오후 2:53:55)
[2017.07.27-20.53.55:388][719]ArenaBattle:Warning: UABGameInstance::UABGameInstance(20) Constructor Start!
[2017.07.27-20.53.55:388][719]WebConnection:Warning: WebConnection Constructor Call!
[2017.07.27-20.53.55:388][719]ArenaBattle:Warning: UABGameInstance::UABGameInstance(27) Constructor End!
[2017.07.27-20.53.55:388][719]LogPlayLevel: Creating play world package: /Temp/UEDPIE_0_Untitled_1
[2017.07.27-20.53.55:395][719]LogPlayLevel: PIE: StaticDuplicateObject took: (0.007127s)
[2017.07.27-20.53.55:399][719]LogAIModule: Creating AISystem for world Untitled_1
[2017.07.27-20.53.55:400][719]LogPlayLevel: PIE: World Init took: (0.004140s)
[2017.07.27-20.53.55:400][719]LogPlayLevel: PIE: Created PIE world by copying editor world from /Temp/Untitled_1.Untitled_1 to /Temp/UEDPIE_0_Untitled_1.Untitled_1 (0.012498s)
[2017.07.27-20.53.55:482][719]ArenaBattle:Warning: UABGameInstance::Init(34)
[2017.07.27-20.53.55:483][719]ArenaBattle:Warning: UABGameInstance::Search(58) ClassInfo1 is same with ClassInfo2.
[2017.07.27-20.53.55:483][719]ArenaBattle:Warning: UABGameInstance::Search(67) Field : Host, Type : StrProperty
[2017.07.27-20.53.55:483][719]ArenaBattle:Warning: UABGameInstance::Search(72) Value = localhost:8000
[2017.07.27-20.53.55:483][719]ArenaBattle:Warning: UABGameInstance::Search(67) Field : URI, Type : StrProperty
[2017.07.27-20.53.55:483][719]ArenaBattle:Warning: UABGameInstance::Search(72) Value = /
[2017.07.27-20.53.55:483][719]ArenaBattle:Warning: UABGameInstance::Search(67) Field : TokenCompleteDelegate, Type : MulticastDelegateProperty
[2017.07.27-20.53.55:483][719]ArenaBattle:Warning: UABGameInstance::Search(80) Function = RequestToken
[2017.07.27-20.53.55:483][719]ArenaBattle:Warning: UABGameInstance::Search(95) DefaultSubobject : WebConnection
[2017.07.27-20.53.55:483][719]ArenaBattle:Warning: UABGameInstance::Search(96) Outer of DefaultSubobject : ABGameInstance
[2017.07.27-20.53.55:483][719]WebConnection:Warning: WebConnection Constructor Call!
[2017.07.27-20.53.55:483][719]ArenaBattle:Warning: UABGameInstance::Search(102) Outer of NewObject : ABGameInstance
[2017.07.27-20.53.55:484][719]ArenaBattle:Warning: UABGameInstance::Search(108) Actor : GameplayDebuggerPlayerManager_0
[2017.07.27-20.53.55:484][719]ArenaBattle:Warning: UABGameInstance::Search(108) Actor : Brush_1
[2017.07.27-20.53.55:484][719]ArenaBattle:Warning: UABGameInstance::Search(113)  -- Component : BrushComponent0
[2017.07.27-20.53.55:484][719]ArenaBattle:Warning: UABGameInstance::Search(108) Actor : DefaultPhysicsVolume_0
[2017.07.27-20.53.55:484][719]ArenaBattle:Warning: UABGameInstance::Search(113)  -- Component : BrushComponent0
[2017.07.27-20.53.55:484][719]ArenaBattle:Warning: UABGameInstance::Search(108) Actor : InstancedFoliageActor_0
[2017.07.27-20.53.55:484][719]ArenaBattle:Warning: UABGameInstance::Search(113)  -- Component : RootComponent0
[2017.07.27-20.53.55:484][719]ArenaBattle:Warning: UABGameInstance::Search(108) Actor : Floor
[2017.07.27-20.53.55:484][719]ArenaBattle:Warning: UABGameInstance::Search(113)  -- Component : StaticMeshComponent0
[2017.07.27-20.53.55:484][719]ArenaBattle:Warning: UABGameInstance::Search(108) Actor : AtmosphericFog_1
[2017.07.27-20.53.55:485][719]ArenaBattle:Warning: UABGameInstance::Search(113)  -- Component : Sprite
[2017.07.27-20.53.55:485][719]ArenaBattle:Warning: UABGameInstance::Search(113)  -- Component : AtmosphericFogComponent0
[2017.07.27-20.53.55:485][719]ArenaBattle:Warning: UABGameInstance::Search(113)  -- Component : ArrowComponent0
[2017.07.27-20.53.55:485][719]ArenaBattle:Warning: UABGameInstance::Search(108) Actor : WorldSettings_1
[2017.07.27-20.53.55:485][719]ArenaBattle:Warning: UABGameInstance::Search(108) Actor : LightSource
[2017.07.27-20.53.55:485][719]ArenaBattle:Warning: UABGameInstance::Search(113)  -- Component : LightComponent0
[2017.07.27-20.53.55:485][719]ArenaBattle:Warning: UABGameInstance::Search(113)  -- Component : ArrowComponent0
[2017.07.27-20.53.55:485][719]ArenaBattle:Warning: UABGameInstance::Search(108) Actor : AbstractNavData-Default
[2017.07.27-20.53.55:485][719]ArenaBattle:Warning: UABGameInstance::Search(108) Actor : PlayerStart
[2017.07.27-20.53.55:486][719]ArenaBattle:Warning: UABGameInstance::Search(113)  -- Component : CollisionCapsule
[2017.07.27-20.53.55:486][719]ArenaBattle:Warning: UABGameInstance::Search(113)  -- Component : Sprite
[2017.07.27-20.53.55:486][719]ArenaBattle:Warning: UABGameInstance::Search(113)  -- Component : Sprite2
[2017.07.27-20.53.55:486][719]ArenaBattle:Warning: UABGameInstance::Search(113)  -- Component : Arrow
[2017.07.27-20.53.55:486][719]ArenaBattle:Warning: UABGameInstance::Search(108) Actor : SkySphere
[2017.07.27-20.53.55:486][719]ArenaBattle:Warning: UABGameInstance::Search(113)  -- Component : Sky Sphere mesh
[2017.07.27-20.53.55:486][719]ArenaBattle:Warning: UABGameInstance::Search(113)  -- Component : Base
[2017.07.27-20.53.55:486][719]ArenaBattle:Warning: UABGameInstance::Search(123) StaticMeshActor : Floor
[2017.07.27-20.53.55:486][719]ArenaBattle:Warning: UABGameInstance::Search(137) WebConnection Object Host : localhost:8000
[2017.07.27-20.53.55:486][719]ArenaBattle:Warning: UABGameInstance::Search(137) WebConnection Object Host : 127.0.0.1
[2017.07.27-20.53.55:487][719]ArenaBattle:Warning: UABGameInstance::Search(137) WebConnection Object Host : localhost:8000
[2017.07.27-20.53.55:487][719]ArenaBattle:Warning: UABGameInstance::Search(137) WebConnection Object Host : localhost
[2017.07.27-20.53.55:487][719]WebConnection:Warning: Request Token Call!
[2017.07.27-20.53.55:487][719]ArenaBattle:Warning: UABGameInstance::RequestTokenComplete(48) Token : 0LCJydGkiOiI2a3NjVE9pTUNESVZWM05qVTIyUnlTIn0.VJyMOicM
[2017.07.27-20.53.55:487][719]WebConnection:Warning: WebConnection Constructor Call!
[2017.07.27-20.53.55:489][719]LogTemp:Warning: Archive is Saving State
[2017.07.27-20.53.55:499][719]WebConnection:Warning: WebConnection Constructor Call!
[2017.07.27-20.53.55:499][719]LogTemp:Warning: Archive is Loading State
[2017.07.27-20.53.55:499][719]ArenaBattle:Warning: UABGameInstance::SerializationAndPackaging(195) WebConnection From File : Host 127.0.0.7, URI /
[2017.07.27-20.53.55:499][719]WebConnection:Warning: WebConnection Constructor Call!
[2017.07.27-20.53.55:535][719]LogSavePackage: Save=17.61ms
[2017.07.27-20.53.55:535][719]LogSavePackage: Moving 'D:/UnrealStudy/ArenaBattle/Saved/SavedWebConnection95E3D0A747BB35F44931AE862A78D819.tmp' to 'D:/UnrealStudy/ArenaBattle/Saved/SavedWebConnection.uasset'
[2017.07.27-20.53.55:539][719]LogSavePackage:Display: Finished SavePackage D:/UnrealStudy/ArenaBattle/Saved/SavedWebConnection.uasset
[2017.07.27-20.53.55:542][719]ArenaBattle:Warning: UABGameInstance::SerializationAndPackaging(221) WebConnection From File : Host 127.0.0.7, URI /
[2017.07.27-20.53.55:542][719]ArenaBattle:Warning: UABGameInstance::SmartPointer(232) *** 1 단계 ***
[2017.07.27-20.53.55:542][719]ArenaBattle:Warning: UABGameInstance::SmartPointer(234) 집을 새로 지었습니다. 내 집 크기 : 10
[2017.07.27-20.53.55:542][719]ArenaBattle:Warning: UABGameInstance::SmartPointer(238) 내가 직접 집을 철거했습니다. 집 크기 : -1151452912
[2017.07.27-20.53.55:542][719]ArenaBattle:Warning: UABGameInstance::SmartPointer(243) *** 2 단계 ***
[2017.07.27-20.53.55:542][719]ArenaBattle:Warning: UABGameInstance::SmartPointer(246) 집을 다시 지었습니다. 집 크기 : 100
[2017.07.27-20.53.55:542][719]ArenaBattle:Warning: UABGameInstance::SmartPointer(252) 이 집은 제 단독 소유 주택입니다. 내 집 크기 : 100
[2017.07.27-20.53.55:542][719]ArenaBattle:Warning: UABGameInstance::SmartPointer(262) 친구에게 집을 팔았습니다. 친구 집 크기 : 100
[2017.07.27-20.53.55:552][719]LogInit: XAudio2 using '스피커(Realtek High Definition Audio)' : 2 channels at 48 kHz using 32 bits per sample (channel mask 0x3)
[2017.07.27-20.53.55:578][719]LogInit: FAudioDevice initialized.
[2017.07.27-20.53.55:642][719]LogLoad: Game class is 'GameModeBase'
[2017.07.27-20.53.55:647][719]LogWorld: Bringing World /Temp/UEDPIE_0_Untitled_1.Untitled_1 up for play (max tick rate 60) at 2017.07.28-05.53.55
[2017.07.27-20.53.55:648][719]LogWorld: Bringing up level for play took: 0.003235
[2017.07.27-20.53.55:919][719]LogContentBrowser: Native class hierarchy updated for 'MovieSceneCapture' in 0.0247 seconds. Added 11 classes and 0 folders.
[2017.07.27-20.53.55:923][719]PIE: 정보 /Temp/UEDPIE_0_Untitled_1 에 대한 에디터에서 플레이 시작 시간: -0.081
[2017.07.27-20.54.21:167][552]LogVSAccessor:Warning: Couldn't goto line number '0' in 'D:/UnrealStudy/ArenaBattle/Source/ArenaBattle/ABPawn.h'
[2017.07.27-20.54.22:036][552]LogVSAccessor:Warning: Couldn't goto line number '0' in 'D:/UnrealStudy/ArenaBattle/Source/ArenaBattle/ABPawn.cpp'
[2017.07.27-20.54.36:079][808]LogAIModule: Creating AISystem for world Base_Character
[2017.07.27-20.54.36:179][808]Cmd: MAP LOAD FILE="D:/UnrealStudy/ArenaBattle/Content/Base_Character.umap" TEMPLATE=0 SHOWPROGRESS=1 FEATURELEVEL=3
[2017.07.27-20.54.36:180][808]LightingResults: New page: 라이팅 빌드
[2017.07.27-20.54.36:182][808]LoadErrors: New page: 맵 로드중: Base_Character.umap
[2017.07.27-20.54.36:183][808]MapCheck: New page: 맵 체크
[2017.07.27-20.54.36:183][808]LightingResults: New page: 라이팅 빌드
[2017.07.27-20.54.36:264][808]LogEditorServer: Finished looking for orphan Actors (0.000 secs)
[2017.07.27-20.54.36:394][808]Cmd: MAP CHECKDEP NOCLEARLOG
[2017.07.27-20.54.40:176][808]MapCheck: 정보 맵 체크 완료: 오류 0 회, 경고 0 회, 소요 시간 3,781.494ms.
[2017.07.27-20.54.40:178][808]LogFileHelpers: Loading map 'Base_Character' took 4.001
[2017.07.27-20.54.40:190][808]LogSlate: Took 0.009624 seconds to synchronously load lazily loaded font '../../../Engine/Content/Slate/Fonts/Roboto-Regular.ttf' (155K)
[2017.07.27-20.54.44:698][990]LogSlate: Took 0.025003 seconds to synchronously load lazily loaded font '../../../Engine/Content/Editor/Slate/Fonts/DroidSansMono.ttf' (77K)
[2017.07.27-20.54.44:806][990]LogSlate: Took 0.027304 seconds to synchronously load lazily loaded font '../../../Engine/Content/SlateDebug/Fonts/LastResort.ttf' (5269K)
[2017.07.27-20.54.46:779][ 49]LogRenderer: Reallocating scene render targets to support 1168x652 NumSamples 1 (Frame:243).
[2017.07.27-20.56.07:683][539]LogWindowsTextInputMethodSystem:Display: IME system now activated using TSF (Microsoft 입력기).
[2017.07.27-20.56.07:961][540]Cmd: QUIT_EDITOR
[2017.07.27-20.56.08:645][540]LogExit: Preparing to exit.
[2017.07.27-20.56.09:158][540]LogExit: Editor shut down
[2017.07.27-20.56.09:166][540]LogExit: Transaction tracking system shut down
[2017.07.27-20.56.09:285][540]LogObj: Freed 0b from 0 cluster array pools.
[2017.07.27-20.56.09:285][540]LogExit: Object subsystem successfully closed.
[2017.07.27-20.56.09:310][540]LogD3D11RHI: Shutdown
[2017.07.27-20.56.09:310][540]LogD3D11RHI: CleanupD3DDevice
[2017.07.27-20.56.09:500][540]LogD3D11RHI: ~FD3D11DynamicRHI
[2017.07.27-20.56.09:561][540]LogModuleManager: Shutting down and abandoning module MovieSceneCapture (531)
[2017.07.27-20.56.09:561][540]LogModuleManager: Shutting down and abandoning module ArenaBattle (529)
[2017.07.27-20.56.09:562][540]LogModuleManager: Shutting down and abandoning module HierarchicalLODOutliner (528)
[2017.07.27-20.56.09:562][540]LogModuleManager: Shutting down and abandoning module CrashTracker (526)
[2017.07.27-20.56.09:562][540]LogModuleManager: Shutting down and abandoning module SceneOutliner (524)
[2017.07.27-20.56.09:562][540]LogModuleManager: Shutting down and abandoning module AddContentDialog (522)
[2017.07.27-20.56.09:562][540]LogDirectoryWatcher: A directory notification for 'C:/Program Files/Epic Games/UE_4.16/FeaturePacks/' was aborted.
[2017.07.27-20.56.09:564][540]LogModuleManager: Shutting down and abandoning module WidgetCarousel (521)
[2017.07.27-20.56.09:564][540]LogModuleManager: Shutting down and abandoning module EditorWidgets (518)
[2017.07.27-20.56.09:564][540]LogModuleManager: Shutting down and abandoning module CollectionManager (516)
[2017.07.27-20.56.09:564][540]LogDirectoryWatcher: A directory notification for 'D:/UnrealStudy/ArenaBattle/Content/Collections/' was aborted.
[2017.07.27-20.56.09:564][540]LogDirectoryWatcher: A directory notification for 'D:/UnrealStudy/ArenaBattle/Content/Developers/LEEJIU/Collections/' was aborted.
[2017.07.27-20.56.09:564][540]LogDirectoryWatcher: A directory notification for 'D:/UnrealStudy/ArenaBattle/Saved/Collections/' was aborted.
[2017.07.27-20.56.09:565][540]LogModuleManager: Shutting down and abandoning module StatsViewer (514)
[2017.07.27-20.56.09:565][540]LogModuleManager: Shutting down and abandoning module FoliageEdit (512)
[2017.07.27-20.56.09:565][540]LogModuleManager: Shutting down and abandoning module LandscapeEditor (510)
[2017.07.27-20.56.09:565][540]LogModuleManager: Shutting down and abandoning module MeshPaintMode (508)
[2017.07.27-20.56.09:565][540]LogModuleManager: Shutting down and abandoning module SceneDepthPickerMode (506)
[2017.07.27-20.56.09:565][540]LogModuleManager: Shutting down and abandoning module ActorPickerMode (504)
[2017.07.27-20.56.09:565][540]LogModuleManager: Shutting down and abandoning module GeometryMode (502)
[2017.07.27-20.56.09:565][540]LogModuleManager: Shutting down and abandoning module TextureAlignMode (500)
[2017.07.27-20.56.09:565][540]LogModuleManager: Shutting down and abandoning module BspMode (498)
[2017.07.27-20.56.09:565][540]LogModuleManager: Shutting down and abandoning module HardwareSurvey (496)
[2017.07.27-20.56.09:565][540]LogModuleManager: Shutting down and abandoning module SequenceRecorderSections (494)
[2017.07.27-20.56.09:565][540]LogModuleManager: Shutting down and abandoning module AutomationWorker (492)
[2017.07.27-20.56.09:566][540]LogModuleManager: Shutting down and abandoning module MatineeToLevelSequence (490)
[2017.07.27-20.56.09:566][540]LogModuleManager: Shutting down and abandoning module LevelSequenceEditor (488)
[2017.07.27-20.56.09:566][540]LogModuleManager: Shutting down and abandoning module PlacementMode (487)
[2017.07.27-20.56.09:566][540]LogModuleManager: Shutting down and abandoning module WmfMediaFactory (484)
[2017.07.27-20.56.09:566][540]LogModuleManager: Shutting down and abandoning module WmfMediaEditor (482)
[2017.07.27-20.56.09:566][540]LogModuleManager: Shutting down and abandoning module AvfMediaFactory (480)
[2017.07.27-20.56.09:566][540]LogModuleManager: Shutting down and abandoning module AvfMediaEditor (478)
[2017.07.27-20.56.09:566][540]LogModuleManager: Shutting down and abandoning module AndroidMediaFactory (476)
[2017.07.27-20.56.09:566][540]LogModuleManager: Shutting down and abandoning module Media (475)
[2017.07.27-20.56.09:566][540]LogModuleManager: Shutting down and abandoning module AndroidMediaEditor (472)
[2017.07.27-20.56.09:566][540]LogModuleManager: Shutting down and abandoning module CharacterAI (470)
[2017.07.27-20.56.09:566][540]LogModuleManager: Shutting down and abandoning module AudioCapture (468)
[2017.07.27-20.56.09:566][540]LogModuleManager: Shutting down and abandoning module SequenceRecorder (467)
[2017.07.27-20.56.09:566][540]LogModuleManager: Shutting down and abandoning module SmartSnapping (464)
[2017.07.27-20.56.09:566][540]LogModuleManager: Shutting down and abandoning module SessionServices (462)
[2017.07.27-20.56.09:566][540]LogModuleManager: Shutting down and abandoning module ViewportSnapping (460)
[2017.07.27-20.56.09:566][540]LogModuleManager: Shutting down and abandoning module ViewportInteraction (458)
[2017.07.27-20.56.09:566][540]LogModuleManager: Shutting down and abandoning module ClothPainter (456)
[2017.07.27-20.56.09:567][540]LogModuleManager: Shutting down and abandoning module LogVisualizer (454)
[2017.07.27-20.56.09:568][540]LogModuleManager: Shutting down and abandoning module IntroTutorials (452)
[2017.07.27-20.56.09:568][540]LogModuleManager: Shutting down and abandoning module GameProjectGeneration (451)
[2017.07.27-20.56.09:569][540]LogModuleManager: Shutting down and abandoning module EditorLiveStreaming (448)
[2017.07.27-20.56.09:569][540]LogModuleManager: Shutting down and abandoning module IOSPlatformEditor (446)
[2017.07.27-20.56.09:569][540]LogModuleManager: Shutting down and abandoning module HTML5PlatformEditor (444)
[2017.07.27-20.56.09:569][540]LogModuleManager: Shutting down and abandoning module AndroidPlatformEditor (442)
[2017.07.27-20.56.09:569][540]LogModuleManager: Shutting down and abandoning module AndroidDeviceDetection (441)
[2017.07.27-20.56.10:141][540]LogModuleManager: Shutting down and abandoning module IOSRuntimeSettings (438)
[2017.07.27-20.56.10:141][540]LogModuleManager: Shutting down and abandoning module AndroidRuntimeSettings (436)
[2017.07.27-20.56.10:141][540]LogModuleManager: Shutting down and abandoning module InputBindingEditor (434)
[2017.07.27-20.56.10:142][540]LogModuleManager: Shutting down and abandoning module MergeActors (432)
[2017.07.27-20.56.10:142][540]LogModuleManager: Shutting down and abandoning module SizeMap (430)
[2017.07.27-20.56.10:142][540]LogModuleManager: Shutting down and abandoning module TreeMap (428)
[2017.07.27-20.56.10:143][540]LogModuleManager: Shutting down and abandoning module ReferenceViewer (426)
[2017.07.27-20.56.10:143][540]LogModuleManager: Shutting down and abandoning module LocalizationDashboard (424)
[2017.07.27-20.56.10:143][540]LogModuleManager: Shutting down and abandoning module LocalizationService (423)
[2017.07.27-20.56.10:143][540]LogModuleManager: Shutting down and abandoning module HardwareTargeting (420)
[2017.07.27-20.56.10:143][540]LogModuleManager: Shutting down and abandoning module DeviceProfileEditor (418)
[2017.07.27-20.56.10:144][540]LogModuleManager: Shutting down and abandoning module UndoHistory (416)
[2017.07.27-20.56.10:144][540]LogModuleManager: Shutting down and abandoning module UserFeedback (414)
[2017.07.27-20.56.10:144][540]LogModuleManager: Shutting down and abandoning module XmlParser (412)
[2017.07.27-20.56.10:144][540]LogModuleManager: Shutting down and abandoning module Blutility (410)
[2017.07.27-20.56.10:144][540]LogModuleManager: Shutting down and abandoning module ProjectSettingsViewer (408)
[2017.07.27-20.56.10:144][540]LogModuleManager: Shutting down and abandoning module ProjectTargetPlatformEditor (407)
[2017.07.27-20.56.10:144][540]LogModuleManager: Shutting down and abandoning module EditorSettingsViewer (404)
[2017.07.27-20.56.10:144][540]LogModuleManager: Shutting down and abandoning module SettingsEditor (402)
[2017.07.27-20.56.10:144][540]LogModuleManager: Shutting down and abandoning module ProjectLauncher (400)
[2017.07.27-20.56.10:145][540]LogModuleManager: Shutting down and abandoning module SessionFrontend (398)
[2017.07.27-20.56.10:145][540]LogModuleManager: Shutting down and abandoning module ProfilerClient (396)
[2017.07.27-20.56.10:146][540]LogModuleManager: Shutting down and abandoning module DeviceManager (394)
[2017.07.27-20.56.10:147][540]LogModuleManager: Shutting down and abandoning module TargetDeviceServices (393)
[2017.07.27-20.56.10:202][540]LogModuleManager: Shutting down and abandoning module AutomationController (390)
[2017.07.27-20.56.10:202][540]LogModuleManager: Shutting down and abandoning module AutomationWindow (388)
[2017.07.27-20.56.10:203][540]LogModuleManager: Shutting down and abandoning module Layers (386)
[2017.07.27-20.56.10:204][540]LogModuleManager: Shutting down and abandoning module ComponentVisualizers (384)
[2017.07.27-20.56.10:204][540]LogModuleManager: Shutting down and abandoning module DetailCustomizations (382)
[2017.07.27-20.56.10:205][540]LogModuleManager: Shutting down and abandoning module PackagesDialog (380)
[2017.07.27-20.56.10:205][540]LogModuleManager: Shutting down and abandoning module Persona (378)
[2017.07.27-20.56.10:206][540]LogModuleManager: Shutting down and abandoning module AdvancedPreviewScene (377)
[2017.07.27-20.56.10:206][540]LogModuleManager: Shutting down and abandoning module AnimGraph (375)
[2017.07.27-20.56.10:206][540]LogModuleManager: Shutting down and abandoning module Kismet (372)
[2017.07.27-20.56.10:206][540]LogModuleManager: Shutting down and abandoning module ClassViewer (370)
[2017.07.27-20.56.10:206][540]LogModuleManager: Shutting down and abandoning module Toolbox (368)
[2017.07.27-20.56.10:206][540]LogModuleManager: Shutting down and abandoning module ModuleUI (366)
[2017.07.27-20.56.10:207][540]LogModuleManager: Shutting down and abandoning module MovieSceneTools (364)
[2017.07.27-20.56.10:208][540]LogModuleManager: Shutting down and abandoning module OutputLog (362)
[2017.07.27-20.56.10:208][540]LogModuleManager: Shutting down and abandoning module GammaUI (360)
[2017.07.27-20.56.10:208][540]LogModuleManager: Shutting down and abandoning module Documentation (358)
[2017.07.27-20.56.10:208][540]LogModuleManager: Shutting down and abandoning module MovieSceneTracks (356)
[2017.07.27-20.56.10:208][540]LogModuleManager: Shutting down and abandoning module MovieScene (354)
[2017.07.27-20.56.10:208][540]LogModuleManager: Shutting down and abandoning module Niagara (352)
[2017.07.27-20.56.10:208][540]LogModuleManager: Shutting down and abandoning module NiagaraEditor (351)
[2017.07.27-20.56.10:209][540]LogModuleManager: Shutting down and abandoning module StreamingPauseRendering (348)
[2017.07.27-20.56.10:209][540]LogModuleManager: Shutting down and abandoning module AnalyticsET (346)
[2017.07.27-20.56.10:209][540]LogModuleManager: Shutting down and abandoning module PortalServices (344)
[2017.07.27-20.56.10:209][540]LogModuleManager: Shutting down and abandoning module PortalRpc (342)
[2017.07.27-20.56.10:209][540]LogModuleManager: Shutting down and abandoning module MessagingRpc (340)
[2017.07.27-20.56.10:209][540]LogModuleManager: Shutting down and abandoning module AIModule (338)
[2017.07.27-20.56.10:209][540]LogModuleManager: Shutting down and abandoning module GameplayDebugger (337)
[2017.07.27-20.56.10:209][540]LogModuleManager: Shutting down and abandoning module AITestSuite (335)
[2017.07.27-20.56.10:209][540]LogModuleManager: Shutting down and abandoning module ProfilerService (332)
[2017.07.27-20.56.10:295][540]LogModuleManager: Shutting down and abandoning module TaskGraph (330)
[2017.07.27-20.56.10:296][540]LogModuleManager: Shutting down and abandoning module SteamVRController (328)
[2017.07.27-20.56.10:296][540]LogModuleManager: Shutting down and abandoning module SteamVR (326)
[2017.07.27-20.56.10:296][540]LogModuleManager: Shutting down and abandoning module ProceduralMeshComponentEditor (324)
[2017.07.27-20.56.10:296][540]LogModuleManager: Shutting down and abandoning module ProceduralMeshComponent (322)
[2017.07.27-20.56.10:296][540]LogModuleManager: Shutting down and abandoning module OculusLibrary (320)
[2017.07.27-20.56.10:296][540]LogModuleManager: Shutting down and abandoning module OculusInput (318)
[2017.07.27-20.56.10:296][540]LogModuleManager: Shutting down and abandoning module MobilePatchingUtils (316)
[2017.07.27-20.56.10:296][540]LogModuleManager: Shutting down and abandoning module CustomMeshComponent (314)
[2017.07.27-20.56.10:296][540]LogModuleManager: Shutting down and abandoning module CableComponent (312)
[2017.07.27-20.56.10:296][540]LogModuleManager: Shutting down and abandoning module ArchVisCharacter (310)
[2017.07.27-20.56.10:296][540]LogModuleManager: Shutting down and abandoning module AndroidPermission (308)
[2017.07.27-20.56.10:296][540]LogModuleManager: Shutting down and abandoning module MediaPlayerEditor (304)
[2017.07.27-20.56.10:297][540]LogModuleManager: Shutting down and abandoning module HTML5Networking (302)
[2017.07.27-20.56.10:297][540]LogModuleManager: Shutting down and abandoning module AlembicImporter (300)
[2017.07.27-20.56.10:297][540]LogModuleManager: Shutting down and abandoning module AlembicLibrary (299)
[2017.07.27-20.56.10:297][540]LogModuleManager: Shutting down and abandoning module GeometryCache (298)
[2017.07.27-20.56.10:297][540]LogModuleManager: Shutting down and abandoning module GeometryCacheEd (297)
[2017.07.27-20.56.10:297][540]LogModuleManager: Shutting down and abandoning module SuperSearchEditor (292)
[2017.07.27-20.56.10:297][540]LogModuleManager: Shutting down and abandoning module SuperSearch (291)
[2017.07.27-20.56.10:297][540]LogModuleManager: Shutting down and abandoning module SpeedTreeImporter (288)
[2017.07.27-20.56.10:297][540]LogModuleManager: Shutting down and abandoning module PluginBrowser (286)
[2017.07.27-20.56.10:297][540]LogModuleManager: Shutting down and abandoning module MobileLauncherProfileWizard (284)
[2017.07.27-20.56.10:297][540]LogModuleManager: Shutting down and abandoning module VisualStudioSourceCodeAccess (282)
[2017.07.27-20.56.10:298][540]LogModuleManager: Shutting down and abandoning module DesktopPlatform (281)
[2017.07.27-20.56.10:298][540]LogModuleManager: Shutting down and abandoning module UObjectPlugin (278)
[2017.07.27-20.56.10:298][540]LogModuleManager: Shutting down and abandoning module SubversionSourceControl (276)
[2017.07.27-20.56.10:298][540]LogModuleManager: Shutting down and abandoning module PerforceSourceControl (274)
[2017.07.27-20.56.10:298][540]LogModuleManager: Shutting down and abandoning module GitSourceControl (272)
[2017.07.27-20.56.10:298][540]LogModuleManager: Shutting down and abandoning module SourceControl (271)
[2017.07.27-20.56.10:298][540]LogModuleManager: Shutting down and abandoning module LightPropagationVolumeEditor (268)
[2017.07.27-20.56.10:298][540]LogModuleManager: Shutting down and abandoning module PaperTiledImporter (266)
[2017.07.27-20.56.10:298][540]LogModuleManager: Shutting down and abandoning module PaperSpriteSheetImporter (264)
[2017.07.27-20.56.10:298][540]LogModuleManager: Shutting down and abandoning module Paper2DEditor (262)
[2017.07.27-20.56.10:298][540]LogModuleManager: Shutting down and abandoning module MeshPaint (261)
[2017.07.27-20.56.10:298][540]LogModuleManager: Shutting down and abandoning module LevelEditor (259)
[2017.07.27-20.56.10:299][540]LogModuleManager: Shutting down and abandoning module PixelInspectorModule (258)
[2017.07.27-20.56.10:299][540]LogModuleManager: Shutting down and abandoning module MainFrame (256)
[2017.07.27-20.56.10:299][540]LogModuleManager: Shutting down and abandoning module HotReload (255)
[2017.07.27-20.56.10:299][540]LogDirectoryWatcher: A directory notification for 'D:/UnrealStudy/ArenaBattle/Binaries/Win64' was aborted.
[2017.07.27-20.56.10:300][540]LogModuleManager: Shutting down and abandoning module WebService (250)
[2017.07.27-20.56.10:300][540]LogModuleManager: Shutting down and abandoning module PhysXVehiclesEditor (246)
[2017.07.27-20.56.10:300][540]LogModuleManager: Shutting down and abandoning module PhysXVehicles (244)
[2017.07.27-20.56.10:300][540]LogModuleManager: Shutting down and abandoning module LocationServicesBPLibrary (242)
[2017.07.27-20.56.10:300][540]LogModuleManager: Shutting down and abandoning module ImmediatePhysicsEditor (240)
[2017.07.27-20.56.10:300][540]LogModuleManager: Shutting down and abandoning module ImmediatePhysics (238)
[2017.07.27-20.56.10:300][540]LogModuleManager: Shutting down and abandoning module UdpMessaging (236)
[2017.07.27-20.56.10:401][540]LogModuleManager: Shutting down and abandoning module TcpMessaging (234)
[2017.07.27-20.56.10:502][540]LogModuleManager: Shutting down and abandoning module GameplayTagsEditor (232)
[2017.07.27-20.56.10:508][540]LogModuleManager: Shutting down and abandoning module FacialAnimationEditor (230)
[2017.07.27-20.56.10:508][540]LogModuleManager: Shutting down and abandoning module FacialAnimation (228)
[2017.07.27-20.56.10:508][540]LogModuleManager: Shutting down and abandoning module AssetManagerEditor (226)
[2017.07.27-20.56.10:508][540]LogModuleManager: Shutting down and abandoning module GraphEditor (225)
[2017.07.27-20.56.10:511][540]LogModuleManager: Shutting down and abandoning module ContentBrowser (223)
[2017.07.27-20.56.10:513][540]LogModuleManager: Shutting down and abandoning module LightPropagationVolumeRuntime (220)
[2017.07.27-20.56.10:513][540]LogModuleManager: Shutting down and abandoning module Paper2D (218)
[2017.07.27-20.56.10:513][540]LogModuleManager: Shutting down and abandoning module WindowsMoviePlayer (216)
[2017.07.27-20.56.10:513][540]LogModuleManager: Shutting down and abandoning module WmfMedia (214)
[2017.07.27-20.56.10:513][540]LogModuleManager: Shutting down and abandoning module ClothingSystemEditor (212)
[2017.07.27-20.56.10:513][540]LogModuleManager: Shutting down and abandoning module ClothingSystemRuntime (210)
[2017.07.27-20.56.10:514][540]LogModuleManager: Shutting down and abandoning module MediaAssets (208)
[2017.07.27-20.56.10:514][540]LogModuleManager: Shutting down and abandoning module GameLiveStreaming (206)
[2017.07.27-20.56.10:514][540]LogModuleManager: Shutting down and abandoning module VREditor (204)
[2017.07.27-20.56.10:514][540]LogModuleManager: Shutting down and abandoning module StringTableEditor (202)
[2017.07.27-20.56.10:515][540]LogModuleManager: Shutting down and abandoning module GameplayTasksEditor (200)
[2017.07.27-20.56.10:515][540]LogModuleManager: Shutting down and abandoning module BehaviorTreeEditor (198)
[2017.07.27-20.56.10:515][540]LogModuleManager: Shutting down and abandoning module FunctionalTesting (196)
[2017.07.27-20.56.10:515][540]LogModuleManager: Shutting down and abandoning module CollisionAnalyzer (194)
[2017.07.27-20.56.10:516][540]LogModuleManager: Shutting down and abandoning module UMG (192)
[2017.07.27-20.56.10:516][540]LogModuleManager: Shutting down and abandoning module UMGEditor (191)
[2017.07.27-20.56.10:518][540]LogModuleManager: Shutting down and abandoning module Sequencer (190)
[2017.07.27-20.56.10:518][540]LogModuleManager: Shutting down and abandoning module AssetTools (188)
[2017.07.27-20.56.10:519][540]LogModuleManager: Shutting down and abandoning module MessageLog (187)
[2017.07.27-20.56.10:520][540]LogModuleManager: Shutting down and abandoning module WorkspaceMenuStructure (186)
[2017.07.27-20.56.10:520][540]LogModuleManager: Shutting down and abandoning module SlateReflector (180)
[2017.07.27-20.56.10:520][540]LogModuleManager: Shutting down and abandoning module Slate (178)
[2017.07.27-20.56.10:520][540]LogModuleManager: Shutting down and abandoning module EditorStyle (176)
[2017.07.27-20.56.10:525][540]LogModuleManager: Shutting down and abandoning module SourceCodeAccess (174)
[2017.07.27-20.56.10:525][540]LogModuleManager: Shutting down and abandoning module HeadMountedDisplay (172)
[2017.07.27-20.56.10:525][540]LogModuleManager: Shutting down and abandoning module XAudio2 (170)
[2017.07.27-20.56.10:525][540]LogModuleManager: Shutting down and abandoning module Networking (168)
[2017.07.27-20.56.10:525][540]LogModuleManager: Shutting down and abandoning module Core (164)
[2017.07.27-20.56.10:525][540]LogModuleManager: Shutting down and abandoning module AssetRegistry (162)
[2017.07.27-20.56.10:757][540]LogDirectoryWatcher: A directory notification for '../../../Engine/Content/' was aborted.
[2017.07.27-20.56.10:757][540]LogDirectoryWatcher: A directory notification for 'D:/UnrealStudy/ArenaBattle/Content/' was aborted.
[2017.07.27-20.56.10:757][540]LogDirectoryWatcher: A directory notification for '../../../Engine/Plugins/2D/Paper2D/Content/' was aborted.
[2017.07.27-20.56.10:758][540]LogDirectoryWatcher: A directory notification for '../../../Engine/Plugins/Runtime/GearVR/Content/' was aborted.
[2017.07.27-20.56.10:767][540]LogModuleManager: Shutting down and abandoning module DirectoryWatcher (161)
[2017.07.27-20.56.10:769][540]LogModuleManager: Shutting down and abandoning module KismetCompiler (158)
[2017.07.27-20.56.10:769][540]LogModuleManager: Shutting down and abandoning module LevelSequence (156)
[2017.07.27-20.56.10:769][540]LogModuleManager: Shutting down and abandoning module PhysXFormats (154)
[2017.07.27-20.56.10:769][540]LogModuleManager: Shutting down and abandoning module MeshUtilities (152)
[2017.07.27-20.56.10:769][540]LogModuleManager: Shutting down and abandoning module SimplygonSwarm (151)
[2017.07.27-20.56.10:769][540]LogModuleManager: Shutting down and abandoning module SimplygonMeshReduction (149)
[2017.07.27-20.56.10:769][540]LogModuleManager: Shutting down and abandoning module QuadricMeshReduction (147)
[2017.07.27-20.56.10:769][540]LogModuleManager: Shutting down and abandoning module DerivedDataCache (144)
[2017.07.27-20.56.10:815][540]LogDerivedDataCache: Shutdown
[2017.07.27-20.56.10:815][540]LogModuleManager: Shutting down and abandoning module TargetPlatform (142)
[2017.07.27-20.56.10:816][540]LogModuleManager: Shutting down and abandoning module VulkanShaderFormat (141)
[2017.07.27-20.56.10:816][540]LogModuleManager: Shutting down and abandoning module ShaderFormatVectorVM (139)
[2017.07.27-20.56.10:822][540]LogModuleManager: Shutting down and abandoning module ShaderFormatOpenGL (137)
[2017.07.27-20.56.10:823][540]LogModuleManager: Shutting down and abandoning module ShaderFormatD3D (135)
[2017.07.27-20.56.10:823][540]LogModuleManager: Shutting down and abandoning module MetalShaderFormat (133)
[2017.07.27-20.56.10:823][540]LogModuleManager: Shutting down and abandoning module TextureFormatUncompressed (131)
[2017.07.27-20.56.10:824][540]LogModuleManager: Shutting down and abandoning module TextureFormatPVR (129)
[2017.07.27-20.56.10:824][540]LogModuleManager: Shutting down and abandoning module TextureFormatDXT (127)
[2017.07.27-20.56.10:824][540]LogModuleManager: Shutting down and abandoning module TextureFormatIntelISPCTexComp (125)
[2017.07.27-20.56.10:824][540]LogModuleManager: Shutting down and abandoning module TextureFormatASTC (123)
[2017.07.27-20.56.10:824][540]LogModuleManager: Shutting down and abandoning module ImageWrapper (122)
[2017.07.27-20.56.10:824][540]LogModuleManager: Shutting down and abandoning module TextureFormatAndroid (119)
[2017.07.27-20.56.10:824][540]LogModuleManager: Shutting down and abandoning module AudioFormatOpus (117)
[2017.07.27-20.56.10:824][540]LogModuleManager: Shutting down and abandoning module AudioFormatOgg (115)
[2017.07.27-20.56.10:824][540]LogModuleManager: Shutting down and abandoning module AudioFormatADPCM (113)
[2017.07.27-20.56.10:824][540]LogModuleManager: Shutting down and abandoning module LinuxTargetPlatform (111)
[2017.07.27-20.56.10:824][540]LogModuleManager: Shutting down and abandoning module LinuxServerTargetPlatform (109)
[2017.07.27-20.56.10:824][540]LogModuleManager: Shutting down and abandoning module LinuxNoEditorTargetPlatform (107)
[2017.07.27-20.56.10:824][540]LogModuleManager: Shutting down and abandoning module LinuxClientTargetPlatform (105)
[2017.07.27-20.56.10:824][540]LogModuleManager: Shutting down and abandoning module TVOSTargetPlatform (103)
[2017.07.27-20.56.10:824][540]LogModuleManager: Shutting down and abandoning module Messaging (101)
[2017.07.27-20.56.10:824][540]LogModuleManager: Shutting down and abandoning module IOSTargetPlatform (99)
[2017.07.27-20.56.10:824][540]LogModuleManager: Shutting down and abandoning module HTML5TargetPlatform (97)
[2017.07.27-20.56.10:824][540]LogModuleManager: Shutting down and abandoning module Android_PVRTCTargetPlatform (95)
[2017.07.27-20.56.10:824][540]LogModuleManager: Shutting down and abandoning module Android_MultiTargetPlatform (93)
[2017.07.27-20.56.10:824][540]LogModuleManager: Shutting down and abandoning module Android_ETC2TargetPlatform (91)
[2017.07.27-20.56.10:824][540]LogModuleManager: Shutting down and abandoning module Android_ETC1TargetPlatform (89)
[2017.07.27-20.56.10:824][540]LogModuleManager: Shutting down and abandoning module Android_DXTTargetPlatform (87)
[2017.07.27-20.56.10:824][540]LogModuleManager: Shutting down and abandoning module Android_ATCTargetPlatform (85)
[2017.07.27-20.56.10:824][540]LogModuleManager: Shutting down and abandoning module Android_ASTCTargetPlatform (83)
[2017.07.27-20.56.10:824][540]LogModuleManager: Shutting down and abandoning module AndroidTargetPlatform (81)
[2017.07.27-20.56.10:824][540]LogModuleManager: Shutting down and abandoning module WindowsTargetPlatform (79)
[2017.07.27-20.56.10:824][540]LogModuleManager: Shutting down and abandoning module WindowsServerTargetPlatform (77)
[2017.07.27-20.56.10:824][540]LogModuleManager: Shutting down and abandoning module WindowsNoEditorTargetPlatform (75)
[2017.07.27-20.56.10:824][540]LogModuleManager: Shutting down and abandoning module WindowsClientTargetPlatform (73)
[2017.07.27-20.56.10:824][540]LogModuleManager: Shutting down and abandoning module MacTargetPlatform (71)
[2017.07.27-20.56.10:824][540]LogModuleManager: Shutting down and abandoning module MacServerTargetPlatform (69)
[2017.07.27-20.56.10:824][540]LogModuleManager: Shutting down and abandoning module MacNoEditorTargetPlatform (67)
[2017.07.27-20.56.10:824][540]LogModuleManager: Shutting down and abandoning module MacClientTargetPlatform (65)
[2017.07.27-20.56.10:824][540]LogModuleManager: Shutting down and abandoning module AllDesktopTargetPlatform (63)
[2017.07.27-20.56.10:824][540]LogModuleManager: Shutting down and abandoning module InputCore (60)
[2017.07.27-20.56.10:824][540]LogModuleManager: Shutting down and abandoning module Settings (58)
[2017.07.27-20.56.10:824][540]LogModuleManager: Shutting down and abandoning module OculusRift (56)
[2017.07.27-20.56.10:824][540]LogModuleManager: Shutting down and abandoning module GearVRController (54)
[2017.07.27-20.56.10:824][540]LogModuleManager: Shutting down and abandoning module GearVR (52)
[2017.07.27-20.56.10:824][540]LogModuleManager: Shutting down and abandoning module ExampleDeviceProfileSelector (50)
[2017.07.27-20.56.10:824][540]LogModuleManager: Shutting down and abandoning module OnlineBlueprintSupport (48)
[2017.07.27-20.56.10:825][540]LogModuleManager: Shutting down and abandoning module OnlineSubsystem (44)
[2017.07.27-20.56.10:825][540]LogOnline:Display: Unloading online subsystem: NULL
[2017.07.27-20.56.10:826][540]LogModuleManager: Shutting down and abandoning module XMPP (43)
[2017.07.27-20.56.10:826][540]LogModuleManager: Shutting down and abandoning module HTTP (41)
[2017.07.27-20.56.10:826][540]LogHttp:Display: Http module shutting down, but needs to wait on 1 outstanding Http requests:
[2017.07.27-20.56.10:826][540]LogHttp:Display: 	verb=[POST] url=[https://datarouter.ol.epicgames.com/datarouter/api/v1/public/data?SessionID=%7BCD378D7B-4310-B636-2C83-09B76BFC24A9%7D&AppID=UEEditor.Rocket.Release&AppVersion=4.16.2-3514769%2B%2B%2BUE4%2BRelease-4.16&UserID=6309f6d84a95ae2fd4720a8936598cbb%7C47c8acbb412c4c59ac4a2cbb28f674b9%7Cc22bf75b-b27c-4543-aa8c-1a82ec03a7f1&AppEnvironment=datacollector-binary&UploadType=eteventstream] status=Processing
[2017.07.27-20.56.10:860][540]LogModuleManager: Shutting down and abandoning module SSL (40)
[2017.07.27-20.56.10:862][540]LogModuleManager: Shutting down and abandoning module HTTPChunkInstaller (36)
[2017.07.27-20.56.10:863][540]LogModuleManager: Shutting down and abandoning module AnimationModifiers (34)
[2017.07.27-20.56.10:863][540]LogModuleManager: Shutting down and abandoning module PropertyEditor (33)
[2017.07.27-20.56.10:863][540]LogModuleManager: Shutting down and abandoning module AudioEditor (30)
[2017.07.27-20.56.10:864][540]LogModuleManager: Shutting down and abandoning module TextureCompressor (28)
[2017.07.27-20.56.10:864][540]LogModuleManager: Shutting down and abandoning module ShaderCore (26)
[2017.07.27-20.56.10:864][540]LogModuleManager: Shutting down and abandoning module Landscape (24)
[2017.07.27-20.56.10:864][540]LogModuleManager: Shutting down and abandoning module SlateRHIRenderer (22)
[2017.07.27-20.56.10:869][540]LogModuleManager: Shutting down and abandoning module OpenGLDrv (20)
[2017.07.27-20.56.10:871][540]LogModuleManager: Shutting down and abandoning module D3D11RHI (18)
[2017.07.27-20.56.10:871][540]LogModuleManager: Shutting down and abandoning module AnimGraphRuntime (16)
[2017.07.27-20.56.10:871][540]LogModuleManager: Shutting down and abandoning module Renderer (14)
[2017.07.27-20.56.10:871][540]LogModuleManager: Shutting down and abandoning module Engine (12)
[2017.07.27-20.56.10:871][540]LogModuleManager: Shutting down and abandoning module CoreUObject (10)
[2017.07.27-20.56.10:871][540]LogModuleManager: Shutting down and abandoning module NetworkFile (8)
[2017.07.27-20.56.10:871][540]LogModuleManager: Shutting down and abandoning module StreamingFile (6)
[2017.07.27-20.56.10:871][540]LogModuleManager: Shutting down and abandoning module SandboxFile (4)
[2017.07.27-20.56.10:871][540]LogModuleManager: Shutting down and abandoning module PakFile (2)
[2017.07.27-20.56.10:873][540]LogExit: Exiting.
[2017.07.27-20.56.10:894][540]Log file closed, 07/28/17 05:56:10
