Log file open, 07/19/17 00:56:44
LogInit:Display: Running engine for game: ArenaBattle
LogPlatformFile: Not using cached read wrapper
LogInit:Display: RandInit(2085362463) SRandInit(2085362463).
LogTaskGraph: Started task graph with 5 named threads and 6 total threads with 1 sets of task threads.
LogStats: Stats thread started at 0.084937
LogInit: Using libcurl 7.47.1
LogInit:  - built for x86_64-pc-win32
LogInit:  - supports SSL with OpenSSL/1.0.2g
LogInit:  - supports HTTP deflate (compression) using libz 1.2.8
LogInit:  - other features:
LogInit:      CURL_VERSION_SSL
LogInit:      CURL_VERSION_LIBZ
LogInit:      CURL_VERSION_IPV6
LogInit:      CURL_VERSION_ASYNCHDNS
LogInit:      CURL_VERSION_LARGEFILE
LogInit:      CURL_VERSION_IDN
LogInit:  CurlRequestOptions (configurable via config and command line):
LogInit:  - bVerifyPeer = false  - Libcurl will NOT verify peer certificate
LogInit:  - bUseHttpProxy = false  - Libcurl will NOT use HTTP proxy
LogInit:  - bDontReuseConnections = false  - Libcurl will reuse connections
LogInit:  - CertBundlePath = nullptr  - Libcurl will use whatever was configured at build time.
LogInit: Build: ++UE4+Release-4.16-CL-3514769
LogInit: Engine Version: 4.16.2-3514769+++UE4+Release-4.16
LogInit: Compatible Engine Version: 4.16.0-3452394+++UE4+Release-4.16
LogInit: Net CL: 3452394
LogDevObjectVersion: Number of dev versions registered: 16
LogDevObjectVersion:   Dev-Blueprints (B0D832E4-1F89-4F0D-ACCF-7EB736FD4AA2): 9
LogDevObjectVersion:   Dev-Build (E1C64328-A22C-4D53-A36C-8E866417BD8C): 0
LogDevObjectVersion:   Dev-Core (375EC13C-06E4-48FB-B500-84F0262A717E): 2
LogDevObjectVersion:   Dev-Editor (E4B068ED-F494-42E9-A231-DA0B2E46BB41): 17
LogDevObjectVersion:   Dev-Framework (CFFC743F-43B0-4480-9391-14DF171D2073): 23
LogDevObjectVersion:   Dev-Mobile (B02B49B5-BB20-44E9-A304-32B752E40360): 0
LogDevObjectVersion:   Dev-Networking (A4E4105C-59A1-49B5-A7C5-40C4547EDFEE): 0
LogDevObjectVersion:   Dev-Online (39C831C9-5AE6-47DC-9A44-9C173E1C8E7C): 0
LogDevObjectVersion:   Dev-Physics (78F01B33-EBEA-4F98-B9B4-84EACCB95AA2): 0
LogDevObjectVersion:   Dev-Platform (6631380F-2D4D-43E0-8009-CF276956A95A): 0
LogDevObjectVersion:   Dev-Rendering (12F88B9F-8875-4AFC-A67C-D90C383ABD29): 15
LogDevObjectVersion:   Dev-Sequencer (7B5AE74C-D270-4C10-A958-57980B212A5A): 4
LogDevObjectVersion:   Dev-VR (D7296918-1DD6-4BDD-9DE2-64A83CC13884): 0
LogDevObjectVersion:   Dev-LoadTimes (C2A15278-BFE7-4AFE-6C17-90FF531DF755): 1
LogDevObjectVersion:   Private-Geometry (6EACA3D4-40EC-4CC1-B786-8BED09428FC5): 1
LogDevObjectVersion:   Dev-AnimPhys (29E575DD-E0A3-4627-9D10-D276232CDCEA): 3
LogInit: Compiled (64-bit): Jun 29 2017 02:03:24
LogInit: Compiled with Visual C++: 19.00.24215.01
LogInit: Build Configuration: Development
LogInit: Branch Name: ++UE4+Release-4.16
LogInit: Command line:  
LogInit: Base directory: C:/Program Files/Epic Games/UE_4.16/Engine/Binaries/Win64/
LogInit: Installed Engine Build: 1
LogInit: Presizing for max 8388607 objects, including 0 objects not considered by GC, pre-allocating 0 bytes for permanent pool.
LogInit: Object subsystem initialized
[2017.07.18-15.56.45:204][  0]LogInit: Selected Device Profile: [Windows]
[2017.07.18-15.56.45:204][  0]LogInit: Applying CVar settings loaded from the selected device profile: [Windows]
[2017.07.18-15.56.45:245][  0]LogInit: Computer: LEEJIU
[2017.07.18-15.56.45:245][  0]LogInit: User: LEEJIU
[2017.07.18-15.56.45:245][  0]LogInit: CPU Page size=4096, Cores=2
[2017.07.18-15.56.45:245][  0]LogInit: High frequency timer resolution =2.435862 MHz
[2017.07.18-15.56.45:246][  0]LogMemory: Memory total: Physical=7.9GB (8GB approx)
[2017.07.18-15.56.45:246][  0]LogMemory: Platform Memory Stats for Windows
[2017.07.18-15.56.45:246][  0]LogMemory: Process Physical Memory: 273.05 MB used, 273.05 MB peak
[2017.07.18-15.56.45:246][  0]LogMemory: Process Virtual Memory: 266.57 MB used, 266.57 MB peak
[2017.07.18-15.56.45:246][  0]LogMemory: Physical Memory: 4466.87 MB used,  3632.52 MB free, 8099.39 MB total
[2017.07.18-15.56.45:246][  0]LogMemory: Virtual Memory: 641.95 MB used,  3632.52 MB free, 134217728.00 MB total
[2017.07.18-15.56.45:821][  0]LogInit: Using OS detected language (ko-KR).
[2017.07.18-15.56.45:821][  0]LogInit: Using OS detected locale (ko-KR).
[2017.07.18-15.56.45:923][  0]LogTextLocalizationManager: No specific localization for 'ko-KR' exists, so the 'ko' localization will be used.
[2017.07.18-15.56.52:026][  0]LogD3D11RHI: D3D11 adapters:
[2017.07.18-15.56.52:945][  0]LogD3D11RHI:    0. 'Intel(R) HD Graphics 3000' (Feature Level 11_0)
[2017.07.18-15.56.52:945][  0]LogD3D11RHI:       32/0/1632 MB DedicatedVideo/DedicatedSystem/SharedSystem, Outputs:2, VendorId:0x8086
[2017.07.18-15.56.53:033][  0]LogD3D11RHI:    1. 'NVIDIA GeForce GT 635M' (Feature Level 11_0)
[2017.07.18-15.56.53:033][  0]LogD3D11RHI:       2000/0/4049 MB DedicatedVideo/DedicatedSystem/SharedSystem, Outputs:0, VendorId:0x10de
[2017.07.18-15.56.53:039][  0]LogD3D11RHI:    2. 'Microsoft Basic Render Driver' (Feature Level 11_0)
[2017.07.18-15.56.53:039][  0]LogD3D11RHI:       0/0/4049 MB DedicatedVideo/DedicatedSystem/SharedSystem, Outputs:0, VendorId:0x1414
[2017.07.18-15.56.53:039][  0]LogD3D11RHI: Chosen D3D11 Adapter: 1
[2017.07.18-15.56.53:056][  0]LogD3D11RHI: Creating new Direct3DDevice
[2017.07.18-15.56.53:057][  0]LogD3D11RHI:     GPU DeviceId: 0x124d (for the marketing name, search the web for "GPU Device Id")
[2017.07.18-15.56.53:057][  0]LogWindows: EnumDisplayDevices:
[2017.07.18-15.56.53:057][  0]LogWindows:    0. 'Intel(R) HD Graphics 3000' (P:1 D:1)
[2017.07.18-15.56.53:058][  0]LogWindows:    1. 'Intel(R) HD Graphics 3000' (P:0 D:1)
[2017.07.18-15.56.53:058][  0]LogWindows:    2. 'NVIDIA GeForce GT 635M' (P:0 D:0)
[2017.07.18-15.56.53:058][  0]LogWindows: DebugString: PrimaryIsNotTheChoosenAdapter PrimaryIsNotTheChoosenAdapter 
[2017.07.18-15.56.53:058][  0]LogD3D11RHI:     Adapter Name: NVIDIA GeForce GT 635M
[2017.07.18-15.56.53:058][  0]LogD3D11RHI:   Driver Version: 382.05 (internal:22.21.13.8205, unified:382.05)
[2017.07.18-15.56.53:058][  0]LogD3D11RHI:      Driver Date: 5-1-2017
[2017.07.18-15.56.53:058][  0]LogRHI: Texture pool is 1361 MB (70% of 1945 MB)
[2017.07.18-15.56.53:157][  0]LogD3D11RHI:Display: Timestamp queries are currently disabled on this hardware due to instability. Realtime GPU stats will not be available. You can override this behaviour by setting r.NVIDIATimestampWorkaround to 0
[2017.07.18-15.56.53:159][  0]LogD3D11RHI: Async texture creation enabled
[2017.07.18-15.56.53:209][  0]LogD3D11RHI: GPU Timing Frequency: 1000.000000 (Debug: 2 1)
[2017.07.18-15.56.53:220][  0]LogShaderCompilers: Guid format shader working directory is 21 characters bigger than the processId version (D:/UnrealStudy/ArenaBattle/Intermediate/Shaders/WorkingDirectory/4224/).
[2017.07.18-15.56.53:220][  0]LogShaderCompilers: Cleaned the shader compiler working directory 'C:/Users/LEEJIU/AppData/Local/Temp/UnrealShaderWorkingDir/371E34DC4D15232635E9E983E1606D6B/'.
[2017.07.18-15.56.53:221][  0]LogShaderCompilers:Display: Using Local Shader Compiler.
[2017.07.18-15.56.58:164][  0]LogTemp:Display: Loaded TP AllDesktopTargetPlatform
[2017.07.18-15.56.58:310][  0]LogTemp:Display: Loaded TP MacClientTargetPlatform
[2017.07.18-15.56.58:467][  0]LogTemp:Display: Loaded TP MacNoEditorTargetPlatform
[2017.07.18-15.56.58:649][  0]LogTemp:Display: Loaded TP MacServerTargetPlatform
[2017.07.18-15.56.58:800][  0]LogTemp:Display: Loaded TP MacTargetPlatform
[2017.07.18-15.56.58:913][  0]LogTemp:Display: Loaded TP WindowsClientTargetPlatform
[2017.07.18-15.56.59:021][  0]LogTemp:Display: Loaded TP WindowsNoEditorTargetPlatform
[2017.07.18-15.56.59:116][  0]LogTemp:Display: Loaded TP WindowsServerTargetPlatform
[2017.07.18-15.56.59:211][  0]LogTemp:Display: Loaded TP WindowsTargetPlatform
[2017.07.18-15.56.59:316][  0]LogTemp:Display: Loaded TP AndroidTargetPlatform
[2017.07.18-15.56.59:434][  0]LogTemp:Display: Loaded TP Android_ASTCTargetPlatform
[2017.07.18-15.56.59:525][  0]LogTemp:Display: Loaded TP Android_ATCTargetPlatform
[2017.07.18-15.56.59:611][  0]LogTemp:Display: Loaded TP Android_DXTTargetPlatform
[2017.07.18-15.56.59:757][  0]LogTemp:Display: Loaded TP Android_ETC1TargetPlatform
[2017.07.18-15.56.59:914][  0]LogTemp:Display: Loaded TP Android_ETC2TargetPlatform
[2017.07.18-15.57.00:198][  0]LogTemp:Display: Loaded TP Android_MultiTargetPlatform
[2017.07.18-15.57.00:198][  0]LogTemp:Display: Loaded TP Android_PVRTCTargetPlatform
[2017.07.18-15.57.00:321][  0]LogTemp:Display: Loaded TP HTML5TargetPlatform
[2017.07.18-15.57.00:558][  0]LogTemp:Display: Loaded TP IOSTargetPlatform
[2017.07.18-15.57.00:659][  0]LogTemp:Display: Loaded TP TVOSTargetPlatform
[2017.07.18-15.57.00:798][  0]LogTemp:Display: Loaded TP LinuxClientTargetPlatform
[2017.07.18-15.57.00:940][  0]LogTemp:Display: Loaded TP LinuxNoEditorTargetPlatform
[2017.07.18-15.57.01:077][  0]LogTemp:Display: Loaded TP LinuxServerTargetPlatform
[2017.07.18-15.57.01:223][  0]LogTemp:Display: Loaded TP LinuxTargetPlatform
[2017.07.18-15.57.01:223][  0]LogTargetPlatformManager:Display: Building Assets For Windows
[2017.07.18-15.57.02:916][  0]LogDerivedDataCache:Display: Max Cache Size: 512 MB
[2017.07.18-15.57.03:433][  0]LogDerivedDataCache: Loaded boot cache 0.52s 96MB C:/Users/LEEJIU/AppData/Local/UnrealEngine/4.16/DerivedDataCache/Boot.ddc.
[2017.07.18-15.57.03:433][  0]LogDerivedDataCache:Display: Loaded Boot cache: C:/Users/LEEJIU/AppData/Local/UnrealEngine/4.16/DerivedDataCache/Boot.ddc
[2017.07.18-15.57.03:433][  0]LogDerivedDataCache: FDerivedDataBackendGraph:  Pak pak cache file D:/UnrealStudy/ArenaBattle/DerivedDataCache/DDC.ddp not found, will not use a pak cache.
[2017.07.18-15.57.03:433][  0]LogDerivedDataCache: Unable to find inner node Pak for hierarchical cache Hierarchy.
[2017.07.18-15.57.03:433][  0]LogDerivedDataCache: FDerivedDataBackendGraph:  CompressedPak pak cache file D:/UnrealStudy/ArenaBattle/DerivedDataCache/Compressed.ddp not found, will not use a pak cache.
[2017.07.18-15.57.03:433][  0]LogDerivedDataCache: Unable to find inner node CompressedPak for hierarchical cache Hierarchy.
[2017.07.18-15.57.03:490][  0]LogDerivedDataCache:Display: Pak cache opened for reading ../../../Engine/DerivedDataCache/Compressed.ddp.
[2017.07.18-15.57.03:504][  0]LogDerivedDataCache: Using Local data cache path C:/Users/LEEJIU/AppData/Local/UnrealEngine/Common/DerivedDataCache: Writable
[2017.07.18-15.57.03:541][  0]LogMaterial: Verifying Global Shaders for PCD3D_SM5
[2017.07.18-15.57.03:549][  0]LogSlate: Using Freetype 2.6.0
[2017.07.18-15.57.03:572][  0]LogSlate: SlateFontCache - WITH_FREETYPE: 1, WITH_HARFBUZZ: 1
[2017.07.18-15.57.03:572][  0]LogSlate: SlateFontCache - WITH_FREETYPE: 1, WITH_HARFBUZZ: 1
[2017.07.18-15.57.05:284][  0]LogInit: Selected Device Profile: [Windows]
[2017.07.18-15.57.05:647][  0]LogContentStreaming: Texture pool size is 0.00 MB
[2017.07.18-15.57.06:257][  0]LogMeshUtilities: Using QuadricMeshReduction for automatic static mesh reduction
[2017.07.18-15.57.06:393][  0]LogSimplygon: Simplygon DLL not present - disabling.
[2017.07.18-15.57.06:543][  0]LogMeshUtilities: Using SimplygonSwarm for distributed automatic mesh merging
[2017.07.18-15.57.06:543][  0]LogMeshUtilities: No automatic skeletal mesh reduction module available
[2017.07.18-15.57.06:543][  0]LogMeshUtilities: No automatic mesh merging module available
[2017.07.18-15.57.09:350][  0]LogNetVersion: ArenaBattle , NetCL: 3452394, EngineNetVer: 2, GameNetVer: 0 (Checksum: 38908305)
[2017.07.18-15.57.09:547][  0]LogAssetRegistry: FAssetRegistry took 0.0364 seconds to start up
[2017.07.18-15.57.09:721][  0]LogPackageLocalizationCache: Processed 4 localized package path(s) for 2 prioritized culture(s) in 0.082628 seconds
[2017.07.18-15.57.09:732][  0]LogUObjectArray: 34194 objects as part of root set at end of initial load.
[2017.07.18-15.57.09:732][  0]LogUObjectAllocator: 7260424 out of 0 bytes used by permanent object pool.
[2017.07.18-15.57.09:732][  0]LogUObjectArray: CloseDisregardForGC: 0/0 objects in disregard for GC pool
[2017.07.18-15.57.09:974][  0]LogInit: WinSock: version 1.1 (2.2), MaxSocks=32767, MaxUdp=65467
[2017.07.18-15.57.19:905][  0]LogTcpMessaging: Initializing TcpMessaging bridge
[2017.07.18-15.57.19:998][  0]LogUdpMessaging: Initializing bridge on interface 0.0.0.0:0 to multicast group 230.0.0.1:6666.
[2017.07.18-15.57.21:037][  0]WebConnection:Warning: WebConnection Constructor Call!
[2017.07.18-15.57.21:037][  0]ArenaBattle:Warning: UABGameInstance::UABGameInstance(17) Constructor Start!
[2017.07.18-15.57.21:037][  0]WebConnection:Warning: WebConnection Constructor Call!
[2017.07.18-15.57.21:038][  0]ArenaBattle:Warning: UABGameInstance::UABGameInstance(24) Constructor End!
[2017.07.18-15.57.22:094][  0]LogMaterial: Uniform references updated for custom material expression Custom.
[2017.07.18-15.57.23:442][  0]SourceControl: 정보 소스 콘트롤이 꺼졌습니다.
[2017.07.18-15.57.23:687][  0]SourceControl: 정보 소스 콘트롤이 꺼졌습니다.
[2017.07.18-15.57.23:901][  0]SourceControl: 정보 소스 콘트롤이 꺼졌습니다.
[2017.07.18-15.57.24:038][  0]SourceControl: 정보 소스 콘트롤이 꺼졌습니다.
[2017.07.18-15.57.26:228][  0]LogAndroidPermission: UAndroidPermissionCallbackProxy::GetInstance
[2017.07.18-15.57.28:140][  0]LogEngine: Initializing Engine...
[2017.07.18-15.57.28:144][  0]LogHMD: Failed to initialize OpenVR with code 110
[2017.07.18-15.57.28:905][  0]ArenaBattle:Warning: UABGameInstance::UABGameInstance(17) Constructor Start!
[2017.07.18-15.57.28:905][  0]WebConnection:Warning: WebConnection Constructor Call!
[2017.07.18-15.57.28:905][  0]ArenaBattle:Warning: UABGameInstance::UABGameInstance(24) Constructor End!
[2017.07.18-15.57.28:917][  0]LogStats: UGameplayTagsManager::ConstructGameplayTagTree: Construct from data asset -  0.000 s
[2017.07.18-15.57.28:918][  0]LogStats: UGameplayTagsManager::ConstructGameplayTagTree: GameplayTagTreeChangedEvent.Broadcast -  0.001 s
[2017.07.18-15.57.29:328][  0]LogAIModule: Creating AISystem for world Untitled
[2017.07.18-15.57.29:366][  0]LogInit: XAudio2 using '스피커(Realtek High Definition Audio)' : 2 channels at 48 kHz using 32 bits per sample (channel mask 0x3)
[2017.07.18-15.57.29:426][  0]LogInit: FAudioDevice initialized.
[2017.07.18-15.57.29:515][  0]LogDerivedDataCache: Saved boot cache 0.09s 96MB C:/Users/LEEJIU/AppData/Local/UnrealEngine/4.16/DerivedDataCache/Boot.ddc.
[2017.07.18-15.57.29:546][  0]LogInit: Texture streaming: Enabled
[2017.07.18-15.57.29:823][  0]LogEngineSessionManager: EngineSessionManager initialized
[2017.07.18-15.57.30:653][  0]LogInit: Transaction tracking system initialized
[2017.07.18-15.57.31:866][  0]BlueprintLog: New page: 에디터 로드
[2017.07.18-15.57.35:589][  0]LocalizationService: 정보 현지화 서비스가 비활성화되었습니다.
[2017.07.18-15.57.38:142][  0]LogConsoleResponse:Display: 
[2017.07.18-15.57.39:509][  0]LogCook:Display: Max memory allowance for cook 16384mb min free memory 0mb
[2017.07.18-15.57.39:510][  0]LogCook:Display: Mobile HDR setting 1
[2017.07.18-15.57.39:627][  0]LogFileCache: Scanning file cache for directory 'D:/UnrealStudy/ArenaBattle/Content/' took 0.06s
[2017.07.18-15.57.44:527][  0]SourceControl: 정보 소스 콘트롤이 꺼졌습니다.
[2017.07.18-15.57.44:531][  0]Cmd: MAP LOAD FILE="../../../Engine/Content/Maps/Templates/Template_Default.umap" TEMPLATE=1 SHOWPROGRESS=1 FEATURELEVEL=3
[2017.07.18-15.57.44:549][  0]LightingResults: New page: 라이팅 빌드
[2017.07.18-15.57.44:764][  0]MapCheck: New page: 맵 체크
[2017.07.18-15.57.44:764][  0]LightingResults: New page: 라이팅 빌드
[2017.07.18-15.57.46:049][  0]LogAIModule: Creating AISystem for world Untitled_1
[2017.07.18-15.57.46:059][  0]LogActorComponent: RegisterComponentWithWorld: (/Temp/Untitled_1.Untitled_1:PersistentLevel.WorldSettings_1.StaticMeshComponent0) Trying to register component with IsPendingKill() == true. Aborting.
[2017.07.18-15.57.46:142][  0]LogEditorServer: Finished looking for orphan Actors (0.000 secs)
[2017.07.18-15.57.46:263][  0]Cmd: MAP CHECKDEP NOCLEARLOG
[2017.07.18-15.57.46:469][  0]MapCheck: 정보 맵 체크 완료: 오류 0 회, 경고 0 회, 소요 시간 206.269ms.
[2017.07.18-15.57.46:470][  0]LogFileHelpers: Loading map 'Template_Default' took 1.942
[2017.07.18-15.57.47:266][  0]LogCollectionManager: Loaded 0 collections in 0.006688 seconds
[2017.07.18-15.57.47:546][  0]LogFileCache: Scanning file cache for directory 'D:/UnrealStudy/ArenaBattle/Saved/Collections/' took 0.01s
[2017.07.18-15.57.47:546][  0]LogFileCache: Scanning file cache for directory 'D:/UnrealStudy/ArenaBattle/Content/Developers/LEEJIU/Collections/' took 0.01s
[2017.07.18-15.57.47:546][  0]LogFileCache: Scanning file cache for directory 'D:/UnrealStudy/ArenaBattle/Content/Collections/' took 0.01s
[2017.07.18-15.57.47:546][  0]LogCollectionManager: Rebuilt the GUID cache for 0 collections in 0.000004 seconds
[2017.07.18-15.57.47:615][  0]LogContentBrowser: Native class hierarchy populated in 0.0658 seconds. Added 2333 classes and 495 folders.
[2017.07.18-15.57.47:950][  0]LogContentBrowser: Native class hierarchy updated for 'WidgetCarousel' in 0.0205 seconds. Added 0 classes and 0 folders.
[2017.07.18-15.57.49:041][  0]LogContentBrowser: Native class hierarchy updated for 'AddContentDialog' in 0.0216 seconds. Added 0 classes and 0 folders.
[2017.07.18-15.57.49:213][  0]LogContentBrowser: Native class hierarchy updated for 'SceneOutliner' in 0.0154 seconds. Added 1 classes and 2 folders.
[2017.07.18-15.57.49:403][  0]LogCrashTracker: Crashtracker disabled due to settings.
[2017.07.18-15.57.49:446][  0]LogSlate: Took 0.010832 seconds to synchronously load lazily loaded font '../../../Engine/Content/Slate/Fonts/Roboto-Regular.ttf' (155K)
[2017.07.18-15.57.49:481][  0]LogSlate: Took 0.032922 seconds to synchronously load lazily loaded font '../../../Engine/Content/Slate/Fonts/NanumGothic.ttf' (4243K)
[2017.07.18-15.57.49:491][  0]LogSlate: Took 0.008187 seconds to synchronously load lazily loaded font '../../../Engine/Content/Slate/Fonts/Roboto-Bold.ttf' (160K)
[2017.07.18-15.57.49:517][  0]LogSlate: Took 0.008577 seconds to synchronously load lazily loaded font '../../../Engine/Content/Editor/Slate/Fonts/FontAwesome.ttf' (139K)
[2017.07.18-15.57.50:027][  0]LogRenderer: Reallocating scene render targets to support 828x372 NumSamples 1 (Frame:1).
[2017.07.18-15.57.50:249][  0]LogSlate: Took 0.008941 seconds to synchronously load lazily loaded font '../../../Engine/Content/Slate/Fonts/Roboto-Light.ttf' (159K)
[2017.07.18-15.57.50:411][  0]LogUObjectGlobals:Warning: 'Class 없음.' 오브젝트를 찾는 데 실패했습니다.
[2017.07.18-15.57.50:592][  0]LogContentBrowser: Native class hierarchy updated for 'HierarchicalLODOutliner' in 0.0180 seconds. Added 1 classes and 2 folders.
[2017.07.18-15.57.50:593][  0]LogLoad: (Engine Initialization) Total time: 70.25 seconds
[2017.07.18-15.57.50:593][  0]LogLoad: (Engine Initialization) Total Blueprint compile time: 0.44 seconds
[2017.07.18-15.57.50:593][  0]LogExternalProfiler: Found external profiler: VSPerf
[2017.07.18-15.57.50:593][  0]LogExternalProfiler: Using external profiler: VSPerf
[2017.07.18-15.57.50:939][  0]LogOcInput: OculusInput pre-init called
[2017.07.18-15.57.50:939][  0]LogHMD: Starting GearVRController plugin
[2017.07.18-15.57.50:998][  0]LogContentStreaming: Texture pool size now 1000 MB
[2017.07.18-15.57.52:991][  4]LogRenderer: Reallocating scene render targets to support 1168x652 NumSamples 1 (Frame:4).
[2017.07.18-15.57.53:125][  4]LogAssetRegistry: Asset discovery search completed in 43.6010 seconds
[2017.07.18-15.57.53:134][  4]LogCollectionManager: Rebuilt the object cache for 0 collections in 0.000001 seconds (found 0 objects)
[2017.07.18-15.57.53:134][  4]LogCollectionManager: Fixed up redirectors for 0 collections in 0.000122 seconds (updated 0 objects)
[2017.07.18-15.57.59:827][150]LogSlate: Took 0.000318 seconds to synchronously load lazily loaded font '../../../Engine/Content/Slate/Fonts/Roboto-Light.ttf' (159K)
[2017.07.18-15.57.59:891][150]LogAIModule: Creating AISystem for world Base_Character
[2017.07.18-15.57.59:955][150]Cmd: MAP LOAD FILE="D:/UnrealStudy/ArenaBattle/Content/Base_Character.umap" TEMPLATE=0 SHOWPROGRESS=1 FEATURELEVEL=3
[2017.07.18-15.57.59:955][150]LightingResults: New page: 라이팅 빌드
[2017.07.18-15.57.59:958][150]LoadErrors: New page: 맵 로드중: Base_Character.umap
[2017.07.18-15.57.59:962][150]MapCheck: New page: 맵 체크
[2017.07.18-15.57.59:962][150]LightingResults: New page: 라이팅 빌드
[2017.07.18-15.58.00:036][150]LogEditorServer: Finished looking for orphan Actors (0.000 secs)
[2017.07.18-15.58.00:151][150]Cmd: MAP CHECKDEP NOCLEARLOG
[2017.07.18-15.58.00:304][150]MapCheck: 정보 맵 체크 완료: 오류 0 회, 경고 0 회, 소요 시간 152.923ms.
[2017.07.18-15.58.00:304][150]LogFileHelpers: Loading map 'Base_Character' took 0.354
[2017.07.18-15.58.09:289][352]LogEditorActor: Deleted Actor: ABPawn
[2017.07.18-15.58.09:357][352]LogEditorActor: Deleted 1 Actors (0.084 secs)
[2017.07.18-15.58.10:695][378]LogEditor: Attempting to add actor of class 'ABPawn' to level at -10.00,-240.00,108.00
[2017.07.18-15.58.11:759][403]LogEditor: Attempting to add actor of class 'ABPawn' to level at -210.00,-70.00,108.00
[2017.07.18-15.58.15:261][481]Candidate modules for hot reload:
[2017.07.18-15.58.15:261][481]  ArenaBattle
[2017.07.18-15.58.15:262][481]Launching UnrealBuildTool... [C:/Program Files/Epic Games/UE_4.16/Engine/Binaries/DotNET/UnrealBuildTool.exe ArenaBattle -ModuleWithSuffix ArenaBattle 294 Win64 Development -editorrecompile -canskiplink "D:/UnrealStudy/ArenaBattle/ArenaBattle.uproject" ]
[2017.07.18-15.58.15:265][481]Warning: Starting HotReload took  0.1s.
[2017.07.18-15.58.34:153][894]CompilerResultsLog: New page: 컴파일 - 2017. 7. 19. 오전 9:58:34
[2017.07.18-15.58.34:154][894]CompilerResultsLog: 정보 Compiling game modules for hot reload
[2017.07.18-15.58.34:154][894]CompilerResultsLog: 정보 Performing 1 actions (2 in parallel)
[2017.07.18-15.58.34:154][894]CompilerResultsLog: 정보 [1/1] Link UE4Editor-ArenaBattle-294.dll
[2017.07.18-15.58.34:154][894]CompilerResultsLog: 정보    D:\UnrealStudy\ArenaBattle\Intermediate\Build\Win64\UE4Editor\Development\UE4Editor-ArenaBattle-294.suppressed.lib ???̺귯?? ?? D:\UnrealStudy\ArenaBattle\Intermediate\Build\Win64\UE4Editor\Development\UE4Editor-ArenaBattle-294.suppressed.exp ??ü?? ?????ϰ? ?ֽ??ϴ?.
[2017.07.18-15.58.34:154][894]CompilerResultsLog: 정보 Total build time: 17.94 seconds (Local executor: 4.99 seconds)
[2017.07.18-15.58.34:154][894]LogMainFrame: MainFrame: Module compiling took 18.908 seconds
[2017.07.18-15.58.34:481][894]ArenaBattle:Warning: UABGameInstance::UABGameInstance(17) Constructor Start!
[2017.07.18-15.58.34:482][894]WebConnection:Warning: WebConnection Constructor Call!
[2017.07.18-15.58.34:482][894]ArenaBattle:Warning: UABGameInstance::UABGameInstance(24) Constructor End!
[2017.07.18-15.58.34:496][894]ArenaBattle:Warning: UABGameInstance::UABGameInstance(17) Constructor Start!
[2017.07.18-15.58.34:496][894]WebConnection:Warning: WebConnection Constructor Call!
[2017.07.18-15.58.34:496][894]ArenaBattle:Warning: UABGameInstance::UABGameInstance(24) Constructor End!
[2017.07.18-15.58.34:499][894]LogHotReload: Re-instancing ABPawn after hot-reload.
[2017.07.18-15.58.34:515][894]LogUObjectGlobals:Warning: Guid referenced by CapsuleComponent /Game/Base_Character.Base_Character:PersistentLevel.ABPawn_1.Body is already used by CapsuleComponent /Game/Base_Character.Base_Character:PersistentLevel.ABPawn_2.Body, which should never happen in the editor but could happen at runtime with duplicate level loading or PIE
[2017.07.18-15.58.34:515][894]LogUObjectGlobals:Warning: Guid referenced by SkeletalMeshComponent /Game/Base_Character.Base_Character:PersistentLevel.ABPawn_1.Mesh is already used by SkeletalMeshComponent /Game/Base_Character.Base_Character:PersistentLevel.ABPawn_2.Mesh, which should never happen in the editor but could happen at runtime with duplicate level loading or PIE
[2017.07.18-15.58.34:515][894]LogUObjectGlobals:Warning: Guid referenced by ArrowComponent /Game/Base_Character.Base_Character:PersistentLevel.ABPawn_1.Arrow is already used by ArrowComponent /Game/Base_Character.Base_Character:PersistentLevel.ABPawn_2.Arrow, which should never happen in the editor but could happen at runtime with duplicate level loading or PIE
[2017.07.18-15.58.34:515][894]LogUObjectGlobals:Warning: Guid referenced by SpringArmComponent /Game/Base_Character.Base_Character:PersistentLevel.ABPawn_1.SpringArm is already used by SpringArmComponent /Game/Base_Character.Base_Character:PersistentLevel.ABPawn_2.SpringArm, which should never happen in the editor but could happen at runtime with duplicate level loading or PIE
[2017.07.18-15.58.35:097][894]LogContentBrowser: Native class hierarchy updated for 'ArenaBattle' in 0.0160 seconds. Added 3 classes and 1 folders.
[2017.07.18-15.58.35:099][894]Display: HotReload successful (1 functions remapped  0 scriptstructs remapped)
[2017.07.18-15.58.35:262][894]LogContentBrowser: Native class hierarchy populated in 0.0537 seconds. Added 2335 classes and 499 folders.
[2017.07.18-15.58.35:266][894]Display: HotReload took 20.1s.
[2017.07.18-15.58.38:136][956]LogTemp: Repeting last play command: 선택된 뷰포트
[2017.07.18-15.58.38:987][956]LogPlayLevel: PlayLevel: No blueprints needed recompiling
[2017.07.18-15.58.38:991][956]PIE: New page: PIE 세션: Base_Character (2017. 7. 19. 오전 9:58:38)
[2017.07.18-15.58.38:991][956]ArenaBattle:Warning: UABGameInstance::UABGameInstance(17) Constructor Start!
[2017.07.18-15.58.38:991][956]WebConnection:Warning: WebConnection Constructor Call!
[2017.07.18-15.58.38:991][956]ArenaBattle:Warning: UABGameInstance::UABGameInstance(24) Constructor End!
[2017.07.18-15.58.38:991][956]LogPlayLevel: Creating play world package: /Game/UEDPIE_0_Base_Character
[2017.07.18-15.58.38:999][956]LogPlayLevel: PIE: StaticDuplicateObject took: (0.007177s)
[2017.07.18-15.58.39:000][956]LogAIModule: Creating AISystem for world Base_Character
[2017.07.18-15.58.39:001][956]LogPlayLevel: PIE: World Init took: (0.001840s)
[2017.07.18-15.58.39:001][956]LogPlayLevel: PIE: Created PIE world by copying editor world from /Game/Base_Character.Base_Character to /Game/UEDPIE_0_Base_Character.Base_Character (0.010155s)
[2017.07.18-15.58.39:061][956]ArenaBattle:Warning: UABGameInstance::Init(31)
[2017.07.18-15.58.39:062][956]ArenaBattle:Warning: UABGameInstance::Init(38) ClassInfo1 is same with ClassInfo2.
[2017.07.18-15.58.39:062][956]ArenaBattle:Warning: UABGameInstance::Init(47) Field : Host, Type : StrProperty
[2017.07.18-15.58.39:062][956]ArenaBattle:Warning: UABGameInstance::Init(52) Value = localhost:8000
[2017.07.18-15.58.39:062][956]ArenaBattle:Warning: UABGameInstance::Init(47) Field : URI, Type : StrProperty
[2017.07.18-15.58.39:062][956]ArenaBattle:Warning: UABGameInstance::Init(52) Value = /
[2017.07.18-15.58.39:062][956]ArenaBattle:Warning: UABGameInstance::Init(60) Function = RequestToken
[2017.07.18-15.58.39:062][956]WebConnection:Warning: Request Token Call!
[2017.07.18-15.58.39:062][956]ArenaBattle:Warning: UABGameInstance::Init(75) DefaultSubobject : WebConnection
[2017.07.18-15.58.39:062][956]ArenaBattle:Warning: UABGameInstance::Init(76) Outer of DefaultSubobject : ABGameInstance
[2017.07.18-15.58.39:062][956]WebConnection:Warning: WebConnection Constructor Call!
[2017.07.18-15.58.39:062][956]ArenaBattle:Warning: UABGameInstance::Init(82) Outer of NewObject : ABGameInstance
[2017.07.18-15.58.39:063][956]ArenaBattle:Warning: UABGameInstance::Init(88) Actor : GameplayDebuggerPlayerManager_0
[2017.07.18-15.58.39:063][956]ArenaBattle:Warning: UABGameInstance::Init(88) Actor : ABPawn_1
[2017.07.18-15.58.39:063][956]ArenaBattle:Warning: UABGameInstance::Init(93)  -- Component : Body
[2017.07.18-15.58.39:063][956]ArenaBattle:Warning: UABGameInstance::Init(93)  -- Component : Mesh
[2017.07.18-15.58.39:063][956]ArenaBattle:Warning: UABGameInstance::Init(93)  -- Component : Arrow
[2017.07.18-15.58.39:063][956]ArenaBattle:Warning: UABGameInstance::Init(93)  -- Component : SpringArm
[2017.07.18-15.58.39:063][956]ArenaBattle:Warning: UABGameInstance::Init(88) Actor : Brush_1
[2017.07.18-15.58.39:064][956]ArenaBattle:Warning: UABGameInstance::Init(93)  -- Component : BrushComponent0
[2017.07.18-15.58.39:064][956]ArenaBattle:Warning: UABGameInstance::Init(88) Actor : DefaultPhysicsVolume_0
[2017.07.18-15.58.39:064][956]ArenaBattle:Warning: UABGameInstance::Init(93)  -- Component : BrushComponent0
[2017.07.18-15.58.39:064][956]ArenaBattle:Warning: UABGameInstance::Init(88) Actor : InstancedFoliageActor_0
[2017.07.18-15.58.39:064][956]ArenaBattle:Warning: UABGameInstance::Init(93)  -- Component : RootComponent0
[2017.07.18-15.58.39:064][956]ArenaBattle:Warning: UABGameInstance::Init(88) Actor : Floor
[2017.07.18-15.58.39:064][956]ArenaBattle:Warning: UABGameInstance::Init(93)  -- Component : StaticMeshComponent0
[2017.07.18-15.58.39:064][956]ArenaBattle:Warning: UABGameInstance::Init(88) Actor : AtmosphericFog_1
[2017.07.18-15.58.39:064][956]ArenaBattle:Warning: UABGameInstance::Init(93)  -- Component : Sprite
[2017.07.18-15.58.39:064][956]ArenaBattle:Warning: UABGameInstance::Init(93)  -- Component : AtmosphericFogComponent0
[2017.07.18-15.58.39:064][956]ArenaBattle:Warning: UABGameInstance::Init(93)  -- Component : ArrowComponent0
[2017.07.18-15.58.39:064][956]ArenaBattle:Warning: UABGameInstance::Init(88) Actor : WorldSettings_1
[2017.07.18-15.58.39:065][956]ArenaBattle:Warning: UABGameInstance::Init(88) Actor : LightSource
[2017.07.18-15.58.39:065][956]ArenaBattle:Warning: UABGameInstance::Init(93)  -- Component : LightComponent0
[2017.07.18-15.58.39:065][956]ArenaBattle:Warning: UABGameInstance::Init(93)  -- Component : ArrowComponent0
[2017.07.18-15.58.39:065][956]ArenaBattle:Warning: UABGameInstance::Init(88) Actor : AbstractNavData-Default
[2017.07.18-15.58.39:065][956]ArenaBattle:Warning: UABGameInstance::Init(88) Actor : PlayerStart
[2017.07.18-15.58.39:065][956]ArenaBattle:Warning: UABGameInstance::Init(93)  -- Component : CollisionCapsule
[2017.07.18-15.58.39:065][956]ArenaBattle:Warning: UABGameInstance::Init(93)  -- Component : Sprite
[2017.07.18-15.58.39:065][956]ArenaBattle:Warning: UABGameInstance::Init(93)  -- Component : Sprite2
[2017.07.18-15.58.39:065][956]ArenaBattle:Warning: UABGameInstance::Init(93)  -- Component : Arrow
[2017.07.18-15.58.39:065][956]ArenaBattle:Warning: UABGameInstance::Init(88) Actor : SkySphere
[2017.07.18-15.58.39:065][956]ArenaBattle:Warning: UABGameInstance::Init(93)  -- Component : Sky Sphere mesh
[2017.07.18-15.58.39:065][956]ArenaBattle:Warning: UABGameInstance::Init(93)  -- Component : Base
[2017.07.18-15.58.39:065][956]ArenaBattle:Warning: UABGameInstance::Init(103) StaticMeshActor : Floor
[2017.07.18-15.58.39:065][956]ArenaBattle:Warning: UABGameInstance::Init(117) WebConnection Object Host : localhost:8000
[2017.07.18-15.58.39:065][956]ArenaBattle:Warning: UABGameInstance::Init(117) WebConnection Object Host : 127.0.0.1
[2017.07.18-15.58.39:065][956]ArenaBattle:Warning: UABGameInstance::Init(117) WebConnection Object Host : localhost:8000
[2017.07.18-15.58.39:065][956]ArenaBattle:Warning: UABGameInstance::Init(117) WebConnection Object Host : localhost
[2017.07.18-15.58.39:072][956]LogInit: XAudio2 using '스피커(Realtek High Definition Audio)' : 2 channels at 48 kHz using 32 bits per sample (channel mask 0x3)
[2017.07.18-15.58.39:098][956]LogInit: FAudioDevice initialized.
[2017.07.18-15.58.39:163][956]LogLoad: Game class is 'GameModeBase'
[2017.07.18-15.58.39:179][956]LogWorld: Bringing World /Game/UEDPIE_0_Base_Character.Base_Character up for play (max tick rate 60) at 2017.07.19-00.58.39
[2017.07.18-15.58.39:193][956]LogWorld: Bringing up level for play took: 0.015931
[2017.07.18-15.58.39:476][956]LogContentBrowser: Native class hierarchy updated for 'MovieSceneCapture' in 0.0196 seconds. Added 11 classes and 0 folders.
[2017.07.18-15.58.39:656][956]LogTexture:Display: 텍스처 빌드: T_CharM_solid_Mask (AutoDXT, 2048X2048)
[2017.07.18-15.58.41:133][956]LogTexture:Display: 텍스처 빌드: T_CharM_solid_D (DXT1, 2048X2048)
[2017.07.18-15.58.52:503][956]LogTexture:Display: 텍스처 빌드: T_CharM_solid_N (BC5, 2048X2048)
[2017.07.18-15.58.54:306][956]LogMaterial: Missing cached shader map for material M_Char_Solid, compiling. 
[2017.07.18-15.58.54:481][956]PIE: 정보 /Game/UEDPIE_0_Base_Character 에 대한 에디터에서 플레이 시작 시간: 14.896
[2017.07.18-15.59.09:856][274]Candidate modules for hot reload:
[2017.07.18-15.59.09:856][274]  ArenaBattle
[2017.07.18-15.59.09:856][274]Launching UnrealBuildTool... [C:/Program Files/Epic Games/UE_4.16/Engine/Binaries/DotNET/UnrealBuildTool.exe ArenaBattle -ModuleWithSuffix ArenaBattle 5893 Win64 Development -editorrecompile -canskiplink "D:/UnrealStudy/ArenaBattle/ArenaBattle.uproject" ]
[2017.07.18-15.59.09:860][274]Warning: Starting HotReload took  0.0s.
[2017.07.18-15.59.35:916][823]CompilerResultsLog: New page: 컴파일 - 2017. 7. 19. 오전 9:59:35
[2017.07.18-15.59.35:916][823]CompilerResultsLog: 정보 Compiling game modules for hot reload
[2017.07.18-15.59.35:916][823]CompilerResultsLog: 정보 Target is up to date
[2017.07.18-15.59.35:916][823]CompilerResultsLog: 정보 Total build time: 24.21 seconds (NoActionsToExecute executor: 0.02 seconds)
[2017.07.18-15.59.35:917][823]LogMainFrame: MainFrame: Module compiling took 26.074 seconds
[2017.07.18-15.59.36:099][823]LogContentBrowser: Native class hierarchy populated in 0.0810 seconds. Added 2335 classes and 499 folders.
[2017.07.18-15.59.36:099][823]Display: HotReload took 26.3s.
[2017.07.18-15.59.39:836][903]LogTemp: Repeting last play command: 선택된 뷰포트
[2017.07.18-15.59.39:924][903]LogPlayLevel: PlayLevel: No blueprints needed recompiling
[2017.07.18-15.59.39:925][903]PIE: New page: PIE 세션: Base_Character (2017. 7. 19. 오전 9:59:39)
[2017.07.18-15.59.39:925][903]ArenaBattle:Warning: UABGameInstance::UABGameInstance(17) Constructor Start!
[2017.07.18-15.59.39:925][903]WebConnection:Warning: WebConnection Constructor Call!
[2017.07.18-15.59.39:925][903]ArenaBattle:Warning: UABGameInstance::UABGameInstance(24) Constructor End!
[2017.07.18-15.59.39:925][903]LogPlayLevel: Creating play world package: /Game/UEDPIE_0_Base_Character
[2017.07.18-15.59.39:935][903]LogPlayLevel: PIE: StaticDuplicateObject took: (0.009423s)
[2017.07.18-15.59.39:938][903]LogAIModule: Creating AISystem for world Base_Character
[2017.07.18-15.59.39:938][903]LogPlayLevel: PIE: World Init took: (0.003171s)
[2017.07.18-15.59.39:939][903]LogPlayLevel: PIE: Created PIE world by copying editor world from /Game/Base_Character.Base_Character to /Game/UEDPIE_0_Base_Character.Base_Character (0.013347s)
[2017.07.18-15.59.40:031][903]ArenaBattle:Warning: UABGameInstance::Init(31)
[2017.07.18-15.59.40:031][903]ArenaBattle:Warning: UABGameInstance::Init(38) ClassInfo1 is same with ClassInfo2.
[2017.07.18-15.59.40:031][903]ArenaBattle:Warning: UABGameInstance::Init(47) Field : Host, Type : StrProperty
[2017.07.18-15.59.40:031][903]ArenaBattle:Warning: UABGameInstance::Init(52) Value = localhost:8000
[2017.07.18-15.59.40:031][903]ArenaBattle:Warning: UABGameInstance::Init(47) Field : URI, Type : StrProperty
[2017.07.18-15.59.40:031][903]ArenaBattle:Warning: UABGameInstance::Init(52) Value = /
[2017.07.18-15.59.40:031][903]ArenaBattle:Warning: UABGameInstance::Init(60) Function = RequestToken
[2017.07.18-15.59.40:032][903]WebConnection:Warning: Request Token Call!
[2017.07.18-15.59.40:032][903]ArenaBattle:Warning: UABGameInstance::Init(75) DefaultSubobject : WebConnection
[2017.07.18-15.59.40:032][903]ArenaBattle:Warning: UABGameInstance::Init(76) Outer of DefaultSubobject : ABGameInstance
[2017.07.18-15.59.40:032][903]WebConnection:Warning: WebConnection Constructor Call!
[2017.07.18-15.59.40:032][903]ArenaBattle:Warning: UABGameInstance::Init(82) Outer of NewObject : ABGameInstance
[2017.07.18-15.59.40:032][903]ArenaBattle:Warning: UABGameInstance::Init(88) Actor : GameplayDebuggerPlayerManager_0
[2017.07.18-15.59.40:033][903]ArenaBattle:Warning: UABGameInstance::Init(88) Actor : ABPawn_1
[2017.07.18-15.59.40:033][903]ArenaBattle:Warning: UABGameInstance::Init(93)  -- Component : Body
[2017.07.18-15.59.40:033][903]ArenaBattle:Warning: UABGameInstance::Init(93)  -- Component : Mesh
[2017.07.18-15.59.40:033][903]ArenaBattle:Warning: UABGameInstance::Init(93)  -- Component : Arrow
[2017.07.18-15.59.40:033][903]ArenaBattle:Warning: UABGameInstance::Init(93)  -- Component : SpringArm
[2017.07.18-15.59.40:033][903]ArenaBattle:Warning: UABGameInstance::Init(88) Actor : Brush_1
[2017.07.18-15.59.40:033][903]ArenaBattle:Warning: UABGameInstance::Init(93)  -- Component : BrushComponent0
[2017.07.18-15.59.40:033][903]ArenaBattle:Warning: UABGameInstance::Init(88) Actor : DefaultPhysicsVolume_0
[2017.07.18-15.59.40:033][903]ArenaBattle:Warning: UABGameInstance::Init(93)  -- Component : BrushComponent0
[2017.07.18-15.59.40:033][903]ArenaBattle:Warning: UABGameInstance::Init(88) Actor : InstancedFoliageActor_0
[2017.07.18-15.59.40:033][903]ArenaBattle:Warning: UABGameInstance::Init(93)  -- Component : RootComponent0
[2017.07.18-15.59.40:033][903]ArenaBattle:Warning: UABGameInstance::Init(88) Actor : Floor
[2017.07.18-15.59.40:034][903]ArenaBattle:Warning: UABGameInstance::Init(93)  -- Component : StaticMeshComponent0
[2017.07.18-15.59.40:034][903]ArenaBattle:Warning: UABGameInstance::Init(88) Actor : AtmosphericFog_1
[2017.07.18-15.59.40:034][903]ArenaBattle:Warning: UABGameInstance::Init(93)  -- Component : Sprite
[2017.07.18-15.59.40:034][903]ArenaBattle:Warning: UABGameInstance::Init(93)  -- Component : AtmosphericFogComponent0
[2017.07.18-15.59.40:034][903]ArenaBattle:Warning: UABGameInstance::Init(93)  -- Component : ArrowComponent0
[2017.07.18-15.59.40:034][903]ArenaBattle:Warning: UABGameInstance::Init(88) Actor : WorldSettings_1
[2017.07.18-15.59.40:034][903]ArenaBattle:Warning: UABGameInstance::Init(88) Actor : LightSource
[2017.07.18-15.59.40:034][903]ArenaBattle:Warning: UABGameInstance::Init(93)  -- Component : LightComponent0
[2017.07.18-15.59.40:034][903]ArenaBattle:Warning: UABGameInstance::Init(93)  -- Component : ArrowComponent0
[2017.07.18-15.59.40:034][903]ArenaBattle:Warning: UABGameInstance::Init(88) Actor : AbstractNavData-Default
[2017.07.18-15.59.40:034][903]ArenaBattle:Warning: UABGameInstance::Init(88) Actor : PlayerStart
[2017.07.18-15.59.40:034][903]ArenaBattle:Warning: UABGameInstance::Init(93)  -- Component : CollisionCapsule
[2017.07.18-15.59.40:035][903]ArenaBattle:Warning: UABGameInstance::Init(93)  -- Component : Sprite
[2017.07.18-15.59.40:035][903]ArenaBattle:Warning: UABGameInstance::Init(93)  -- Component : Sprite2
[2017.07.18-15.59.40:035][903]ArenaBattle:Warning: UABGameInstance::Init(93)  -- Component : Arrow
[2017.07.18-15.59.40:035][903]ArenaBattle:Warning: UABGameInstance::Init(88) Actor : SkySphere
[2017.07.18-15.59.40:035][903]ArenaBattle:Warning: UABGameInstance::Init(93)  -- Component : Sky Sphere mesh
[2017.07.18-15.59.40:035][903]ArenaBattle:Warning: UABGameInstance::Init(93)  -- Component : Base
[2017.07.18-15.59.40:035][903]ArenaBattle:Warning: UABGameInstance::Init(103) StaticMeshActor : Floor
[2017.07.18-15.59.40:035][903]ArenaBattle:Warning: UABGameInstance::Init(117) WebConnection Object Host : localhost
[2017.07.18-15.59.40:036][903]ArenaBattle:Warning: UABGameInstance::Init(117) WebConnection Object Host : localhost:8000
[2017.07.18-15.59.40:036][903]ArenaBattle:Warning: UABGameInstance::Init(117) WebConnection Object Host : 127.0.0.1
[2017.07.18-15.59.40:043][903]LogInit: XAudio2 using '스피커(Realtek High Definition Audio)' : 2 channels at 48 kHz using 32 bits per sample (channel mask 0x3)
[2017.07.18-15.59.40:079][903]LogInit: FAudioDevice initialized.
[2017.07.18-15.59.40:131][903]LogLoad: Game class is 'GameModeBase'
[2017.07.18-15.59.40:136][903]LogWorld: Bringing World /Game/UEDPIE_0_Base_Character.Base_Character up for play (max tick rate 60) at 2017.07.19-00.59.40
[2017.07.18-15.59.40:137][903]LogWorld: Bringing up level for play took: 0.003914
[2017.07.18-15.59.40:880][903]LogTexture:Display: 텍스처 빌드: T_CharM_Natural_N (AutoDXT, 2048X2048)
[2017.07.18-15.59.56:812][903]LogTexture:Display: 텍스처 빌드: T_CharM_Natural_D (DXT1, 2048X2048)
[2017.07.18-16.00.09:873][903]LogTexture:Display: 텍스처 빌드: T_CharM_Natural_Mask (AutoDXT, 2048X2048)
[2017.07.18-16.00.11:102][903]LogMaterial: Missing cached shader map for material M_Char_Natural, compiling. 
[2017.07.18-16.00.11:242][903]PIE: 정보 /Game/UEDPIE_0_Base_Character 에 대한 에디터에서 플레이 시작 시간: 31.657
[2017.07.18-16.00.48:242][130]LogSlate: Took 0.000485 seconds to synchronously load lazily loaded font '../../../Engine/Content/Slate/Fonts/Roboto-Light.ttf' (159K)
[2017.07.18-16.09.05:149][659]Cmd: OBJ SAVEPACKAGE PACKAGE="/Game/Base_Character" FILE="D:/UnrealStudy/ArenaBattle/Saved/Autosaves/Game/Base_Character_Auto1.umap" SILENT=true AUTOSAVING=true KEEPDIRTY=false
[2017.07.18-16.09.08:525][659]LogSavePackage: Save=83.36ms
[2017.07.18-16.09.08:525][659]LogSavePackage: Moving 'D:/UnrealStudy/ArenaBattle/Saved/Base_Character_Auto1C65B49514937890C7770B19FECDEA5C2.tmp' to 'D:/UnrealStudy/ArenaBattle/Saved/Autosaves/Game/Base_Character_Auto1.umap'
[2017.07.18-16.09.08:527][659]LogSavePackage:Display: Finished SavePackage D:/UnrealStudy/ArenaBattle/Saved/Autosaves/Game/Base_Character_Auto1.umap
[2017.07.18-16.09.08:538][659]LogSlate: Took 0.000352 seconds to synchronously load lazily loaded font '../../../Engine/Content/Slate/Fonts/Roboto-Regular.ttf' (155K)
[2017.07.18-16.09.08:543][659]LogFileHelpers: Editor autosave (incl. sublevels) for '/Game/Base_Character' took 3.443
[2017.07.18-16.09.08:543][659]LogFileHelpers: Editor autosave (incl. sublevels) for all levels took 3.443
[2017.07.18-16.26.10:351][532]Cmd: OBJ SAVEPACKAGE PACKAGE="/Game/Base_Character" FILE="D:/UnrealStudy/ArenaBattle/Content/Base_Character.umap" SILENT=true AUTOSAVING=false KEEPDIRTY=false
[2017.07.18-16.26.10:615][532]LogSavePackage: Save=136.76ms
[2017.07.18-16.26.10:615][532]LogSavePackage: Moving 'D:/UnrealStudy/ArenaBattle/Saved/Base_CharacterEB85F9624B5DB834342C80BA6F36EEAE.tmp' to 'D:/UnrealStudy/ArenaBattle/Content/Base_Character.umap'
[2017.07.18-16.26.10:682][532]LogSavePackage:Display: Finished SavePackage D:/UnrealStudy/ArenaBattle/Content/Base_Character.umap
[2017.07.18-16.26.14:121][585]Cmd: QUIT_EDITOR
[2017.07.18-16.26.14:530][585]LogWindowsTextInputMethodSystem:Display: IME system now activated using TSF (Microsoft 입력기).
[2017.07.18-16.26.14:603][585]LogExit: Preparing to exit.
[2017.07.18-16.26.16:340][585]LogExit: Editor shut down
[2017.07.18-16.26.16:521][585]LogExit: Transaction tracking system shut down
[2017.07.18-16.26.17:157][585]LogObj: Freed 0b from 0 cluster array pools.
[2017.07.18-16.26.17:158][585]LogExit: Object subsystem successfully closed.
[2017.07.18-16.26.17:289][585]LogD3D11RHI: Shutdown
[2017.07.18-16.26.17:289][585]LogD3D11RHI: CleanupD3DDevice
[2017.07.18-16.26.17:752][585]LogD3D11RHI: ~FD3D11DynamicRHI
[2017.07.18-16.26.17:907][585]LogModuleManager: Shutting down and abandoning module MovieSceneCapture (531)
[2017.07.18-16.26.17:907][585]LogModuleManager: Shutting down and abandoning module ArenaBattle (529)
[2017.07.18-16.26.17:907][585]LogModuleManager: Shutting down and abandoning module HierarchicalLODOutliner (528)
[2017.07.18-16.26.17:908][585]LogModuleManager: Shutting down and abandoning module CrashTracker (526)
[2017.07.18-16.26.17:908][585]LogModuleManager: Shutting down and abandoning module SceneOutliner (524)
[2017.07.18-16.26.17:908][585]LogModuleManager: Shutting down and abandoning module AddContentDialog (522)
[2017.07.18-16.26.17:909][585]LogDirectoryWatcher: A directory notification for 'C:/Program Files/Epic Games/UE_4.16/FeaturePacks/' was aborted.
[2017.07.18-16.26.17:929][585]LogModuleManager: Shutting down and abandoning module WidgetCarousel (521)
[2017.07.18-16.26.17:929][585]LogModuleManager: Shutting down and abandoning module EditorWidgets (518)
[2017.07.18-16.26.17:929][585]LogModuleManager: Shutting down and abandoning module CollectionManager (516)
[2017.07.18-16.26.17:929][585]LogDirectoryWatcher: A directory notification for 'D:/UnrealStudy/ArenaBattle/Content/Collections/' was aborted.
[2017.07.18-16.26.17:929][585]LogDirectoryWatcher: A directory notification for 'D:/UnrealStudy/ArenaBattle/Content/Developers/LEEJIU/Collections/' was aborted.
[2017.07.18-16.26.17:929][585]LogDirectoryWatcher: A directory notification for 'D:/UnrealStudy/ArenaBattle/Saved/Collections/' was aborted.
[2017.07.18-16.26.17:930][585]LogModuleManager: Shutting down and abandoning module StatsViewer (514)
[2017.07.18-16.26.17:930][585]LogModuleManager: Shutting down and abandoning module FoliageEdit (512)
[2017.07.18-16.26.17:930][585]LogModuleManager: Shutting down and abandoning module LandscapeEditor (510)
[2017.07.18-16.26.17:932][585]LogModuleManager: Shutting down and abandoning module MeshPaintMode (508)
[2017.07.18-16.26.17:932][585]LogModuleManager: Shutting down and abandoning module SceneDepthPickerMode (506)
[2017.07.18-16.26.17:932][585]LogModuleManager: Shutting down and abandoning module ActorPickerMode (504)
[2017.07.18-16.26.17:932][585]LogModuleManager: Shutting down and abandoning module GeometryMode (502)
[2017.07.18-16.26.17:932][585]LogModuleManager: Shutting down and abandoning module TextureAlignMode (500)
[2017.07.18-16.26.17:933][585]LogModuleManager: Shutting down and abandoning module BspMode (498)
[2017.07.18-16.26.17:933][585]LogModuleManager: Shutting down and abandoning module HardwareSurvey (496)
[2017.07.18-16.26.17:933][585]LogModuleManager: Shutting down and abandoning module SequenceRecorderSections (494)
[2017.07.18-16.26.17:934][585]LogModuleManager: Shutting down and abandoning module AutomationWorker (492)
[2017.07.18-16.26.17:934][585]LogModuleManager: Shutting down and abandoning module MatineeToLevelSequence (490)
[2017.07.18-16.26.17:935][585]LogModuleManager: Shutting down and abandoning module LevelSequenceEditor (488)
[2017.07.18-16.26.17:938][585]LogModuleManager: Shutting down and abandoning module PlacementMode (487)
[2017.07.18-16.26.17:939][585]LogModuleManager: Shutting down and abandoning module WmfMediaFactory (484)
[2017.07.18-16.26.17:939][585]LogModuleManager: Shutting down and abandoning module WmfMediaEditor (482)
[2017.07.18-16.26.17:939][585]LogModuleManager: Shutting down and abandoning module AvfMediaFactory (480)
[2017.07.18-16.26.17:939][585]LogModuleManager: Shutting down and abandoning module AvfMediaEditor (478)
[2017.07.18-16.26.17:939][585]LogModuleManager: Shutting down and abandoning module AndroidMediaFactory (476)
[2017.07.18-16.26.17:939][585]LogModuleManager: Shutting down and abandoning module Media (475)
[2017.07.18-16.26.17:939][585]LogModuleManager: Shutting down and abandoning module AndroidMediaEditor (472)
[2017.07.18-16.26.17:939][585]LogModuleManager: Shutting down and abandoning module CharacterAI (470)
[2017.07.18-16.26.17:939][585]LogModuleManager: Shutting down and abandoning module AudioCapture (468)
[2017.07.18-16.26.17:940][585]LogModuleManager: Shutting down and abandoning module SequenceRecorder (467)
[2017.07.18-16.26.17:940][585]LogModuleManager: Shutting down and abandoning module SmartSnapping (464)
[2017.07.18-16.26.17:940][585]LogModuleManager: Shutting down and abandoning module SessionServices (462)
[2017.07.18-16.26.17:941][585]LogModuleManager: Shutting down and abandoning module ViewportSnapping (460)
[2017.07.18-16.26.17:941][585]LogModuleManager: Shutting down and abandoning module ViewportInteraction (458)
[2017.07.18-16.26.17:941][585]LogModuleManager: Shutting down and abandoning module ClothPainter (456)
[2017.07.18-16.26.17:943][585]LogModuleManager: Shutting down and abandoning module LogVisualizer (454)
[2017.07.18-16.26.17:944][585]LogModuleManager: Shutting down and abandoning module IntroTutorials (452)
[2017.07.18-16.26.17:946][585]LogModuleManager: Shutting down and abandoning module GameProjectGeneration (451)
[2017.07.18-16.26.17:948][585]LogModuleManager: Shutting down and abandoning module EditorLiveStreaming (448)
[2017.07.18-16.26.17:948][585]LogModuleManager: Shutting down and abandoning module IOSPlatformEditor (446)
[2017.07.18-16.26.17:949][585]LogModuleManager: Shutting down and abandoning module HTML5PlatformEditor (444)
[2017.07.18-16.26.17:949][585]LogModuleManager: Shutting down and abandoning module AndroidPlatformEditor (442)
[2017.07.18-16.26.17:949][585]LogModuleManager: Shutting down and abandoning module AndroidDeviceDetection (441)
[2017.07.18-16.26.18:066][585]LogModuleManager: Shutting down and abandoning module IOSRuntimeSettings (438)
[2017.07.18-16.26.18:066][585]LogModuleManager: Shutting down and abandoning module AndroidRuntimeSettings (436)
[2017.07.18-16.26.18:066][585]LogModuleManager: Shutting down and abandoning module InputBindingEditor (434)
[2017.07.18-16.26.18:068][585]LogModuleManager: Shutting down and abandoning module MergeActors (432)
[2017.07.18-16.26.18:068][585]LogModuleManager: Shutting down and abandoning module SizeMap (430)
[2017.07.18-16.26.18:068][585]LogModuleManager: Shutting down and abandoning module TreeMap (428)
[2017.07.18-16.26.18:069][585]LogModuleManager: Shutting down and abandoning module ReferenceViewer (426)
[2017.07.18-16.26.18:069][585]LogModuleManager: Shutting down and abandoning module LocalizationDashboard (424)
[2017.07.18-16.26.18:071][585]LogModuleManager: Shutting down and abandoning module LocalizationService (423)
[2017.07.18-16.26.18:071][585]LogModuleManager: Shutting down and abandoning module HardwareTargeting (420)
[2017.07.18-16.26.18:071][585]LogModuleManager: Shutting down and abandoning module DeviceProfileEditor (418)
[2017.07.18-16.26.18:072][585]LogModuleManager: Shutting down and abandoning module UndoHistory (416)
[2017.07.18-16.26.18:073][585]LogModuleManager: Shutting down and abandoning module UserFeedback (414)
[2017.07.18-16.26.18:073][585]LogModuleManager: Shutting down and abandoning module XmlParser (412)
[2017.07.18-16.26.18:073][585]LogModuleManager: Shutting down and abandoning module Blutility (410)
[2017.07.18-16.26.18:074][585]LogModuleManager: Shutting down and abandoning module ProjectSettingsViewer (408)
[2017.07.18-16.26.18:074][585]LogModuleManager: Shutting down and abandoning module ProjectTargetPlatformEditor (407)
[2017.07.18-16.26.18:076][585]LogModuleManager: Shutting down and abandoning module EditorSettingsViewer (404)
[2017.07.18-16.26.18:076][585]LogModuleManager: Shutting down and abandoning module SettingsEditor (402)
[2017.07.18-16.26.18:077][585]LogModuleManager: Shutting down and abandoning module ProjectLauncher (400)
[2017.07.18-16.26.18:079][585]LogModuleManager: Shutting down and abandoning module SessionFrontend (398)
[2017.07.18-16.26.18:080][585]LogModuleManager: Shutting down and abandoning module ProfilerClient (396)
[2017.07.18-16.26.18:080][585]LogModuleManager: Shutting down and abandoning module DeviceManager (394)
[2017.07.18-16.26.18:082][585]LogModuleManager: Shutting down and abandoning module TargetDeviceServices (393)
[2017.07.18-16.26.18:136][585]LogModuleManager: Shutting down and abandoning module AutomationController (390)
[2017.07.18-16.26.18:137][585]LogModuleManager: Shutting down and abandoning module AutomationWindow (388)
[2017.07.18-16.26.18:138][585]LogModuleManager: Shutting down and abandoning module Layers (386)
[2017.07.18-16.26.18:140][585]LogModuleManager: Shutting down and abandoning module ComponentVisualizers (384)
[2017.07.18-16.26.18:140][585]LogModuleManager: Shutting down and abandoning module DetailCustomizations (382)
[2017.07.18-16.26.18:141][585]LogModuleManager: Shutting down and abandoning module PackagesDialog (380)
[2017.07.18-16.26.18:142][585]LogModuleManager: Shutting down and abandoning module Persona (378)
[2017.07.18-16.26.18:143][585]LogModuleManager: Shutting down and abandoning module AdvancedPreviewScene (377)
[2017.07.18-16.26.18:143][585]LogModuleManager: Shutting down and abandoning module AnimGraph (375)
[2017.07.18-16.26.18:144][585]LogModuleManager: Shutting down and abandoning module Kismet (372)
[2017.07.18-16.26.18:146][585]LogModuleManager: Shutting down and abandoning module ClassViewer (370)
[2017.07.18-16.26.18:146][585]LogModuleManager: Shutting down and abandoning module Toolbox (368)
[2017.07.18-16.26.18:146][585]LogModuleManager: Shutting down and abandoning module ModuleUI (366)
[2017.07.18-16.26.18:148][585]LogModuleManager: Shutting down and abandoning module MovieSceneTools (364)
[2017.07.18-16.26.18:150][585]LogModuleManager: Shutting down and abandoning module OutputLog (362)
[2017.07.18-16.26.18:150][585]LogModuleManager: Shutting down and abandoning module GammaUI (360)
[2017.07.18-16.26.18:151][585]LogModuleManager: Shutting down and abandoning module Documentation (358)
[2017.07.18-16.26.18:151][585]LogModuleManager: Shutting down and abandoning module MovieSceneTracks (356)
[2017.07.18-16.26.18:151][585]LogModuleManager: Shutting down and abandoning module MovieScene (354)
[2017.07.18-16.26.18:151][585]LogModuleManager: Shutting down and abandoning module Niagara (352)
[2017.07.18-16.26.18:151][585]LogModuleManager: Shutting down and abandoning module NiagaraEditor (351)
[2017.07.18-16.26.18:154][585]LogModuleManager: Shutting down and abandoning module StreamingPauseRendering (348)
[2017.07.18-16.26.18:154][585]LogModuleManager: Shutting down and abandoning module AnalyticsET (346)
[2017.07.18-16.26.18:154][585]LogModuleManager: Shutting down and abandoning module PortalServices (344)
[2017.07.18-16.26.18:155][585]LogModuleManager: Shutting down and abandoning module PortalRpc (342)
[2017.07.18-16.26.18:155][585]LogModuleManager: Shutting down and abandoning module MessagingRpc (340)
[2017.07.18-16.26.18:155][585]LogModuleManager: Shutting down and abandoning module AIModule (338)
[2017.07.18-16.26.18:155][585]LogModuleManager: Shutting down and abandoning module GameplayDebugger (337)
[2017.07.18-16.26.18:155][585]LogModuleManager: Shutting down and abandoning module AITestSuite (335)
[2017.07.18-16.26.18:156][585]LogModuleManager: Shutting down and abandoning module ProfilerService (332)
[2017.07.18-16.26.18:242][585]LogModuleManager: Shutting down and abandoning module TaskGraph (330)
[2017.07.18-16.26.18:244][585]LogModuleManager: Shutting down and abandoning module SteamVRController (328)
[2017.07.18-16.26.18:244][585]LogModuleManager: Shutting down and abandoning module SteamVR (326)
[2017.07.18-16.26.18:244][585]LogModuleManager: Shutting down and abandoning module ProceduralMeshComponentEditor (324)
[2017.07.18-16.26.18:244][585]LogModuleManager: Shutting down and abandoning module ProceduralMeshComponent (322)
[2017.07.18-16.26.18:245][585]LogModuleManager: Shutting down and abandoning module OculusLibrary (320)
[2017.07.18-16.26.18:245][585]LogModuleManager: Shutting down and abandoning module OculusInput (318)
[2017.07.18-16.26.18:245][585]LogModuleManager: Shutting down and abandoning module MobilePatchingUtils (316)
[2017.07.18-16.26.18:245][585]LogModuleManager: Shutting down and abandoning module CustomMeshComponent (314)
[2017.07.18-16.26.18:245][585]LogModuleManager: Shutting down and abandoning module CableComponent (312)
[2017.07.18-16.26.18:245][585]LogModuleManager: Shutting down and abandoning module ArchVisCharacter (310)
[2017.07.18-16.26.18:245][585]LogModuleManager: Shutting down and abandoning module AndroidPermission (308)
[2017.07.18-16.26.18:245][585]LogModuleManager: Shutting down and abandoning module MediaPlayerEditor (304)
[2017.07.18-16.26.18:249][585]LogModuleManager: Shutting down and abandoning module HTML5Networking (302)
[2017.07.18-16.26.18:249][585]LogModuleManager: Shutting down and abandoning module AlembicImporter (300)
[2017.07.18-16.26.18:250][585]LogModuleManager: Shutting down and abandoning module AlembicLibrary (299)
[2017.07.18-16.26.18:250][585]LogModuleManager: Shutting down and abandoning module GeometryCache (298)
[2017.07.18-16.26.18:250][585]LogModuleManager: Shutting down and abandoning module GeometryCacheEd (297)
[2017.07.18-16.26.18:250][585]LogModuleManager: Shutting down and abandoning module SuperSearchEditor (292)
[2017.07.18-16.26.18:250][585]LogModuleManager: Shutting down and abandoning module SuperSearch (291)
[2017.07.18-16.26.18:251][585]LogModuleManager: Shutting down and abandoning module SpeedTreeImporter (288)
[2017.07.18-16.26.18:251][585]LogModuleManager: Shutting down and abandoning module PluginBrowser (286)
[2017.07.18-16.26.18:253][585]LogModuleManager: Shutting down and abandoning module MobileLauncherProfileWizard (284)
[2017.07.18-16.26.18:254][585]LogModuleManager: Shutting down and abandoning module VisualStudioSourceCodeAccess (282)
[2017.07.18-16.26.18:255][585]LogModuleManager: Shutting down and abandoning module DesktopPlatform (281)
[2017.07.18-16.26.18:255][585]LogModuleManager: Shutting down and abandoning module UObjectPlugin (278)
[2017.07.18-16.26.18:255][585]LogModuleManager: Shutting down and abandoning module SubversionSourceControl (276)
[2017.07.18-16.26.18:256][585]LogModuleManager: Shutting down and abandoning module PerforceSourceControl (274)
[2017.07.18-16.26.18:258][585]LogModuleManager: Shutting down and abandoning module GitSourceControl (272)
[2017.07.18-16.26.18:259][585]LogModuleManager: Shutting down and abandoning module SourceControl (271)
[2017.07.18-16.26.18:259][585]LogModuleManager: Shutting down and abandoning module LightPropagationVolumeEditor (268)
[2017.07.18-16.26.18:259][585]LogModuleManager: Shutting down and abandoning module PaperTiledImporter (266)
[2017.07.18-16.26.18:259][585]LogModuleManager: Shutting down and abandoning module PaperSpriteSheetImporter (264)
[2017.07.18-16.26.18:259][585]LogModuleManager: Shutting down and abandoning module Paper2DEditor (262)
[2017.07.18-16.26.18:261][585]LogModuleManager: Shutting down and abandoning module MeshPaint (261)
[2017.07.18-16.26.18:261][585]LogModuleManager: Shutting down and abandoning module LevelEditor (259)
[2017.07.18-16.26.18:270][585]LogModuleManager: Shutting down and abandoning module PixelInspectorModule (258)
[2017.07.18-16.26.18:271][585]LogModuleManager: Shutting down and abandoning module MainFrame (256)
[2017.07.18-16.26.18:272][585]LogModuleManager: Shutting down and abandoning module HotReload (255)
[2017.07.18-16.26.18:272][585]LogDirectoryWatcher: A directory notification for 'D:/UnrealStudy/ArenaBattle/Binaries/Win64' was aborted.
[2017.07.18-16.26.18:273][585]LogModuleManager: Shutting down and abandoning module WebService (250)
[2017.07.18-16.26.18:273][585]LogModuleManager: Shutting down and abandoning module PhysXVehiclesEditor (246)
[2017.07.18-16.26.18:274][585]LogModuleManager: Shutting down and abandoning module PhysXVehicles (244)
[2017.07.18-16.26.18:274][585]LogModuleManager: Shutting down and abandoning module LocationServicesBPLibrary (242)
[2017.07.18-16.26.18:274][585]LogModuleManager: Shutting down and abandoning module ImmediatePhysicsEditor (240)
[2017.07.18-16.26.18:274][585]LogModuleManager: Shutting down and abandoning module ImmediatePhysics (238)
[2017.07.18-16.26.18:274][585]LogModuleManager: Shutting down and abandoning module UdpMessaging (236)
[2017.07.18-16.26.18:375][585]LogModuleManager: Shutting down and abandoning module TcpMessaging (234)
[2017.07.18-16.26.18:475][585]LogModuleManager: Shutting down and abandoning module GameplayTagsEditor (232)
[2017.07.18-16.26.18:477][585]LogModuleManager: Shutting down and abandoning module FacialAnimationEditor (230)
[2017.07.18-16.26.18:478][585]LogModuleManager: Shutting down and abandoning module FacialAnimation (228)
[2017.07.18-16.26.18:478][585]LogModuleManager: Shutting down and abandoning module AssetManagerEditor (226)
[2017.07.18-16.26.18:479][585]LogModuleManager: Shutting down and abandoning module GraphEditor (225)
[2017.07.18-16.26.18:483][585]LogModuleManager: Shutting down and abandoning module ContentBrowser (223)
[2017.07.18-16.26.18:485][585]LogModuleManager: Shutting down and abandoning module LightPropagationVolumeRuntime (220)
[2017.07.18-16.26.18:485][585]LogModuleManager: Shutting down and abandoning module Paper2D (218)
[2017.07.18-16.26.18:486][585]LogModuleManager: Shutting down and abandoning module WindowsMoviePlayer (216)
[2017.07.18-16.26.18:486][585]LogModuleManager: Shutting down and abandoning module WmfMedia (214)
[2017.07.18-16.26.18:487][585]LogModuleManager: Shutting down and abandoning module ClothingSystemEditor (212)
[2017.07.18-16.26.18:487][585]LogModuleManager: Shutting down and abandoning module ClothingSystemRuntime (210)
[2017.07.18-16.26.18:489][585]LogModuleManager: Shutting down and abandoning module MediaAssets (208)
[2017.07.18-16.26.18:489][585]LogModuleManager: Shutting down and abandoning module GameLiveStreaming (206)
[2017.07.18-16.26.18:489][585]LogModuleManager: Shutting down and abandoning module VREditor (204)
[2017.07.18-16.26.18:490][585]LogModuleManager: Shutting down and abandoning module StringTableEditor (202)
[2017.07.18-16.26.18:491][585]LogModuleManager: Shutting down and abandoning module GameplayTasksEditor (200)
[2017.07.18-16.26.18:491][585]LogModuleManager: Shutting down and abandoning module BehaviorTreeEditor (198)
[2017.07.18-16.26.18:494][585]LogModuleManager: Shutting down and abandoning module FunctionalTesting (196)
[2017.07.18-16.26.18:494][585]LogModuleManager: Shutting down and abandoning module CollisionAnalyzer (194)
[2017.07.18-16.26.18:496][585]LogModuleManager: Shutting down and abandoning module UMG (192)
[2017.07.18-16.26.18:496][585]LogModuleManager: Shutting down and abandoning module UMGEditor (191)
[2017.07.18-16.26.18:499][585]LogModuleManager: Shutting down and abandoning module Sequencer (190)
[2017.07.18-16.26.18:501][585]LogModuleManager: Shutting down and abandoning module AssetTools (188)
[2017.07.18-16.26.18:507][585]LogModuleManager: Shutting down and abandoning module MessageLog (187)
[2017.07.18-16.26.18:507][585]LogModuleManager: Shutting down and abandoning module WorkspaceMenuStructure (186)
[2017.07.18-16.26.18:507][585]LogModuleManager: Shutting down and abandoning module SlateReflector (180)
[2017.07.18-16.26.18:510][585]LogModuleManager: Shutting down and abandoning module Slate (178)
[2017.07.18-16.26.18:510][585]LogModuleManager: Shutting down and abandoning module EditorStyle (176)
[2017.07.18-16.26.18:522][585]LogModuleManager: Shutting down and abandoning module SourceCodeAccess (174)
[2017.07.18-16.26.18:522][585]LogModuleManager: Shutting down and abandoning module HeadMountedDisplay (172)
[2017.07.18-16.26.18:522][585]LogModuleManager: Shutting down and abandoning module XAudio2 (170)
[2017.07.18-16.26.18:522][585]LogModuleManager: Shutting down and abandoning module Networking (168)
[2017.07.18-16.26.18:522][585]LogModuleManager: Shutting down and abandoning module Core (164)
[2017.07.18-16.26.18:522][585]LogModuleManager: Shutting down and abandoning module AssetRegistry (162)
[2017.07.18-16.26.18:926][585]LogDirectoryWatcher: A directory notification for '../../../Engine/Content/' was aborted.
[2017.07.18-16.26.18:926][585]LogDirectoryWatcher: A directory notification for 'D:/UnrealStudy/ArenaBattle/Content/' was aborted.
[2017.07.18-16.26.18:926][585]LogDirectoryWatcher: A directory notification for '../../../Engine/Plugins/2D/Paper2D/Content/' was aborted.
[2017.07.18-16.26.18:926][585]LogDirectoryWatcher: A directory notification for '../../../Engine/Plugins/Runtime/GearVR/Content/' was aborted.
[2017.07.18-16.26.18:947][585]LogModuleManager: Shutting down and abandoning module DirectoryWatcher (161)
[2017.07.18-16.26.18:958][585]LogModuleManager: Shutting down and abandoning module KismetCompiler (158)
[2017.07.18-16.26.18:958][585]LogModuleManager: Shutting down and abandoning module LevelSequence (156)
[2017.07.18-16.26.18:958][585]LogModuleManager: Shutting down and abandoning module PhysXFormats (154)
[2017.07.18-16.26.18:958][585]LogModuleManager: Shutting down and abandoning module MeshUtilities (152)
[2017.07.18-16.26.18:960][585]LogModuleManager: Shutting down and abandoning module SimplygonSwarm (151)
[2017.07.18-16.26.18:961][585]LogModuleManager: Shutting down and abandoning module SimplygonMeshReduction (149)
[2017.07.18-16.26.18:961][585]LogModuleManager: Shutting down and abandoning module QuadricMeshReduction (147)
[2017.07.18-16.26.18:962][585]LogModuleManager: Shutting down and abandoning module DerivedDataCache (144)
[2017.07.18-16.26.18:987][585]LogDerivedDataCache: Shutdown
[2017.07.18-16.26.18:987][585]LogModuleManager: Shutting down and abandoning module TargetPlatform (142)
[2017.07.18-16.26.18:988][585]LogModuleManager: Shutting down and abandoning module VulkanShaderFormat (141)
[2017.07.18-16.26.18:989][585]LogModuleManager: Shutting down and abandoning module ShaderFormatVectorVM (139)
[2017.07.18-16.26.18:989][585]LogModuleManager: Shutting down and abandoning module ShaderFormatOpenGL (137)
[2017.07.18-16.26.18:990][585]LogModuleManager: Shutting down and abandoning module ShaderFormatD3D (135)
[2017.07.18-16.26.18:990][585]LogModuleManager: Shutting down and abandoning module MetalShaderFormat (133)
[2017.07.18-16.26.18:991][585]LogModuleManager: Shutting down and abandoning module TextureFormatUncompressed (131)
[2017.07.18-16.26.18:991][585]LogModuleManager: Shutting down and abandoning module TextureFormatPVR (129)
[2017.07.18-16.26.18:991][585]LogModuleManager: Shutting down and abandoning module TextureFormatDXT (127)
[2017.07.18-16.26.18:991][585]LogModuleManager: Shutting down and abandoning module TextureFormatIntelISPCTexComp (125)
[2017.07.18-16.26.18:992][585]LogModuleManager: Shutting down and abandoning module TextureFormatASTC (123)
[2017.07.18-16.26.18:992][585]LogModuleManager: Shutting down and abandoning module ImageWrapper (122)
[2017.07.18-16.26.18:992][585]LogModuleManager: Shutting down and abandoning module TextureFormatAndroid (119)
[2017.07.18-16.26.18:992][585]LogModuleManager: Shutting down and abandoning module AudioFormatOpus (117)
[2017.07.18-16.26.18:992][585]LogModuleManager: Shutting down and abandoning module AudioFormatOgg (115)
[2017.07.18-16.26.18:992][585]LogModuleManager: Shutting down and abandoning module AudioFormatADPCM (113)
[2017.07.18-16.26.18:992][585]LogModuleManager: Shutting down and abandoning module LinuxTargetPlatform (111)
[2017.07.18-16.26.18:992][585]LogModuleManager: Shutting down and abandoning module LinuxServerTargetPlatform (109)
[2017.07.18-16.26.18:992][585]LogModuleManager: Shutting down and abandoning module LinuxNoEditorTargetPlatform (107)
[2017.07.18-16.26.18:992][585]LogModuleManager: Shutting down and abandoning module LinuxClientTargetPlatform (105)
[2017.07.18-16.26.18:992][585]LogModuleManager: Shutting down and abandoning module TVOSTargetPlatform (103)
[2017.07.18-16.26.18:992][585]LogModuleManager: Shutting down and abandoning module Messaging (101)
[2017.07.18-16.26.18:992][585]LogModuleManager: Shutting down and abandoning module IOSTargetPlatform (99)
[2017.07.18-16.26.18:992][585]LogModuleManager: Shutting down and abandoning module HTML5TargetPlatform (97)
[2017.07.18-16.26.18:992][585]LogModuleManager: Shutting down and abandoning module Android_PVRTCTargetPlatform (95)
[2017.07.18-16.26.18:993][585]LogModuleManager: Shutting down and abandoning module Android_MultiTargetPlatform (93)
[2017.07.18-16.26.18:993][585]LogModuleManager: Shutting down and abandoning module Android_ETC2TargetPlatform (91)
[2017.07.18-16.26.18:993][585]LogModuleManager: Shutting down and abandoning module Android_ETC1TargetPlatform (89)
[2017.07.18-16.26.18:993][585]LogModuleManager: Shutting down and abandoning module Android_DXTTargetPlatform (87)
[2017.07.18-16.26.18:993][585]LogModuleManager: Shutting down and abandoning module Android_ATCTargetPlatform (85)
[2017.07.18-16.26.18:993][585]LogModuleManager: Shutting down and abandoning module Android_ASTCTargetPlatform (83)
[2017.07.18-16.26.18:993][585]LogModuleManager: Shutting down and abandoning module AndroidTargetPlatform (81)
[2017.07.18-16.26.18:993][585]LogModuleManager: Shutting down and abandoning module WindowsTargetPlatform (79)
[2017.07.18-16.26.18:993][585]LogModuleManager: Shutting down and abandoning module WindowsServerTargetPlatform (77)
[2017.07.18-16.26.18:993][585]LogModuleManager: Shutting down and abandoning module WindowsNoEditorTargetPlatform (75)
[2017.07.18-16.26.18:993][585]LogModuleManager: Shutting down and abandoning module WindowsClientTargetPlatform (73)
[2017.07.18-16.26.18:993][585]LogModuleManager: Shutting down and abandoning module MacTargetPlatform (71)
[2017.07.18-16.26.18:994][585]LogModuleManager: Shutting down and abandoning module MacServerTargetPlatform (69)
[2017.07.18-16.26.18:994][585]LogModuleManager: Shutting down and abandoning module MacNoEditorTargetPlatform (67)
[2017.07.18-16.26.18:994][585]LogModuleManager: Shutting down and abandoning module MacClientTargetPlatform (65)
[2017.07.18-16.26.18:994][585]LogModuleManager: Shutting down and abandoning module AllDesktopTargetPlatform (63)
[2017.07.18-16.26.18:994][585]LogModuleManager: Shutting down and abandoning module InputCore (60)
[2017.07.18-16.26.18:994][585]LogModuleManager: Shutting down and abandoning module Settings (58)
[2017.07.18-16.26.18:994][585]LogModuleManager: Shutting down and abandoning module OculusRift (56)
[2017.07.18-16.26.18:994][585]LogModuleManager: Shutting down and abandoning module GearVRController (54)
[2017.07.18-16.26.18:994][585]LogModuleManager: Shutting down and abandoning module GearVR (52)
[2017.07.18-16.26.18:995][585]LogModuleManager: Shutting down and abandoning module ExampleDeviceProfileSelector (50)
[2017.07.18-16.26.18:995][585]LogModuleManager: Shutting down and abandoning module OnlineBlueprintSupport (48)
[2017.07.18-16.26.18:995][585]LogModuleManager: Shutting down and abandoning module OnlineSubsystem (44)
[2017.07.18-16.26.18:995][585]LogOnline:Display: Unloading online subsystem: NULL
[2017.07.18-16.26.18:997][585]LogModuleManager: Shutting down and abandoning module XMPP (43)
[2017.07.18-16.26.19:000][585]LogModuleManager: Shutting down and abandoning module HTTP (41)
[2017.07.18-16.26.19:000][585]LogHttp:Display: Http module shutting down, but needs to wait on 1 outstanding Http requests:
[2017.07.18-16.26.19:000][585]LogHttp:Display: 	verb=[POST] url=[https://datarouter.ol.epicgames.com/datarouter/api/v1/public/data?SessionID=%7B37226CB0-4CB0-29A6-70C8-DFACEE5E7DB1%7D&AppID=UEEditor.Rocket.Release&AppVersion=4.16.2-3514769%2B%2B%2BUE4%2BRelease-4.16&UserID=6309f6d84a95ae2fd4720a8936598cbb%7C47c8acbb412c4c59ac4a2cbb28f674b9%7Cc22bf75b-b27c-4543-aa8c-1a82ec03a7f1&AppEnvironment=datacollector-binary&UploadType=eteventstream] status=Processing
[2017.07.18-16.26.19:013][585]LogModuleManager: Shutting down and abandoning module SSL (40)
[2017.07.18-16.26.19:022][585]LogModuleManager: Shutting down and abandoning module HTTPChunkInstaller (36)
[2017.07.18-16.26.19:025][585]LogModuleManager: Shutting down and abandoning module AnimationModifiers (34)
[2017.07.18-16.26.19:026][585]LogModuleManager: Shutting down and abandoning module PropertyEditor (33)
[2017.07.18-16.26.19:026][585]LogModuleManager: Shutting down and abandoning module AudioEditor (30)
[2017.07.18-16.26.19:028][585]LogModuleManager: Shutting down and abandoning module TextureCompressor (28)
[2017.07.18-16.26.19:029][585]LogModuleManager: Shutting down and abandoning module ShaderCore (26)
[2017.07.18-16.26.19:029][585]LogModuleManager: Shutting down and abandoning module Landscape (24)
[2017.07.18-16.26.19:029][585]LogModuleManager: Shutting down and abandoning module SlateRHIRenderer (22)
[2017.07.18-16.26.19:072][585]LogModuleManager: Shutting down and abandoning module OpenGLDrv (20)
[2017.07.18-16.26.19:074][585]LogModuleManager: Shutting down and abandoning module D3D11RHI (18)
[2017.07.18-16.26.19:074][585]LogModuleManager: Shutting down and abandoning module AnimGraphRuntime (16)
[2017.07.18-16.26.19:074][585]LogModuleManager: Shutting down and abandoning module Renderer (14)
[2017.07.18-16.26.19:074][585]LogModuleManager: Shutting down and abandoning module Engine (12)
[2017.07.18-16.26.19:074][585]LogModuleManager: Shutting down and abandoning module CoreUObject (10)
[2017.07.18-16.26.19:074][585]LogModuleManager: Shutting down and abandoning module NetworkFile (8)
[2017.07.18-16.26.19:074][585]LogModuleManager: Shutting down and abandoning module StreamingFile (6)
[2017.07.18-16.26.19:074][585]LogModuleManager: Shutting down and abandoning module SandboxFile (4)
[2017.07.18-16.26.19:074][585]LogModuleManager: Shutting down and abandoning module PakFile (2)
[2017.07.18-16.26.19:077][585]LogExit: Exiting.
[2017.07.18-16.26.19:138][585]Log file closed, 07/19/17 01:26:19
