Log file open, 07/18/17 21:55:29
LogInit:Display: Running engine for game: ArenaBattle
LogPlatformFile: Not using cached read wrapper
LogInit:Display: RandInit(1371054526) SRandInit(1371054526).
LogTaskGraph: Started task graph with 5 named threads and 6 total threads with 1 sets of task threads.
LogStats: Stats thread started at 0.082886
LogInit:Warning: Incompatible or missing module: UE4Editor-ArenaBattle.dll
LogInit:Warning: Incompatible or missing module: UE4Editor-WebService.dll
Running C:/Program Files/Epic Games/UE_4.16/Engine/Binaries/DotNET/UnrealBuildTool.exe ArenaBattle Development Win64 -project="D:/UnrealStudy/ArenaBattle/ArenaBattle.uproject" -editorrecompile -progress -NoHotReloadFromIDE
Creating makefile for ArenaBattle (no existing makefile)
Performing full C++ include scan (no include cache file)
@progress push 5%
Parsing headers for ArenaBattleEditor
  Running UnrealHeaderTool "D:\UnrealStudy\ArenaBattle\ArenaBattle.uproject" "D:\UnrealStudy\ArenaBattle\Intermediate\Build\Win64\ArenaBattleEditor\Development\ArenaBattleEditor.uhtmanifest" -LogCmds="loginit warning, logexit warning, logdatabase error" -Unattended -WarningsAsErrors -installed
Reflection code generated for ArenaBattleEditor in 12.5826848 seconds
@progress pop
Performing 16 actions (2 in parallel)
[2/16] Resource ModuleVersionResource.rc.inl
SharedPCH.Engine.cpp
[3/16] Resource PCLaunch.rc
[4/16] Resource PCLaunch.rc
WebService.cpp
WebConnection.cpp
WebService.generated.cpp
ABGameInstance.cpp
ABPawn.cpp
ArenaBattle.cpp
Weapon.cpp
ArenaBattle.generated.cpp
[13/16] Link UE4Editor-WebService.lib
   D:\UnrealStudy\ArenaBattle\Intermediate\Build\Win64\UE4Editor\Development\UE4Editor-WebService.lib ???̺귯?? ?? D:\UnrealStudy\ArenaBattle\Intermediate\Build\Win64\UE4Editor\Development\UE4Editor-WebService.exp ??ü?? ?????ϰ? ?ֽ??ϴ?.
[14/16] Link UE4Editor-WebService.dll
   D:\UnrealStudy\ArenaBattle\Intermediate\Build\Win64\UE4Editor\Development\UE4Editor-WebService.suppressed.lib ???̺귯?? ?? D:\UnrealStudy\ArenaBattle\Intermediate\Build\Win64\UE4Editor\Development\UE4Editor-WebService.suppressed.exp ??ü?? ?????ϰ? ?ֽ??ϴ?.
[15/16] Link UE4Editor-ArenaBattle.dll
   D:\UnrealStudy\ArenaBattle\Intermediate\Build\Win64\UE4Editor\Development\UE4Editor-ArenaBattle.suppressed.lib ???̺귯?? ?? D:\UnrealStudy\ArenaBattle\Intermediate\Build\Win64\UE4Editor\Development\UE4Editor-ArenaBattle.suppressed.exp ??ü?? ?????ϰ? ?ֽ??ϴ?.
[16/16] Link UE4Editor-ArenaBattle.lib
   D:\UnrealStudy\ArenaBattle\Intermediate\Build\Win64\UE4Editor\Development\UE4Editor-ArenaBattle.lib ???̺귯?? ?? D:\UnrealStudy\ArenaBattle\Intermediate\Build\Win64\UE4Editor\Development\UE4Editor-ArenaBattle.exp ??ü?? ?????ϰ? ?ֽ??ϴ?.
Total build time: 39.80 seconds (Local executor: 17.19 seconds)
LogInit: Using libcurl 7.47.1
LogInit:  - built for x86_64-pc-win32
LogInit:  - supports SSL with OpenSSL/1.0.2g
LogInit:  - supports HTTP deflate (compression) using libz 1.2.8
LogInit:  - other features:
LogInit:      CURL_VERSION_SSL
LogInit:      CURL_VERSION_LIBZ
LogInit:      CURL_VERSION_IPV6
LogInit:      CURL_VERSION_ASYNCHDNS
LogInit:      CURL_VERSION_LARGEFILE
LogInit:      CURL_VERSION_IDN
LogInit:  CurlRequestOptions (configurable via config and command line):
LogInit:  - bVerifyPeer = false  - Libcurl will NOT verify peer certificate
LogInit:  - bUseHttpProxy = false  - Libcurl will NOT use HTTP proxy
LogInit:  - bDontReuseConnections = false  - Libcurl will reuse connections
LogInit:  - CertBundlePath = nullptr  - Libcurl will use whatever was configured at build time.
LogInit: Build: ++UE4+Release-4.16-CL-3514769
LogInit: Engine Version: 4.16.2-3514769+++UE4+Release-4.16
LogInit: Compatible Engine Version: 4.16.0-3452394+++UE4+Release-4.16
LogInit: Net CL: 3452394
LogDevObjectVersion: Number of dev versions registered: 16
LogDevObjectVersion:   Dev-Blueprints (B0D832E4-1F89-4F0D-ACCF-7EB736FD4AA2): 9
LogDevObjectVersion:   Dev-Build (E1C64328-A22C-4D53-A36C-8E866417BD8C): 0
LogDevObjectVersion:   Dev-Core (375EC13C-06E4-48FB-B500-84F0262A717E): 2
LogDevObjectVersion:   Dev-Editor (E4B068ED-F494-42E9-A231-DA0B2E46BB41): 17
LogDevObjectVersion:   Dev-Framework (CFFC743F-43B0-4480-9391-14DF171D2073): 23
LogDevObjectVersion:   Dev-Mobile (B02B49B5-BB20-44E9-A304-32B752E40360): 0
LogDevObjectVersion:   Dev-Networking (A4E4105C-59A1-49B5-A7C5-40C4547EDFEE): 0
LogDevObjectVersion:   Dev-Online (39C831C9-5AE6-47DC-9A44-9C173E1C8E7C): 0
LogDevObjectVersion:   Dev-Physics (78F01B33-EBEA-4F98-B9B4-84EACCB95AA2): 0
LogDevObjectVersion:   Dev-Platform (6631380F-2D4D-43E0-8009-CF276956A95A): 0
LogDevObjectVersion:   Dev-Rendering (12F88B9F-8875-4AFC-A67C-D90C383ABD29): 15
LogDevObjectVersion:   Dev-Sequencer (7B5AE74C-D270-4C10-A958-57980B212A5A): 4
LogDevObjectVersion:   Dev-VR (D7296918-1DD6-4BDD-9DE2-64A83CC13884): 0
LogDevObjectVersion:   Dev-LoadTimes (C2A15278-BFE7-4AFE-6C17-90FF531DF755): 1
LogDevObjectVersion:   Private-Geometry (6EACA3D4-40EC-4CC1-B786-8BED09428FC5): 1
LogDevObjectVersion:   Dev-AnimPhys (29E575DD-E0A3-4627-9D10-D276232CDCEA): 3
LogInit: Compiled (64-bit): Jun 29 2017 02:03:24
LogInit: Compiled with Visual C++: 19.00.24215.01
LogInit: Build Configuration: Development
LogInit: Branch Name: ++UE4+Release-4.16
LogInit: Command line:  
LogInit: Base directory: C:/Program Files/Epic Games/UE_4.16/Engine/Binaries/Win64/
LogInit: Installed Engine Build: 1
LogInit: Presizing for max 8388607 objects, including 0 objects not considered by GC, pre-allocating 0 bytes for permanent pool.
LogInit: Object subsystem initialized
[2017.07.18-12.56.13:554][  0]LogInit: Selected Device Profile: [Windows]
[2017.07.18-12.56.13:554][  0]LogInit: Applying CVar settings loaded from the selected device profile: [Windows]
[2017.07.18-12.56.13:587][  0]LogInit: Computer: LEEJIU
[2017.07.18-12.56.13:587][  0]LogInit: User: LEEJIU
[2017.07.18-12.56.13:587][  0]LogInit: CPU Page size=4096, Cores=2
[2017.07.18-12.56.13:587][  0]LogInit: High frequency timer resolution =2.435862 MHz
[2017.07.18-12.56.13:587][  0]LogMemory: Memory total: Physical=7.9GB (8GB approx)
[2017.07.18-12.56.13:587][  0]LogMemory: Platform Memory Stats for Windows
[2017.07.18-12.56.13:587][  0]LogMemory: Process Physical Memory: 278.21 MB used, 278.21 MB peak
[2017.07.18-12.56.13:587][  0]LogMemory: Process Virtual Memory: 259.11 MB used, 259.11 MB peak
[2017.07.18-12.56.13:587][  0]LogMemory: Physical Memory: 2765.41 MB used,  5333.99 MB free, 8099.39 MB total
[2017.07.18-12.56.13:587][  0]LogMemory: Virtual Memory: 686.33 MB used,  5333.99 MB free, 134217728.00 MB total
[2017.07.18-12.56.13:692][  0]LogInit: Using OS detected language (ko-KR).
[2017.07.18-12.56.13:692][  0]LogInit: Using OS detected locale (ko-KR).
[2017.07.18-12.56.13:695][  0]LogTextLocalizationManager: No specific localization for 'ko-KR' exists, so the 'ko' localization will be used.
[2017.07.18-12.56.14:857][  0]LogD3D11RHI: D3D11 adapters:
[2017.07.18-12.56.15:720][  0]LogD3D11RHI:    0. 'Intel(R) HD Graphics 3000' (Feature Level 11_0)
[2017.07.18-12.56.15:721][  0]LogD3D11RHI:       32/0/1632 MB DedicatedVideo/DedicatedSystem/SharedSystem, Outputs:2, VendorId:0x8086
[2017.07.18-12.56.15:776][  0]LogD3D11RHI:    1. 'NVIDIA GeForce GT 635M' (Feature Level 11_0)
[2017.07.18-12.56.15:776][  0]LogD3D11RHI:       2000/0/4049 MB DedicatedVideo/DedicatedSystem/SharedSystem, Outputs:0, VendorId:0x10de
[2017.07.18-12.56.15:780][  0]LogD3D11RHI:    2. 'Microsoft Basic Render Driver' (Feature Level 11_0)
[2017.07.18-12.56.15:780][  0]LogD3D11RHI:       0/0/4049 MB DedicatedVideo/DedicatedSystem/SharedSystem, Outputs:0, VendorId:0x1414
[2017.07.18-12.56.15:780][  0]LogD3D11RHI: Chosen D3D11 Adapter: 1
[2017.07.18-12.56.15:788][  0]LogD3D11RHI: Creating new Direct3DDevice
[2017.07.18-12.56.15:788][  0]LogD3D11RHI:     GPU DeviceId: 0x124d (for the marketing name, search the web for "GPU Device Id")
[2017.07.18-12.56.15:788][  0]LogWindows: EnumDisplayDevices:
[2017.07.18-12.56.15:789][  0]LogWindows:    0. 'Intel(R) HD Graphics 3000' (P:1 D:1)
[2017.07.18-12.56.15:789][  0]LogWindows:    1. 'Intel(R) HD Graphics 3000' (P:0 D:1)
[2017.07.18-12.56.15:789][  0]LogWindows:    2. 'NVIDIA GeForce GT 635M' (P:0 D:0)
[2017.07.18-12.56.15:789][  0]LogWindows: DebugString: PrimaryIsNotTheChoosenAdapter PrimaryIsNotTheChoosenAdapter 
[2017.07.18-12.56.15:789][  0]LogD3D11RHI:     Adapter Name: NVIDIA GeForce GT 635M
[2017.07.18-12.56.15:789][  0]LogD3D11RHI:   Driver Version: 382.05 (internal:22.21.13.8205, unified:382.05)
[2017.07.18-12.56.15:789][  0]LogD3D11RHI:      Driver Date: 5-1-2017
[2017.07.18-12.56.15:789][  0]LogRHI: Texture pool is 1361 MB (70% of 1945 MB)
[2017.07.18-12.56.15:833][  0]LogD3D11RHI:Display: Timestamp queries are currently disabled on this hardware due to instability. Realtime GPU stats will not be available. You can override this behaviour by setting r.NVIDIATimestampWorkaround to 0
[2017.07.18-12.56.15:834][  0]LogD3D11RHI: Async texture creation enabled
[2017.07.18-12.56.15:846][  0]LogD3D11RHI: GPU Timing Frequency: 1000.000000 (Debug: 2 1)
[2017.07.18-12.56.15:847][  0]LogShaderCompilers: Guid format shader working directory is 20 characters bigger than the processId version (D:/UnrealStudy/ArenaBattle/Intermediate/Shaders/WorkingDirectory/11076/).
[2017.07.18-12.56.15:847][  0]LogShaderCompilers: Cleaned the shader compiler working directory 'C:/Users/LEEJIU/AppData/Local/Temp/UnrealShaderWorkingDir/855D98C0427BCF21A20696A696909DD4/'.
[2017.07.18-12.56.15:847][  0]LogShaderCompilers:Display: Using Local Shader Compiler.
[2017.07.18-12.56.17:604][  0]LogTemp:Display: Loaded TP AllDesktopTargetPlatform
[2017.07.18-12.56.17:698][  0]LogTemp:Display: Loaded TP MacClientTargetPlatform
[2017.07.18-12.56.17:777][  0]LogTemp:Display: Loaded TP MacNoEditorTargetPlatform
[2017.07.18-12.56.17:862][  0]LogTemp:Display: Loaded TP MacServerTargetPlatform
[2017.07.18-12.56.17:943][  0]LogTemp:Display: Loaded TP MacTargetPlatform
[2017.07.18-12.56.18:031][  0]LogTemp:Display: Loaded TP WindowsClientTargetPlatform
[2017.07.18-12.56.18:120][  0]LogTemp:Display: Loaded TP WindowsNoEditorTargetPlatform
[2017.07.18-12.56.18:210][  0]LogTemp:Display: Loaded TP WindowsServerTargetPlatform
[2017.07.18-12.56.18:286][  0]LogTemp:Display: Loaded TP WindowsTargetPlatform
[2017.07.18-12.56.18:374][  0]LogTemp:Display: Loaded TP AndroidTargetPlatform
[2017.07.18-12.56.18:480][  0]LogTemp:Display: Loaded TP Android_ASTCTargetPlatform
[2017.07.18-12.56.18:577][  0]LogTemp:Display: Loaded TP Android_ATCTargetPlatform
[2017.07.18-12.56.18:655][  0]LogTemp:Display: Loaded TP Android_DXTTargetPlatform
[2017.07.18-12.56.18:739][  0]LogTemp:Display: Loaded TP Android_ETC1TargetPlatform
[2017.07.18-12.56.18:818][  0]LogTemp:Display: Loaded TP Android_ETC2TargetPlatform
[2017.07.18-12.56.18:997][  0]LogTemp:Display: Loaded TP Android_MultiTargetPlatform
[2017.07.18-12.56.18:997][  0]LogTemp:Display: Loaded TP Android_PVRTCTargetPlatform
[2017.07.18-12.56.19:067][  0]LogTemp:Display: Loaded TP HTML5TargetPlatform
[2017.07.18-12.56.19:214][  0]LogTemp:Display: Loaded TP IOSTargetPlatform
[2017.07.18-12.56.19:270][  0]LogTemp:Display: Loaded TP TVOSTargetPlatform
[2017.07.18-12.56.19:377][  0]LogTemp:Display: Loaded TP LinuxClientTargetPlatform
[2017.07.18-12.56.19:482][  0]LogTemp:Display: Loaded TP LinuxNoEditorTargetPlatform
[2017.07.18-12.56.19:581][  0]LogTemp:Display: Loaded TP LinuxServerTargetPlatform
[2017.07.18-12.56.19:686][  0]LogTemp:Display: Loaded TP LinuxTargetPlatform
[2017.07.18-12.56.19:686][  0]LogTargetPlatformManager:Display: Building Assets For Windows
[2017.07.18-12.56.20:705][  0]LogDerivedDataCache:Display: Max Cache Size: 512 MB
[2017.07.18-12.56.20:849][  0]LogDerivedDataCache: Loaded boot cache 0.14s 96MB C:/Users/LEEJIU/AppData/Local/UnrealEngine/4.16/DerivedDataCache/Boot.ddc.
[2017.07.18-12.56.20:849][  0]LogDerivedDataCache:Display: Loaded Boot cache: C:/Users/LEEJIU/AppData/Local/UnrealEngine/4.16/DerivedDataCache/Boot.ddc
[2017.07.18-12.56.20:849][  0]LogDerivedDataCache: FDerivedDataBackendGraph:  Pak pak cache file D:/UnrealStudy/ArenaBattle/DerivedDataCache/DDC.ddp not found, will not use a pak cache.
[2017.07.18-12.56.20:849][  0]LogDerivedDataCache: Unable to find inner node Pak for hierarchical cache Hierarchy.
[2017.07.18-12.56.20:850][  0]LogDerivedDataCache: FDerivedDataBackendGraph:  CompressedPak pak cache file D:/UnrealStudy/ArenaBattle/DerivedDataCache/Compressed.ddp not found, will not use a pak cache.
[2017.07.18-12.56.20:850][  0]LogDerivedDataCache: Unable to find inner node CompressedPak for hierarchical cache Hierarchy.
[2017.07.18-12.56.20:886][  0]LogDerivedDataCache:Display: Pak cache opened for reading ../../../Engine/DerivedDataCache/Compressed.ddp.
[2017.07.18-12.56.20:900][  0]LogDerivedDataCache: Using Local data cache path C:/Users/LEEJIU/AppData/Local/UnrealEngine/Common/DerivedDataCache: Writable
[2017.07.18-12.56.20:921][  0]LogMaterial: Verifying Global Shaders for PCD3D_SM5
[2017.07.18-12.56.20:922][  0]LogSlate: Using Freetype 2.6.0
[2017.07.18-12.56.20:923][  0]LogSlate: SlateFontCache - WITH_FREETYPE: 1, WITH_HARFBUZZ: 1
[2017.07.18-12.56.20:923][  0]LogSlate: SlateFontCache - WITH_FREETYPE: 1, WITH_HARFBUZZ: 1
[2017.07.18-12.56.21:477][  0]LogInit: Selected Device Profile: [Windows]
[2017.07.18-12.56.21:594][  0]LogContentStreaming: Texture pool size is 0.00 MB
[2017.07.18-12.56.21:901][  0]LogMeshUtilities: Using QuadricMeshReduction for automatic static mesh reduction
[2017.07.18-12.56.21:992][  0]LogSimplygon: Simplygon DLL not present - disabling.
[2017.07.18-12.56.22:095][  0]LogMeshUtilities: Using SimplygonSwarm for distributed automatic mesh merging
[2017.07.18-12.56.22:095][  0]LogMeshUtilities: No automatic skeletal mesh reduction module available
[2017.07.18-12.56.22:095][  0]LogMeshUtilities: No automatic mesh merging module available
[2017.07.18-12.56.23:112][  0]LogNetVersion: ArenaBattle , NetCL: 3452394, EngineNetVer: 2, GameNetVer: 0 (Checksum: 38908305)
[2017.07.18-12.56.23:207][  0]LogAssetRegistry: FAssetRegistry took 0.0287 seconds to start up
[2017.07.18-12.56.23:356][  0]LogPackageLocalizationCache: Processed 4 localized package path(s) for 2 prioritized culture(s) in 0.075022 seconds
[2017.07.18-12.56.23:367][  0]LogUObjectArray: 34194 objects as part of root set at end of initial load.
[2017.07.18-12.56.23:367][  0]LogUObjectAllocator: 7260416 out of 0 bytes used by permanent object pool.
[2017.07.18-12.56.23:367][  0]LogUObjectArray: CloseDisregardForGC: 0/0 objects in disregard for GC pool
[2017.07.18-12.56.23:552][  0]LogInit: WinSock: version 1.1 (2.2), MaxSocks=32767, MaxUdp=65467
[2017.07.18-12.56.29:480][  0]LogTcpMessaging: Initializing TcpMessaging bridge
[2017.07.18-12.56.29:598][  0]LogUdpMessaging: Initializing bridge on interface 0.0.0.0:0 to multicast group 230.0.0.1:6666.
[2017.07.18-12.56.30:461][  0]WebConnection:Warning: WebConnection Constructor Call!
[2017.07.18-12.56.30:461][  0]ArenaBattle:Warning: UABGameInstance::UABGameInstance(17) Constructor Start!
[2017.07.18-12.56.30:461][  0]WebConnection:Warning: WebConnection Constructor Call!
[2017.07.18-12.56.30:461][  0]ArenaBattle:Warning: UABGameInstance::UABGameInstance(24) Constructor End!
[2017.07.18-12.56.31:192][  0]LogMaterial: Uniform references updated for custom material expression Custom.
[2017.07.18-12.56.32:260][  0]SourceControl: 정보 소스 콘트롤이 꺼졌습니다.
[2017.07.18-12.56.32:373][  0]SourceControl: 정보 소스 콘트롤이 꺼졌습니다.
[2017.07.18-12.56.32:510][  0]SourceControl: 정보 소스 콘트롤이 꺼졌습니다.
[2017.07.18-12.56.32:642][  0]SourceControl: 정보 소스 콘트롤이 꺼졌습니다.
[2017.07.18-12.56.34:489][  0]LogAndroidPermission: UAndroidPermissionCallbackProxy::GetInstance
[2017.07.18-12.56.35:713][  0]LogEngine: Initializing Engine...
[2017.07.18-12.56.35:714][  0]LogHMD: Failed to initialize OpenVR with code 110
[2017.07.18-12.56.36:045][  0]ArenaBattle:Warning: UABGameInstance::UABGameInstance(17) Constructor Start!
[2017.07.18-12.56.36:045][  0]WebConnection:Warning: WebConnection Constructor Call!
[2017.07.18-12.56.36:045][  0]ArenaBattle:Warning: UABGameInstance::UABGameInstance(24) Constructor End!
[2017.07.18-12.56.36:050][  0]LogStats: UGameplayTagsManager::ConstructGameplayTagTree: Construct from data asset -  0.000 s
[2017.07.18-12.56.36:050][  0]LogStats: UGameplayTagsManager::ConstructGameplayTagTree: GameplayTagTreeChangedEvent.Broadcast -  0.000 s
[2017.07.18-12.56.36:300][  0]LogAIModule: Creating AISystem for world Untitled
[2017.07.18-12.56.36:309][  0]LogInit: XAudio2 using '스피커(Realtek High Definition Audio)' : 2 channels at 48 kHz using 32 bits per sample (channel mask 0x3)
[2017.07.18-12.56.36:400][  0]LogInit: FAudioDevice initialized.
[2017.07.18-12.56.36:475][  0]LogDerivedDataCache: Saved boot cache 0.08s 96MB C:/Users/LEEJIU/AppData/Local/UnrealEngine/4.16/DerivedDataCache/Boot.ddc.
[2017.07.18-12.56.36:494][  0]LogInit: Texture streaming: Enabled
[2017.07.18-12.56.36:668][  0]LogEngineSessionManager: EngineSessionManager initialized
[2017.07.18-12.56.37:058][  0]LogInit: Transaction tracking system initialized
[2017.07.18-12.56.37:648][  0]BlueprintLog: New page: 에디터 로드
[2017.07.18-12.56.39:436][  0]LocalizationService: 정보 현지화 서비스가 비활성화되었습니다.
[2017.07.18-12.56.40:748][  0]LogConsoleResponse:Display: 
[2017.07.18-12.56.41:065][  0]LogCook:Display: Max memory allowance for cook 16384mb min free memory 0mb
[2017.07.18-12.56.41:066][  0]LogCook:Display: Mobile HDR setting 1
[2017.07.18-12.56.42:143][  0]LogFileCache: Scanning file cache for directory 'D:/UnrealStudy/ArenaBattle/Content/' took 0.04s
[2017.07.18-12.56.43:198][  0]SourceControl: 정보 소스 콘트롤이 꺼졌습니다.
[2017.07.18-12.56.43:198][  0]Cmd: MAP LOAD FILE="../../../Engine/Content/Maps/Templates/Template_Default.umap" TEMPLATE=1 SHOWPROGRESS=1 FEATURELEVEL=3
[2017.07.18-12.56.43:199][  0]LightingResults: New page: 라이팅 빌드
[2017.07.18-12.56.43:271][  0]MapCheck: New page: 맵 체크
[2017.07.18-12.56.43:271][  0]LightingResults: New page: 라이팅 빌드
[2017.07.18-12.56.43:722][  0]LogAIModule: Creating AISystem for world Untitled_1
[2017.07.18-12.56.43:723][  0]LogActorComponent: RegisterComponentWithWorld: (/Temp/Untitled_1.Untitled_1:PersistentLevel.WorldSettings_1.StaticMeshComponent0) Trying to register component with IsPendingKill() == true. Aborting.
[2017.07.18-12.56.43:733][  0]LogEditorServer: Finished looking for orphan Actors (0.000 secs)
[2017.07.18-12.56.43:796][  0]Cmd: MAP CHECKDEP NOCLEARLOG
[2017.07.18-12.56.43:910][  0]MapCheck: 정보 맵 체크 완료: 오류 0 회, 경고 0 회, 소요 시간 114.129ms.
[2017.07.18-12.56.43:910][  0]LogFileHelpers: Loading map 'Template_Default' took 0.712
[2017.07.18-12.56.44:020][  0]LogWindowsTextInputMethodSystem:Display: IME system now activated using TSF (Microsoft 입력기).
[2017.07.18-12.56.44:195][  0]LogCollectionManager: Loaded 0 collections in 0.002561 seconds
[2017.07.18-12.56.44:302][  0]LogFileCache: Scanning file cache for directory 'D:/UnrealStudy/ArenaBattle/Saved/Collections/' took 0.01s
[2017.07.18-12.56.44:302][  0]LogFileCache: Scanning file cache for directory 'D:/UnrealStudy/ArenaBattle/Content/Developers/LEEJIU/Collections/' took 0.01s
[2017.07.18-12.56.44:302][  0]LogFileCache: Scanning file cache for directory 'D:/UnrealStudy/ArenaBattle/Content/Collections/' took 0.01s
[2017.07.18-12.56.44:302][  0]LogCollectionManager: Rebuilt the GUID cache for 0 collections in 0.000005 seconds
[2017.07.18-12.56.44:337][  0]LogContentBrowser: Native class hierarchy populated in 0.0340 seconds. Added 2333 classes and 495 folders.
[2017.07.18-12.56.44:484][  0]LogContentBrowser: Native class hierarchy updated for 'WidgetCarousel' in 0.0123 seconds. Added 0 classes and 0 folders.
[2017.07.18-12.56.44:578][  0]LogContentBrowser: Native class hierarchy updated for 'AddContentDialog' in 0.0116 seconds. Added 0 classes and 0 folders.
[2017.07.18-12.56.44:678][  0]LogContentBrowser: Native class hierarchy updated for 'SceneOutliner' in 0.0093 seconds. Added 1 classes and 2 folders.
[2017.07.18-12.56.44:749][  0]LogCrashTracker: Crashtracker disabled due to settings.
[2017.07.18-12.56.44:759][  0]LogSlate: Took 0.000513 seconds to synchronously load lazily loaded font '../../../Engine/Content/Slate/Fonts/Roboto-Regular.ttf' (155K)
[2017.07.18-12.56.44:767][  0]LogSlate: Took 0.006167 seconds to synchronously load lazily loaded font '../../../Engine/Content/Slate/Fonts/NanumGothic.ttf' (4243K)
[2017.07.18-12.56.44:769][  0]LogSlate: Took 0.000358 seconds to synchronously load lazily loaded font '../../../Engine/Content/Slate/Fonts/Roboto-Bold.ttf' (160K)
[2017.07.18-12.56.44:781][  0]LogSlate: Took 0.000418 seconds to synchronously load lazily loaded font '../../../Engine/Content/Editor/Slate/Fonts/FontAwesome.ttf' (139K)
[2017.07.18-12.56.44:957][  0]LogRenderer: Reallocating scene render targets to support 828x372 NumSamples 1 (Frame:1).
[2017.07.18-12.56.45:163][  0]LogUObjectGlobals:Warning: 'Class 없음.' 오브젝트를 찾는 데 실패했습니다.
[2017.07.18-12.56.45:303][  0]LogContentBrowser: Native class hierarchy updated for 'HierarchicalLODOutliner' in 0.0124 seconds. Added 1 classes and 2 folders.
[2017.07.18-12.56.45:303][  0]LogLoad: (Engine Initialization) Total time: 77.53 seconds
[2017.07.18-12.56.45:303][  0]LogLoad: (Engine Initialization) Total Blueprint compile time: 0.18 seconds
[2017.07.18-12.56.45:303][  0]LogExternalProfiler: Found external profiler: VSPerf
[2017.07.18-12.56.45:303][  0]LogExternalProfiler: Using external profiler: VSPerf
[2017.07.18-12.56.45:327][  0]LogOcInput: OculusInput pre-init called
[2017.07.18-12.56.45:327][  0]LogHMD: Starting GearVRController plugin
[2017.07.18-12.56.45:353][  0]LogContentStreaming: Texture pool size now 1000 MB
[2017.07.18-12.56.45:363][  0]LogSlate: Took 0.000305 seconds to synchronously load lazily loaded font '../../../Engine/Content/Slate/Fonts/Roboto-Light.ttf' (159K)
[2017.07.18-12.56.45:467][  2]LogAssetRegistry: Asset discovery search completed in 22.2826 seconds
[2017.07.18-12.56.45:471][  2]LogCollectionManager: Rebuilt the object cache for 0 collections in 0.000001 seconds (found 0 objects)
[2017.07.18-12.56.45:471][  2]LogCollectionManager: Fixed up redirectors for 0 collections in 0.000087 seconds (updated 0 objects)
[2017.07.18-13.09.10:434][582]LogRenderer: Reallocating scene render targets to support 1168x652 NumSamples 1 (Frame:361).
[2017.07.18-13.09.20:613][816]LogSlate: Took 0.000633 seconds to synchronously load lazily loaded font '../../../Engine/Content/Slate/Fonts/Roboto-Light.ttf' (159K)
[2017.07.18-13.09.20:656][816]LogAIModule: Creating AISystem for world Base_Character
[2017.07.18-13.09.20:690][816]Cmd: MAP LOAD FILE="D:/UnrealStudy/ArenaBattle/Content/Base_Character.umap" TEMPLATE=0 SHOWPROGRESS=1 FEATURELEVEL=3
[2017.07.18-13.09.20:690][816]LightingResults: New page: 라이팅 빌드
[2017.07.18-13.09.20:691][816]LoadErrors: New page: 맵 로드중: Base_Character.umap
[2017.07.18-13.09.20:692][816]MapCheck: New page: 맵 체크
[2017.07.18-13.09.20:692][816]LightingResults: New page: 라이팅 빌드
[2017.07.18-13.09.20:721][816]LogEditorServer: Finished looking for orphan Actors (0.000 secs)
[2017.07.18-13.09.20:766][816]Cmd: MAP CHECKDEP NOCLEARLOG
[2017.07.18-13.09.20:850][816]MapCheck: 정보 맵 체크 완료: 오류 0 회, 경고 0 회, 소요 시간 83.419ms.
[2017.07.18-13.09.20:850][816]LogFileHelpers: Loading map 'Base_Character' took 0.161
[2017.07.18-13.09.39:105][ 59]LogVSAccessor:Warning: Couldn't goto line number '0' in 'D:/UnrealStudy/ArenaBattle/Source/ArenaBattle/ABPawn.h'
[2017.07.18-13.09.41:434][ 59]LogVSAccessor:Warning: Couldn't goto line number '0' in 'D:/UnrealStudy/ArenaBattle/Source/ArenaBattle/ABPawn.cpp'
[2017.07.18-13.17.46:374][766]LogSlate: Only BGRA pngs, bmps or icos are supported in by External Image Picker
[2017.07.18-13.17.48:074][768]LogTemp: Executing iPhonePackager certificates Engine -bundlename com.YourCompany.ArenaBattle
[2017.07.18-13.17.48:074][768]LogTemp: CWD: C:\Program Files\Epic Games\UE_4.16\Engine\Binaries\DotNET\IOS
[2017.07.18-13.17.48:074][768]LogTemp: Initial Dir: C:\Program Files\Epic Games\UE_4.16
[2017.07.18-13.17.48:074][768]LogTemp: Env CWD: C:\Program Files\Epic Games\UE_4.16\Engine\Binaries\DotNET\IOS
[2017.07.18-13.17.48:109][769]LogTemp: BranchPath = LEEJIU/C/Program Files/Epic Games/UE_4.16/Engine/Binaries --- GameBranchPath = LEEJIU/C/Program Files/Epic Games/UE_4.16/Engine/Binaries
[2017.07.18-13.17.48:137][770]LogTemp: IPP ERROR: Could not find provision directory 'C:\Users\LEEJIU\AppData\Local/Apple Computer/MobileDevice/Provisioning Profiles/'.
[2017.07.18-13.20.02:002][420]Candidate modules for hot reload:
[2017.07.18-13.20.02:002][420]  ArenaBattle
[2017.07.18-13.20.02:002][420]Launching UnrealBuildTool... [C:/Program Files/Epic Games/UE_4.16/Engine/Binaries/DotNET/UnrealBuildTool.exe ArenaBattle -ModuleWithSuffix ArenaBattle 1537 Win64 Development -editorrecompile -canskiplink "D:/UnrealStudy/ArenaBattle/ArenaBattle.uproject" ]
[2017.07.18-13.20.02:005][420]Warning: Starting HotReload took  0.0s.
[2017.07.18-13.20.27:985][ 17]CompilerResultsLog: New page: 컴파일 - 2017. 7. 19. 오전 7:20:27
[2017.07.18-13.20.27:986][ 17]CompilerResultsLog: 정보 Compiling game modules for hot reload
[2017.07.18-13.20.27:986][ 17]CompilerResultsLog: 정보 Parsing headers for ArenaBattleEditor
[2017.07.18-13.20.27:986][ 17]CompilerResultsLog: 정보   Running UnrealHeaderTool "D:\UnrealStudy\ArenaBattle\ArenaBattle.uproject" "D:\UnrealStudy\ArenaBattle\Intermediate\Build\Win64\ArenaBattleEditor\Development\ArenaBattleEditor.uhtmanifest" -LogCmds="loginit warning, logexit warning, logdatabase error" -Unattended -WarningsAsErrors -installed
[2017.07.18-13.20.27:986][ 17]CompilerResultsLog: 정보 Reflection code generated for ArenaBattleEditor in 14.5622793 seconds
[2017.07.18-13.20.27:986][ 17]CompilerResultsLog:Error: 오류 D:\UnrealStudy\ArenaBattle\Source\ArenaBattle\ABPawn.cpp(1) : error: Expected ABPawn.h to be first header included.
[2017.07.18-13.20.27:986][ 17]CompilerResultsLog: 정보 Build canceled.
[2017.07.18-13.20.27:986][ 17]LogMainFrame: MainFrame: Module compiling took 25.995 seconds
[2017.07.18-13.20.27:987][ 17]Warning: HotReload failed, recompile failed
[2017.07.18-13.20.42:766][329]LogVSAccessor:Warning: Couldn't goto line number '1' in 'D:\UnrealStudy\ArenaBattle\Source\ArenaBattle\ABPawn.cpp'
[2017.07.18-13.20.59:921][433]Candidate modules for hot reload:
[2017.07.18-13.20.59:921][433]  ArenaBattle
[2017.07.18-13.20.59:922][433]Launching UnrealBuildTool... [C:/Program Files/Epic Games/UE_4.16/Engine/Binaries/DotNET/UnrealBuildTool.exe ArenaBattle -ModuleWithSuffix ArenaBattle 2045 Win64 Development -editorrecompile -canskiplink "D:/UnrealStudy/ArenaBattle/ArenaBattle.uproject" ]
[2017.07.18-13.20.59:925][433]Warning: Starting HotReload took  0.0s.
[2017.07.18-13.21.34:189][706]CompilerResultsLog: New page: 컴파일 - 2017. 7. 19. 오전 7:21:34
[2017.07.18-13.21.34:190][706]CompilerResultsLog: 정보 Compiling game modules for hot reload
[2017.07.18-13.21.34:190][706]CompilerResultsLog: 정보 Parsing headers for ArenaBattleEditor
[2017.07.18-13.21.34:190][706]CompilerResultsLog: 정보   Running UnrealHeaderTool "D:\UnrealStudy\ArenaBattle\ArenaBattle.uproject" "D:\UnrealStudy\ArenaBattle\Intermediate\Build\Win64\ArenaBattleEditor\Development\ArenaBattleEditor.uhtmanifest" -LogCmds="loginit warning, logexit warning, logdatabase error" -Unattended -WarningsAsErrors -installed
[2017.07.18-13.21.34:190][706]CompilerResultsLog: 정보 Reflection code generated for ArenaBattleEditor in 13.6608646 seconds
[2017.07.18-13.21.34:190][706]CompilerResultsLog: 정보 Performing 5 actions (2 in parallel)
[2017.07.18-13.21.34:190][706]CompilerResultsLog: 정보 ABGameInstance.cpp
[2017.07.18-13.21.34:190][706]CompilerResultsLog: 정보 ABPawn.cpp
[2017.07.18-13.21.34:190][706]CompilerResultsLog:Error: 오류 d:\unrealstudy\arenabattle\source\arenabattle\ABGameInstance.h(30) : error C3646: 'AssetLoader': ?? ?? ???? ?????? ???????Դϴ?.
[2017.07.18-13.21.34:190][706]CompilerResultsLog:Error: 오류 d:\unrealstudy\arenabattle\source\arenabattle\ABGameInstance.h(30) : error C4430: ???? ?????ڰ? ?????ϴ?. int?? ?????մϴ?. ????: C++?????? ?⺻ int?? ???????? ?ʽ??ϴ?.
[2017.07.18-13.21.34:190][706]CompilerResultsLog:Error: 오류 d:\unrealstudy\arenabattle\source\arenabattle\ABGameInstance.h(30) : error C3646: 'AssetLoader': ?? ?? ???? ?????? ???????Դϴ?.
[2017.07.18-13.21.34:190][706]CompilerResultsLog:Error: 오류 d:\unrealstudy\arenabattle\source\arenabattle\ABGameInstance.h(30) : error C4430: ???? ?????ڰ? ?????ϴ?. int?? ?????մϴ?. ????: C++?????? ?⺻ int?? ???????? ?ʽ??ϴ?.
[2017.07.18-13.21.34:190][706]CompilerResultsLog: 정보 ArenaBattle.generated.cpp
[2017.07.18-13.21.34:190][706]CompilerResultsLog:Error: 오류 D:\UnrealStudy\ArenaBattle\Source\ArenaBattle\ABGameInstance.h(30) : error C3646: 'AssetLoader': ?? ?? ???? ?????? ???????Դϴ?.
[2017.07.18-13.21.34:190][706]CompilerResultsLog:Error: 오류 D:\UnrealStudy\ArenaBattle\Source\ArenaBattle\ABGameInstance.h(30) : error C4430: ???? ?????ڰ? ?????ϴ?. int?? ?????մϴ?. ????: C++?????? ?⺻ int?? ???????? ?ʽ??ϴ?.
[2017.07.18-13.21.34:190][706]CompilerResultsLog: 정보 ERROR: UBT ERROR: Failed to produce item: D:\UnrealStudy\ArenaBattle\Binaries\Win64\UE4Editor-ArenaBattle-2045.dll
[2017.07.18-13.21.34:190][706]CompilerResultsLog: 정보 Total build time: 32.55 seconds (Local executor: 0.00 seconds)
[2017.07.18-13.21.34:191][706]LogMainFrame: MainFrame: Module compiling took 34.283 seconds
[2017.07.18-13.21.34:191][706]Warning: HotReload failed, recompile failed
[2017.07.18-13.21.37:958][717]LogSlate: Took 0.039596 seconds to synchronously load lazily loaded font '../../../Engine/Content/SlateDebug/Fonts/LastResort.ttf' (5269K)
[2017.07.18-13.22.10:751][137]LogVSAccessor:Warning: Couldn't goto line number '30' in 'd:\unrealstudy\arenabattle\source\arenabattle\ABGameInstance.h'
[2017.07.18-13.23.04:062][698]Candidate modules for hot reload:
[2017.07.18-13.23.04:062][698]  ArenaBattle
[2017.07.18-13.23.04:062][698]Launching UnrealBuildTool... [C:/Program Files/Epic Games/UE_4.16/Engine/Binaries/DotNET/UnrealBuildTool.exe ArenaBattle -ModuleWithSuffix ArenaBattle 5886 Win64 Development -editorrecompile -canskiplink "D:/UnrealStudy/ArenaBattle/ArenaBattle.uproject" ]
[2017.07.18-13.23.04:066][698]Warning: Starting HotReload took  0.0s.
[2017.07.18-13.23.34:340][943]CompilerResultsLog: New page: 컴파일 - 2017. 7. 19. 오전 7:23:34
[2017.07.18-13.23.34:341][943]CompilerResultsLog: 정보 Compiling game modules for hot reload
[2017.07.18-13.23.34:341][943]CompilerResultsLog: 정보 Parsing headers for ArenaBattleEditor
[2017.07.18-13.23.34:341][943]CompilerResultsLog: 정보   Running UnrealHeaderTool "D:\UnrealStudy\ArenaBattle\ArenaBattle.uproject" "D:\UnrealStudy\ArenaBattle\Intermediate\Build\Win64\ArenaBattleEditor\Development\ArenaBattleEditor.uhtmanifest" -LogCmds="loginit warning, logexit warning, logdatabase error" -Unattended -WarningsAsErrors -installed
[2017.07.18-13.23.34:341][943]CompilerResultsLog:Error: 오류 D:/UnrealStudy/ArenaBattle/Source/ArenaBattle/ABGameInstance.h(30)  : Error: Unrecognized type 'FStreamableManager' - type must be a UCLASS, USTRUCT or UENUM
[2017.07.18-13.23.34:341][943]CompilerResultsLog: 정보 Error: UnrealHeaderTool failed for target 'ArenaBattleEditor' (platform: Win64, module info: D:\UnrealStudy\ArenaBattle\Intermediate\Build\Win64\ArenaBattleEditor\Development\ArenaBattleEditor.uhtmanifest, exit code: OtherCompilationError (5)).
[2017.07.18-13.23.34:341][943]LogMainFrame: MainFrame: Module compiling took 30.291 seconds
[2017.07.18-13.23.34:342][943]Warning: HotReload failed, recompile failed
[2017.07.18-13.23.44:693][ 41]LogVSAccessor:Warning: Couldn't goto line number '30' in 'D:/UnrealStudy/ArenaBattle/Source/ArenaBattle/ABGameInstance.h'
[2017.07.18-14.20.53:335][763]LogRenderer: Reallocating scene render targets to support 1168x680 NumSamples 1 (Frame:2818).
[2017.07.18-14.21.28:366][948]LogWindowsTextInputMethodSystem:Display: IME system now activated using TSF (Microsoft 입력기).
[2017.07.18-14.21.28:585][949]Cmd: QUIT_EDITOR
[2017.07.18-14.21.28:624][949]LogExit: Preparing to exit.
[2017.07.18-14.21.29:938][949]LogExit: Editor shut down
[2017.07.18-14.21.29:974][949]LogExit: Transaction tracking system shut down
[2017.07.18-14.21.30:106][949]LogObj: Freed 0b from 0 cluster array pools.
[2017.07.18-14.21.30:107][949]LogExit: Object subsystem successfully closed.
[2017.07.18-14.21.30:134][949]LogD3D11RHI: Shutdown
[2017.07.18-14.21.30:134][949]LogD3D11RHI: CleanupD3DDevice
[2017.07.18-14.21.30:245][949]LogD3D11RHI: ~FD3D11DynamicRHI
[2017.07.18-14.21.30:274][949]LogModuleManager: Shutting down and abandoning module ExternalImagePicker (530)
[2017.07.18-14.21.30:274][949]LogModuleManager: Shutting down and abandoning module HierarchicalLODOutliner (528)
[2017.07.18-14.21.30:274][949]LogModuleManager: Shutting down and abandoning module CrashTracker (526)
[2017.07.18-14.21.30:274][949]LogModuleManager: Shutting down and abandoning module SceneOutliner (524)
[2017.07.18-14.21.30:274][949]LogModuleManager: Shutting down and abandoning module AddContentDialog (522)
[2017.07.18-14.21.30:274][949]LogDirectoryWatcher: A directory notification for 'C:/Program Files/Epic Games/UE_4.16/FeaturePacks/' was aborted.
[2017.07.18-14.21.30:281][949]LogModuleManager: Shutting down and abandoning module WidgetCarousel (521)
[2017.07.18-14.21.30:281][949]LogModuleManager: Shutting down and abandoning module EditorWidgets (518)
[2017.07.18-14.21.30:281][949]LogModuleManager: Shutting down and abandoning module CollectionManager (516)
[2017.07.18-14.21.30:281][949]LogDirectoryWatcher: A directory notification for 'D:/UnrealStudy/ArenaBattle/Content/Collections/' was aborted.
[2017.07.18-14.21.30:281][949]LogDirectoryWatcher: A directory notification for 'D:/UnrealStudy/ArenaBattle/Content/Developers/LEEJIU/Collections/' was aborted.
[2017.07.18-14.21.30:281][949]LogDirectoryWatcher: A directory notification for 'D:/UnrealStudy/ArenaBattle/Saved/Collections/' was aborted.
[2017.07.18-14.21.30:281][949]LogModuleManager: Shutting down and abandoning module StatsViewer (514)
[2017.07.18-14.21.30:281][949]LogModuleManager: Shutting down and abandoning module FoliageEdit (512)
[2017.07.18-14.21.30:281][949]LogModuleManager: Shutting down and abandoning module LandscapeEditor (510)
[2017.07.18-14.21.30:281][949]LogModuleManager: Shutting down and abandoning module MeshPaintMode (508)
[2017.07.18-14.21.30:281][949]LogModuleManager: Shutting down and abandoning module SceneDepthPickerMode (506)
[2017.07.18-14.21.30:281][949]LogModuleManager: Shutting down and abandoning module ActorPickerMode (504)
[2017.07.18-14.21.30:281][949]LogModuleManager: Shutting down and abandoning module GeometryMode (502)
[2017.07.18-14.21.30:281][949]LogModuleManager: Shutting down and abandoning module TextureAlignMode (500)
[2017.07.18-14.21.30:281][949]LogModuleManager: Shutting down and abandoning module BspMode (498)
[2017.07.18-14.21.30:281][949]LogModuleManager: Shutting down and abandoning module HardwareSurvey (496)
[2017.07.18-14.21.30:281][949]LogModuleManager: Shutting down and abandoning module SequenceRecorderSections (494)
[2017.07.18-14.21.30:281][949]LogModuleManager: Shutting down and abandoning module AutomationWorker (492)
[2017.07.18-14.21.30:281][949]LogModuleManager: Shutting down and abandoning module MatineeToLevelSequence (490)
[2017.07.18-14.21.30:282][949]LogModuleManager: Shutting down and abandoning module LevelSequenceEditor (488)
[2017.07.18-14.21.30:282][949]LogModuleManager: Shutting down and abandoning module PlacementMode (487)
[2017.07.18-14.21.30:282][949]LogModuleManager: Shutting down and abandoning module WmfMediaFactory (484)
[2017.07.18-14.21.30:282][949]LogModuleManager: Shutting down and abandoning module WmfMediaEditor (482)
[2017.07.18-14.21.30:282][949]LogModuleManager: Shutting down and abandoning module AvfMediaFactory (480)
[2017.07.18-14.21.30:282][949]LogModuleManager: Shutting down and abandoning module AvfMediaEditor (478)
[2017.07.18-14.21.30:282][949]LogModuleManager: Shutting down and abandoning module AndroidMediaFactory (476)
[2017.07.18-14.21.30:282][949]LogModuleManager: Shutting down and abandoning module Media (475)
[2017.07.18-14.21.30:282][949]LogModuleManager: Shutting down and abandoning module AndroidMediaEditor (472)
[2017.07.18-14.21.30:282][949]LogModuleManager: Shutting down and abandoning module CharacterAI (470)
[2017.07.18-14.21.30:282][949]LogModuleManager: Shutting down and abandoning module AudioCapture (468)
[2017.07.18-14.21.30:282][949]LogModuleManager: Shutting down and abandoning module SequenceRecorder (467)
[2017.07.18-14.21.30:282][949]LogModuleManager: Shutting down and abandoning module SmartSnapping (464)
[2017.07.18-14.21.30:282][949]LogModuleManager: Shutting down and abandoning module SessionServices (462)
[2017.07.18-14.21.30:282][949]LogModuleManager: Shutting down and abandoning module ViewportSnapping (460)
[2017.07.18-14.21.30:282][949]LogModuleManager: Shutting down and abandoning module ViewportInteraction (458)
[2017.07.18-14.21.30:282][949]LogModuleManager: Shutting down and abandoning module ClothPainter (456)
[2017.07.18-14.21.30:282][949]LogModuleManager: Shutting down and abandoning module LogVisualizer (454)
[2017.07.18-14.21.30:282][949]LogModuleManager: Shutting down and abandoning module IntroTutorials (452)
[2017.07.18-14.21.30:282][949]LogModuleManager: Shutting down and abandoning module GameProjectGeneration (451)
[2017.07.18-14.21.30:282][949]LogModuleManager: Shutting down and abandoning module EditorLiveStreaming (448)
[2017.07.18-14.21.30:282][949]LogModuleManager: Shutting down and abandoning module IOSPlatformEditor (446)
[2017.07.18-14.21.30:282][949]LogModuleManager: Shutting down and abandoning module HTML5PlatformEditor (444)
[2017.07.18-14.21.30:282][949]LogModuleManager: Shutting down and abandoning module AndroidPlatformEditor (442)
[2017.07.18-14.21.30:282][949]LogModuleManager: Shutting down and abandoning module AndroidDeviceDetection (441)
[2017.07.18-14.21.30:985][949]LogModuleManager: Shutting down and abandoning module IOSRuntimeSettings (438)
[2017.07.18-14.21.30:986][949]LogModuleManager: Shutting down and abandoning module AndroidRuntimeSettings (436)
[2017.07.18-14.21.30:986][949]LogModuleManager: Shutting down and abandoning module InputBindingEditor (434)
[2017.07.18-14.21.30:986][949]LogModuleManager: Shutting down and abandoning module MergeActors (432)
[2017.07.18-14.21.30:986][949]LogModuleManager: Shutting down and abandoning module SizeMap (430)
[2017.07.18-14.21.30:986][949]LogModuleManager: Shutting down and abandoning module TreeMap (428)
[2017.07.18-14.21.30:986][949]LogModuleManager: Shutting down and abandoning module ReferenceViewer (426)
[2017.07.18-14.21.30:986][949]LogModuleManager: Shutting down and abandoning module LocalizationDashboard (424)
[2017.07.18-14.21.30:986][949]LogModuleManager: Shutting down and abandoning module LocalizationService (423)
[2017.07.18-14.21.30:986][949]LogModuleManager: Shutting down and abandoning module HardwareTargeting (420)
[2017.07.18-14.21.30:986][949]LogModuleManager: Shutting down and abandoning module DeviceProfileEditor (418)
[2017.07.18-14.21.30:986][949]LogModuleManager: Shutting down and abandoning module UndoHistory (416)
[2017.07.18-14.21.30:986][949]LogModuleManager: Shutting down and abandoning module UserFeedback (414)
[2017.07.18-14.21.30:986][949]LogModuleManager: Shutting down and abandoning module XmlParser (412)
[2017.07.18-14.21.30:986][949]LogModuleManager: Shutting down and abandoning module Blutility (410)
[2017.07.18-14.21.30:986][949]LogModuleManager: Shutting down and abandoning module ProjectSettingsViewer (408)
[2017.07.18-14.21.30:986][949]LogModuleManager: Shutting down and abandoning module ProjectTargetPlatformEditor (407)
[2017.07.18-14.21.30:986][949]LogModuleManager: Shutting down and abandoning module EditorSettingsViewer (404)
[2017.07.18-14.21.30:987][949]LogModuleManager: Shutting down and abandoning module SettingsEditor (402)
[2017.07.18-14.21.30:987][949]LogModuleManager: Shutting down and abandoning module ProjectLauncher (400)
[2017.07.18-14.21.30:987][949]LogModuleManager: Shutting down and abandoning module SessionFrontend (398)
[2017.07.18-14.21.30:987][949]LogModuleManager: Shutting down and abandoning module ProfilerClient (396)
[2017.07.18-14.21.30:987][949]LogModuleManager: Shutting down and abandoning module DeviceManager (394)
[2017.07.18-14.21.30:987][949]LogModuleManager: Shutting down and abandoning module TargetDeviceServices (393)
[2017.07.18-14.21.31:041][949]LogModuleManager: Shutting down and abandoning module AutomationController (390)
[2017.07.18-14.21.31:041][949]LogModuleManager: Shutting down and abandoning module AutomationWindow (388)
[2017.07.18-14.21.31:041][949]LogModuleManager: Shutting down and abandoning module Layers (386)
[2017.07.18-14.21.31:041][949]LogModuleManager: Shutting down and abandoning module ComponentVisualizers (384)
[2017.07.18-14.21.31:041][949]LogModuleManager: Shutting down and abandoning module DetailCustomizations (382)
[2017.07.18-14.21.31:041][949]LogModuleManager: Shutting down and abandoning module PackagesDialog (380)
[2017.07.18-14.21.31:041][949]LogModuleManager: Shutting down and abandoning module Persona (378)
[2017.07.18-14.21.31:041][949]LogModuleManager: Shutting down and abandoning module AdvancedPreviewScene (377)
[2017.07.18-14.21.31:041][949]LogModuleManager: Shutting down and abandoning module AnimGraph (375)
[2017.07.18-14.21.31:041][949]LogModuleManager: Shutting down and abandoning module Kismet (372)
[2017.07.18-14.21.31:042][949]LogModuleManager: Shutting down and abandoning module ClassViewer (370)
[2017.07.18-14.21.31:042][949]LogModuleManager: Shutting down and abandoning module Toolbox (368)
[2017.07.18-14.21.31:042][949]LogModuleManager: Shutting down and abandoning module ModuleUI (366)
[2017.07.18-14.21.31:042][949]LogModuleManager: Shutting down and abandoning module MovieSceneTools (364)
[2017.07.18-14.21.31:042][949]LogModuleManager: Shutting down and abandoning module OutputLog (362)
[2017.07.18-14.21.31:042][949]LogModuleManager: Shutting down and abandoning module GammaUI (360)
[2017.07.18-14.21.31:042][949]LogModuleManager: Shutting down and abandoning module Documentation (358)
[2017.07.18-14.21.31:042][949]LogModuleManager: Shutting down and abandoning module MovieSceneTracks (356)
[2017.07.18-14.21.31:042][949]LogModuleManager: Shutting down and abandoning module MovieScene (354)
[2017.07.18-14.21.31:042][949]LogModuleManager: Shutting down and abandoning module Niagara (352)
[2017.07.18-14.21.31:042][949]LogModuleManager: Shutting down and abandoning module NiagaraEditor (351)
[2017.07.18-14.21.31:042][949]LogModuleManager: Shutting down and abandoning module StreamingPauseRendering (348)
[2017.07.18-14.21.31:042][949]LogModuleManager: Shutting down and abandoning module AnalyticsET (346)
[2017.07.18-14.21.31:042][949]LogModuleManager: Shutting down and abandoning module PortalServices (344)
[2017.07.18-14.21.31:042][949]LogModuleManager: Shutting down and abandoning module PortalRpc (342)
[2017.07.18-14.21.31:042][949]LogModuleManager: Shutting down and abandoning module MessagingRpc (340)
[2017.07.18-14.21.31:042][949]LogModuleManager: Shutting down and abandoning module AIModule (338)
[2017.07.18-14.21.31:042][949]LogModuleManager: Shutting down and abandoning module GameplayDebugger (337)
[2017.07.18-14.21.31:042][949]LogModuleManager: Shutting down and abandoning module AITestSuite (335)
[2017.07.18-14.21.31:042][949]LogModuleManager: Shutting down and abandoning module ProfilerService (332)
[2017.07.18-14.21.31:262][949]LogModuleManager: Shutting down and abandoning module TaskGraph (330)
[2017.07.18-14.21.31:262][949]LogModuleManager: Shutting down and abandoning module SteamVRController (328)
[2017.07.18-14.21.31:262][949]LogModuleManager: Shutting down and abandoning module SteamVR (326)
[2017.07.18-14.21.31:262][949]LogModuleManager: Shutting down and abandoning module ProceduralMeshComponentEditor (324)
[2017.07.18-14.21.31:262][949]LogModuleManager: Shutting down and abandoning module ProceduralMeshComponent (322)
[2017.07.18-14.21.31:262][949]LogModuleManager: Shutting down and abandoning module OculusLibrary (320)
[2017.07.18-14.21.31:262][949]LogModuleManager: Shutting down and abandoning module OculusInput (318)
[2017.07.18-14.21.31:262][949]LogModuleManager: Shutting down and abandoning module MobilePatchingUtils (316)
[2017.07.18-14.21.31:262][949]LogModuleManager: Shutting down and abandoning module CustomMeshComponent (314)
[2017.07.18-14.21.31:262][949]LogModuleManager: Shutting down and abandoning module CableComponent (312)
[2017.07.18-14.21.31:263][949]LogModuleManager: Shutting down and abandoning module ArchVisCharacter (310)
[2017.07.18-14.21.31:263][949]LogModuleManager: Shutting down and abandoning module AndroidPermission (308)
[2017.07.18-14.21.31:263][949]LogModuleManager: Shutting down and abandoning module MediaPlayerEditor (304)
[2017.07.18-14.21.31:263][949]LogModuleManager: Shutting down and abandoning module HTML5Networking (302)
[2017.07.18-14.21.31:263][949]LogModuleManager: Shutting down and abandoning module AlembicImporter (300)
[2017.07.18-14.21.31:263][949]LogModuleManager: Shutting down and abandoning module AlembicLibrary (299)
[2017.07.18-14.21.31:263][949]LogModuleManager: Shutting down and abandoning module GeometryCache (298)
[2017.07.18-14.21.31:263][949]LogModuleManager: Shutting down and abandoning module GeometryCacheEd (297)
[2017.07.18-14.21.31:263][949]LogModuleManager: Shutting down and abandoning module SuperSearchEditor (292)
[2017.07.18-14.21.31:263][949]LogModuleManager: Shutting down and abandoning module SuperSearch (291)
[2017.07.18-14.21.31:263][949]LogModuleManager: Shutting down and abandoning module SpeedTreeImporter (288)
[2017.07.18-14.21.31:263][949]LogModuleManager: Shutting down and abandoning module PluginBrowser (286)
[2017.07.18-14.21.31:263][949]LogModuleManager: Shutting down and abandoning module MobileLauncherProfileWizard (284)
[2017.07.18-14.21.31:263][949]LogModuleManager: Shutting down and abandoning module VisualStudioSourceCodeAccess (282)
[2017.07.18-14.21.31:263][949]LogModuleManager: Shutting down and abandoning module UObjectPlugin (280)
[2017.07.18-14.21.31:263][949]LogModuleManager: Shutting down and abandoning module SubversionSourceControl (278)
[2017.07.18-14.21.31:263][949]LogModuleManager: Shutting down and abandoning module PerforceSourceControl (276)
[2017.07.18-14.21.31:263][949]LogModuleManager: Shutting down and abandoning module GitSourceControl (274)
[2017.07.18-14.21.31:263][949]LogModuleManager: Shutting down and abandoning module SourceControl (273)
[2017.07.18-14.21.31:263][949]LogModuleManager: Shutting down and abandoning module LightPropagationVolumeEditor (270)
[2017.07.18-14.21.31:263][949]LogModuleManager: Shutting down and abandoning module PaperTiledImporter (268)
[2017.07.18-14.21.31:263][949]LogModuleManager: Shutting down and abandoning module PaperSpriteSheetImporter (266)
[2017.07.18-14.21.31:263][949]LogModuleManager: Shutting down and abandoning module Paper2DEditor (264)
[2017.07.18-14.21.31:263][949]LogModuleManager: Shutting down and abandoning module MeshPaint (263)
[2017.07.18-14.21.31:263][949]LogModuleManager: Shutting down and abandoning module LevelEditor (261)
[2017.07.18-14.21.31:265][949]LogModuleManager: Shutting down and abandoning module PixelInspectorModule (260)
[2017.07.18-14.21.31:265][949]LogModuleManager: Shutting down and abandoning module MainFrame (258)
[2017.07.18-14.21.31:265][949]LogModuleManager: Shutting down and abandoning module HotReload (257)
[2017.07.18-14.21.31:265][949]LogDirectoryWatcher: A directory notification for 'D:/UnrealStudy/ArenaBattle/Binaries/Win64' was aborted.
[2017.07.18-14.21.31:265][949]LogModuleManager: Shutting down and abandoning module WebService (252)
[2017.07.18-14.21.31:265][949]LogModuleManager: Shutting down and abandoning module ArenaBattle (250)
[2017.07.18-14.21.31:266][949]LogModuleManager: Shutting down and abandoning module PhysXVehiclesEditor (248)
[2017.07.18-14.21.31:266][949]LogModuleManager: Shutting down and abandoning module PhysXVehicles (246)
[2017.07.18-14.21.31:266][949]LogModuleManager: Shutting down and abandoning module LocationServicesBPLibrary (244)
[2017.07.18-14.21.31:266][949]LogModuleManager: Shutting down and abandoning module ImmediatePhysicsEditor (242)
[2017.07.18-14.21.31:266][949]LogModuleManager: Shutting down and abandoning module ImmediatePhysics (240)
[2017.07.18-14.21.31:266][949]LogModuleManager: Shutting down and abandoning module UdpMessaging (238)
[2017.07.18-14.21.31:367][949]LogModuleManager: Shutting down and abandoning module TcpMessaging (236)
[2017.07.18-14.21.31:468][949]LogModuleManager: Shutting down and abandoning module GameplayTagsEditor (234)
[2017.07.18-14.21.31:468][949]LogModuleManager: Shutting down and abandoning module FacialAnimationEditor (232)
[2017.07.18-14.21.31:468][949]LogModuleManager: Shutting down and abandoning module FacialAnimation (230)
[2017.07.18-14.21.31:468][949]LogModuleManager: Shutting down and abandoning module AssetManagerEditor (228)
[2017.07.18-14.21.31:468][949]LogModuleManager: Shutting down and abandoning module GraphEditor (227)
[2017.07.18-14.21.31:468][949]LogModuleManager: Shutting down and abandoning module ContentBrowser (225)
[2017.07.18-14.21.31:470][949]LogModuleManager: Shutting down and abandoning module LightPropagationVolumeRuntime (222)
[2017.07.18-14.21.31:470][949]LogModuleManager: Shutting down and abandoning module Paper2D (220)
[2017.07.18-14.21.31:470][949]LogModuleManager: Shutting down and abandoning module WindowsMoviePlayer (218)
[2017.07.18-14.21.31:470][949]LogModuleManager: Shutting down and abandoning module WmfMedia (216)
[2017.07.18-14.21.31:471][949]LogModuleManager: Shutting down and abandoning module ClothingSystemEditor (214)
[2017.07.18-14.21.31:471][949]LogModuleManager: Shutting down and abandoning module ClothingSystemRuntime (212)
[2017.07.18-14.21.31:471][949]LogModuleManager: Shutting down and abandoning module MediaAssets (210)
[2017.07.18-14.21.31:471][949]LogModuleManager: Shutting down and abandoning module GameLiveStreaming (208)
[2017.07.18-14.21.31:471][949]LogModuleManager: Shutting down and abandoning module VREditor (206)
[2017.07.18-14.21.31:471][949]LogModuleManager: Shutting down and abandoning module StringTableEditor (204)
[2017.07.18-14.21.31:471][949]LogModuleManager: Shutting down and abandoning module GameplayTasksEditor (202)
[2017.07.18-14.21.31:471][949]LogModuleManager: Shutting down and abandoning module BehaviorTreeEditor (200)
[2017.07.18-14.21.31:471][949]LogModuleManager: Shutting down and abandoning module FunctionalTesting (198)
[2017.07.18-14.21.31:471][949]LogModuleManager: Shutting down and abandoning module CollisionAnalyzer (196)
[2017.07.18-14.21.31:471][949]LogModuleManager: Shutting down and abandoning module UMG (194)
[2017.07.18-14.21.31:471][949]LogModuleManager: Shutting down and abandoning module UMGEditor (193)
[2017.07.18-14.21.31:471][949]LogModuleManager: Shutting down and abandoning module Sequencer (192)
[2017.07.18-14.21.31:471][949]LogModuleManager: Shutting down and abandoning module AssetTools (190)
[2017.07.18-14.21.31:471][949]LogModuleManager: Shutting down and abandoning module MessageLog (189)
[2017.07.18-14.21.31:471][949]LogModuleManager: Shutting down and abandoning module WorkspaceMenuStructure (188)
[2017.07.18-14.21.31:471][949]LogModuleManager: Shutting down and abandoning module SlateReflector (182)
[2017.07.18-14.21.31:471][949]LogModuleManager: Shutting down and abandoning module Slate (180)
[2017.07.18-14.21.31:471][949]LogModuleManager: Shutting down and abandoning module EditorStyle (178)
[2017.07.18-14.21.31:476][949]LogModuleManager: Shutting down and abandoning module SourceCodeAccess (176)
[2017.07.18-14.21.31:476][949]LogModuleManager: Shutting down and abandoning module HeadMountedDisplay (174)
[2017.07.18-14.21.31:476][949]LogModuleManager: Shutting down and abandoning module XAudio2 (172)
[2017.07.18-14.21.31:476][949]LogModuleManager: Shutting down and abandoning module Networking (170)
[2017.07.18-14.21.31:476][949]LogModuleManager: Shutting down and abandoning module Core (166)
[2017.07.18-14.21.31:476][949]LogModuleManager: Shutting down and abandoning module AssetRegistry (164)
[2017.07.18-14.21.31:796][949]LogDirectoryWatcher: A directory notification for '../../../Engine/Content/' was aborted.
[2017.07.18-14.21.31:796][949]LogDirectoryWatcher: A directory notification for 'D:/UnrealStudy/ArenaBattle/Content/' was aborted.
[2017.07.18-14.21.31:796][949]LogDirectoryWatcher: A directory notification for '../../../Engine/Plugins/2D/Paper2D/Content/' was aborted.
[2017.07.18-14.21.31:797][949]LogDirectoryWatcher: A directory notification for '../../../Engine/Plugins/Runtime/GearVR/Content/' was aborted.
[2017.07.18-14.21.31:804][949]LogModuleManager: Shutting down and abandoning module DirectoryWatcher (163)
[2017.07.18-14.21.31:809][949]LogModuleManager: Shutting down and abandoning module KismetCompiler (160)
[2017.07.18-14.21.31:809][949]LogModuleManager: Shutting down and abandoning module LevelSequence (158)
[2017.07.18-14.21.31:809][949]LogModuleManager: Shutting down and abandoning module PhysXFormats (156)
[2017.07.18-14.21.31:809][949]LogModuleManager: Shutting down and abandoning module MeshUtilities (154)
[2017.07.18-14.21.31:809][949]LogModuleManager: Shutting down and abandoning module SimplygonSwarm (153)
[2017.07.18-14.21.31:809][949]LogModuleManager: Shutting down and abandoning module SimplygonMeshReduction (151)
[2017.07.18-14.21.31:809][949]LogModuleManager: Shutting down and abandoning module QuadricMeshReduction (149)
[2017.07.18-14.21.31:809][949]LogModuleManager: Shutting down and abandoning module DerivedDataCache (146)
[2017.07.18-14.21.31:878][949]LogDerivedDataCache: Shutdown
[2017.07.18-14.21.31:878][949]LogModuleManager: Shutting down and abandoning module TargetPlatform (144)
[2017.07.18-14.21.31:878][949]LogModuleManager: Shutting down and abandoning module VulkanShaderFormat (143)
[2017.07.18-14.21.31:878][949]LogModuleManager: Shutting down and abandoning module ShaderFormatVectorVM (141)
[2017.07.18-14.21.31:878][949]LogModuleManager: Shutting down and abandoning module ShaderFormatOpenGL (139)
[2017.07.18-14.21.31:878][949]LogModuleManager: Shutting down and abandoning module ShaderFormatD3D (137)
[2017.07.18-14.21.31:878][949]LogModuleManager: Shutting down and abandoning module MetalShaderFormat (135)
[2017.07.18-14.21.31:878][949]LogModuleManager: Shutting down and abandoning module TextureFormatUncompressed (133)
[2017.07.18-14.21.31:878][949]LogModuleManager: Shutting down and abandoning module TextureFormatPVR (131)
[2017.07.18-14.21.31:878][949]LogModuleManager: Shutting down and abandoning module TextureFormatDXT (129)
[2017.07.18-14.21.31:878][949]LogModuleManager: Shutting down and abandoning module TextureFormatIntelISPCTexComp (127)
[2017.07.18-14.21.31:878][949]LogModuleManager: Shutting down and abandoning module TextureFormatASTC (125)
[2017.07.18-14.21.31:878][949]LogModuleManager: Shutting down and abandoning module ImageWrapper (124)
[2017.07.18-14.21.31:878][949]LogModuleManager: Shutting down and abandoning module TextureFormatAndroid (121)
[2017.07.18-14.21.31:878][949]LogModuleManager: Shutting down and abandoning module AudioFormatOpus (119)
[2017.07.18-14.21.31:878][949]LogModuleManager: Shutting down and abandoning module AudioFormatOgg (117)
[2017.07.18-14.21.31:878][949]LogModuleManager: Shutting down and abandoning module AudioFormatADPCM (115)
[2017.07.18-14.21.31:878][949]LogModuleManager: Shutting down and abandoning module LinuxTargetPlatform (113)
[2017.07.18-14.21.31:878][949]LogModuleManager: Shutting down and abandoning module LinuxServerTargetPlatform (111)
[2017.07.18-14.21.31:878][949]LogModuleManager: Shutting down and abandoning module LinuxNoEditorTargetPlatform (109)
[2017.07.18-14.21.31:878][949]LogModuleManager: Shutting down and abandoning module LinuxClientTargetPlatform (107)
[2017.07.18-14.21.31:878][949]LogModuleManager: Shutting down and abandoning module TVOSTargetPlatform (105)
[2017.07.18-14.21.31:878][949]LogModuleManager: Shutting down and abandoning module Messaging (103)
[2017.07.18-14.21.31:878][949]LogModuleManager: Shutting down and abandoning module IOSTargetPlatform (101)
[2017.07.18-14.21.31:878][949]LogModuleManager: Shutting down and abandoning module HTML5TargetPlatform (99)
[2017.07.18-14.21.31:878][949]LogModuleManager: Shutting down and abandoning module Android_PVRTCTargetPlatform (97)
[2017.07.18-14.21.31:878][949]LogModuleManager: Shutting down and abandoning module Android_MultiTargetPlatform (95)
[2017.07.18-14.21.31:878][949]LogModuleManager: Shutting down and abandoning module Android_ETC2TargetPlatform (93)
[2017.07.18-14.21.31:878][949]LogModuleManager: Shutting down and abandoning module Android_ETC1TargetPlatform (91)
[2017.07.18-14.21.31:878][949]LogModuleManager: Shutting down and abandoning module Android_DXTTargetPlatform (89)
[2017.07.18-14.21.31:878][949]LogModuleManager: Shutting down and abandoning module Android_ATCTargetPlatform (87)
[2017.07.18-14.21.31:879][949]LogModuleManager: Shutting down and abandoning module Android_ASTCTargetPlatform (85)
[2017.07.18-14.21.31:879][949]LogModuleManager: Shutting down and abandoning module AndroidTargetPlatform (83)
[2017.07.18-14.21.31:879][949]LogModuleManager: Shutting down and abandoning module WindowsTargetPlatform (81)
[2017.07.18-14.21.31:879][949]LogModuleManager: Shutting down and abandoning module WindowsServerTargetPlatform (79)
[2017.07.18-14.21.31:879][949]LogModuleManager: Shutting down and abandoning module WindowsNoEditorTargetPlatform (77)
[2017.07.18-14.21.31:879][949]LogModuleManager: Shutting down and abandoning module WindowsClientTargetPlatform (75)
[2017.07.18-14.21.31:879][949]LogModuleManager: Shutting down and abandoning module MacTargetPlatform (73)
[2017.07.18-14.21.31:879][949]LogModuleManager: Shutting down and abandoning module MacServerTargetPlatform (71)
[2017.07.18-14.21.31:879][949]LogModuleManager: Shutting down and abandoning module MacNoEditorTargetPlatform (69)
[2017.07.18-14.21.31:879][949]LogModuleManager: Shutting down and abandoning module MacClientTargetPlatform (67)
[2017.07.18-14.21.31:879][949]LogModuleManager: Shutting down and abandoning module AllDesktopTargetPlatform (65)
[2017.07.18-14.21.31:879][949]LogModuleManager: Shutting down and abandoning module InputCore (62)
[2017.07.18-14.21.31:879][949]LogModuleManager: Shutting down and abandoning module Settings (60)
[2017.07.18-14.21.31:879][949]LogModuleManager: Shutting down and abandoning module OculusRift (58)
[2017.07.18-14.21.31:879][949]LogModuleManager: Shutting down and abandoning module GearVRController (56)
[2017.07.18-14.21.31:879][949]LogModuleManager: Shutting down and abandoning module GearVR (54)
[2017.07.18-14.21.31:879][949]LogModuleManager: Shutting down and abandoning module ExampleDeviceProfileSelector (52)
[2017.07.18-14.21.31:879][949]LogModuleManager: Shutting down and abandoning module OnlineBlueprintSupport (50)
[2017.07.18-14.21.31:879][949]LogModuleManager: Shutting down and abandoning module OnlineSubsystem (46)
[2017.07.18-14.21.31:879][949]LogOnline:Display: Unloading online subsystem: NULL
[2017.07.18-14.21.31:879][949]LogModuleManager: Shutting down and abandoning module XMPP (45)
[2017.07.18-14.21.31:879][949]LogModuleManager: Shutting down and abandoning module HTTP (43)
[2017.07.18-14.21.31:879][949]LogHttp:Display: Http module shutting down, but needs to wait on 1 outstanding Http requests:
[2017.07.18-14.21.31:879][949]LogHttp:Display: 	verb=[POST] url=[https://datarouter.ol.epicgames.com/datarouter/api/v1/public/data?SessionID=%7BD47F857A-4EB0-7C9B-A963-9CB881D3BE4B%7D&AppID=UEEditor.Rocket.Release&AppVersion=4.16.2-3514769%2B%2B%2BUE4%2BRelease-4.16&UserID=6309f6d84a95ae2fd4720a8936598cbb%7C47c8acbb412c4c59ac4a2cbb28f674b9%7Cc22bf75b-b27c-4543-aa8c-1a82ec03a7f1&AppEnvironment=datacollector-binary&UploadType=eteventstream] status=Processing
[2017.07.18-14.21.31:914][949]LogModuleManager: Shutting down and abandoning module SSL (42)
[2017.07.18-14.21.31:917][949]LogModuleManager: Shutting down and abandoning module HTTPChunkInstaller (38)
[2017.07.18-14.21.31:917][949]LogModuleManager: Shutting down and abandoning module DesktopPlatform (36)
[2017.07.18-14.21.31:917][949]LogModuleManager: Shutting down and abandoning module AnimationModifiers (34)
[2017.07.18-14.21.31:917][949]LogModuleManager: Shutting down and abandoning module PropertyEditor (33)
[2017.07.18-14.21.31:917][949]LogModuleManager: Shutting down and abandoning module AudioEditor (30)
[2017.07.18-14.21.31:917][949]LogModuleManager: Shutting down and abandoning module TextureCompressor (28)
[2017.07.18-14.21.31:917][949]LogModuleManager: Shutting down and abandoning module ShaderCore (26)
[2017.07.18-14.21.31:917][949]LogModuleManager: Shutting down and abandoning module Landscape (24)
[2017.07.18-14.21.31:917][949]LogModuleManager: Shutting down and abandoning module SlateRHIRenderer (22)
[2017.07.18-14.21.31:929][949]LogModuleManager: Shutting down and abandoning module OpenGLDrv (20)
[2017.07.18-14.21.31:929][949]LogModuleManager: Shutting down and abandoning module D3D11RHI (18)
[2017.07.18-14.21.31:929][949]LogModuleManager: Shutting down and abandoning module AnimGraphRuntime (16)
[2017.07.18-14.21.31:929][949]LogModuleManager: Shutting down and abandoning module Renderer (14)
[2017.07.18-14.21.31:929][949]LogModuleManager: Shutting down and abandoning module Engine (12)
[2017.07.18-14.21.31:929][949]LogModuleManager: Shutting down and abandoning module CoreUObject (10)
[2017.07.18-14.21.31:929][949]LogModuleManager: Shutting down and abandoning module NetworkFile (8)
[2017.07.18-14.21.31:929][949]LogModuleManager: Shutting down and abandoning module StreamingFile (6)
[2017.07.18-14.21.31:929][949]LogModuleManager: Shutting down and abandoning module SandboxFile (4)
[2017.07.18-14.21.31:929][949]LogModuleManager: Shutting down and abandoning module PakFile (2)
[2017.07.18-14.21.31:931][949]LogExit: Exiting.
[2017.07.18-14.21.31:954][949]Log file closed, 07/18/17 23:21:31
