Log file open, 07/10/17 18:01:27
LogInit:Display: Running engine for game: FPSGame
LogPlatformFile: Not using cached read wrapper
LogInit:Display: RandInit(-264642681) SRandInit(-264642681).
LogTaskGraph: Started task graph with 5 named threads and 6 total threads with 1 sets of task threads.
LogStats: Stats thread started at 0.092952
LogInit: Using libcurl 7.47.1
LogInit:  - built for x86_64-pc-win32
LogInit:  - supports SSL with OpenSSL/1.0.2g
LogInit:  - supports HTTP deflate (compression) using libz 1.2.8
LogInit:  - other features:
LogInit:      CURL_VERSION_SSL
LogInit:      CURL_VERSION_LIBZ
LogInit:      CURL_VERSION_IPV6
LogInit:      CURL_VERSION_ASYNCHDNS
LogInit:      CURL_VERSION_LARGEFILE
LogInit:      CURL_VERSION_IDN
LogInit:  CurlRequestOptions (configurable via config and command line):
LogInit:  - bVerifyPeer = false  - Libcurl will NOT verify peer certificate
LogInit:  - bUseHttpProxy = false  - Libcurl will NOT use HTTP proxy
LogInit:  - bDontReuseConnections = false  - Libcurl will reuse connections
LogInit:  - CertBundlePath = nullptr  - Libcurl will use whatever was configured at build time.
LogInit: Build: ++UE4+Release-4.16-CL-3514769
LogInit: Engine Version: 4.16.2-3514769+++UE4+Release-4.16
LogInit: Compatible Engine Version: 4.16.0-3452394+++UE4+Release-4.16
LogInit: Net CL: 3452394
LogDevObjectVersion: Number of dev versions registered: 16
LogDevObjectVersion:   Dev-Blueprints (B0D832E4-1F89-4F0D-ACCF-7EB736FD4AA2): 9
LogDevObjectVersion:   Dev-Build (E1C64328-A22C-4D53-A36C-8E866417BD8C): 0
LogDevObjectVersion:   Dev-Core (375EC13C-06E4-48FB-B500-84F0262A717E): 2
LogDevObjectVersion:   Dev-Editor (E4B068ED-F494-42E9-A231-DA0B2E46BB41): 17
LogDevObjectVersion:   Dev-Framework (CFFC743F-43B0-4480-9391-14DF171D2073): 23
LogDevObjectVersion:   Dev-Mobile (B02B49B5-BB20-44E9-A304-32B752E40360): 0
LogDevObjectVersion:   Dev-Networking (A4E4105C-59A1-49B5-A7C5-40C4547EDFEE): 0
LogDevObjectVersion:   Dev-Online (39C831C9-5AE6-47DC-9A44-9C173E1C8E7C): 0
LogDevObjectVersion:   Dev-Physics (78F01B33-EBEA-4F98-B9B4-84EACCB95AA2): 0
LogDevObjectVersion:   Dev-Platform (6631380F-2D4D-43E0-8009-CF276956A95A): 0
LogDevObjectVersion:   Dev-Rendering (12F88B9F-8875-4AFC-A67C-D90C383ABD29): 15
LogDevObjectVersion:   Dev-Sequencer (7B5AE74C-D270-4C10-A958-57980B212A5A): 4
LogDevObjectVersion:   Dev-VR (D7296918-1DD6-4BDD-9DE2-64A83CC13884): 0
LogDevObjectVersion:   Dev-LoadTimes (C2A15278-BFE7-4AFE-6C17-90FF531DF755): 1
LogDevObjectVersion:   Private-Geometry (6EACA3D4-40EC-4CC1-B786-8BED09428FC5): 1
LogDevObjectVersion:   Dev-AnimPhys (29E575DD-E0A3-4627-9D10-D276232CDCEA): 3
LogInit: Compiled (64-bit): Jun 29 2017 02:03:24
LogInit: Compiled with Visual C++: 19.00.24215.01
LogInit: Build Configuration: Development
LogInit: Branch Name: ++UE4+Release-4.16
LogInit: Command line: -EpicPortal 
LogInit: Base directory: C:/Program Files/Epic Games/UE_4.16/Engine/Binaries/Win64/
LogInit: Installed Engine Build: 1
LogInit: Presizing for max 8388607 objects, including 0 objects not considered by GC, pre-allocating 0 bytes for permanent pool.
LogInit: Object subsystem initialized
[2017.07.10-09.01.27:991][  0]LogInit: Selected Device Profile: [Windows]
[2017.07.10-09.01.27:991][  0]LogInit: Applying CVar settings loaded from the selected device profile: [Windows]
[2017.07.10-09.01.28:082][  0]LogInit: Computer: LEEJIU
[2017.07.10-09.01.28:082][  0]LogInit: User: LEEJIU
[2017.07.10-09.01.28:082][  0]LogInit: CPU Page size=4096, Cores=2
[2017.07.10-09.01.28:082][  0]LogInit: High frequency timer resolution =2.435883 MHz
[2017.07.10-09.01.28:083][  0]LogMemory: Memory total: Physical=7.9GB (8GB approx)
[2017.07.10-09.01.28:083][  0]LogMemory: Platform Memory Stats for Windows
[2017.07.10-09.01.28:083][  0]LogMemory: Process Physical Memory: 272.73 MB used, 272.73 MB peak
[2017.07.10-09.01.28:083][  0]LogMemory: Process Virtual Memory: 258.31 MB used, 258.31 MB peak
[2017.07.10-09.01.28:083][  0]LogMemory: Physical Memory: 2737.57 MB used,  5361.83 MB free, 8099.39 MB total
[2017.07.10-09.01.28:083][  0]LogMemory: Virtual Memory: 633.96 MB used,  5361.83 MB free, 134217728.00 MB total
[2017.07.10-09.01.28:194][  0]LogInit: Using OS detected language (ko-KR).
[2017.07.10-09.01.28:194][  0]LogInit: Using OS detected locale (ko-KR).
[2017.07.10-09.01.28:197][  0]LogTextLocalizationManager: No specific localization for 'ko-KR' exists, so the 'ko' localization will be used.
[2017.07.10-09.01.29:359][  0]LogD3D11RHI: D3D11 adapters:
[2017.07.10-09.01.29:445][  0]LogD3D11RHI:    0. 'Intel(R) HD Graphics 3000' (Feature Level 11_0)
[2017.07.10-09.01.29:445][  0]LogD3D11RHI:       32/0/1632 MB DedicatedVideo/DedicatedSystem/SharedSystem, Outputs:2, VendorId:0x8086
[2017.07.10-09.01.29:505][  0]LogD3D11RHI:    1. 'NVIDIA GeForce GT 635M' (Feature Level 11_0)
[2017.07.10-09.01.29:505][  0]LogD3D11RHI:       2000/0/4049 MB DedicatedVideo/DedicatedSystem/SharedSystem, Outputs:0, VendorId:0x10de
[2017.07.10-09.01.29:509][  0]LogD3D11RHI:    2. 'Microsoft Basic Render Driver' (Feature Level 11_0)
[2017.07.10-09.01.29:510][  0]LogD3D11RHI:       0/0/4049 MB DedicatedVideo/DedicatedSystem/SharedSystem, Outputs:0, VendorId:0x1414
[2017.07.10-09.01.29:510][  0]LogD3D11RHI: Chosen D3D11 Adapter: 1
[2017.07.10-09.01.29:518][  0]LogD3D11RHI: Creating new Direct3DDevice
[2017.07.10-09.01.29:518][  0]LogD3D11RHI:     GPU DeviceId: 0x124d (for the marketing name, search the web for "GPU Device Id")
[2017.07.10-09.01.29:518][  0]LogWindows: EnumDisplayDevices:
[2017.07.10-09.01.29:518][  0]LogWindows:    0. 'Intel(R) HD Graphics 3000' (P:1 D:1)
[2017.07.10-09.01.29:519][  0]LogWindows:    1. 'Intel(R) HD Graphics 3000' (P:0 D:1)
[2017.07.10-09.01.29:519][  0]LogWindows:    2. 'NVIDIA GeForce GT 635M' (P:0 D:0)
[2017.07.10-09.01.29:519][  0]LogWindows: DebugString: PrimaryIsNotTheChoosenAdapter PrimaryIsNotTheChoosenAdapter 
[2017.07.10-09.01.29:519][  0]LogD3D11RHI:     Adapter Name: NVIDIA GeForce GT 635M
[2017.07.10-09.01.29:519][  0]LogD3D11RHI:   Driver Version: 382.05 (internal:22.21.13.8205, unified:382.05)
[2017.07.10-09.01.29:519][  0]LogD3D11RHI:      Driver Date: 5-1-2017
[2017.07.10-09.01.29:519][  0]LogRHI: Texture pool is 1361 MB (70% of 1945 MB)
[2017.07.10-09.01.29:576][  0]LogD3D11RHI:Display: Timestamp queries are currently disabled on this hardware due to instability. Realtime GPU stats will not be available. You can override this behaviour by setting r.NVIDIATimestampWorkaround to 0
[2017.07.10-09.01.29:576][  0]LogD3D11RHI: Async texture creation enabled
[2017.07.10-09.01.29:590][  0]LogD3D11RHI: GPU Timing Frequency: 1000.000000 (Debug: 2 1)
[2017.07.10-09.01.29:591][  0]LogShaderCompilers: Guid format shader working directory is 25 characters bigger than the processId version (D:/UnrealStudy/FPSGame/Intermediate/Shaders/WorkingDirectory/2920/).
[2017.07.10-09.01.29:591][  0]LogShaderCompilers: Cleaned the shader compiler working directory 'C:/Users/LEEJIU/AppData/Local/Temp/UnrealShaderWorkingDir/CDCFC3184A4ED8B2A4FBE6B8EB007583/'.
[2017.07.10-09.01.29:591][  0]LogShaderCompilers:Display: Using Local Shader Compiler.
[2017.07.10-09.01.31:566][  0]LogTemp:Display: Loaded TP AllDesktopTargetPlatform
[2017.07.10-09.01.31:654][  0]LogTemp:Display: Loaded TP MacClientTargetPlatform
[2017.07.10-09.01.31:747][  0]LogTemp:Display: Loaded TP MacNoEditorTargetPlatform
[2017.07.10-09.01.31:881][  0]LogTemp:Display: Loaded TP MacServerTargetPlatform
[2017.07.10-09.01.32:028][  0]LogTemp:Display: Loaded TP MacTargetPlatform
[2017.07.10-09.01.32:184][  0]LogTemp:Display: Loaded TP WindowsClientTargetPlatform
[2017.07.10-09.01.32:310][  0]LogTemp:Display: Loaded TP WindowsNoEditorTargetPlatform
[2017.07.10-09.01.32:406][  0]LogTemp:Display: Loaded TP WindowsServerTargetPlatform
[2017.07.10-09.01.32:485][  0]LogTemp:Display: Loaded TP WindowsTargetPlatform
[2017.07.10-09.01.32:568][  0]LogTemp:Display: Loaded TP AndroidTargetPlatform
[2017.07.10-09.01.32:654][  0]LogTemp:Display: Loaded TP Android_ASTCTargetPlatform
[2017.07.10-09.01.32:742][  0]LogTemp:Display: Loaded TP Android_ATCTargetPlatform
[2017.07.10-09.01.32:869][  0]LogTemp:Display: Loaded TP Android_DXTTargetPlatform
[2017.07.10-09.01.32:975][  0]LogTemp:Display: Loaded TP Android_ETC1TargetPlatform
[2017.07.10-09.01.33:082][  0]LogTemp:Display: Loaded TP Android_ETC2TargetPlatform
[2017.07.10-09.01.33:274][  0]LogTemp:Display: Loaded TP Android_MultiTargetPlatform
[2017.07.10-09.01.33:274][  0]LogTemp:Display: Loaded TP Android_PVRTCTargetPlatform
[2017.07.10-09.01.33:384][  0]LogTemp:Display: Loaded TP HTML5TargetPlatform
[2017.07.10-09.01.33:561][  0]LogTemp:Display: Loaded TP IOSTargetPlatform
[2017.07.10-09.01.33:619][  0]LogTemp:Display: Loaded TP TVOSTargetPlatform
[2017.07.10-09.01.33:726][  0]LogTemp:Display: Loaded TP LinuxClientTargetPlatform
[2017.07.10-09.01.33:814][  0]LogTemp:Display: Loaded TP LinuxNoEditorTargetPlatform
[2017.07.10-09.01.33:912][  0]LogTemp:Display: Loaded TP LinuxServerTargetPlatform
[2017.07.10-09.01.34:023][  0]LogTemp:Display: Loaded TP LinuxTargetPlatform
[2017.07.10-09.01.34:023][  0]LogTargetPlatformManager:Display: Building Assets For Windows
[2017.07.10-09.01.35:001][  0]LogDerivedDataCache:Display: Max Cache Size: 512 MB
[2017.07.10-09.01.35:144][  0]LogDerivedDataCache: Loaded boot cache 0.14s 90MB C:/Users/LEEJIU/AppData/Local/UnrealEngine/4.16/DerivedDataCache/Boot.ddc.
[2017.07.10-09.01.35:144][  0]LogDerivedDataCache:Display: Loaded Boot cache: C:/Users/LEEJIU/AppData/Local/UnrealEngine/4.16/DerivedDataCache/Boot.ddc
[2017.07.10-09.01.35:144][  0]LogDerivedDataCache: FDerivedDataBackendGraph:  Pak pak cache file D:/UnrealStudy/FPSGame/DerivedDataCache/DDC.ddp not found, will not use a pak cache.
[2017.07.10-09.01.35:144][  0]LogDerivedDataCache: Unable to find inner node Pak for hierarchical cache Hierarchy.
[2017.07.10-09.01.35:145][  0]LogDerivedDataCache: FDerivedDataBackendGraph:  CompressedPak pak cache file D:/UnrealStudy/FPSGame/DerivedDataCache/Compressed.ddp not found, will not use a pak cache.
[2017.07.10-09.01.35:145][  0]LogDerivedDataCache: Unable to find inner node CompressedPak for hierarchical cache Hierarchy.
[2017.07.10-09.01.35:170][  0]LogDerivedDataCache:Display: Pak cache opened for reading ../../../Engine/DerivedDataCache/Compressed.ddp.
[2017.07.10-09.01.35:183][  0]LogDerivedDataCache: Using Local data cache path C:/Users/LEEJIU/AppData/Local/UnrealEngine/Common/DerivedDataCache: Writable
[2017.07.10-09.01.35:201][  0]LogMaterial: Verifying Global Shaders for PCD3D_SM5
[2017.07.10-09.01.35:201][  0]LogSlate: Using Freetype 2.6.0
[2017.07.10-09.01.35:202][  0]LogSlate: SlateFontCache - WITH_FREETYPE: 1, WITH_HARFBUZZ: 1
[2017.07.10-09.01.35:202][  0]LogSlate: SlateFontCache - WITH_FREETYPE: 1, WITH_HARFBUZZ: 1
[2017.07.10-09.01.36:256][  0]LogInit: Selected Device Profile: [Windows]
[2017.07.10-09.01.36:377][  0]LogContentStreaming: Texture pool size is 0.00 MB
[2017.07.10-09.01.36:691][  0]LogMeshUtilities: Using QuadricMeshReduction for automatic static mesh reduction
[2017.07.10-09.01.36:758][  0]LogSimplygon: Simplygon DLL not present - disabling.
[2017.07.10-09.01.36:843][  0]LogMeshUtilities: Using SimplygonSwarm for distributed automatic mesh merging
[2017.07.10-09.01.36:843][  0]LogMeshUtilities: No automatic skeletal mesh reduction module available
[2017.07.10-09.01.36:843][  0]LogMeshUtilities: No automatic mesh merging module available
[2017.07.10-09.01.37:830][  0]LogNetVersion: FPSGame , NetCL: 3452394, EngineNetVer: 2, GameNetVer: 0 (Checksum: 786042405)
[2017.07.10-09.01.37:941][  0]LogAssetRegistry: FAssetRegistry took 0.0298 seconds to start up
[2017.07.10-09.01.38:104][  0]LogPackageLocalizationCache: Processed 4 localized package path(s) for 2 prioritized culture(s) in 0.103167 seconds
[2017.07.10-09.01.38:117][  0]LogUObjectArray: 34194 objects as part of root set at end of initial load.
[2017.07.10-09.01.38:117][  0]LogUObjectAllocator: 7260416 out of 0 bytes used by permanent object pool.
[2017.07.10-09.01.38:117][  0]LogUObjectArray: CloseDisregardForGC: 0/0 objects in disregard for GC pool
[2017.07.10-09.01.38:274][  0]LogInit: WinSock: version 1.1 (2.2), MaxSocks=32767, MaxUdp=65467
[2017.07.10-09.01.42:846][  0]LogTcpMessaging: Initializing TcpMessaging bridge
[2017.07.10-09.01.42:914][  0]LogUdpMessaging: Initializing bridge on interface 0.0.0.0:0 to multicast group 230.0.0.1:6666.
[2017.07.10-09.01.44:228][  0]LogMaterial: Uniform references updated for custom material expression Custom.
[2017.07.10-09.01.45:022][  0]SourceControl: 정보 소스 콘트롤이 꺼졌습니다.
[2017.07.10-09.01.45:094][  0]SourceControl: 정보 소스 콘트롤이 꺼졌습니다.
[2017.07.10-09.01.45:206][  0]SourceControl: 정보 소스 콘트롤이 꺼졌습니다.
[2017.07.10-09.01.45:296][  0]SourceControl: 정보 소스 콘트롤이 꺼졌습니다.
[2017.07.10-09.01.46:764][  0]LogAndroidPermission: UAndroidPermissionCallbackProxy::GetInstance
[2017.07.10-09.01.47:969][  0]LogEngine: Initializing Engine...
[2017.07.10-09.01.47:969][  0]LogHMD: Failed to initialize OpenVR with code 110
[2017.07.10-09.01.48:328][  0]LogStats: UGameplayTagsManager::ConstructGameplayTagTree: Construct from data asset -  0.000 s
[2017.07.10-09.01.48:328][  0]LogStats: UGameplayTagsManager::ConstructGameplayTagTree: GameplayTagTreeChangedEvent.Broadcast -  0.000 s
[2017.07.10-09.01.48:595][  0]LogAIModule: Creating AISystem for world Untitled
[2017.07.10-09.01.48:605][  0]LogInit: XAudio2 using '스피커(High Definition Audio 장치)' : 2 channels at 44.1 kHz using 16 bits per sample (channel mask 0x3)
[2017.07.10-09.01.48:635][  0]LogInit: FAudioDevice initialized.
[2017.07.10-09.01.48:732][  0]LogDerivedDataCache: Saved boot cache 0.10s 90MB C:/Users/LEEJIU/AppData/Local/UnrealEngine/4.16/DerivedDataCache/Boot.ddc.
[2017.07.10-09.01.48:763][  0]LogInit: Texture streaming: Enabled
[2017.07.10-09.01.49:009][  0]LogEngineSessionManager: EngineSessionManager initialized
[2017.07.10-09.01.49:498][  0]LogInit: Transaction tracking system initialized
[2017.07.10-09.01.50:418][  0]BlueprintLog: New page: 에디터 로드
[2017.07.10-09.01.53:194][  0]LocalizationService: 정보 현지화 서비스가 비활성화되었습니다.
[2017.07.10-09.01.54:741][  0]LogConsoleResponse:Display: 
[2017.07.10-09.01.55:330][  0]LogCook:Display: Max memory allowance for cook 16384mb min free memory 0mb
[2017.07.10-09.01.55:330][  0]LogCook:Display: Mobile HDR setting 1
[2017.07.10-09.01.55:508][  0]LogFileCache: Scanning file cache for directory 'D:/UnrealStudy/FPSGame/Content/' took 0.03s
[2017.07.10-09.01.57:991][  0]SourceControl: 정보 소스 콘트롤이 꺼졌습니다.
[2017.07.10-09.01.57:992][  0]Cmd: MAP LOAD FILE="D:/UnrealStudy/FPSGame/Content/FPSMap.umap" TEMPLATE=0 SHOWPROGRESS=1 FEATURELEVEL=3
[2017.07.10-09.01.57:992][  0]LogEditorServer:Warning: Can't find file 'D:/UnrealStudy/FPSGame/Content/FPSMap.umap'
[2017.07.10-09.01.57:992][  0]Cmd: MAP CHECKDEP NOCLEARLOG
[2017.07.10-09.01.58:073][  0]MapCheck: 정보 맵 체크 완료: 오류 0 회, 경고 0 회, 소요 시간 81.239ms.
[2017.07.10-09.01.58:073][  0]LogFileHelpers: Loading map 'FPSMap' took 0.082
[2017.07.10-09.01.58:401][  0]LogCollectionManager: Loaded 0 collections in 0.002988 seconds
[2017.07.10-09.01.58:583][  0]LogFileCache: Scanning file cache for directory 'D:/UnrealStudy/FPSGame/Saved/Collections/' took 0.01s
[2017.07.10-09.01.58:583][  0]LogFileCache: Scanning file cache for directory 'D:/UnrealStudy/FPSGame/Content/Developers/LEEJIU/Collections/' took 0.01s
[2017.07.10-09.01.58:583][  0]LogFileCache: Scanning file cache for directory 'D:/UnrealStudy/FPSGame/Content/Collections/' took 0.01s
[2017.07.10-09.01.58:583][  0]LogCollectionManager: Rebuilt the GUID cache for 0 collections in 0.000002 seconds
[2017.07.10-09.01.58:604][  0]LogContentBrowser: Native class hierarchy populated in 0.0190 seconds. Added 2331 classes and 493 folders.
[2017.07.10-09.01.58:748][  0]LogContentBrowser: Native class hierarchy updated for 'WidgetCarousel' in 0.0043 seconds. Added 0 classes and 0 folders.
[2017.07.10-09.01.59:535][  0]LogContentBrowser: Native class hierarchy updated for 'AddContentDialog' in 0.0032 seconds. Added 0 classes and 0 folders.
[2017.07.10-09.01.59:629][  0]LogContentBrowser: Native class hierarchy updated for 'SceneOutliner' in 0.0031 seconds. Added 1 classes and 2 folders.
[2017.07.10-09.01.59:821][  0]LogCrashTracker: Crashtracker disabled due to settings.
[2017.07.10-09.01.59:837][  0]LogSlate: Took 0.001115 seconds to synchronously load lazily loaded font '../../../Engine/Content/Slate/Fonts/Roboto-Regular.ttf' (155K)
[2017.07.10-09.01.59:853][  0]LogSlate: Took 0.013837 seconds to synchronously load lazily loaded font '../../../Engine/Content/Slate/Fonts/NanumGothic.ttf' (4243K)
[2017.07.10-09.01.59:857][  0]LogSlate: Took 0.000431 seconds to synchronously load lazily loaded font '../../../Engine/Content/Slate/Fonts/Roboto-Bold.ttf' (160K)
[2017.07.10-09.01.59:884][  0]LogSlate: Took 0.011399 seconds to synchronously load lazily loaded font '../../../Engine/Content/Editor/Slate/Fonts/FontAwesome.ttf' (139K)
[2017.07.10-09.02.00:287][  0]LogRenderer: Reallocating scene render targets to support 828x372 NumSamples 1 (Frame:1).
[2017.07.10-09.02.00:575][  0]LogUObjectGlobals:Warning: 'Class 없음.' 오브젝트를 찾는 데 실패했습니다.
[2017.07.10-09.02.00:685][  0]LogContentBrowser: Native class hierarchy updated for 'HierarchicalLODOutliner' in 0.0044 seconds. Added 1 classes and 2 folders.
[2017.07.10-09.02.00:685][  0]LogLoad: (Engine Initialization) Total time: 39.56 seconds
[2017.07.10-09.02.00:686][  0]LogLoad: (Engine Initialization) Total Blueprint compile time: 0.10 seconds
[2017.07.10-09.02.00:686][  0]LogExternalProfiler: Found external profiler: VSPerf
[2017.07.10-09.02.00:686][  0]LogExternalProfiler: Using external profiler: VSPerf
[2017.07.10-09.02.01:038][  0]LogOcInput: OculusInput pre-init called
[2017.07.10-09.02.01:038][  0]LogHMD: Starting GearVRController plugin
[2017.07.10-09.02.01:067][  0]LogContentStreaming: Texture pool size now 1000 MB
[2017.07.10-09.02.01:701][  2]LogAssetRegistry: Asset discovery search completed in 23.7825 seconds
[2017.07.10-09.02.01:703][  2]LogCollectionManager: Rebuilt the object cache for 0 collections in 0.000001 seconds (found 0 objects)
[2017.07.10-09.02.01:703][  2]LogCollectionManager: Fixed up redirectors for 0 collections in 0.000048 seconds (updated 0 objects)
[2017.07.10-09.02.05:402][ 13]LogSlate: Took 0.007380 seconds to synchronously load lazily loaded font '../../../Engine/Content/Slate/Fonts/Roboto-Light.ttf' (159K)
[2017.07.10-09.07.50:900][ 71]LogRenderer: Reallocating scene render targets to support 1168x652 NumSamples 1 (Frame:36).
[2017.07.10-09.07.52:918][141]LogEditorViewport: Clicking Background
[2017.07.10-09.08.13:634][421]LogEditorViewport: Clicking Background
[2017.07.10-09.08.16:675][537]LogEditorViewport: Clicking Background
[2017.07.10-09.08.51:045][923]LogEditorViewport: Clicking Background
[2017.07.10-09.09.10:728][ 24]LogEditorViewport: Clicking Background
[2017.07.10-09.09.10:932][ 24]LogEditorViewport: Clicking Background
[2017.07.10-09.09.11:240][ 28]LogEditorViewport: Clicking Background
[2017.07.10-09.09.11:315][ 28]LogEditorViewport: Clicking Background
[2017.07.10-09.09.11:621][ 41]LogEditorViewport: Clicking Background
[2017.07.10-09.09.21:718][139]LogEditorViewport: Clicking Background
[2017.07.10-09.09.22:135][156]LogEditorViewport: Clicking Background
[2017.07.10-09.09.22:211][156]LogEditorViewport: Clicking Background
[2017.07.10-09.09.22:474][167]LogEditorViewport: Clicking Background
[2017.07.10-09.09.23:896][197]LogSlate: Took 0.000227 seconds to synchronously load lazily loaded font '../../../Engine/Content/Slate/Fonts/Roboto-Light.ttf' (159K)
[2017.07.10-09.09.24:602][197]LogSlate: Took 0.000261 seconds to synchronously load lazily loaded font '../../../Engine/Content/Slate/Fonts/Roboto-Regular.ttf' (155K)
[2017.07.10-09.09.25:141][197]LogContentBrowser: Native class hierarchy updated for 'BlueprintGraph' in 0.0055 seconds. Added 112 classes and 0 folders.
[2017.07.10-09.09.31:924][280]LogSlate: Took 0.009057 seconds to synchronously load lazily loaded font '../../../Engine/Content/Editor/Slate/Fonts/Roboto-BoldCondensed.ttf' (158K)
[2017.07.10-09.09.38:939][458]LogAIModule: Creating AISystem for world FPSMap
[2017.07.10-09.09.39:047][458]Cmd: MAP LOAD FILE="D:/UnrealStudy/FPSGame/Content/Maps/FPSMap.umap" TEMPLATE=0 SHOWPROGRESS=1 FEATURELEVEL=3
[2017.07.10-09.09.39:047][458]LightingResults: New page: 라이팅 빌드
[2017.07.10-09.09.39:156][458]LogContentBrowser: Native class hierarchy updated for 'StatsViewer' in 0.0045 seconds. Added 5 classes and 0 folders.
[2017.07.10-09.09.39:158][458]LoadErrors: New page: 맵 로드중: FPSMap.umap
[2017.07.10-09.09.39:159][458]MapCheck: New page: 맵 체크
[2017.07.10-09.09.39:159][458]LightingResults: New page: 라이팅 빌드
[2017.07.10-09.09.39:228][458]LogEditorServer: Finished looking for orphan Actors (0.000 secs)
[2017.07.10-09.09.39:340][458]Cmd: MAP CHECKDEP NOCLEARLOG
[2017.07.10-09.09.39:466][458]MapCheck: 정보 맵 체크 완료: 오류 0 회, 경고 0 회, 소요 시간 126.201ms.
[2017.07.10-09.09.39:467][458]LogFileHelpers: Loading map 'FPSMap' took 0.422
[2017.07.10-09.09.46:316][644]LogTemp: Repeting last play command: 선택된 뷰포트
[2017.07.10-09.09.46:751][644]LogPlayLevel: PlayLevel: No blueprints needed recompiling
[2017.07.10-09.09.46:754][644]PIE: New page: PIE 세션: FPSMap (2017. 7. 11. 오전 3:09:46)
[2017.07.10-09.09.46:754][644]LogPlayLevel: Creating play world package: /Game/Maps/UEDPIE_0_FPSMap
[2017.07.10-09.09.46:759][644]LogPlayLevel: PIE: StaticDuplicateObject took: (0.005509s)
[2017.07.10-09.09.46:761][644]LogAIModule: Creating AISystem for world FPSMap
[2017.07.10-09.09.46:762][644]LogPlayLevel: PIE: World Init took: (0.002226s)
[2017.07.10-09.09.46:762][644]LogPlayLevel: PIE: Created PIE world by copying editor world from /Game/Maps/FPSMap.FPSMap to /Game/Maps/UEDPIE_0_FPSMap.FPSMap (0.008257s)
[2017.07.10-09.09.46:803][644]LogInit: XAudio2 using '스피커(High Definition Audio 장치)' : 2 channels at 48 kHz using 16 bits per sample (channel mask 0x3)
[2017.07.10-09.09.46:812][644]LogInit: FAudioDevice initialized.
[2017.07.10-09.09.46:870][644]LogLoad: Game class is 'BP_FPSProjectGameMode_C'
[2017.07.10-09.09.46:872][644]LogWorld: Bringing World /Game/Maps/UEDPIE_0_FPSMap.FPSMap up for play (max tick rate 60) at 2017.07.10-18.09.46
[2017.07.10-09.09.46:872][644]LogWorld: Bringing up level for play took: 0.001192
[2017.07.10-09.09.46:983][644]LogContentBrowser: Native class hierarchy updated for 'MovieSceneCapture' in 0.0040 seconds. Added 11 classes and 0 folders.
[2017.07.10-09.09.46:989][644]PIE: 정보 /Game/Maps/UEDPIE_0_FPSMap 에 대한 에디터에서 플레이 시작 시간: -0.285
[2017.07.10-09.10.21:548][ 24]LogEditorViewport: Clicking on Actor (LMB): BP_Sky_Sphere_C (Sky Sphere)
[2017.07.10-09.10.23:504][ 56]LogEditorViewport: Clicking on Actor (LMB): BP_Sky_Sphere_C (Sky Sphere)
[2017.07.10-09.11.34:239][487]LogSlate: Only BGRA pngs, bmps or icos are supported in by External Image Picker
[2017.07.10-09.11.35:988][491]LogTemp: Executing iPhonePackager certificates Engine -bundlename com.YourCompany.FPSGame
[2017.07.10-09.11.35:989][491]LogTemp: CWD: C:\Program Files\Epic Games\UE_4.16\Engine\Binaries\DotNET\IOS
[2017.07.10-09.11.35:989][491]LogTemp: Initial Dir: C:\Program Files\Epic Games\UE_4.16
[2017.07.10-09.11.35:989][491]LogTemp: Env CWD: C:\Program Files\Epic Games\UE_4.16\Engine\Binaries\DotNET\IOS
[2017.07.10-09.11.35:989][491]LogTemp: BranchPath = LEEJIU/C/Program Files/Epic Games/UE_4.16/Engine/Binaries --- GameBranchPath = LEEJIU/C/Program Files/Epic Games/UE_4.16/Engine/Binaries
[2017.07.10-09.11.36:100][493]LogTemp: IPP ERROR: Could not find provision directory 'C:\Users\LEEJIU\AppData\Local/Apple Computer/MobileDevice/Provisioning Profiles/'.
[2017.07.10-09.16.10:836][190]Running C:/Program Files/Epic Games/UE_4.16/Engine/Binaries/DotNET/UnrealBuildTool.exe  -projectfiles -project="D:/UnrealStudy/FPSGame/FPSGame.uproject" -game -rocket -progress
[2017.07.10-09.16.11:440][190]Discovering modules, targets and source code for project...
[2017.07.10-09.16.28:165][190]LogVSAccessor:Warning: Couldn't access Visual Studio
[2017.07.10-09.16.28:194][190]Candidate modules for hot reload:
[2017.07.10-09.16.28:194][190]  FPSGame
[2017.07.10-09.16.28:194][190]Launching UnrealBuildTool... [C:/Program Files/Epic Games/UE_4.16/Engine/Binaries/DotNET/UnrealBuildTool.exe FPSGame -ModuleWithSuffix FPSGame 6956 Win64 Development -editorrecompile -canskiplink "D:/UnrealStudy/FPSGame/FPSGame.uproject" ]
[2017.07.10-09.17.24:870][190]CompilerResultsLog: New page: 컴파일 - 2017. 7. 11. 오전 3:17:24
[2017.07.10-09.17.24:870][190]CompilerResultsLog: 정보 Compiling game modules for hot reload
[2017.07.10-09.17.24:870][190]CompilerResultsLog: 정보 Parsing headers for FPSGameEditor
[2017.07.10-09.17.24:870][190]CompilerResultsLog: 정보   Running UnrealHeaderTool "D:\UnrealStudy\FPSGame\FPSGame.uproject" "D:\UnrealStudy\FPSGame\Intermediate\Build\Win64\FPSGameEditor\Development\FPSGameEditor.uhtmanifest" -LogCmds="loginit warning, logexit warning, logdatabase error" -Unattended -WarningsAsErrors -installed
[2017.07.10-09.17.24:870][190]CompilerResultsLog: 정보 Reflection code generated for FPSGameEditor in 8.5721498 seconds
[2017.07.10-09.17.24:870][190]CompilerResultsLog: 정보 Performing 4 actions (2 in parallel)
[2017.07.10-09.17.24:870][190]CompilerResultsLog: 정보 FPSGame.generated.cpp
[2017.07.10-09.17.24:870][190]CompilerResultsLog: 정보 FPSProjectile.cpp
[2017.07.10-09.17.24:870][190]CompilerResultsLog: 정보 [3/4] Link UE4Editor-FPSGame-6956.dll
[2017.07.10-09.17.24:870][190]CompilerResultsLog: 정보 [4/4] Link UE4Editor-FPSGame-6956.lib
[2017.07.10-09.17.24:870][190]CompilerResultsLog: 정보    D:\UnrealStudy\FPSGame\Intermediate\Build\Win64\UE4Editor\Development\UE4Editor-FPSGame-6956.lib ???̺귯?? ?? D:\UnrealStudy\FPSGame\Intermediate\Build\Win64\UE4Editor\Development\UE4Editor-FPSGame-6956.exp ??ü?? ?????ϰ? ?ֽ??ϴ?.
[2017.07.10-09.17.24:871][190]CompilerResultsLog: 정보    D:\UnrealStudy\FPSGame\Intermediate\Build\Win64\UE4Editor\Development\UE4Editor-FPSGame-6956.suppressed.lib ???̺귯?? ?? D:\UnrealStudy\FPSGame\Intermediate\Build\Win64\UE4Editor\Development\UE4Editor-FPSGame-6956.suppressed.exp ??ü?? ?????ϰ? ?ֽ??ϴ?.
[2017.07.10-09.17.24:871][190]CompilerResultsLog: 정보 Total build time: 56.13 seconds (Local executor: 11.50 seconds)
[2017.07.10-09.17.24:871][190]LogMainFrame: MainFrame: Module compiling took 56.705 seconds
[2017.07.10-09.17.25:131][190]LogClass: Could not find existing class FPSProjectile in package /Script/FPSGame for HotReload, assuming new class
[2017.07.10-09.17.25:143][190]LogContentBrowser: Native class hierarchy updated for 'FPSGame' in 0.0049 seconds. Added 3 classes and 2 folders.
[2017.07.10-09.17.25:146][190]Display: HotReload successful (4 functions remapped  0 scriptstructs remapped)
[2017.07.10-09.17.25:941][190]LogContentBrowser: Native class hierarchy populated in 0.0300 seconds. Added 2334 classes and 497 folders.
[2017.07.10-09.17.25:948][190]Display: HotReload took 57.8s.
[2017.07.10-09.17.25:950][190]Warning: HotReload operation took 57.8s.
[2017.07.10-09.17.26:143][190]LogHotReload: New module detected: UE4Editor-FPSGame-6956.dll
[2017.07.10-09.17.26:589][191]LogHotReload: Starting Hot-Reload from IDE
[2017.07.10-09.17.27:069][191]LogContentBrowser: Native class hierarchy updated for 'FPSGame' in 0.0085 seconds. Added 3 classes and 2 folders.
[2017.07.10-09.17.27:075][191]Display: HotReload successful (0 functions remapped  0 scriptstructs remapped)
[2017.07.10-09.17.28:234][191]LogContentBrowser: Native class hierarchy populated in 0.0326 seconds. Added 2334 classes and 497 folders.
[2017.07.10-09.17.28:242][191]Display: HotReload took  1.7s.
[2017.07.10-09.17.58:103][308]LogVSAccessor:Warning: Couldn't goto line number '0' in 'D:/UnrealStudy/FPSGame/Source/FPSGame/FPSProjectile.h'
[2017.07.10-09.17.59:782][308]LogVSAccessor:Warning: Couldn't goto line number '0' in 'D:/UnrealStudy/FPSGame/Source/FPSGame/FPSProjectile.cpp'
[2017.07.10-09.59.45:741][789]LogWindowsTextInputMethodSystem:Display: IME system now activated using TSF (Microsoft 입력기).
[2017.07.10-09.59.46:314][790]Cmd: QUIT_EDITOR
[2017.07.10-09.59.47:281][790]LogExit: Preparing to exit.
[2017.07.10-09.59.48:570][790]LogExit: Editor shut down
[2017.07.10-09.59.48:621][790]LogExit: Transaction tracking system shut down
[2017.07.10-09.59.48:911][790]LogObj: Freed 0b from 0 cluster array pools.
[2017.07.10-09.59.48:913][790]LogExit: Object subsystem successfully closed.
[2017.07.10-09.59.48:977][790]LogD3D11RHI: Shutdown
[2017.07.10-09.59.48:977][790]LogD3D11RHI: CleanupD3DDevice
[2017.07.10-09.59.49:172][790]LogD3D11RHI: ~FD3D11DynamicRHI
[2017.07.10-09.59.49:217][790]LogModuleManager: Shutting down and abandoning module FPSGame (536)
[2017.07.10-09.59.49:217][790]LogModuleManager: Shutting down and abandoning module ExternalImagePicker (534)
[2017.07.10-09.59.49:217][790]LogModuleManager: Shutting down and abandoning module MovieSceneCapture (532)
[2017.07.10-09.59.49:217][790]LogModuleManager: Shutting down and abandoning module StatsViewer (530)
[2017.07.10-09.59.49:217][790]LogModuleManager: Shutting down and abandoning module BlueprintGraph (528)
[2017.07.10-09.59.49:217][790]LogModuleManager: Shutting down and abandoning module BlueprintProfiler (526)
[2017.07.10-09.59.49:219][790]LogModuleManager: Shutting down and abandoning module HierarchicalLODOutliner (524)
[2017.07.10-09.59.49:219][790]LogModuleManager: Shutting down and abandoning module CrashTracker (522)
[2017.07.10-09.59.49:219][790]LogModuleManager: Shutting down and abandoning module SceneOutliner (520)
[2017.07.10-09.59.49:220][790]LogModuleManager: Shutting down and abandoning module AddContentDialog (518)
[2017.07.10-09.59.49:221][790]LogDirectoryWatcher: A directory notification for 'C:/Program Files/Epic Games/UE_4.16/FeaturePacks/' was aborted.
[2017.07.10-09.59.49:234][790]LogModuleManager: Shutting down and abandoning module WidgetCarousel (517)
[2017.07.10-09.59.49:234][790]LogModuleManager: Shutting down and abandoning module EditorWidgets (514)
[2017.07.10-09.59.49:234][790]LogModuleManager: Shutting down and abandoning module CollectionManager (512)
[2017.07.10-09.59.49:234][790]LogDirectoryWatcher: A directory notification for 'D:/UnrealStudy/FPSGame/Content/Collections/' was aborted.
[2017.07.10-09.59.49:234][790]LogDirectoryWatcher: A directory notification for 'D:/UnrealStudy/FPSGame/Content/Developers/LEEJIU/Collections/' was aborted.
[2017.07.10-09.59.49:235][790]LogDirectoryWatcher: A directory notification for 'D:/UnrealStudy/FPSGame/Saved/Collections/' was aborted.
[2017.07.10-09.59.49:235][790]LogModuleManager: Shutting down and abandoning module FoliageEdit (510)
[2017.07.10-09.59.49:235][790]LogModuleManager: Shutting down and abandoning module LandscapeEditor (508)
[2017.07.10-09.59.49:235][790]LogModuleManager: Shutting down and abandoning module MeshPaintMode (506)
[2017.07.10-09.59.49:235][790]LogModuleManager: Shutting down and abandoning module SceneDepthPickerMode (504)
[2017.07.10-09.59.49:235][790]LogModuleManager: Shutting down and abandoning module ActorPickerMode (502)
[2017.07.10-09.59.49:235][790]LogModuleManager: Shutting down and abandoning module GeometryMode (500)
[2017.07.10-09.59.49:235][790]LogModuleManager: Shutting down and abandoning module TextureAlignMode (498)
[2017.07.10-09.59.49:235][790]LogModuleManager: Shutting down and abandoning module BspMode (496)
[2017.07.10-09.59.49:235][790]LogModuleManager: Shutting down and abandoning module HardwareSurvey (494)
[2017.07.10-09.59.49:235][790]LogModuleManager: Shutting down and abandoning module SequenceRecorderSections (492)
[2017.07.10-09.59.49:235][790]LogModuleManager: Shutting down and abandoning module AutomationWorker (490)
[2017.07.10-09.59.49:236][790]LogModuleManager: Shutting down and abandoning module MatineeToLevelSequence (488)
[2017.07.10-09.59.49:236][790]LogModuleManager: Shutting down and abandoning module LevelSequenceEditor (486)
[2017.07.10-09.59.49:236][790]LogModuleManager: Shutting down and abandoning module PlacementMode (485)
[2017.07.10-09.59.49:236][790]LogModuleManager: Shutting down and abandoning module WmfMediaFactory (482)
[2017.07.10-09.59.49:236][790]LogModuleManager: Shutting down and abandoning module WmfMediaEditor (480)
[2017.07.10-09.59.49:236][790]LogModuleManager: Shutting down and abandoning module AvfMediaFactory (478)
[2017.07.10-09.59.49:236][790]LogModuleManager: Shutting down and abandoning module AvfMediaEditor (476)
[2017.07.10-09.59.49:236][790]LogModuleManager: Shutting down and abandoning module AndroidMediaFactory (474)
[2017.07.10-09.59.49:236][790]LogModuleManager: Shutting down and abandoning module Media (473)
[2017.07.10-09.59.49:236][790]LogModuleManager: Shutting down and abandoning module AndroidMediaEditor (470)
[2017.07.10-09.59.49:236][790]LogModuleManager: Shutting down and abandoning module CharacterAI (468)
[2017.07.10-09.59.49:236][790]LogModuleManager: Shutting down and abandoning module AudioCapture (466)
[2017.07.10-09.59.49:236][790]LogModuleManager: Shutting down and abandoning module SequenceRecorder (465)
[2017.07.10-09.59.49:236][790]LogModuleManager: Shutting down and abandoning module SmartSnapping (462)
[2017.07.10-09.59.49:236][790]LogModuleManager: Shutting down and abandoning module SessionServices (460)
[2017.07.10-09.59.49:236][790]LogModuleManager: Shutting down and abandoning module ViewportSnapping (458)
[2017.07.10-09.59.49:236][790]LogModuleManager: Shutting down and abandoning module ViewportInteraction (456)
[2017.07.10-09.59.49:236][790]LogModuleManager: Shutting down and abandoning module ClothPainter (454)
[2017.07.10-09.59.49:236][790]LogModuleManager: Shutting down and abandoning module LogVisualizer (452)
[2017.07.10-09.59.49:237][790]LogModuleManager: Shutting down and abandoning module IntroTutorials (450)
[2017.07.10-09.59.49:237][790]LogModuleManager: Shutting down and abandoning module GameProjectGeneration (449)
[2017.07.10-09.59.49:238][790]LogModuleManager: Shutting down and abandoning module EditorLiveStreaming (446)
[2017.07.10-09.59.49:238][790]LogModuleManager: Shutting down and abandoning module IOSPlatformEditor (444)
[2017.07.10-09.59.49:238][790]LogModuleManager: Shutting down and abandoning module HTML5PlatformEditor (442)
[2017.07.10-09.59.49:238][790]LogModuleManager: Shutting down and abandoning module AndroidPlatformEditor (440)
[2017.07.10-09.59.49:238][790]LogModuleManager: Shutting down and abandoning module AndroidDeviceDetection (439)
[2017.07.10-09.59.50:071][790]LogModuleManager: Shutting down and abandoning module IOSRuntimeSettings (436)
[2017.07.10-09.59.50:071][790]LogModuleManager: Shutting down and abandoning module AndroidRuntimeSettings (434)
[2017.07.10-09.59.50:071][790]LogModuleManager: Shutting down and abandoning module InputBindingEditor (432)
[2017.07.10-09.59.50:072][790]LogModuleManager: Shutting down and abandoning module MergeActors (430)
[2017.07.10-09.59.50:072][790]LogModuleManager: Shutting down and abandoning module SizeMap (428)
[2017.07.10-09.59.50:072][790]LogModuleManager: Shutting down and abandoning module TreeMap (426)
[2017.07.10-09.59.50:072][790]LogModuleManager: Shutting down and abandoning module ReferenceViewer (424)
[2017.07.10-09.59.50:072][790]LogModuleManager: Shutting down and abandoning module LocalizationDashboard (422)
[2017.07.10-09.59.50:072][790]LogModuleManager: Shutting down and abandoning module LocalizationService (421)
[2017.07.10-09.59.50:072][790]LogModuleManager: Shutting down and abandoning module HardwareTargeting (418)
[2017.07.10-09.59.50:072][790]LogModuleManager: Shutting down and abandoning module DeviceProfileEditor (416)
[2017.07.10-09.59.50:072][790]LogModuleManager: Shutting down and abandoning module UndoHistory (414)
[2017.07.10-09.59.50:073][790]LogModuleManager: Shutting down and abandoning module UserFeedback (412)
[2017.07.10-09.59.50:073][790]LogModuleManager: Shutting down and abandoning module XmlParser (410)
[2017.07.10-09.59.50:073][790]LogModuleManager: Shutting down and abandoning module Blutility (408)
[2017.07.10-09.59.50:073][790]LogModuleManager: Shutting down and abandoning module ProjectSettingsViewer (406)
[2017.07.10-09.59.50:073][790]LogModuleManager: Shutting down and abandoning module ProjectTargetPlatformEditor (405)
[2017.07.10-09.59.50:075][790]LogModuleManager: Shutting down and abandoning module EditorSettingsViewer (402)
[2017.07.10-09.59.50:075][790]LogModuleManager: Shutting down and abandoning module SettingsEditor (400)
[2017.07.10-09.59.50:075][790]LogModuleManager: Shutting down and abandoning module ProjectLauncher (398)
[2017.07.10-09.59.50:075][790]LogModuleManager: Shutting down and abandoning module SessionFrontend (396)
[2017.07.10-09.59.50:075][790]LogModuleManager: Shutting down and abandoning module ProfilerClient (394)
[2017.07.10-09.59.50:076][790]LogModuleManager: Shutting down and abandoning module DeviceManager (392)
[2017.07.10-09.59.50:076][790]LogModuleManager: Shutting down and abandoning module TargetDeviceServices (391)
[2017.07.10-09.59.50:129][790]LogModuleManager: Shutting down and abandoning module AutomationController (388)
[2017.07.10-09.59.50:129][790]LogModuleManager: Shutting down and abandoning module AutomationWindow (386)
[2017.07.10-09.59.50:129][790]LogModuleManager: Shutting down and abandoning module Layers (384)
[2017.07.10-09.59.50:129][790]LogModuleManager: Shutting down and abandoning module ComponentVisualizers (382)
[2017.07.10-09.59.50:129][790]LogModuleManager: Shutting down and abandoning module DetailCustomizations (380)
[2017.07.10-09.59.50:129][790]LogModuleManager: Shutting down and abandoning module PackagesDialog (378)
[2017.07.10-09.59.50:129][790]LogModuleManager: Shutting down and abandoning module Persona (376)
[2017.07.10-09.59.50:129][790]LogModuleManager: Shutting down and abandoning module AdvancedPreviewScene (375)
[2017.07.10-09.59.50:129][790]LogModuleManager: Shutting down and abandoning module AnimGraph (373)
[2017.07.10-09.59.50:129][790]LogModuleManager: Shutting down and abandoning module Kismet (370)
[2017.07.10-09.59.50:148][790]LogModuleManager: Shutting down and abandoning module ClassViewer (368)
[2017.07.10-09.59.50:154][790]LogModuleManager: Shutting down and abandoning module Toolbox (366)
[2017.07.10-09.59.50:154][790]LogModuleManager: Shutting down and abandoning module ModuleUI (364)
[2017.07.10-09.59.50:154][790]LogModuleManager: Shutting down and abandoning module MovieSceneTools (362)
[2017.07.10-09.59.50:155][790]LogModuleManager: Shutting down and abandoning module OutputLog (360)
[2017.07.10-09.59.50:155][790]LogModuleManager: Shutting down and abandoning module GammaUI (358)
[2017.07.10-09.59.50:155][790]LogModuleManager: Shutting down and abandoning module Documentation (356)
[2017.07.10-09.59.50:155][790]LogModuleManager: Shutting down and abandoning module MovieSceneTracks (354)
[2017.07.10-09.59.50:155][790]LogModuleManager: Shutting down and abandoning module MovieScene (352)
[2017.07.10-09.59.50:155][790]LogModuleManager: Shutting down and abandoning module Niagara (350)
[2017.07.10-09.59.50:155][790]LogModuleManager: Shutting down and abandoning module NiagaraEditor (349)
[2017.07.10-09.59.50:155][790]LogModuleManager: Shutting down and abandoning module StreamingPauseRendering (346)
[2017.07.10-09.59.50:155][790]LogModuleManager: Shutting down and abandoning module AnalyticsET (344)
[2017.07.10-09.59.50:155][790]LogModuleManager: Shutting down and abandoning module PortalServices (342)
[2017.07.10-09.59.50:155][790]LogModuleManager: Shutting down and abandoning module PortalRpc (340)
[2017.07.10-09.59.50:156][790]LogModuleManager: Shutting down and abandoning module MessagingRpc (338)
[2017.07.10-09.59.50:156][790]LogModuleManager: Shutting down and abandoning module AIModule (336)
[2017.07.10-09.59.50:156][790]LogModuleManager: Shutting down and abandoning module GameplayDebugger (335)
[2017.07.10-09.59.50:156][790]LogModuleManager: Shutting down and abandoning module AITestSuite (333)
[2017.07.10-09.59.50:156][790]LogModuleManager: Shutting down and abandoning module ProfilerService (330)
[2017.07.10-09.59.50:293][790]LogModuleManager: Shutting down and abandoning module TaskGraph (328)
[2017.07.10-09.59.50:293][790]LogModuleManager: Shutting down and abandoning module SteamVRController (326)
[2017.07.10-09.59.50:293][790]LogModuleManager: Shutting down and abandoning module SteamVR (324)
[2017.07.10-09.59.50:293][790]LogModuleManager: Shutting down and abandoning module ProceduralMeshComponentEditor (322)
[2017.07.10-09.59.50:293][790]LogModuleManager: Shutting down and abandoning module ProceduralMeshComponent (320)
[2017.07.10-09.59.50:293][790]LogModuleManager: Shutting down and abandoning module OculusLibrary (318)
[2017.07.10-09.59.50:293][790]LogModuleManager: Shutting down and abandoning module OculusInput (316)
[2017.07.10-09.59.50:293][790]LogModuleManager: Shutting down and abandoning module MobilePatchingUtils (314)
[2017.07.10-09.59.50:293][790]LogModuleManager: Shutting down and abandoning module CustomMeshComponent (312)
[2017.07.10-09.59.50:293][790]LogModuleManager: Shutting down and abandoning module CableComponent (310)
[2017.07.10-09.59.50:293][790]LogModuleManager: Shutting down and abandoning module ArchVisCharacter (308)
[2017.07.10-09.59.50:293][790]LogModuleManager: Shutting down and abandoning module AndroidPermission (306)
[2017.07.10-09.59.50:293][790]LogModuleManager: Shutting down and abandoning module MediaPlayerEditor (302)
[2017.07.10-09.59.50:294][790]LogModuleManager: Shutting down and abandoning module HTML5Networking (300)
[2017.07.10-09.59.50:294][790]LogModuleManager: Shutting down and abandoning module AlembicImporter (298)
[2017.07.10-09.59.50:294][790]LogModuleManager: Shutting down and abandoning module AlembicLibrary (297)
[2017.07.10-09.59.50:294][790]LogModuleManager: Shutting down and abandoning module GeometryCache (296)
[2017.07.10-09.59.50:294][790]LogModuleManager: Shutting down and abandoning module GeometryCacheEd (295)
[2017.07.10-09.59.50:294][790]LogModuleManager: Shutting down and abandoning module SuperSearchEditor (290)
[2017.07.10-09.59.50:294][790]LogModuleManager: Shutting down and abandoning module SuperSearch (289)
[2017.07.10-09.59.50:294][790]LogModuleManager: Shutting down and abandoning module SpeedTreeImporter (286)
[2017.07.10-09.59.50:294][790]LogModuleManager: Shutting down and abandoning module PluginBrowser (284)
[2017.07.10-09.59.50:294][790]LogModuleManager: Shutting down and abandoning module MobileLauncherProfileWizard (282)
[2017.07.10-09.59.50:294][790]LogModuleManager: Shutting down and abandoning module VisualStudioSourceCodeAccess (280)
[2017.07.10-09.59.50:294][790]LogModuleManager: Shutting down and abandoning module DesktopPlatform (279)
[2017.07.10-09.59.50:294][790]LogModuleManager: Shutting down and abandoning module UObjectPlugin (276)
[2017.07.10-09.59.50:294][790]LogModuleManager: Shutting down and abandoning module SubversionSourceControl (274)
[2017.07.10-09.59.50:294][790]LogModuleManager: Shutting down and abandoning module PerforceSourceControl (272)
[2017.07.10-09.59.50:294][790]LogModuleManager: Shutting down and abandoning module GitSourceControl (270)
[2017.07.10-09.59.50:294][790]LogModuleManager: Shutting down and abandoning module SourceControl (269)
[2017.07.10-09.59.50:294][790]LogModuleManager: Shutting down and abandoning module LightPropagationVolumeEditor (266)
[2017.07.10-09.59.50:294][790]LogModuleManager: Shutting down and abandoning module PaperTiledImporter (264)
[2017.07.10-09.59.50:294][790]LogModuleManager: Shutting down and abandoning module PaperSpriteSheetImporter (262)
[2017.07.10-09.59.50:294][790]LogModuleManager: Shutting down and abandoning module Paper2DEditor (260)
[2017.07.10-09.59.50:294][790]LogModuleManager: Shutting down and abandoning module MeshPaint (259)
[2017.07.10-09.59.50:294][790]LogModuleManager: Shutting down and abandoning module LevelEditor (257)
[2017.07.10-09.59.50:297][790]LogModuleManager: Shutting down and abandoning module PixelInspectorModule (256)
[2017.07.10-09.59.50:297][790]LogModuleManager: Shutting down and abandoning module MainFrame (254)
[2017.07.10-09.59.50:297][790]LogModuleManager: Shutting down and abandoning module HotReload (253)
[2017.07.10-09.59.50:297][790]LogDirectoryWatcher: A directory notification for 'D:/UnrealStudy/FPSGame/Binaries/Win64' was aborted.
[2017.07.10-09.59.50:299][790]LogModuleManager: Shutting down and abandoning module PhysXVehiclesEditor (246)
[2017.07.10-09.59.50:299][790]LogModuleManager: Shutting down and abandoning module PhysXVehicles (244)
[2017.07.10-09.59.50:299][790]LogModuleManager: Shutting down and abandoning module LocationServicesBPLibrary (242)
[2017.07.10-09.59.50:299][790]LogModuleManager: Shutting down and abandoning module ImmediatePhysicsEditor (240)
[2017.07.10-09.59.50:299][790]LogModuleManager: Shutting down and abandoning module ImmediatePhysics (238)
[2017.07.10-09.59.50:299][790]LogModuleManager: Shutting down and abandoning module UdpMessaging (236)
[2017.07.10-09.59.50:400][790]LogModuleManager: Shutting down and abandoning module TcpMessaging (234)
[2017.07.10-09.59.50:500][790]LogModuleManager: Shutting down and abandoning module GameplayTagsEditor (232)
[2017.07.10-09.59.50:500][790]LogModuleManager: Shutting down and abandoning module FacialAnimationEditor (230)
[2017.07.10-09.59.50:500][790]LogModuleManager: Shutting down and abandoning module FacialAnimation (228)
[2017.07.10-09.59.50:500][790]LogModuleManager: Shutting down and abandoning module AssetManagerEditor (226)
[2017.07.10-09.59.50:501][790]LogModuleManager: Shutting down and abandoning module GraphEditor (225)
[2017.07.10-09.59.50:501][790]LogModuleManager: Shutting down and abandoning module ContentBrowser (223)
[2017.07.10-09.59.50:505][790]LogModuleManager: Shutting down and abandoning module LightPropagationVolumeRuntime (220)
[2017.07.10-09.59.50:505][790]LogModuleManager: Shutting down and abandoning module Paper2D (218)
[2017.07.10-09.59.50:505][790]LogModuleManager: Shutting down and abandoning module WindowsMoviePlayer (216)
[2017.07.10-09.59.50:505][790]LogModuleManager: Shutting down and abandoning module WmfMedia (214)
[2017.07.10-09.59.50:506][790]LogModuleManager: Shutting down and abandoning module ClothingSystemEditor (212)
[2017.07.10-09.59.50:506][790]LogModuleManager: Shutting down and abandoning module ClothingSystemRuntime (210)
[2017.07.10-09.59.50:506][790]LogModuleManager: Shutting down and abandoning module MediaAssets (208)
[2017.07.10-09.59.50:506][790]LogModuleManager: Shutting down and abandoning module GameLiveStreaming (206)
[2017.07.10-09.59.50:506][790]LogModuleManager: Shutting down and abandoning module VREditor (204)
[2017.07.10-09.59.50:507][790]LogModuleManager: Shutting down and abandoning module StringTableEditor (202)
[2017.07.10-09.59.50:507][790]LogModuleManager: Shutting down and abandoning module GameplayTasksEditor (200)
[2017.07.10-09.59.50:507][790]LogModuleManager: Shutting down and abandoning module BehaviorTreeEditor (198)
[2017.07.10-09.59.50:507][790]LogModuleManager: Shutting down and abandoning module FunctionalTesting (196)
[2017.07.10-09.59.50:507][790]LogModuleManager: Shutting down and abandoning module CollisionAnalyzer (194)
[2017.07.10-09.59.50:508][790]LogModuleManager: Shutting down and abandoning module UMG (192)
[2017.07.10-09.59.50:508][790]LogModuleManager: Shutting down and abandoning module UMGEditor (191)
[2017.07.10-09.59.50:508][790]LogModuleManager: Shutting down and abandoning module Sequencer (190)
[2017.07.10-09.59.50:509][790]LogModuleManager: Shutting down and abandoning module AssetTools (188)
[2017.07.10-09.59.50:509][790]LogModuleManager: Shutting down and abandoning module MessageLog (187)
[2017.07.10-09.59.50:509][790]LogModuleManager: Shutting down and abandoning module WorkspaceMenuStructure (186)
[2017.07.10-09.59.50:509][790]LogModuleManager: Shutting down and abandoning module SlateReflector (180)
[2017.07.10-09.59.50:509][790]LogModuleManager: Shutting down and abandoning module Slate (178)
[2017.07.10-09.59.50:509][790]LogModuleManager: Shutting down and abandoning module EditorStyle (176)
[2017.07.10-09.59.50:525][790]LogModuleManager: Shutting down and abandoning module SourceCodeAccess (174)
[2017.07.10-09.59.50:525][790]LogModuleManager: Shutting down and abandoning module HeadMountedDisplay (172)
[2017.07.10-09.59.50:525][790]LogModuleManager: Shutting down and abandoning module XAudio2 (170)
[2017.07.10-09.59.50:525][790]LogModuleManager: Shutting down and abandoning module Networking (168)
[2017.07.10-09.59.50:525][790]LogModuleManager: Shutting down and abandoning module Core (164)
[2017.07.10-09.59.50:525][790]LogModuleManager: Shutting down and abandoning module AssetRegistry (162)
[2017.07.10-09.59.50:779][790]LogDirectoryWatcher: A directory notification for '../../../Engine/Content/' was aborted.
[2017.07.10-09.59.50:779][790]LogDirectoryWatcher: A directory notification for 'D:/UnrealStudy/FPSGame/Content/' was aborted.
[2017.07.10-09.59.50:779][790]LogDirectoryWatcher: A directory notification for '../../../Engine/Plugins/2D/Paper2D/Content/' was aborted.
[2017.07.10-09.59.50:779][790]LogDirectoryWatcher: A directory notification for '../../../Engine/Plugins/Runtime/GearVR/Content/' was aborted.
[2017.07.10-09.59.50:793][790]LogModuleManager: Shutting down and abandoning module DirectoryWatcher (161)
[2017.07.10-09.59.50:806][790]LogModuleManager: Shutting down and abandoning module KismetCompiler (158)
[2017.07.10-09.59.50:806][790]LogModuleManager: Shutting down and abandoning module LevelSequence (156)
[2017.07.10-09.59.50:806][790]LogModuleManager: Shutting down and abandoning module PhysXFormats (154)
[2017.07.10-09.59.50:806][790]LogModuleManager: Shutting down and abandoning module MeshUtilities (152)
[2017.07.10-09.59.50:806][790]LogModuleManager: Shutting down and abandoning module SimplygonSwarm (151)
[2017.07.10-09.59.50:806][790]LogModuleManager: Shutting down and abandoning module SimplygonMeshReduction (149)
[2017.07.10-09.59.50:807][790]LogModuleManager: Shutting down and abandoning module QuadricMeshReduction (147)
[2017.07.10-09.59.50:807][790]LogModuleManager: Shutting down and abandoning module DerivedDataCache (144)
[2017.07.10-09.59.50:885][790]LogDerivedDataCache: Shutdown
[2017.07.10-09.59.50:885][790]LogModuleManager: Shutting down and abandoning module TargetPlatform (142)
[2017.07.10-09.59.50:886][790]LogModuleManager: Shutting down and abandoning module VulkanShaderFormat (141)
[2017.07.10-09.59.50:886][790]LogModuleManager: Shutting down and abandoning module ShaderFormatVectorVM (139)
[2017.07.10-09.59.50:886][790]LogModuleManager: Shutting down and abandoning module ShaderFormatOpenGL (137)
[2017.07.10-09.59.50:886][790]LogModuleManager: Shutting down and abandoning module ShaderFormatD3D (135)
[2017.07.10-09.59.50:886][790]LogModuleManager: Shutting down and abandoning module MetalShaderFormat (133)
[2017.07.10-09.59.50:886][790]LogModuleManager: Shutting down and abandoning module TextureFormatUncompressed (131)
[2017.07.10-09.59.50:887][790]LogModuleManager: Shutting down and abandoning module TextureFormatPVR (129)
[2017.07.10-09.59.50:887][790]LogModuleManager: Shutting down and abandoning module TextureFormatDXT (127)
[2017.07.10-09.59.50:887][790]LogModuleManager: Shutting down and abandoning module TextureFormatIntelISPCTexComp (125)
[2017.07.10-09.59.50:887][790]LogModuleManager: Shutting down and abandoning module TextureFormatASTC (123)
[2017.07.10-09.59.50:887][790]LogModuleManager: Shutting down and abandoning module ImageWrapper (122)
[2017.07.10-09.59.50:887][790]LogModuleManager: Shutting down and abandoning module TextureFormatAndroid (119)
[2017.07.10-09.59.50:887][790]LogModuleManager: Shutting down and abandoning module AudioFormatOpus (117)
[2017.07.10-09.59.50:888][790]LogModuleManager: Shutting down and abandoning module AudioFormatOgg (115)
[2017.07.10-09.59.50:888][790]LogModuleManager: Shutting down and abandoning module AudioFormatADPCM (113)
[2017.07.10-09.59.50:888][790]LogModuleManager: Shutting down and abandoning module LinuxTargetPlatform (111)
[2017.07.10-09.59.50:888][790]LogModuleManager: Shutting down and abandoning module LinuxServerTargetPlatform (109)
[2017.07.10-09.59.50:888][790]LogModuleManager: Shutting down and abandoning module LinuxNoEditorTargetPlatform (107)
[2017.07.10-09.59.50:888][790]LogModuleManager: Shutting down and abandoning module LinuxClientTargetPlatform (105)
[2017.07.10-09.59.50:888][790]LogModuleManager: Shutting down and abandoning module TVOSTargetPlatform (103)
[2017.07.10-09.59.50:888][790]LogModuleManager: Shutting down and abandoning module Messaging (101)
[2017.07.10-09.59.50:888][790]LogModuleManager: Shutting down and abandoning module IOSTargetPlatform (99)
[2017.07.10-09.59.50:888][790]LogModuleManager: Shutting down and abandoning module HTML5TargetPlatform (97)
[2017.07.10-09.59.50:888][790]LogModuleManager: Shutting down and abandoning module Android_PVRTCTargetPlatform (95)
[2017.07.10-09.59.50:888][790]LogModuleManager: Shutting down and abandoning module Android_MultiTargetPlatform (93)
[2017.07.10-09.59.50:888][790]LogModuleManager: Shutting down and abandoning module Android_ETC2TargetPlatform (91)
[2017.07.10-09.59.50:888][790]LogModuleManager: Shutting down and abandoning module Android_ETC1TargetPlatform (89)
[2017.07.10-09.59.50:889][790]LogModuleManager: Shutting down and abandoning module Android_DXTTargetPlatform (87)
[2017.07.10-09.59.50:889][790]LogModuleManager: Shutting down and abandoning module Android_ATCTargetPlatform (85)
[2017.07.10-09.59.50:889][790]LogModuleManager: Shutting down and abandoning module Android_ASTCTargetPlatform (83)
[2017.07.10-09.59.50:889][790]LogModuleManager: Shutting down and abandoning module AndroidTargetPlatform (81)
[2017.07.10-09.59.50:889][790]LogModuleManager: Shutting down and abandoning module WindowsTargetPlatform (79)
[2017.07.10-09.59.50:889][790]LogModuleManager: Shutting down and abandoning module WindowsServerTargetPlatform (77)
[2017.07.10-09.59.50:889][790]LogModuleManager: Shutting down and abandoning module WindowsNoEditorTargetPlatform (75)
[2017.07.10-09.59.50:889][790]LogModuleManager: Shutting down and abandoning module WindowsClientTargetPlatform (73)
[2017.07.10-09.59.50:889][790]LogModuleManager: Shutting down and abandoning module MacTargetPlatform (71)
[2017.07.10-09.59.50:889][790]LogModuleManager: Shutting down and abandoning module MacServerTargetPlatform (69)
[2017.07.10-09.59.50:889][790]LogModuleManager: Shutting down and abandoning module MacNoEditorTargetPlatform (67)
[2017.07.10-09.59.50:889][790]LogModuleManager: Shutting down and abandoning module MacClientTargetPlatform (65)
[2017.07.10-09.59.50:889][790]LogModuleManager: Shutting down and abandoning module AllDesktopTargetPlatform (63)
[2017.07.10-09.59.50:889][790]LogModuleManager: Shutting down and abandoning module InputCore (60)
[2017.07.10-09.59.50:890][790]LogModuleManager: Shutting down and abandoning module Settings (58)
[2017.07.10-09.59.50:890][790]LogModuleManager: Shutting down and abandoning module OculusRift (56)
[2017.07.10-09.59.50:890][790]LogModuleManager: Shutting down and abandoning module GearVRController (54)
[2017.07.10-09.59.50:890][790]LogModuleManager: Shutting down and abandoning module GearVR (52)
[2017.07.10-09.59.50:890][790]LogModuleManager: Shutting down and abandoning module ExampleDeviceProfileSelector (50)
[2017.07.10-09.59.50:890][790]LogModuleManager: Shutting down and abandoning module OnlineBlueprintSupport (48)
[2017.07.10-09.59.50:890][790]LogModuleManager: Shutting down and abandoning module OnlineSubsystem (44)
[2017.07.10-09.59.50:890][790]LogOnline:Display: Unloading online subsystem: NULL
[2017.07.10-09.59.50:890][790]LogModuleManager: Shutting down and abandoning module XMPP (43)
[2017.07.10-09.59.50:890][790]LogModuleManager: Shutting down and abandoning module HTTP (41)
[2017.07.10-09.59.50:890][790]LogHttp:Display: Http module shutting down, but needs to wait on 1 outstanding Http requests:
[2017.07.10-09.59.50:890][790]LogHttp:Display: 	verb=[POST] url=[https://datarouter.ol.epicgames.com/datarouter/api/v1/public/data?SessionID=%7B3F7A3E00-418C-7838-768D-988A81EBC1E7%7D&AppID=UEEditor.Rocket.Release&AppVersion=4.16.2-3514769%2B%2B%2BUE4%2BRelease-4.16&UserID=6309f6d84a95ae2fd4720a8936598cbb%7C47c8acbb412c4c59ac4a2cbb28f674b9%7Cc22bf75b-b27c-4543-aa8c-1a82ec03a7f1&AppEnvironment=datacollector-binary&UploadType=eteventstream] status=Processing
[2017.07.10-09.59.50:903][790]LogModuleManager: Shutting down and abandoning module SSL (40)
[2017.07.10-09.59.50:909][790]LogModuleManager: Shutting down and abandoning module HTTPChunkInstaller (36)
[2017.07.10-09.59.50:909][790]LogModuleManager: Shutting down and abandoning module AnimationModifiers (34)
[2017.07.10-09.59.50:909][790]LogModuleManager: Shutting down and abandoning module PropertyEditor (33)
[2017.07.10-09.59.50:909][790]LogModuleManager: Shutting down and abandoning module AudioEditor (30)
[2017.07.10-09.59.50:909][790]LogModuleManager: Shutting down and abandoning module TextureCompressor (28)
[2017.07.10-09.59.50:910][790]LogModuleManager: Shutting down and abandoning module ShaderCore (26)
[2017.07.10-09.59.50:910][790]LogModuleManager: Shutting down and abandoning module Landscape (24)
[2017.07.10-09.59.50:910][790]LogModuleManager: Shutting down and abandoning module SlateRHIRenderer (22)
[2017.07.10-09.59.50:953][790]LogModuleManager: Shutting down and abandoning module OpenGLDrv (20)
[2017.07.10-09.59.50:953][790]LogModuleManager: Shutting down and abandoning module D3D11RHI (18)
[2017.07.10-09.59.50:953][790]LogModuleManager: Shutting down and abandoning module AnimGraphRuntime (16)
[2017.07.10-09.59.50:953][790]LogModuleManager: Shutting down and abandoning module Renderer (14)
[2017.07.10-09.59.50:953][790]LogModuleManager: Shutting down and abandoning module Engine (12)
[2017.07.10-09.59.50:953][790]LogModuleManager: Shutting down and abandoning module CoreUObject (10)
[2017.07.10-09.59.50:953][790]LogModuleManager: Shutting down and abandoning module NetworkFile (8)
[2017.07.10-09.59.50:953][790]LogModuleManager: Shutting down and abandoning module StreamingFile (6)
[2017.07.10-09.59.50:953][790]LogModuleManager: Shutting down and abandoning module SandboxFile (4)
[2017.07.10-09.59.50:953][790]LogModuleManager: Shutting down and abandoning module PakFile (2)
[2017.07.10-09.59.50:956][790]LogExit: Exiting.
[2017.07.10-09.59.51:016][790]Log file closed, 07/10/17 18:59:51
