Log file open, 07/10/17 21:12:42
LogInit:Display: Running engine for game: FPSGame
LogPlatformFile: Not using cached read wrapper
LogInit:Display: RandInit(1932856455) SRandInit(1932856456).
LogTaskGraph: Started task graph with 5 named threads and 6 total threads with 1 sets of task threads.
LogStats: Stats thread started at 0.184049
LogInit: Using libcurl 7.47.1
LogInit:  - built for x86_64-pc-win32
LogInit:  - supports SSL with OpenSSL/1.0.2g
LogInit:  - supports HTTP deflate (compression) using libz 1.2.8
LogInit:  - other features:
LogInit:      CURL_VERSION_SSL
LogInit:      CURL_VERSION_LIBZ
LogInit:      CURL_VERSION_IPV6
LogInit:      CURL_VERSION_ASYNCHDNS
LogInit:      CURL_VERSION_LARGEFILE
LogInit:      CURL_VERSION_IDN
LogInit:  CurlRequestOptions (configurable via config and command line):
LogInit:  - bVerifyPeer = false  - Libcurl will NOT verify peer certificate
LogInit:  - bUseHttpProxy = false  - Libcurl will NOT use HTTP proxy
LogInit:  - bDontReuseConnections = false  - Libcurl will reuse connections
LogInit:  - CertBundlePath = nullptr  - Libcurl will use whatever was configured at build time.
LogInit: Build: ++UE4+Release-4.16-CL-3514769
LogInit: Engine Version: 4.16.2-3514769+++UE4+Release-4.16
LogInit: Compatible Engine Version: 4.16.0-3452394+++UE4+Release-4.16
LogInit: Net CL: 3452394
LogDevObjectVersion: Number of dev versions registered: 16
LogDevObjectVersion:   Dev-Blueprints (B0D832E4-1F89-4F0D-ACCF-7EB736FD4AA2): 9
LogDevObjectVersion:   Dev-Build (E1C64328-A22C-4D53-A36C-8E866417BD8C): 0
LogDevObjectVersion:   Dev-Core (375EC13C-06E4-48FB-B500-84F0262A717E): 2
LogDevObjectVersion:   Dev-Editor (E4B068ED-F494-42E9-A231-DA0B2E46BB41): 17
LogDevObjectVersion:   Dev-Framework (CFFC743F-43B0-4480-9391-14DF171D2073): 23
LogDevObjectVersion:   Dev-Mobile (B02B49B5-BB20-44E9-A304-32B752E40360): 0
LogDevObjectVersion:   Dev-Networking (A4E4105C-59A1-49B5-A7C5-40C4547EDFEE): 0
LogDevObjectVersion:   Dev-Online (39C831C9-5AE6-47DC-9A44-9C173E1C8E7C): 0
LogDevObjectVersion:   Dev-Physics (78F01B33-EBEA-4F98-B9B4-84EACCB95AA2): 0
LogDevObjectVersion:   Dev-Platform (6631380F-2D4D-43E0-8009-CF276956A95A): 0
LogDevObjectVersion:   Dev-Rendering (12F88B9F-8875-4AFC-A67C-D90C383ABD29): 15
LogDevObjectVersion:   Dev-Sequencer (7B5AE74C-D270-4C10-A958-57980B212A5A): 4
LogDevObjectVersion:   Dev-VR (D7296918-1DD6-4BDD-9DE2-64A83CC13884): 0
LogDevObjectVersion:   Dev-LoadTimes (C2A15278-BFE7-4AFE-6C17-90FF531DF755): 1
LogDevObjectVersion:   Private-Geometry (6EACA3D4-40EC-4CC1-B786-8BED09428FC5): 1
LogDevObjectVersion:   Dev-AnimPhys (29E575DD-E0A3-4627-9D10-D276232CDCEA): 3
LogInit: Compiled (64-bit): Jun 29 2017 02:03:24
LogInit: Compiled with Visual C++: 19.00.24215.01
LogInit: Build Configuration: Development
LogInit: Branch Name: ++UE4+Release-4.16
LogInit: Command line: -EpicPortal 
LogInit: Base directory: C:/Program Files/Epic Games/UE_4.16/Engine/Binaries/Win64/
LogInit: Installed Engine Build: 1
LogInit: Presizing for max 8388607 objects, including 0 objects not considered by GC, pre-allocating 0 bytes for permanent pool.
LogInit: Object subsystem initialized
[2017.07.10-12.12.44:166][  0]LogInit: Selected Device Profile: [Windows]
[2017.07.10-12.12.44:166][  0]LogInit: Applying CVar settings loaded from the selected device profile: [Windows]
[2017.07.10-12.12.44:220][  0]LogInit: Computer: LEEJIU
[2017.07.10-12.12.44:220][  0]LogInit: User: LEEJIU
[2017.07.10-12.12.44:220][  0]LogInit: CPU Page size=4096, Cores=2
[2017.07.10-12.12.44:220][  0]LogInit: High frequency timer resolution =2.435883 MHz
[2017.07.10-12.12.44:221][  0]LogMemory: Memory total: Physical=7.9GB (8GB approx)
[2017.07.10-12.12.44:221][  0]LogMemory: Platform Memory Stats for Windows
[2017.07.10-12.12.44:221][  0]LogMemory: Process Physical Memory: 273.17 MB used, 273.17 MB peak
[2017.07.10-12.12.44:221][  0]LogMemory: Process Virtual Memory: 266.35 MB used, 266.35 MB peak
[2017.07.10-12.12.44:221][  0]LogMemory: Physical Memory: 2901.27 MB used,  5198.12 MB free, 8099.39 MB total
[2017.07.10-12.12.44:221][  0]LogMemory: Virtual Memory: 641.96 MB used,  5198.12 MB free, 134217728.00 MB total
[2017.07.10-12.12.44:450][  0]LogInit: Using OS detected language (ko-KR).
[2017.07.10-12.12.44:450][  0]LogInit: Using OS detected locale (ko-KR).
[2017.07.10-12.12.44:459][  0]LogTextLocalizationManager: No specific localization for 'ko-KR' exists, so the 'ko' localization will be used.
[2017.07.10-12.12.46:534][  0]LogD3D11RHI: D3D11 adapters:
[2017.07.10-12.12.46:685][  0]LogD3D11RHI:    0. 'Intel(R) HD Graphics 3000' (Feature Level 11_0)
[2017.07.10-12.12.46:685][  0]LogD3D11RHI:       32/0/1632 MB DedicatedVideo/DedicatedSystem/SharedSystem, Outputs:2, VendorId:0x8086
[2017.07.10-12.12.46:795][  0]LogD3D11RHI:    1. 'NVIDIA GeForce GT 635M' (Feature Level 11_0)
[2017.07.10-12.12.46:795][  0]LogD3D11RHI:       2000/0/4049 MB DedicatedVideo/DedicatedSystem/SharedSystem, Outputs:0, VendorId:0x10de
[2017.07.10-12.12.46:802][  0]LogD3D11RHI:    2. 'Microsoft Basic Render Driver' (Feature Level 11_0)
[2017.07.10-12.12.46:802][  0]LogD3D11RHI:       0/0/4049 MB DedicatedVideo/DedicatedSystem/SharedSystem, Outputs:0, VendorId:0x1414
[2017.07.10-12.12.46:802][  0]LogD3D11RHI: Chosen D3D11 Adapter: 1
[2017.07.10-12.12.46:818][  0]LogD3D11RHI: Creating new Direct3DDevice
[2017.07.10-12.12.46:818][  0]LogD3D11RHI:     GPU DeviceId: 0x124d (for the marketing name, search the web for "GPU Device Id")
[2017.07.10-12.12.46:818][  0]LogWindows: EnumDisplayDevices:
[2017.07.10-12.12.46:818][  0]LogWindows:    0. 'Intel(R) HD Graphics 3000' (P:1 D:1)
[2017.07.10-12.12.46:819][  0]LogWindows:    1. 'Intel(R) HD Graphics 3000' (P:0 D:1)
[2017.07.10-12.12.46:820][  0]LogWindows:    2. 'NVIDIA GeForce GT 635M' (P:0 D:0)
[2017.07.10-12.12.46:820][  0]LogWindows: DebugString: PrimaryIsNotTheChoosenAdapter PrimaryIsNotTheChoosenAdapter 
[2017.07.10-12.12.46:820][  0]LogD3D11RHI:     Adapter Name: NVIDIA GeForce GT 635M
[2017.07.10-12.12.46:820][  0]LogD3D11RHI:   Driver Version: 382.05 (internal:22.21.13.8205, unified:382.05)
[2017.07.10-12.12.46:820][  0]LogD3D11RHI:      Driver Date: 5-1-2017
[2017.07.10-12.12.46:820][  0]LogRHI: Texture pool is 1361 MB (70% of 1945 MB)
[2017.07.10-12.12.46:916][  0]LogD3D11RHI:Display: Timestamp queries are currently disabled on this hardware due to instability. Realtime GPU stats will not be available. You can override this behaviour by setting r.NVIDIATimestampWorkaround to 0
[2017.07.10-12.12.46:916][  0]LogD3D11RHI: Async texture creation enabled
[2017.07.10-12.12.46:938][  0]LogD3D11RHI: GPU Timing Frequency: 1000.000000 (Debug: 2 1)
[2017.07.10-12.12.46:941][  0]LogShaderCompilers: Guid format shader working directory is 25 characters bigger than the processId version (D:/UnrealStudy/FPSGame/Intermediate/Shaders/WorkingDirectory/2452/).
[2017.07.10-12.12.46:941][  0]LogShaderCompilers: Cleaned the shader compiler working directory 'C:/Users/LEEJIU/AppData/Local/Temp/UnrealShaderWorkingDir/8C78C5024A43DC864E600A80768ACBA4/'.
[2017.07.10-12.12.46:941][  0]LogShaderCompilers:Display: Using Local Shader Compiler.
[2017.07.10-12.12.50:417][  0]LogTemp:Display: Loaded TP AllDesktopTargetPlatform
[2017.07.10-12.12.50:587][  0]LogTemp:Display: Loaded TP MacClientTargetPlatform
[2017.07.10-12.12.50:769][  0]LogTemp:Display: Loaded TP MacNoEditorTargetPlatform
[2017.07.10-12.12.50:949][  0]LogTemp:Display: Loaded TP MacServerTargetPlatform
[2017.07.10-12.12.51:127][  0]LogTemp:Display: Loaded TP MacTargetPlatform
[2017.07.10-12.12.51:312][  0]LogTemp:Display: Loaded TP WindowsClientTargetPlatform
[2017.07.10-12.12.51:489][  0]LogTemp:Display: Loaded TP WindowsNoEditorTargetPlatform
[2017.07.10-12.12.51:669][  0]LogTemp:Display: Loaded TP WindowsServerTargetPlatform
[2017.07.10-12.12.51:825][  0]LogTemp:Display: Loaded TP WindowsTargetPlatform
[2017.07.10-12.12.52:000][  0]LogTemp:Display: Loaded TP AndroidTargetPlatform
[2017.07.10-12.12.52:172][  0]LogTemp:Display: Loaded TP Android_ASTCTargetPlatform
[2017.07.10-12.12.52:340][  0]LogTemp:Display: Loaded TP Android_ATCTargetPlatform
[2017.07.10-12.12.52:505][  0]LogTemp:Display: Loaded TP Android_DXTTargetPlatform
[2017.07.10-12.12.52:678][  0]LogTemp:Display: Loaded TP Android_ETC1TargetPlatform
[2017.07.10-12.12.52:858][  0]LogTemp:Display: Loaded TP Android_ETC2TargetPlatform
[2017.07.10-12.12.53:211][  0]LogTemp:Display: Loaded TP Android_MultiTargetPlatform
[2017.07.10-12.12.53:211][  0]LogTemp:Display: Loaded TP Android_PVRTCTargetPlatform
[2017.07.10-12.12.53:356][  0]LogTemp:Display: Loaded TP HTML5TargetPlatform
[2017.07.10-12.12.53:628][  0]LogTemp:Display: Loaded TP IOSTargetPlatform
[2017.07.10-12.12.53:733][  0]LogTemp:Display: Loaded TP TVOSTargetPlatform
[2017.07.10-12.12.53:915][  0]LogTemp:Display: Loaded TP LinuxClientTargetPlatform
[2017.07.10-12.12.54:080][  0]LogTemp:Display: Loaded TP LinuxNoEditorTargetPlatform
[2017.07.10-12.12.54:246][  0]LogTemp:Display: Loaded TP LinuxServerTargetPlatform
[2017.07.10-12.12.54:423][  0]LogTemp:Display: Loaded TP LinuxTargetPlatform
[2017.07.10-12.12.54:423][  0]LogTargetPlatformManager:Display: Building Assets For Windows
[2017.07.10-12.12.56:192][  0]LogDerivedDataCache:Display: Max Cache Size: 512 MB
[2017.07.10-12.12.56:413][  0]LogDerivedDataCache: Loaded boot cache 0.22s 90MB C:/Users/LEEJIU/AppData/Local/UnrealEngine/4.16/DerivedDataCache/Boot.ddc.
[2017.07.10-12.12.56:413][  0]LogDerivedDataCache:Display: Loaded Boot cache: C:/Users/LEEJIU/AppData/Local/UnrealEngine/4.16/DerivedDataCache/Boot.ddc
[2017.07.10-12.12.56:413][  0]LogDerivedDataCache: FDerivedDataBackendGraph:  Pak pak cache file D:/UnrealStudy/FPSGame/DerivedDataCache/DDC.ddp not found, will not use a pak cache.
[2017.07.10-12.12.56:413][  0]LogDerivedDataCache: Unable to find inner node Pak for hierarchical cache Hierarchy.
[2017.07.10-12.12.56:413][  0]LogDerivedDataCache: FDerivedDataBackendGraph:  CompressedPak pak cache file D:/UnrealStudy/FPSGame/DerivedDataCache/Compressed.ddp not found, will not use a pak cache.
[2017.07.10-12.12.56:413][  0]LogDerivedDataCache: Unable to find inner node CompressedPak for hierarchical cache Hierarchy.
[2017.07.10-12.12.56:463][  0]LogDerivedDataCache:Display: Pak cache opened for reading ../../../Engine/DerivedDataCache/Compressed.ddp.
[2017.07.10-12.12.56:478][  0]LogDerivedDataCache: Using Local data cache path C:/Users/LEEJIU/AppData/Local/UnrealEngine/Common/DerivedDataCache: Writable
[2017.07.10-12.12.56:509][  0]LogMaterial: Verifying Global Shaders for PCD3D_SM5
[2017.07.10-12.12.56:509][  0]LogSlate: Using Freetype 2.6.0
[2017.07.10-12.12.56:510][  0]LogSlate: SlateFontCache - WITH_FREETYPE: 1, WITH_HARFBUZZ: 1
[2017.07.10-12.12.56:511][  0]LogSlate: SlateFontCache - WITH_FREETYPE: 1, WITH_HARFBUZZ: 1
[2017.07.10-12.12.58:108][  0]LogInit: Selected Device Profile: [Windows]
[2017.07.10-12.12.58:331][  0]LogContentStreaming: Texture pool size is 0.00 MB
[2017.07.10-12.12.58:884][  0]LogMeshUtilities: Using QuadricMeshReduction for automatic static mesh reduction
[2017.07.10-12.12.59:043][  0]LogSimplygon: Simplygon DLL not present - disabling.
[2017.07.10-12.12.59:226][  0]LogMeshUtilities: Using SimplygonSwarm for distributed automatic mesh merging
[2017.07.10-12.12.59:226][  0]LogMeshUtilities: No automatic skeletal mesh reduction module available
[2017.07.10-12.12.59:226][  0]LogMeshUtilities: No automatic mesh merging module available
[2017.07.10-12.13.00:992][  0]LogNetVersion: FPSGame , NetCL: 3452394, EngineNetVer: 2, GameNetVer: 0 (Checksum: 786042405)
[2017.07.10-12.13.01:147][  0]LogAssetRegistry: FAssetRegistry took 0.0345 seconds to start up
[2017.07.10-12.13.01:385][  0]LogPackageLocalizationCache: Processed 4 localized package path(s) for 2 prioritized culture(s) in 0.122293 seconds
[2017.07.10-12.13.01:404][  0]LogUObjectArray: 34194 objects as part of root set at end of initial load.
[2017.07.10-12.13.01:404][  0]LogUObjectAllocator: 7260424 out of 0 bytes used by permanent object pool.
[2017.07.10-12.13.01:404][  0]LogUObjectArray: CloseDisregardForGC: 0/0 objects in disregard for GC pool
[2017.07.10-12.13.01:670][  0]LogInit: WinSock: version 1.1 (2.2), MaxSocks=32767, MaxUdp=65467
[2017.07.10-12.13.09:596][  0]LogTcpMessaging: Initializing TcpMessaging bridge
[2017.07.10-12.13.09:714][  0]LogUdpMessaging: Initializing bridge on interface 0.0.0.0:0 to multicast group 230.0.0.1:6666.
[2017.07.10-12.13.11:653][  0]LogMaterial: Uniform references updated for custom material expression Custom.
[2017.07.10-12.13.13:049][  0]SourceControl: 정보 소스 콘트롤이 꺼졌습니다.
[2017.07.10-12.13.13:171][  0]SourceControl: 정보 소스 콘트롤이 꺼졌습니다.
[2017.07.10-12.13.13:342][  0]SourceControl: 정보 소스 콘트롤이 꺼졌습니다.
[2017.07.10-12.13.13:518][  0]SourceControl: 정보 소스 콘트롤이 꺼졌습니다.
[2017.07.10-12.13.16:092][  0]LogAndroidPermission: UAndroidPermissionCallbackProxy::GetInstance
[2017.07.10-12.13.18:263][  0]LogEngine: Initializing Engine...
[2017.07.10-12.13.18:264][  0]LogHMD: Failed to initialize OpenVR with code 110
[2017.07.10-12.13.18:841][  0]LogStats: UGameplayTagsManager::ConstructGameplayTagTree: Construct from data asset -  0.000 s
[2017.07.10-12.13.18:841][  0]LogStats: UGameplayTagsManager::ConstructGameplayTagTree: GameplayTagTreeChangedEvent.Broadcast -  0.000 s
[2017.07.10-12.13.19:309][  0]LogAIModule: Creating AISystem for world Untitled
[2017.07.10-12.13.19:328][  0]LogInit: XAudio2 using '스피커(High Definition Audio 장치)' : 2 channels at 48 kHz using 16 bits per sample (channel mask 0x3)
[2017.07.10-12.13.19:356][  0]LogInit: FAudioDevice initialized.
[2017.07.10-12.13.19:455][  0]LogDerivedDataCache: Saved boot cache 0.10s 90MB C:/Users/LEEJIU/AppData/Local/UnrealEngine/4.16/DerivedDataCache/Boot.ddc.
[2017.07.10-12.13.19:478][  0]LogInit: Texture streaming: Enabled
[2017.07.10-12.13.19:822][  0]LogEngineSessionManager: EngineSessionManager initialized
[2017.07.10-12.13.20:577][  0]LogInit: Transaction tracking system initialized
[2017.07.10-12.13.21:709][  0]BlueprintLog: New page: 에디터 로드
[2017.07.10-12.13.25:097][  0]LocalizationService: 정보 현지화 서비스가 비활성화되었습니다.
[2017.07.10-12.13.27:483][  0]LogConsoleResponse:Display: 
[2017.07.10-12.13.28:023][  0]LogCook:Display: Max memory allowance for cook 16384mb min free memory 0mb
[2017.07.10-12.13.28:023][  0]LogCook:Display: Mobile HDR setting 1
[2017.07.10-12.13.28:131][  0]LogFileCache: Scanning file cache for directory 'D:/UnrealStudy/FPSGame/Content/' took 0.02s
[2017.07.10-12.13.31:846][  0]SourceControl: 정보 소스 콘트롤이 꺼졌습니다.
[2017.07.10-12.13.31:846][  0]Cmd: MAP LOAD FILE="D:/UnrealStudy/FPSGame/Content/FPSMap.umap" TEMPLATE=0 SHOWPROGRESS=1 FEATURELEVEL=3
[2017.07.10-12.13.31:847][  0]LogEditorServer:Warning: Can't find file 'D:/UnrealStudy/FPSGame/Content/FPSMap.umap'
[2017.07.10-12.13.31:847][  0]Cmd: MAP CHECKDEP NOCLEARLOG
[2017.07.10-12.13.31:997][  0]MapCheck: 정보 맵 체크 완료: 오류 0 회, 경고 0 회, 소요 시간 149.607ms.
[2017.07.10-12.13.31:997][  0]LogFileHelpers: Loading map 'FPSMap' took 0.151
[2017.07.10-12.13.32:098][  0]LogWindowsTextInputMethodSystem:Display: IME system now activated using TSF (Microsoft 입력기).
[2017.07.10-12.13.32:455][  0]LogCollectionManager: Loaded 0 collections in 0.005043 seconds
[2017.07.10-12.13.32:662][  0]LogFileCache: Scanning file cache for directory 'D:/UnrealStudy/FPSGame/Saved/Collections/' took 0.01s
[2017.07.10-12.13.32:662][  0]LogFileCache: Scanning file cache for directory 'D:/UnrealStudy/FPSGame/Content/Developers/LEEJIU/Collections/' took 0.01s
[2017.07.10-12.13.32:662][  0]LogFileCache: Scanning file cache for directory 'D:/UnrealStudy/FPSGame/Content/Collections/' took 0.01s
[2017.07.10-12.13.32:662][  0]LogCollectionManager: Rebuilt the GUID cache for 0 collections in 0.000003 seconds
[2017.07.10-12.13.32:697][  0]LogContentBrowser: Native class hierarchy populated in 0.0345 seconds. Added 2333 classes and 493 folders.
[2017.07.10-12.13.32:934][  0]LogContentBrowser: Native class hierarchy updated for 'WidgetCarousel' in 0.0045 seconds. Added 0 classes and 0 folders.
[2017.07.10-12.13.33:781][  0]LogContentBrowser: Native class hierarchy updated for 'AddContentDialog' in 0.0065 seconds. Added 0 classes and 0 folders.
[2017.07.10-12.13.33:938][  0]LogContentBrowser: Native class hierarchy updated for 'SceneOutliner' in 0.0050 seconds. Added 1 classes and 2 folders.
[2017.07.10-12.13.34:068][  0]LogCrashTracker: Crashtracker disabled due to settings.
[2017.07.10-12.13.34:080][  0]LogSlate: Took 0.000624 seconds to synchronously load lazily loaded font '../../../Engine/Content/Slate/Fonts/Roboto-Regular.ttf' (155K)
[2017.07.10-12.13.34:099][  0]LogSlate: Took 0.015453 seconds to synchronously load lazily loaded font '../../../Engine/Content/Slate/Fonts/NanumGothic.ttf' (4243K)
[2017.07.10-12.13.34:102][  0]LogSlate: Took 0.000804 seconds to synchronously load lazily loaded font '../../../Engine/Content/Slate/Fonts/Roboto-Bold.ttf' (160K)
[2017.07.10-12.13.34:145][  0]LogSlate: Took 0.023151 seconds to synchronously load lazily loaded font '../../../Engine/Content/Editor/Slate/Fonts/FontAwesome.ttf' (139K)
[2017.07.10-12.13.34:712][  0]LogRenderer: Reallocating scene render targets to support 1168x652 NumSamples 1 (Frame:1).
[2017.07.10-12.13.34:846][  0]LogSlate: Took 0.000579 seconds to synchronously load lazily loaded font '../../../Engine/Content/Slate/Fonts/Roboto-Light.ttf' (159K)
[2017.07.10-12.13.35:074][  0]LogUObjectGlobals:Warning: 'Class 없음.' 오브젝트를 찾는 데 실패했습니다.
[2017.07.10-12.13.35:250][  0]LogContentBrowser: Native class hierarchy updated for 'HierarchicalLODOutliner' in 0.0063 seconds. Added 1 classes and 2 folders.
[2017.07.10-12.13.35:250][  0]LogLoad: (Engine Initialization) Total time: 57.11 seconds
[2017.07.10-12.13.35:250][  0]LogLoad: (Engine Initialization) Total Blueprint compile time: 0.15 seconds
[2017.07.10-12.13.35:250][  0]LogExternalProfiler: Found external profiler: VSPerf
[2017.07.10-12.13.35:250][  0]LogExternalProfiler: Using external profiler: VSPerf
[2017.07.10-12.13.35:275][  0]LogOcInput: OculusInput pre-init called
[2017.07.10-12.13.35:275][  0]LogHMD: Starting GearVRController plugin
[2017.07.10-12.13.35:295][  0]LogContentStreaming: Texture pool size now 1000 MB
[2017.07.10-12.13.35:514][  2]LogAssetRegistry: Asset discovery search completed in 34.3899 seconds
[2017.07.10-12.13.35:519][  2]LogCollectionManager: Rebuilt the object cache for 0 collections in 0.000001 seconds (found 0 objects)
[2017.07.10-12.13.35:519][  2]LogCollectionManager: Fixed up redirectors for 0 collections in 0.000077 seconds (updated 0 objects)
[2017.07.10-12.16.42:688][240]LogSlate: Took 0.000777 seconds to synchronously load lazily loaded font '../../../Engine/Content/Slate/Fonts/Roboto-Light.ttf' (159K)
[2017.07.10-12.16.43:893][240]LogSlate: Took 0.001097 seconds to synchronously load lazily loaded font '../../../Engine/Content/Slate/Fonts/Roboto-Regular.ttf' (155K)
[2017.07.10-12.16.44:201][240]LogAIModule: Creating AISystem for world FPSMap
[2017.07.10-12.16.44:342][240]Cmd: MAP LOAD FILE="D:/UnrealStudy/FPSGame/Content/Maps/FPSMap.umap" TEMPLATE=0 SHOWPROGRESS=1 FEATURELEVEL=3
[2017.07.10-12.16.44:343][240]LightingResults: New page: 라이팅 빌드
[2017.07.10-12.16.44:610][240]LogContentBrowser: Native class hierarchy updated for 'StatsViewer' in 0.0091 seconds. Added 5 classes and 0 folders.
[2017.07.10-12.16.44:615][240]LoadErrors: New page: 맵 로드중: FPSMap.umap
[2017.07.10-12.16.44:616][240]MapCheck: New page: 맵 체크
[2017.07.10-12.16.44:616][240]LightingResults: New page: 라이팅 빌드
[2017.07.10-12.16.44:733][240]LogEditorServer: Finished looking for orphan Actors (0.000 secs)
[2017.07.10-12.16.44:962][240]Cmd: MAP CHECKDEP NOCLEARLOG
[2017.07.10-12.16.45:261][240]MapCheck: 정보 맵 체크 완료: 오류 0 회, 경고 0 회, 소요 시간 298.419ms.
[2017.07.10-12.16.45:271][240]LogFileHelpers: Loading map 'FPSMap' took 0.932
[2017.07.10-12.16.46:677][271]LogEditorViewport: Clicking on Actor (LMB): BP_Sky_Sphere_C (Sky Sphere)
[2017.07.10-12.16.47:612][283]LogTemp: Repeting last play command: 선택된 뷰포트
[2017.07.10-12.16.47:772][283]LogPlayLevel: PlayLevel: No blueprints needed recompiling
[2017.07.10-12.16.47:774][283]PIE: New page: PIE 세션: FPSMap (2017. 7. 11. 오전 6:16:47)
[2017.07.10-12.16.47:774][283]LogPlayLevel: Creating play world package: /Game/Maps/UEDPIE_0_FPSMap
[2017.07.10-12.16.47:782][283]LogPlayLevel: PIE: StaticDuplicateObject took: (0.007894s)
[2017.07.10-12.16.47:784][283]LogAIModule: Creating AISystem for world FPSMap
[2017.07.10-12.16.47:785][283]LogPlayLevel: PIE: World Init took: (0.002911s)
[2017.07.10-12.16.47:785][283]LogPlayLevel: PIE: Created PIE world by copying editor world from /Game/Maps/FPSMap.FPSMap to /Game/Maps/UEDPIE_0_FPSMap.FPSMap (0.011498s)
[2017.07.10-12.16.47:892][283]LogInit: XAudio2 using '스피커(High Definition Audio 장치)' : 2 channels at 48 kHz using 16 bits per sample (channel mask 0x3)
[2017.07.10-12.16.47:926][283]LogInit: FAudioDevice initialized.
[2017.07.10-12.16.48:398][283]LogLoad: Game class is 'BP_FPSProjectGameMode_C'
[2017.07.10-12.16.48:403][283]LogWorld: Bringing World /Game/Maps/UEDPIE_0_FPSMap.FPSMap up for play (max tick rate 60) at 2017.07.10-21.16.48
[2017.07.10-12.16.48:404][283]LogWorld: Bringing up level for play took: 0.003462
[2017.07.10-12.16.48:707][283]LogContentBrowser: Native class hierarchy updated for 'MovieSceneCapture' in 0.0141 seconds. Added 11 classes and 0 folders.
[2017.07.10-12.16.48:719][283]PIE: 정보 /Game/Maps/UEDPIE_0_FPSMap 에 대한 에디터에서 플레이 시작 시간: 1.722
[2017.07.10-12.18.08:733][943]LogTemp: Repeting last play command: 선택된 뷰포트
[2017.07.10-12.18.08:813][943]LogPlayLevel: PlayLevel: No blueprints needed recompiling
[2017.07.10-12.18.08:813][943]PIE: New page: PIE 세션: FPSMap (2017. 7. 11. 오전 6:18:08)
[2017.07.10-12.18.08:813][943]LogPlayLevel: Creating play world package: /Game/Maps/UEDPIE_0_FPSMap
[2017.07.10-12.18.08:821][943]LogPlayLevel: PIE: StaticDuplicateObject took: (0.007730s)
[2017.07.10-12.18.08:824][943]LogAIModule: Creating AISystem for world FPSMap
[2017.07.10-12.18.08:824][943]LogPlayLevel: PIE: World Init took: (0.003198s)
[2017.07.10-12.18.08:825][943]LogPlayLevel: PIE: Created PIE world by copying editor world from /Game/Maps/FPSMap.FPSMap to /Game/Maps/UEDPIE_0_FPSMap.FPSMap (0.011527s)
[2017.07.10-12.18.08:897][943]LogInit: XAudio2 using '스피커(High Definition Audio 장치)' : 2 channels at 48 kHz using 16 bits per sample (channel mask 0x3)
[2017.07.10-12.18.08:923][943]LogInit: FAudioDevice initialized.
[2017.07.10-12.18.08:973][943]LogLoad: Game class is 'BP_FPSProjectGameMode_C'
[2017.07.10-12.18.08:977][943]LogWorld: Bringing World /Game/Maps/UEDPIE_0_FPSMap.FPSMap up for play (max tick rate 60) at 2017.07.10-21.18.08
[2017.07.10-12.18.08:978][943]LogWorld: Bringing up level for play took: 0.003177
[2017.07.10-12.18.08:984][943]PIE: 정보 /Game/Maps/UEDPIE_0_FPSMap 에 대한 에디터에서 플레이 시작 시간: -0.014
[2017.07.10-12.29.38:645][ 79]LogVSAccessor:Warning: Couldn't goto line number '0' in 'D:/UnrealStudy/FPSGame/Source/FPSGame/FPSCharacter.h'
[2017.07.10-12.29.38:946][ 79]LogVSAccessor:Warning: Couldn't goto line number '0' in 'D:/UnrealStudy/FPSGame/Source/FPSGame/FPSCharacter.cpp'
[2017.07.10-12.38.35:543][788]LogSlate: Took 0.000488 seconds to synchronously load lazily loaded font '../../../Engine/Content/Editor/Slate/Fonts/Roboto-Italic.ttf' (157K)
[2017.07.10-12.38.52:865][185]LogVSAccessor:Warning: Couldn't goto line number '0' in 'D:/UnrealStudy/FPSGame/Source/FPSGame/FPSCharacter.h'
[2017.07.10-12.38.53:031][185]LogVSAccessor:Warning: Couldn't goto line number '0' in 'D:/UnrealStudy/FPSGame/Source/FPSGame/FPSCharacter.cpp'
[2017.07.10-12.39.00:820][320]LogContentBrowser: Native class hierarchy updated for 'BlueprintGraph' in 0.0107 seconds. Added 112 classes and 0 folders.
[2017.07.10-12.39.09:249][380]LogSlate: Took 0.000601 seconds to synchronously load lazily loaded font '../../../Engine/Content/Editor/Slate/Fonts/Roboto-BoldCondensed.ttf' (158K)
[2017.07.10-12.40.15:202][ 12]LogSlate: Only BGRA pngs, bmps or icos are supported in by External Image Picker
[2017.07.10-12.40.17:343][ 18]LogTemp: Executing iPhonePackager certificates Engine -bundlename com.YourCompany.FPSGame
[2017.07.10-12.40.17:343][ 18]LogTemp: CWD: C:\Program Files\Epic Games\UE_4.16\Engine\Binaries\DotNET\IOS
[2017.07.10-12.40.17:343][ 18]LogTemp: Initial Dir: C:\Program Files\Epic Games\UE_4.16
[2017.07.10-12.40.17:343][ 18]LogTemp: Env CWD: C:\Program Files\Epic Games\UE_4.16\Engine\Binaries\DotNET\IOS
[2017.07.10-12.40.17:351][ 18]LogTemp: BranchPath = LEEJIU/C/Program Files/Epic Games/UE_4.16/Engine/Binaries --- GameBranchPath = LEEJIU/C/Program Files/Epic Games/UE_4.16/Engine/Binaries
[2017.07.10-12.40.17:452][ 20]LogTemp: IPP ERROR: Could not find provision directory 'C:\Users\LEEJIU\AppData\Local/Apple Computer/MobileDevice/Provisioning Profiles/'.
[2017.07.10-12.40.45:280][484]LogSlate: Only BGRA pngs, bmps or icos are supported in by External Image Picker
[2017.07.10-12.40.47:323][486]LogTemp: Executing iPhonePackager certificates Engine -bundlename com.YourCompany.FPSGame
[2017.07.10-12.40.47:323][486]LogTemp: CWD: C:\Program Files\Epic Games\UE_4.16\Engine\Binaries\DotNET\IOS
[2017.07.10-12.40.47:323][486]LogTemp: Initial Dir: C:\Program Files\Epic Games\UE_4.16
[2017.07.10-12.40.47:323][486]LogTemp: Env CWD: C:\Program Files\Epic Games\UE_4.16\Engine\Binaries\DotNET\IOS
[2017.07.10-12.40.47:365][487]LogTemp: BranchPath = LEEJIU/C/Program Files/Epic Games/UE_4.16/Engine/Binaries --- GameBranchPath = LEEJIU/C/Program Files/Epic Games/UE_4.16/Engine/Binaries
[2017.07.10-12.40.47:453][488]LogTemp: IPP ERROR: Could not find provision directory 'C:\Users\LEEJIU\AppData\Local/Apple Computer/MobileDevice/Provisioning Profiles/'.
[2017.07.10-12.42.23:006][675]LogTemp: Repeting last play command: 선택된 뷰포트
[2017.07.10-12.42.23:087][675]LogPlayLevel: PlayLevel: No blueprints needed recompiling
[2017.07.10-12.42.23:088][675]PIE: New page: PIE 세션: FPSMap (2017. 7. 11. 오전 6:42:23)
[2017.07.10-12.42.23:088][675]LogPlayLevel: Creating play world package: /Game/Maps/UEDPIE_0_FPSMap
[2017.07.10-12.42.23:094][675]LogPlayLevel: PIE: StaticDuplicateObject took: (0.006027s)
[2017.07.10-12.42.23:096][675]LogAIModule: Creating AISystem for world FPSMap
[2017.07.10-12.42.23:097][675]LogPlayLevel: PIE: World Init took: (0.002618s)
[2017.07.10-12.42.23:097][675]LogPlayLevel: PIE: Created PIE world by copying editor world from /Game/Maps/FPSMap.FPSMap to /Game/Maps/UEDPIE_0_FPSMap.FPSMap (0.009228s)
[2017.07.10-12.42.23:195][675]LogInit: XAudio2 using '스피커(High Definition Audio 장치)' : 2 channels at 48 kHz using 16 bits per sample (channel mask 0x3)
[2017.07.10-12.42.23:213][675]LogInit: FAudioDevice initialized.
[2017.07.10-12.42.23:256][675]LogLoad: Game class is 'BP_FPSProjectGameMode_C'
[2017.07.10-12.42.23:260][675]LogWorld: Bringing World /Game/Maps/UEDPIE_0_FPSMap.FPSMap up for play (max tick rate 60) at 2017.07.10-21.42.23
[2017.07.10-12.42.23:260][675]LogWorld: Bringing up level for play took: 0.002849
[2017.07.10-12.42.23:265][675]PIE: 정보 /Game/Maps/UEDPIE_0_FPSMap 에 대한 에디터에서 플레이 시작 시간: 0.268
[2017.07.10-12.42.59:652][258]LogSlate: Took 0.000482 seconds to synchronously load lazily loaded font '../../../Engine/Content/Slate/Fonts/Roboto-Light.ttf' (159K)
[2017.07.10-12.43.11:446][293]Cmd: OBJ SAVEPACKAGE PACKAGE="/Game/Maps/FPSMap" FILE="D:/UnrealStudy/FPSGame/Saved/Autosaves/Game/Maps/FPSMap_Auto1.umap" SILENT=true AUTOSAVING=true KEEPDIRTY=false
[2017.07.10-12.43.11:543][293]LogSavePackage: Save=80.37ms
[2017.07.10-12.43.11:543][293]LogSavePackage: Moving 'D:/UnrealStudy/FPSGame/Saved/FPSMap_Auto1DB7A71B640DE712220F1DC8A68133A1D.tmp' to 'D:/UnrealStudy/FPSGame/Saved/Autosaves/Game/Maps/FPSMap_Auto1.umap'
[2017.07.10-12.43.11:545][293]LogSavePackage:Display: Finished SavePackage D:/UnrealStudy/FPSGame/Saved/Autosaves/Game/Maps/FPSMap_Auto1.umap
[2017.07.10-12.43.11:553][293]LogFileHelpers: Editor autosave (incl. sublevels) for '/Game/Maps/FPSMap' took 0.181
[2017.07.10-12.43.11:553][293]LogFileHelpers: Editor autosave (incl. sublevels) for all levels took 0.181
[2017.07.10-13.10.43:963][244]BlueprintLog: New page: BP_FPSCharacter 컴파일
[2017.07.10-13.10.45:936][259]Cmd: OBJ SAVEPACKAGE PACKAGE="/Game/Blueprints/BP_FPSCharacter" FILE="D:/UnrealStudy/FPSGame/Content/Blueprints/BP_FPSCharacter.uasset" SILENT=true
[2017.07.10-13.10.46:037][259]LogSavePackage: Save=82.65ms
[2017.07.10-13.10.46:037][259]LogSavePackage: Moving 'D:/UnrealStudy/FPSGame/Saved/BP_FPSCharacter9650EC004D72D7559C65278EB33AE18F.tmp' to 'D:/UnrealStudy/FPSGame/Content/Blueprints/BP_FPSCharacter.uasset'
[2017.07.10-13.10.46:043][259]LogSavePackage:Display: Finished SavePackage D:/UnrealStudy/FPSGame/Content/Blueprints/BP_FPSCharacter.uasset
[2017.07.10-13.16.46:107][436]LogEditorViewport: Clicking on Actor (LMB): StaticMeshActor (Floor)
[2017.07.10-13.16.47:468][467]LogEditorViewport: Clicking on Actor (LMB): StaticMeshActor (Floor2)
[2017.07.10-13.16.48:162][483]LogEditorViewport: Clicking on Actor (LMB): BP_Sky_Sphere_C (Sky Sphere)
[2017.07.10-13.43.08:660][828]LogTemp: Repeting last play command: 선택된 뷰포트
[2017.07.10-13.43.08:712][828]LogPlayLevel: PlayLevel: No blueprints needed recompiling
[2017.07.10-13.43.08:712][828]PIE: New page: PIE 세션: FPSMap (2017. 7. 11. 오전 7:43:08)
[2017.07.10-13.43.08:712][828]LogPlayLevel: Creating play world package: /Game/Maps/UEDPIE_0_FPSMap
[2017.07.10-13.43.08:719][828]LogPlayLevel: PIE: StaticDuplicateObject took: (0.006421s)
[2017.07.10-13.43.08:720][828]LogAIModule: Creating AISystem for world FPSMap
[2017.07.10-13.43.08:721][828]LogPlayLevel: PIE: World Init took: (0.001932s)
[2017.07.10-13.43.08:721][828]LogPlayLevel: PIE: Created PIE world by copying editor world from /Game/Maps/FPSMap.FPSMap to /Game/Maps/UEDPIE_0_FPSMap.FPSMap (0.008879s)
[2017.07.10-13.43.08:810][828]LogInit: XAudio2 using '스피커(High Definition Audio 장치)' : 2 channels at 48 kHz using 16 bits per sample (channel mask 0x3)
[2017.07.10-13.43.08:832][828]LogInit: FAudioDevice initialized.
[2017.07.10-13.43.08:875][828]LogLoad: Game class is 'BP_FPSProjectGameMode_C'
[2017.07.10-13.43.08:879][828]LogWorld: Bringing World /Game/Maps/UEDPIE_0_FPSMap.FPSMap up for play (max tick rate 60) at 2017.07.10-22.43.08
[2017.07.10-13.43.08:879][828]LogWorld: Bringing up level for play took: 0.002237
[2017.07.10-13.43.08:883][828]PIE: 정보 /Game/Maps/UEDPIE_0_FPSMap 에 대한 에디터에서 플레이 시작 시간: -0.115
[2017.07.10-13.43.26:699][268]LogEditorViewport: Clicking on Actor (LMB): BP_FPSCharacter_C (BP_FPSCharacter)
[2017.07.10-14.29.22:337][200]Cmd: OBJ SAVEPACKAGE PACKAGE="/Game/Maps/FPSMap" FILE="D:/UnrealStudy/FPSGame/Content/Maps/FPSMap.umap" SILENT=true AUTOSAVING=false KEEPDIRTY=false
[2017.07.10-14.29.22:447][200]LogSavePackage: Save=57.86ms
[2017.07.10-14.29.22:447][200]LogSavePackage: Moving 'D:/UnrealStudy/FPSGame/Saved/FPSMap6EDD19784D63C78CFD66C68147B2857C.tmp' to 'D:/UnrealStudy/FPSGame/Content/Maps/FPSMap.umap'
[2017.07.10-14.29.22:454][200]LogSavePackage:Display: Finished SavePackage D:/UnrealStudy/FPSGame/Content/Maps/FPSMap.umap
[2017.07.10-14.29.22:500][200]LogFileHelpers: Saving map 'FPSMap' took 0.272
[2017.07.10-14.29.24:791][253]Cmd: QUIT_EDITOR
[2017.07.10-14.29.25:265][253]LogWindowsTextInputMethodSystem:Display: IME system now activated using TSF (Microsoft 입력기).
[2017.07.10-14.29.25:298][253]LogExit: Preparing to exit.
[2017.07.10-14.29.26:286][253]LogExit: Editor shut down
[2017.07.10-14.29.26:320][253]LogExit: Transaction tracking system shut down
[2017.07.10-14.29.26:539][253]LogObj: Freed 0b from 0 cluster array pools.
[2017.07.10-14.29.26:541][253]LogExit: Object subsystem successfully closed.
[2017.07.10-14.29.26:580][253]LogD3D11RHI: Shutdown
[2017.07.10-14.29.26:580][253]LogD3D11RHI: CleanupD3DDevice
[2017.07.10-14.29.26:723][253]LogD3D11RHI: ~FD3D11DynamicRHI
[2017.07.10-14.29.26:754][253]LogModuleManager: Shutting down and abandoning module ExternalImagePicker (534)
[2017.07.10-14.29.26:754][253]LogModuleManager: Shutting down and abandoning module BlueprintGraph (532)
[2017.07.10-14.29.26:754][253]LogModuleManager: Shutting down and abandoning module BlueprintProfiler (530)
[2017.07.10-14.29.26:754][253]LogModuleManager: Shutting down and abandoning module MovieSceneCapture (528)
[2017.07.10-14.29.26:754][253]LogModuleManager: Shutting down and abandoning module StatsViewer (526)
[2017.07.10-14.29.26:754][253]LogModuleManager: Shutting down and abandoning module HierarchicalLODOutliner (524)
[2017.07.10-14.29.26:754][253]LogModuleManager: Shutting down and abandoning module CrashTracker (522)
[2017.07.10-14.29.26:754][253]LogModuleManager: Shutting down and abandoning module SceneOutliner (520)
[2017.07.10-14.29.26:754][253]LogModuleManager: Shutting down and abandoning module AddContentDialog (518)
[2017.07.10-14.29.26:755][253]LogDirectoryWatcher: A directory notification for 'C:/Program Files/Epic Games/UE_4.16/FeaturePacks/' was aborted.
[2017.07.10-14.29.26:764][253]LogModuleManager: Shutting down and abandoning module WidgetCarousel (517)
[2017.07.10-14.29.26:764][253]LogModuleManager: Shutting down and abandoning module EditorWidgets (514)
[2017.07.10-14.29.26:764][253]LogModuleManager: Shutting down and abandoning module CollectionManager (512)
[2017.07.10-14.29.26:764][253]LogDirectoryWatcher: A directory notification for 'D:/UnrealStudy/FPSGame/Content/Collections/' was aborted.
[2017.07.10-14.29.26:764][253]LogDirectoryWatcher: A directory notification for 'D:/UnrealStudy/FPSGame/Content/Developers/LEEJIU/Collections/' was aborted.
[2017.07.10-14.29.26:765][253]LogDirectoryWatcher: A directory notification for 'D:/UnrealStudy/FPSGame/Saved/Collections/' was aborted.
[2017.07.10-14.29.26:765][253]LogModuleManager: Shutting down and abandoning module FoliageEdit (510)
[2017.07.10-14.29.26:765][253]LogModuleManager: Shutting down and abandoning module LandscapeEditor (508)
[2017.07.10-14.29.26:765][253]LogModuleManager: Shutting down and abandoning module MeshPaintMode (506)
[2017.07.10-14.29.26:765][253]LogModuleManager: Shutting down and abandoning module SceneDepthPickerMode (504)
[2017.07.10-14.29.26:765][253]LogModuleManager: Shutting down and abandoning module ActorPickerMode (502)
[2017.07.10-14.29.26:765][253]LogModuleManager: Shutting down and abandoning module GeometryMode (500)
[2017.07.10-14.29.26:765][253]LogModuleManager: Shutting down and abandoning module TextureAlignMode (498)
[2017.07.10-14.29.26:765][253]LogModuleManager: Shutting down and abandoning module BspMode (496)
[2017.07.10-14.29.26:765][253]LogModuleManager: Shutting down and abandoning module HardwareSurvey (494)
[2017.07.10-14.29.26:765][253]LogModuleManager: Shutting down and abandoning module SequenceRecorderSections (492)
[2017.07.10-14.29.26:765][253]LogModuleManager: Shutting down and abandoning module AutomationWorker (490)
[2017.07.10-14.29.26:765][253]LogModuleManager: Shutting down and abandoning module MatineeToLevelSequence (488)
[2017.07.10-14.29.26:765][253]LogModuleManager: Shutting down and abandoning module LevelSequenceEditor (486)
[2017.07.10-14.29.26:765][253]LogModuleManager: Shutting down and abandoning module PlacementMode (485)
[2017.07.10-14.29.26:765][253]LogModuleManager: Shutting down and abandoning module WmfMediaFactory (482)
[2017.07.10-14.29.26:765][253]LogModuleManager: Shutting down and abandoning module WmfMediaEditor (480)
[2017.07.10-14.29.26:765][253]LogModuleManager: Shutting down and abandoning module AvfMediaFactory (478)
[2017.07.10-14.29.26:765][253]LogModuleManager: Shutting down and abandoning module AvfMediaEditor (476)
[2017.07.10-14.29.26:765][253]LogModuleManager: Shutting down and abandoning module AndroidMediaFactory (474)
[2017.07.10-14.29.26:765][253]LogModuleManager: Shutting down and abandoning module Media (473)
[2017.07.10-14.29.26:765][253]LogModuleManager: Shutting down and abandoning module AndroidMediaEditor (470)
[2017.07.10-14.29.26:765][253]LogModuleManager: Shutting down and abandoning module CharacterAI (468)
[2017.07.10-14.29.26:766][253]LogModuleManager: Shutting down and abandoning module AudioCapture (466)
[2017.07.10-14.29.26:766][253]LogModuleManager: Shutting down and abandoning module SequenceRecorder (465)
[2017.07.10-14.29.26:766][253]LogModuleManager: Shutting down and abandoning module SmartSnapping (462)
[2017.07.10-14.29.26:766][253]LogModuleManager: Shutting down and abandoning module SessionServices (460)
[2017.07.10-14.29.26:766][253]LogModuleManager: Shutting down and abandoning module ViewportSnapping (458)
[2017.07.10-14.29.26:766][253]LogModuleManager: Shutting down and abandoning module ViewportInteraction (456)
[2017.07.10-14.29.26:766][253]LogModuleManager: Shutting down and abandoning module ClothPainter (454)
[2017.07.10-14.29.26:766][253]LogModuleManager: Shutting down and abandoning module LogVisualizer (452)
[2017.07.10-14.29.26:766][253]LogModuleManager: Shutting down and abandoning module IntroTutorials (450)
[2017.07.10-14.29.26:766][253]LogModuleManager: Shutting down and abandoning module GameProjectGeneration (449)
[2017.07.10-14.29.26:766][253]LogModuleManager: Shutting down and abandoning module EditorLiveStreaming (446)
[2017.07.10-14.29.26:766][253]LogModuleManager: Shutting down and abandoning module IOSPlatformEditor (444)
[2017.07.10-14.29.26:766][253]LogModuleManager: Shutting down and abandoning module HTML5PlatformEditor (442)
[2017.07.10-14.29.26:766][253]LogModuleManager: Shutting down and abandoning module AndroidPlatformEditor (440)
[2017.07.10-14.29.26:766][253]LogModuleManager: Shutting down and abandoning module AndroidDeviceDetection (439)
[2017.07.10-14.29.27:096][253]LogModuleManager: Shutting down and abandoning module IOSRuntimeSettings (436)
[2017.07.10-14.29.27:096][253]LogModuleManager: Shutting down and abandoning module AndroidRuntimeSettings (434)
[2017.07.10-14.29.27:096][253]LogModuleManager: Shutting down and abandoning module InputBindingEditor (432)
[2017.07.10-14.29.27:096][253]LogModuleManager: Shutting down and abandoning module MergeActors (430)
[2017.07.10-14.29.27:096][253]LogModuleManager: Shutting down and abandoning module SizeMap (428)
[2017.07.10-14.29.27:096][253]LogModuleManager: Shutting down and abandoning module TreeMap (426)
[2017.07.10-14.29.27:096][253]LogModuleManager: Shutting down and abandoning module ReferenceViewer (424)
[2017.07.10-14.29.27:096][253]LogModuleManager: Shutting down and abandoning module LocalizationDashboard (422)
[2017.07.10-14.29.27:096][253]LogModuleManager: Shutting down and abandoning module LocalizationService (421)
[2017.07.10-14.29.27:096][253]LogModuleManager: Shutting down and abandoning module HardwareTargeting (418)
[2017.07.10-14.29.27:096][253]LogModuleManager: Shutting down and abandoning module DeviceProfileEditor (416)
[2017.07.10-14.29.27:096][253]LogModuleManager: Shutting down and abandoning module UndoHistory (414)
[2017.07.10-14.29.27:097][253]LogModuleManager: Shutting down and abandoning module UserFeedback (412)
[2017.07.10-14.29.27:097][253]LogModuleManager: Shutting down and abandoning module XmlParser (410)
[2017.07.10-14.29.27:097][253]LogModuleManager: Shutting down and abandoning module Blutility (408)
[2017.07.10-14.29.27:097][253]LogModuleManager: Shutting down and abandoning module ProjectSettingsViewer (406)
[2017.07.10-14.29.27:097][253]LogModuleManager: Shutting down and abandoning module ProjectTargetPlatformEditor (405)
[2017.07.10-14.29.27:097][253]LogModuleManager: Shutting down and abandoning module EditorSettingsViewer (402)
[2017.07.10-14.29.27:098][253]LogModuleManager: Shutting down and abandoning module SettingsEditor (400)
[2017.07.10-14.29.27:098][253]LogModuleManager: Shutting down and abandoning module ProjectLauncher (398)
[2017.07.10-14.29.27:098][253]LogModuleManager: Shutting down and abandoning module SessionFrontend (396)
[2017.07.10-14.29.27:098][253]LogModuleManager: Shutting down and abandoning module ProfilerClient (394)
[2017.07.10-14.29.27:098][253]LogModuleManager: Shutting down and abandoning module DeviceManager (392)
[2017.07.10-14.29.27:098][253]LogModuleManager: Shutting down and abandoning module TargetDeviceServices (391)
[2017.07.10-14.29.27:151][253]LogModuleManager: Shutting down and abandoning module AutomationController (388)
[2017.07.10-14.29.27:151][253]LogModuleManager: Shutting down and abandoning module AutomationWindow (386)
[2017.07.10-14.29.27:151][253]LogModuleManager: Shutting down and abandoning module Layers (384)
[2017.07.10-14.29.27:151][253]LogModuleManager: Shutting down and abandoning module ComponentVisualizers (382)
[2017.07.10-14.29.27:151][253]LogModuleManager: Shutting down and abandoning module DetailCustomizations (380)
[2017.07.10-14.29.27:151][253]LogModuleManager: Shutting down and abandoning module PackagesDialog (378)
[2017.07.10-14.29.27:151][253]LogModuleManager: Shutting down and abandoning module Persona (376)
[2017.07.10-14.29.27:151][253]LogModuleManager: Shutting down and abandoning module AdvancedPreviewScene (375)
[2017.07.10-14.29.27:151][253]LogModuleManager: Shutting down and abandoning module AnimGraph (373)
[2017.07.10-14.29.27:151][253]LogModuleManager: Shutting down and abandoning module Kismet (370)
[2017.07.10-14.29.27:167][253]LogModuleManager: Shutting down and abandoning module ClassViewer (368)
[2017.07.10-14.29.27:167][253]LogModuleManager: Shutting down and abandoning module Toolbox (366)
[2017.07.10-14.29.27:167][253]LogModuleManager: Shutting down and abandoning module ModuleUI (364)
[2017.07.10-14.29.27:167][253]LogModuleManager: Shutting down and abandoning module MovieSceneTools (362)
[2017.07.10-14.29.27:167][253]LogModuleManager: Shutting down and abandoning module OutputLog (360)
[2017.07.10-14.29.27:167][253]LogModuleManager: Shutting down and abandoning module GammaUI (358)
[2017.07.10-14.29.27:167][253]LogModuleManager: Shutting down and abandoning module Documentation (356)
[2017.07.10-14.29.27:167][253]LogModuleManager: Shutting down and abandoning module MovieSceneTracks (354)
[2017.07.10-14.29.27:167][253]LogModuleManager: Shutting down and abandoning module MovieScene (352)
[2017.07.10-14.29.27:167][253]LogModuleManager: Shutting down and abandoning module Niagara (350)
[2017.07.10-14.29.27:167][253]LogModuleManager: Shutting down and abandoning module NiagaraEditor (349)
[2017.07.10-14.29.27:167][253]LogModuleManager: Shutting down and abandoning module StreamingPauseRendering (346)
[2017.07.10-14.29.27:167][253]LogModuleManager: Shutting down and abandoning module AnalyticsET (344)
[2017.07.10-14.29.27:167][253]LogModuleManager: Shutting down and abandoning module PortalServices (342)
[2017.07.10-14.29.27:167][253]LogModuleManager: Shutting down and abandoning module PortalRpc (340)
[2017.07.10-14.29.27:167][253]LogModuleManager: Shutting down and abandoning module MessagingRpc (338)
[2017.07.10-14.29.27:167][253]LogModuleManager: Shutting down and abandoning module AIModule (336)
[2017.07.10-14.29.27:167][253]LogModuleManager: Shutting down and abandoning module GameplayDebugger (335)
[2017.07.10-14.29.27:168][253]LogModuleManager: Shutting down and abandoning module AITestSuite (333)
[2017.07.10-14.29.27:168][253]LogModuleManager: Shutting down and abandoning module ProfilerService (330)
[2017.07.10-14.29.27:352][253]LogModuleManager: Shutting down and abandoning module TaskGraph (328)
[2017.07.10-14.29.27:352][253]LogModuleManager: Shutting down and abandoning module SteamVRController (326)
[2017.07.10-14.29.27:352][253]LogModuleManager: Shutting down and abandoning module SteamVR (324)
[2017.07.10-14.29.27:352][253]LogModuleManager: Shutting down and abandoning module ProceduralMeshComponentEditor (322)
[2017.07.10-14.29.27:352][253]LogModuleManager: Shutting down and abandoning module ProceduralMeshComponent (320)
[2017.07.10-14.29.27:352][253]LogModuleManager: Shutting down and abandoning module OculusLibrary (318)
[2017.07.10-14.29.27:352][253]LogModuleManager: Shutting down and abandoning module OculusInput (316)
[2017.07.10-14.29.27:352][253]LogModuleManager: Shutting down and abandoning module MobilePatchingUtils (314)
[2017.07.10-14.29.27:352][253]LogModuleManager: Shutting down and abandoning module CustomMeshComponent (312)
[2017.07.10-14.29.27:352][253]LogModuleManager: Shutting down and abandoning module CableComponent (310)
[2017.07.10-14.29.27:352][253]LogModuleManager: Shutting down and abandoning module ArchVisCharacter (308)
[2017.07.10-14.29.27:352][253]LogModuleManager: Shutting down and abandoning module AndroidPermission (306)
[2017.07.10-14.29.27:352][253]LogModuleManager: Shutting down and abandoning module MediaPlayerEditor (302)
[2017.07.10-14.29.27:352][253]LogModuleManager: Shutting down and abandoning module HTML5Networking (300)
[2017.07.10-14.29.27:353][253]LogModuleManager: Shutting down and abandoning module AlembicImporter (298)
[2017.07.10-14.29.27:353][253]LogModuleManager: Shutting down and abandoning module AlembicLibrary (297)
[2017.07.10-14.29.27:353][253]LogModuleManager: Shutting down and abandoning module GeometryCache (296)
[2017.07.10-14.29.27:353][253]LogModuleManager: Shutting down and abandoning module GeometryCacheEd (295)
[2017.07.10-14.29.27:353][253]LogModuleManager: Shutting down and abandoning module SuperSearchEditor (290)
[2017.07.10-14.29.27:353][253]LogModuleManager: Shutting down and abandoning module SuperSearch (289)
[2017.07.10-14.29.27:353][253]LogModuleManager: Shutting down and abandoning module SpeedTreeImporter (286)
[2017.07.10-14.29.27:353][253]LogModuleManager: Shutting down and abandoning module PluginBrowser (284)
[2017.07.10-14.29.27:353][253]LogModuleManager: Shutting down and abandoning module MobileLauncherProfileWizard (282)
[2017.07.10-14.29.27:353][253]LogModuleManager: Shutting down and abandoning module VisualStudioSourceCodeAccess (280)
[2017.07.10-14.29.27:353][253]LogModuleManager: Shutting down and abandoning module DesktopPlatform (279)
[2017.07.10-14.29.27:353][253]LogModuleManager: Shutting down and abandoning module UObjectPlugin (276)
[2017.07.10-14.29.27:354][253]LogModuleManager: Shutting down and abandoning module SubversionSourceControl (274)
[2017.07.10-14.29.27:354][253]LogModuleManager: Shutting down and abandoning module PerforceSourceControl (272)
[2017.07.10-14.29.27:354][253]LogModuleManager: Shutting down and abandoning module GitSourceControl (270)
[2017.07.10-14.29.27:354][253]LogModuleManager: Shutting down and abandoning module SourceControl (269)
[2017.07.10-14.29.27:354][253]LogModuleManager: Shutting down and abandoning module LightPropagationVolumeEditor (266)
[2017.07.10-14.29.27:354][253]LogModuleManager: Shutting down and abandoning module PaperTiledImporter (264)
[2017.07.10-14.29.27:354][253]LogModuleManager: Shutting down and abandoning module PaperSpriteSheetImporter (262)
[2017.07.10-14.29.27:354][253]LogModuleManager: Shutting down and abandoning module Paper2DEditor (260)
[2017.07.10-14.29.27:354][253]LogModuleManager: Shutting down and abandoning module MeshPaint (259)
[2017.07.10-14.29.27:354][253]LogModuleManager: Shutting down and abandoning module LevelEditor (257)
[2017.07.10-14.29.27:359][253]LogModuleManager: Shutting down and abandoning module PixelInspectorModule (256)
[2017.07.10-14.29.27:359][253]LogModuleManager: Shutting down and abandoning module MainFrame (254)
[2017.07.10-14.29.27:360][253]LogModuleManager: Shutting down and abandoning module HotReload (253)
[2017.07.10-14.29.27:360][253]LogDirectoryWatcher: A directory notification for 'D:/UnrealStudy/FPSGame/Binaries/Win64' was aborted.
[2017.07.10-14.29.27:361][253]LogModuleManager: Shutting down and abandoning module FPSGame (248)
[2017.07.10-14.29.27:361][253]LogModuleManager: Shutting down and abandoning module PhysXVehiclesEditor (246)
[2017.07.10-14.29.27:362][253]LogModuleManager: Shutting down and abandoning module PhysXVehicles (244)
[2017.07.10-14.29.27:362][253]LogModuleManager: Shutting down and abandoning module LocationServicesBPLibrary (242)
[2017.07.10-14.29.27:362][253]LogModuleManager: Shutting down and abandoning module ImmediatePhysicsEditor (240)
[2017.07.10-14.29.27:362][253]LogModuleManager: Shutting down and abandoning module ImmediatePhysics (238)
[2017.07.10-14.29.27:362][253]LogModuleManager: Shutting down and abandoning module UdpMessaging (236)
[2017.07.10-14.29.27:463][253]LogModuleManager: Shutting down and abandoning module TcpMessaging (234)
[2017.07.10-14.29.27:563][253]LogModuleManager: Shutting down and abandoning module GameplayTagsEditor (232)
[2017.07.10-14.29.27:563][253]LogModuleManager: Shutting down and abandoning module FacialAnimationEditor (230)
[2017.07.10-14.29.27:563][253]LogModuleManager: Shutting down and abandoning module FacialAnimation (228)
[2017.07.10-14.29.27:563][253]LogModuleManager: Shutting down and abandoning module AssetManagerEditor (226)
[2017.07.10-14.29.27:563][253]LogModuleManager: Shutting down and abandoning module GraphEditor (225)
[2017.07.10-14.29.27:563][253]LogModuleManager: Shutting down and abandoning module ContentBrowser (223)
[2017.07.10-14.29.27:571][253]LogModuleManager: Shutting down and abandoning module LightPropagationVolumeRuntime (220)
[2017.07.10-14.29.27:571][253]LogModuleManager: Shutting down and abandoning module Paper2D (218)
[2017.07.10-14.29.27:571][253]LogModuleManager: Shutting down and abandoning module WindowsMoviePlayer (216)
[2017.07.10-14.29.27:571][253]LogModuleManager: Shutting down and abandoning module WmfMedia (214)
[2017.07.10-14.29.27:572][253]LogModuleManager: Shutting down and abandoning module ClothingSystemEditor (212)
[2017.07.10-14.29.27:572][253]LogModuleManager: Shutting down and abandoning module ClothingSystemRuntime (210)
[2017.07.10-14.29.27:572][253]LogModuleManager: Shutting down and abandoning module MediaAssets (208)
[2017.07.10-14.29.27:572][253]LogModuleManager: Shutting down and abandoning module GameLiveStreaming (206)
[2017.07.10-14.29.27:572][253]LogModuleManager: Shutting down and abandoning module VREditor (204)
[2017.07.10-14.29.27:572][253]LogModuleManager: Shutting down and abandoning module StringTableEditor (202)
[2017.07.10-14.29.27:573][253]LogModuleManager: Shutting down and abandoning module GameplayTasksEditor (200)
[2017.07.10-14.29.27:573][253]LogModuleManager: Shutting down and abandoning module BehaviorTreeEditor (198)
[2017.07.10-14.29.27:573][253]LogModuleManager: Shutting down and abandoning module FunctionalTesting (196)
[2017.07.10-14.29.27:573][253]LogModuleManager: Shutting down and abandoning module CollisionAnalyzer (194)
[2017.07.10-14.29.27:573][253]LogModuleManager: Shutting down and abandoning module UMG (192)
[2017.07.10-14.29.27:573][253]LogModuleManager: Shutting down and abandoning module UMGEditor (191)
[2017.07.10-14.29.27:573][253]LogModuleManager: Shutting down and abandoning module Sequencer (190)
[2017.07.10-14.29.27:574][253]LogModuleManager: Shutting down and abandoning module AssetTools (188)
[2017.07.10-14.29.27:574][253]LogModuleManager: Shutting down and abandoning module MessageLog (187)
[2017.07.10-14.29.27:574][253]LogModuleManager: Shutting down and abandoning module WorkspaceMenuStructure (186)
[2017.07.10-14.29.27:574][253]LogModuleManager: Shutting down and abandoning module SlateReflector (180)
[2017.07.10-14.29.27:575][253]LogModuleManager: Shutting down and abandoning module Slate (178)
[2017.07.10-14.29.27:575][253]LogModuleManager: Shutting down and abandoning module EditorStyle (176)
[2017.07.10-14.29.27:590][253]LogModuleManager: Shutting down and abandoning module SourceCodeAccess (174)
[2017.07.10-14.29.27:592][253]LogModuleManager: Shutting down and abandoning module HeadMountedDisplay (172)
[2017.07.10-14.29.27:592][253]LogModuleManager: Shutting down and abandoning module XAudio2 (170)
[2017.07.10-14.29.27:592][253]LogModuleManager: Shutting down and abandoning module Networking (168)
[2017.07.10-14.29.27:592][253]LogModuleManager: Shutting down and abandoning module Core (164)
[2017.07.10-14.29.27:592][253]LogModuleManager: Shutting down and abandoning module AssetRegistry (162)
[2017.07.10-14.29.27:718][253]LogDirectoryWatcher: A directory notification for '../../../Engine/Content/' was aborted.
[2017.07.10-14.29.27:718][253]LogDirectoryWatcher: A directory notification for 'D:/UnrealStudy/FPSGame/Content/' was aborted.
[2017.07.10-14.29.27:718][253]LogDirectoryWatcher: A directory notification for '../../../Engine/Plugins/2D/Paper2D/Content/' was aborted.
[2017.07.10-14.29.27:718][253]LogDirectoryWatcher: A directory notification for '../../../Engine/Plugins/Runtime/GearVR/Content/' was aborted.
[2017.07.10-14.29.27:724][253]LogModuleManager: Shutting down and abandoning module DirectoryWatcher (161)
[2017.07.10-14.29.27:732][253]LogModuleManager: Shutting down and abandoning module KismetCompiler (158)
[2017.07.10-14.29.27:732][253]LogModuleManager: Shutting down and abandoning module LevelSequence (156)
[2017.07.10-14.29.27:732][253]LogModuleManager: Shutting down and abandoning module PhysXFormats (154)
[2017.07.10-14.29.27:732][253]LogModuleManager: Shutting down and abandoning module MeshUtilities (152)
[2017.07.10-14.29.27:732][253]LogModuleManager: Shutting down and abandoning module SimplygonSwarm (151)
[2017.07.10-14.29.27:732][253]LogModuleManager: Shutting down and abandoning module SimplygonMeshReduction (149)
[2017.07.10-14.29.27:732][253]LogModuleManager: Shutting down and abandoning module QuadricMeshReduction (147)
[2017.07.10-14.29.27:732][253]LogModuleManager: Shutting down and abandoning module DerivedDataCache (144)
[2017.07.10-14.29.27:829][253]LogDerivedDataCache: Shutdown
[2017.07.10-14.29.27:829][253]LogModuleManager: Shutting down and abandoning module TargetPlatform (142)
[2017.07.10-14.29.27:829][253]LogModuleManager: Shutting down and abandoning module VulkanShaderFormat (141)
[2017.07.10-14.29.27:829][253]LogModuleManager: Shutting down and abandoning module ShaderFormatVectorVM (139)
[2017.07.10-14.29.27:830][253]LogModuleManager: Shutting down and abandoning module ShaderFormatOpenGL (137)
[2017.07.10-14.29.27:830][253]LogModuleManager: Shutting down and abandoning module ShaderFormatD3D (135)
[2017.07.10-14.29.27:830][253]LogModuleManager: Shutting down and abandoning module MetalShaderFormat (133)
[2017.07.10-14.29.27:830][253]LogModuleManager: Shutting down and abandoning module TextureFormatUncompressed (131)
[2017.07.10-14.29.27:830][253]LogModuleManager: Shutting down and abandoning module TextureFormatPVR (129)
[2017.07.10-14.29.27:830][253]LogModuleManager: Shutting down and abandoning module TextureFormatDXT (127)
[2017.07.10-14.29.27:830][253]LogModuleManager: Shutting down and abandoning module TextureFormatIntelISPCTexComp (125)
[2017.07.10-14.29.27:831][253]LogModuleManager: Shutting down and abandoning module TextureFormatASTC (123)
[2017.07.10-14.29.27:831][253]LogModuleManager: Shutting down and abandoning module ImageWrapper (122)
[2017.07.10-14.29.27:831][253]LogModuleManager: Shutting down and abandoning module TextureFormatAndroid (119)
[2017.07.10-14.29.27:831][253]LogModuleManager: Shutting down and abandoning module AudioFormatOpus (117)
[2017.07.10-14.29.27:831][253]LogModuleManager: Shutting down and abandoning module AudioFormatOgg (115)
[2017.07.10-14.29.27:831][253]LogModuleManager: Shutting down and abandoning module AudioFormatADPCM (113)
[2017.07.10-14.29.27:831][253]LogModuleManager: Shutting down and abandoning module LinuxTargetPlatform (111)
[2017.07.10-14.29.27:831][253]LogModuleManager: Shutting down and abandoning module LinuxServerTargetPlatform (109)
[2017.07.10-14.29.27:831][253]LogModuleManager: Shutting down and abandoning module LinuxNoEditorTargetPlatform (107)
[2017.07.10-14.29.27:831][253]LogModuleManager: Shutting down and abandoning module LinuxClientTargetPlatform (105)
[2017.07.10-14.29.27:831][253]LogModuleManager: Shutting down and abandoning module TVOSTargetPlatform (103)
[2017.07.10-14.29.27:832][253]LogModuleManager: Shutting down and abandoning module Messaging (101)
[2017.07.10-14.29.27:832][253]LogModuleManager: Shutting down and abandoning module IOSTargetPlatform (99)
[2017.07.10-14.29.27:832][253]LogModuleManager: Shutting down and abandoning module HTML5TargetPlatform (97)
[2017.07.10-14.29.27:832][253]LogModuleManager: Shutting down and abandoning module Android_PVRTCTargetPlatform (95)
[2017.07.10-14.29.27:832][253]LogModuleManager: Shutting down and abandoning module Android_MultiTargetPlatform (93)
[2017.07.10-14.29.27:832][253]LogModuleManager: Shutting down and abandoning module Android_ETC2TargetPlatform (91)
[2017.07.10-14.29.27:832][253]LogModuleManager: Shutting down and abandoning module Android_ETC1TargetPlatform (89)
[2017.07.10-14.29.27:832][253]LogModuleManager: Shutting down and abandoning module Android_DXTTargetPlatform (87)
[2017.07.10-14.29.27:832][253]LogModuleManager: Shutting down and abandoning module Android_ATCTargetPlatform (85)
[2017.07.10-14.29.27:832][253]LogModuleManager: Shutting down and abandoning module Android_ASTCTargetPlatform (83)
[2017.07.10-14.29.27:832][253]LogModuleManager: Shutting down and abandoning module AndroidTargetPlatform (81)
[2017.07.10-14.29.27:832][253]LogModuleManager: Shutting down and abandoning module WindowsTargetPlatform (79)
[2017.07.10-14.29.27:832][253]LogModuleManager: Shutting down and abandoning module WindowsServerTargetPlatform (77)
[2017.07.10-14.29.27:832][253]LogModuleManager: Shutting down and abandoning module WindowsNoEditorTargetPlatform (75)
[2017.07.10-14.29.27:833][253]LogModuleManager: Shutting down and abandoning module WindowsClientTargetPlatform (73)
[2017.07.10-14.29.27:833][253]LogModuleManager: Shutting down and abandoning module MacTargetPlatform (71)
[2017.07.10-14.29.27:833][253]LogModuleManager: Shutting down and abandoning module MacServerTargetPlatform (69)
[2017.07.10-14.29.27:833][253]LogModuleManager: Shutting down and abandoning module MacNoEditorTargetPlatform (67)
[2017.07.10-14.29.27:833][253]LogModuleManager: Shutting down and abandoning module MacClientTargetPlatform (65)
[2017.07.10-14.29.27:833][253]LogModuleManager: Shutting down and abandoning module AllDesktopTargetPlatform (63)
[2017.07.10-14.29.27:833][253]LogModuleManager: Shutting down and abandoning module InputCore (60)
[2017.07.10-14.29.27:833][253]LogModuleManager: Shutting down and abandoning module Settings (58)
[2017.07.10-14.29.27:833][253]LogModuleManager: Shutting down and abandoning module OculusRift (56)
[2017.07.10-14.29.27:833][253]LogModuleManager: Shutting down and abandoning module GearVRController (54)
[2017.07.10-14.29.27:833][253]LogModuleManager: Shutting down and abandoning module GearVR (52)
[2017.07.10-14.29.27:833][253]LogModuleManager: Shutting down and abandoning module ExampleDeviceProfileSelector (50)
[2017.07.10-14.29.27:834][253]LogModuleManager: Shutting down and abandoning module OnlineBlueprintSupport (48)
[2017.07.10-14.29.27:834][253]LogModuleManager: Shutting down and abandoning module OnlineSubsystem (44)
[2017.07.10-14.29.27:834][253]LogOnline:Display: Unloading online subsystem: NULL
[2017.07.10-14.29.27:834][253]LogModuleManager: Shutting down and abandoning module XMPP (43)
[2017.07.10-14.29.27:834][253]LogModuleManager: Shutting down and abandoning module HTTP (41)
[2017.07.10-14.29.27:834][253]LogHttp:Display: Http module shutting down, but needs to wait on 1 outstanding Http requests:
[2017.07.10-14.29.27:834][253]LogHttp:Display: 	verb=[POST] url=[https://datarouter.ol.epicgames.com/datarouter/api/v1/public/data?SessionID=%7BEC2112AD-4D1E-C80D-B9CD-6BA8BE0652E9%7D&AppID=UEEditor.Rocket.Release&AppVersion=4.16.2-3514769%2B%2B%2BUE4%2BRelease-4.16&UserID=6309f6d84a95ae2fd4720a8936598cbb%7C47c8acbb412c4c59ac4a2cbb28f674b9%7Cc22bf75b-b27c-4543-aa8c-1a82ec03a7f1&AppEnvironment=datacollector-binary&UploadType=eteventstream] status=Processing
[2017.07.10-14.29.27:856][253]LogModuleManager: Shutting down and abandoning module SSL (40)
[2017.07.10-14.29.27:865][253]LogModuleManager: Shutting down and abandoning module HTTPChunkInstaller (36)
[2017.07.10-14.29.27:866][253]LogModuleManager: Shutting down and abandoning module AnimationModifiers (34)
[2017.07.10-14.29.27:866][253]LogModuleManager: Shutting down and abandoning module PropertyEditor (33)
[2017.07.10-14.29.27:866][253]LogModuleManager: Shutting down and abandoning module AudioEditor (30)
[2017.07.10-14.29.27:866][253]LogModuleManager: Shutting down and abandoning module TextureCompressor (28)
[2017.07.10-14.29.27:866][253]LogModuleManager: Shutting down and abandoning module ShaderCore (26)
[2017.07.10-14.29.27:867][253]LogModuleManager: Shutting down and abandoning module Landscape (24)
[2017.07.10-14.29.27:867][253]LogModuleManager: Shutting down and abandoning module SlateRHIRenderer (22)
[2017.07.10-14.29.27:894][253]LogModuleManager: Shutting down and abandoning module OpenGLDrv (20)
[2017.07.10-14.29.27:894][253]LogModuleManager: Shutting down and abandoning module D3D11RHI (18)
[2017.07.10-14.29.27:894][253]LogModuleManager: Shutting down and abandoning module AnimGraphRuntime (16)
[2017.07.10-14.29.27:894][253]LogModuleManager: Shutting down and abandoning module Renderer (14)
[2017.07.10-14.29.27:894][253]LogModuleManager: Shutting down and abandoning module Engine (12)
[2017.07.10-14.29.27:894][253]LogModuleManager: Shutting down and abandoning module CoreUObject (10)
[2017.07.10-14.29.27:894][253]LogModuleManager: Shutting down and abandoning module NetworkFile (8)
[2017.07.10-14.29.27:894][253]LogModuleManager: Shutting down and abandoning module StreamingFile (6)
[2017.07.10-14.29.27:894][253]LogModuleManager: Shutting down and abandoning module SandboxFile (4)
[2017.07.10-14.29.27:894][253]LogModuleManager: Shutting down and abandoning module PakFile (2)
[2017.07.10-14.29.27:896][253]LogExit: Exiting.
[2017.07.10-14.29.27:927][253]Log file closed, 07/10/17 23:29:27
