Log file open, 08/16/17 14:15:52
LogInit:Display: Running engine for game: Lesson2
LogPlatformFile: Not using cached read wrapper
LogInit:Display: RandInit(-830270882) SRandInit(-830270882).
LogTaskGraph: Started task graph with 5 named threads and 6 total threads with 1 sets of task threads.
LogStats: Stats thread started at 0.251021
LogInit: Using libcurl 7.47.1
LogInit:  - built for x86_64-pc-win32
LogInit:  - supports SSL with OpenSSL/1.0.2g
LogInit:  - supports HTTP deflate (compression) using libz 1.2.8
LogInit:  - other features:
LogInit:      CURL_VERSION_SSL
LogInit:      CURL_VERSION_LIBZ
LogInit:      CURL_VERSION_IPV6
LogInit:      CURL_VERSION_ASYNCHDNS
LogInit:      CURL_VERSION_LARGEFILE
LogInit:      CURL_VERSION_IDN
LogInit:  CurlRequestOptions (configurable via config and command line):
LogInit:  - bVerifyPeer = false  - Libcurl will NOT verify peer certificate
LogInit:  - bUseHttpProxy = false  - Libcurl will NOT use HTTP proxy
LogInit:  - bDontReuseConnections = false  - Libcurl will reuse connections
LogInit:  - CertBundlePath = nullptr  - Libcurl will use whatever was configured at build time.
LogInit: Build: ++UE4+Release-4.16-CL-3561208
LogInit: Engine Version: 4.16.3-3561208+++UE4+Release-4.16
LogInit: Compatible Engine Version: 4.16.0-3452394+++UE4+Release-4.16
LogInit: Net CL: 3452394
LogDevObjectVersion: Number of dev versions registered: 16
LogDevObjectVersion:   Dev-Blueprints (B0D832E4-1F89-4F0D-ACCF-7EB736FD4AA2): 9
LogDevObjectVersion:   Dev-Build (E1C64328-A22C-4D53-A36C-8E866417BD8C): 0
LogDevObjectVersion:   Dev-Core (375EC13C-06E4-48FB-B500-84F0262A717E): 2
LogDevObjectVersion:   Dev-Editor (E4B068ED-F494-42E9-A231-DA0B2E46BB41): 17
LogDevObjectVersion:   Dev-Framework (CFFC743F-43B0-4480-9391-14DF171D2073): 23
LogDevObjectVersion:   Dev-Mobile (B02B49B5-BB20-44E9-A304-32B752E40360): 0
LogDevObjectVersion:   Dev-Networking (A4E4105C-59A1-49B5-A7C5-40C4547EDFEE): 0
LogDevObjectVersion:   Dev-Online (39C831C9-5AE6-47DC-9A44-9C173E1C8E7C): 0
LogDevObjectVersion:   Dev-Physics (78F01B33-EBEA-4F98-B9B4-84EACCB95AA2): 0
LogDevObjectVersion:   Dev-Platform (6631380F-2D4D-43E0-8009-CF276956A95A): 0
LogDevObjectVersion:   Dev-Rendering (12F88B9F-8875-4AFC-A67C-D90C383ABD29): 15
LogDevObjectVersion:   Dev-Sequencer (7B5AE74C-D270-4C10-A958-57980B212A5A): 4
LogDevObjectVersion:   Dev-VR (D7296918-1DD6-4BDD-9DE2-64A83CC13884): 0
LogDevObjectVersion:   Dev-LoadTimes (C2A15278-BFE7-4AFE-6C17-90FF531DF755): 1
LogDevObjectVersion:   Private-Geometry (6EACA3D4-40EC-4CC1-B786-8BED09428FC5): 1
LogDevObjectVersion:   Dev-AnimPhys (29E575DD-E0A3-4627-9D10-D276232CDCEA): 3
LogInit: Compiled (64-bit): Jul 28 2017 11:49:47
LogInit: Compiled with Visual C++: 19.00.24215.01
LogInit: Build Configuration: Development
LogInit: Branch Name: ++UE4+Release-4.16
LogInit: Command line: -EpicPortal 
LogInit: Base directory: C:/Program Files/Epic Games/UE_4.16/Engine/Binaries/Win64/
LogInit: Installed Engine Build: 1
LogInit: Presizing for max 8388607 objects, including 0 objects not considered by GC, pre-allocating 0 bytes for permanent pool.
LogInit: Object subsystem initialized
[2017.08.16-05.15.55:048][  0]LogInit: Selected Device Profile: [Windows]
[2017.08.16-05.15.55:049][  0]LogInit: Applying CVar settings loaded from the selected device profile: [Windows]
[2017.08.16-05.15.55:161][  0]LogInit: Computer: LEEJIU
[2017.08.16-05.15.55:161][  0]LogInit: User: LEEJIU
[2017.08.16-05.15.55:161][  0]LogInit: CPU Page size=4096, Cores=2
[2017.08.16-05.15.55:161][  0]LogInit: High frequency timer resolution =2.435881 MHz
[2017.08.16-05.15.55:162][  0]LogMemory: Memory total: Physical=7.9GB (8GB approx)
[2017.08.16-05.15.55:162][  0]LogMemory: Platform Memory Stats for Windows
[2017.08.16-05.15.55:162][  0]LogMemory: Process Physical Memory: 274.28 MB used, 274.28 MB peak
[2017.08.16-05.15.55:162][  0]LogMemory: Process Virtual Memory: 266.28 MB used, 266.28 MB peak
[2017.08.16-05.15.55:162][  0]LogMemory: Physical Memory: 3526.96 MB used,  4572.44 MB free, 8099.39 MB total
[2017.08.16-05.15.55:162][  0]LogMemory: Virtual Memory: 641.95 MB used,  4572.44 MB free, 134217728.00 MB total
[2017.08.16-05.15.55:523][  0]LogInit: Using OS detected language (ko-KR).
[2017.08.16-05.15.55:523][  0]LogInit: Using OS detected locale (ko-KR).
[2017.08.16-05.15.55:537][  0]LogTextLocalizationManager: No specific localization for 'ko-KR' exists, so the 'ko' localization will be used.
[2017.08.16-05.15.57:739][  0]LogD3D11RHI: D3D11 adapters:
[2017.08.16-05.15.57:873][  0]LogD3D11RHI:    0. 'Intel(R) HD Graphics 3000' (Feature Level 11_0)
[2017.08.16-05.15.57:873][  0]LogD3D11RHI:       32/0/1632 MB DedicatedVideo/DedicatedSystem/SharedSystem, Outputs:1, VendorId:0x8086
[2017.08.16-05.15.57:966][  0]LogD3D11RHI:    1. 'NVIDIA GeForce GT 635M' (Feature Level 11_0)
[2017.08.16-05.15.57:966][  0]LogD3D11RHI:       2000/0/4049 MB DedicatedVideo/DedicatedSystem/SharedSystem, Outputs:0, VendorId:0x10de
[2017.08.16-05.15.57:979][  0]LogD3D11RHI:    2. 'Microsoft Basic Render Driver' (Feature Level 11_0)
[2017.08.16-05.15.57:979][  0]LogD3D11RHI:       0/0/4049 MB DedicatedVideo/DedicatedSystem/SharedSystem, Outputs:0, VendorId:0x1414
[2017.08.16-05.15.57:979][  0]LogD3D11RHI: Chosen D3D11 Adapter: 1
[2017.08.16-05.15.57:998][  0]LogD3D11RHI: Creating new Direct3DDevice
[2017.08.16-05.15.57:998][  0]LogD3D11RHI:     GPU DeviceId: 0x124d (for the marketing name, search the web for "GPU Device Id")
[2017.08.16-05.15.57:998][  0]LogWindows: EnumDisplayDevices:
[2017.08.16-05.15.57:999][  0]LogWindows:    0. 'Intel(R) HD Graphics 3000' (P:1 D:1)
[2017.08.16-05.15.57:999][  0]LogWindows:    1. 'Intel(R) HD Graphics 3000' (P:0 D:0)
[2017.08.16-05.15.58:000][  0]LogWindows:    2. 'NVIDIA GeForce GT 635M' (P:0 D:0)
[2017.08.16-05.15.58:001][  0]LogWindows: DebugString: PrimaryIsNotTheChoosenAdapter PrimaryIsNotTheChoosenAdapter 
[2017.08.16-05.15.58:001][  0]LogD3D11RHI:     Adapter Name: NVIDIA GeForce GT 635M
[2017.08.16-05.15.58:001][  0]LogD3D11RHI:   Driver Version: 382.05 (internal:22.21.13.8205, unified:382.05)
[2017.08.16-05.15.58:001][  0]LogD3D11RHI:      Driver Date: 5-1-2017
[2017.08.16-05.15.58:001][  0]LogRHI: Texture pool is 1361 MB (70% of 1945 MB)
[2017.08.16-05.15.58:086][  0]LogD3D11RHI:Display: Timestamp queries are currently disabled on this hardware due to instability. Realtime GPU stats will not be available. You can override this behaviour by setting r.NVIDIATimestampWorkaround to 0
[2017.08.16-05.15.58:087][  0]LogD3D11RHI: Async texture creation enabled
[2017.08.16-05.15.58:106][  0]LogD3D11RHI: GPU Timing Frequency: 1000.000000 (Debug: 2 1)
[2017.08.16-05.15.58:108][  0]LogShaderCompilers: Guid format shader working directory is 25 characters bigger than the processId version (D:/UnrealStudy/Lesson2/Intermediate/Shaders/WorkingDirectory/8288/).
[2017.08.16-05.15.58:108][  0]LogShaderCompilers: Cleaned the shader compiler working directory 'C:/Users/LEEJIU/AppData/Local/Temp/UnrealShaderWorkingDir/908AAD8240DF3B59628EC8A1140D3CB3/'.
[2017.08.16-05.15.58:108][  0]LogShaderCompilers:Display: Using Local Shader Compiler.
[2017.08.16-05.16.01:475][  0]LogTemp:Display: Loaded TP AllDesktopTargetPlatform
[2017.08.16-05.16.01:802][  0]LogTemp:Display: Loaded TP MacClientTargetPlatform
[2017.08.16-05.16.02:112][  0]LogTemp:Display: Loaded TP MacNoEditorTargetPlatform
[2017.08.16-05.16.02:405][  0]LogTemp:Display: Loaded TP MacServerTargetPlatform
[2017.08.16-05.16.02:715][  0]LogTemp:Display: Loaded TP MacTargetPlatform
[2017.08.16-05.16.03:023][  0]LogTemp:Display: Loaded TP WindowsClientTargetPlatform
[2017.08.16-05.16.03:354][  0]LogTemp:Display: Loaded TP WindowsNoEditorTargetPlatform
[2017.08.16-05.16.03:685][  0]LogTemp:Display: Loaded TP WindowsServerTargetPlatform
[2017.08.16-05.16.03:989][  0]LogTemp:Display: Loaded TP WindowsTargetPlatform
[2017.08.16-05.16.04:299][  0]LogTemp:Display: Loaded TP AndroidTargetPlatform
[2017.08.16-05.16.04:626][  0]LogTemp:Display: Loaded TP Android_ASTCTargetPlatform
[2017.08.16-05.16.04:956][  0]LogTemp:Display: Loaded TP Android_ATCTargetPlatform
[2017.08.16-05.16.05:281][  0]LogTemp:Display: Loaded TP Android_DXTTargetPlatform
[2017.08.16-05.16.05:578][  0]LogTemp:Display: Loaded TP Android_ETC1TargetPlatform
[2017.08.16-05.16.05:894][  0]LogTemp:Display: Loaded TP Android_ETC2TargetPlatform
[2017.08.16-05.16.06:504][  0]LogTemp:Display: Loaded TP Android_MultiTargetPlatform
[2017.08.16-05.16.06:504][  0]LogTemp:Display: Loaded TP Android_PVRTCTargetPlatform
[2017.08.16-05.16.06:797][  0]LogTemp:Display: Loaded TP HTML5TargetPlatform
[2017.08.16-05.16.07:262][  0]LogTemp:Display: Loaded TP IOSTargetPlatform
[2017.08.16-05.16.07:400][  0]LogTemp:Display: Loaded TP TVOSTargetPlatform
[2017.08.16-05.16.07:706][  0]LogTemp:Display: Loaded TP LinuxClientTargetPlatform
[2017.08.16-05.16.08:013][  0]LogTemp:Display: Loaded TP LinuxNoEditorTargetPlatform
[2017.08.16-05.16.08:309][  0]LogTemp:Display: Loaded TP LinuxServerTargetPlatform
[2017.08.16-05.16.08:599][  0]LogTemp:Display: Loaded TP LinuxTargetPlatform
[2017.08.16-05.16.08:599][  0]LogTargetPlatformManager:Display: Building Assets For Windows
[2017.08.16-05.16.11:593][  0]LogDerivedDataCache:Display: Max Cache Size: 512 MB
[2017.08.16-05.16.11:777][  0]LogDerivedDataCache: Loaded boot cache 0.18s 90MB C:/Users/LEEJIU/AppData/Local/UnrealEngine/4.16/DerivedDataCache/Boot.ddc.
[2017.08.16-05.16.11:777][  0]LogDerivedDataCache:Display: Loaded Boot cache: C:/Users/LEEJIU/AppData/Local/UnrealEngine/4.16/DerivedDataCache/Boot.ddc
[2017.08.16-05.16.11:777][  0]LogDerivedDataCache: FDerivedDataBackendGraph:  Pak pak cache file D:/UnrealStudy/Lesson2/DerivedDataCache/DDC.ddp not found, will not use a pak cache.
[2017.08.16-05.16.11:777][  0]LogDerivedDataCache: Unable to find inner node Pak for hierarchical cache Hierarchy.
[2017.08.16-05.16.11:777][  0]LogDerivedDataCache: FDerivedDataBackendGraph:  CompressedPak pak cache file D:/UnrealStudy/Lesson2/DerivedDataCache/Compressed.ddp not found, will not use a pak cache.
[2017.08.16-05.16.11:777][  0]LogDerivedDataCache: Unable to find inner node CompressedPak for hierarchical cache Hierarchy.
[2017.08.16-05.16.11:822][  0]LogDerivedDataCache:Display: Pak cache opened for reading ../../../Engine/DerivedDataCache/Compressed.ddp.
[2017.08.16-05.16.11:837][  0]LogDerivedDataCache: Using Local data cache path C:/Users/LEEJIU/AppData/Local/UnrealEngine/Common/DerivedDataCache: Writable
[2017.08.16-05.16.11:864][  0]LogMaterial: Verifying Global Shaders for PCD3D_SM5
[2017.08.16-05.16.11:864][  0]LogSlate: Using Freetype 2.6.0
[2017.08.16-05.16.11:866][  0]LogSlate: SlateFontCache - WITH_FREETYPE: 1, WITH_HARFBUZZ: 1
[2017.08.16-05.16.11:866][  0]LogSlate: SlateFontCache - WITH_FREETYPE: 1, WITH_HARFBUZZ: 1
[2017.08.16-05.16.13:370][  0]LogInit: Selected Device Profile: [Windows]
[2017.08.16-05.16.13:583][  0]LogContentStreaming: Texture pool size is 0.00 MB
[2017.08.16-05.16.14:369][  0]LogMeshUtilities: Using QuadricMeshReduction for automatic static mesh reduction
[2017.08.16-05.16.14:671][  0]LogSimplygon: Simplygon DLL not present - disabling.
[2017.08.16-05.16.14:997][  0]LogMeshUtilities: Using SimplygonSwarm for distributed automatic mesh merging
[2017.08.16-05.16.14:997][  0]LogMeshUtilities: No automatic skeletal mesh reduction module available
[2017.08.16-05.16.14:997][  0]LogMeshUtilities: No automatic mesh merging module available
[2017.08.16-05.16.17:036][  0]LogNetVersion: Lesson2 , NetCL: 3452394, EngineNetVer: 2, GameNetVer: 0 (Checksum: 2403904122)
[2017.08.16-05.16.17:215][  0]LogAssetRegistry: FAssetRegistry took 0.0328 seconds to start up
[2017.08.16-05.16.17:515][  0]LogPackageLocalizationCache: Processed 4 localized package path(s) for 2 prioritized culture(s) in 0.144298 seconds
[2017.08.16-05.16.17:526][  0]LogUObjectArray: 34194 objects as part of root set at end of initial load.
[2017.08.16-05.16.17:526][  0]LogUObjectAllocator: 7260424 out of 0 bytes used by permanent object pool.
[2017.08.16-05.16.17:526][  0]LogUObjectArray: CloseDisregardForGC: 0/0 objects in disregard for GC pool
[2017.08.16-05.16.17:881][  0]LogInit: WinSock: version 1.1 (2.2), MaxSocks=32767, MaxUdp=65467
[2017.08.16-05.16.29:737][  0]LogTcpMessaging: Initializing TcpMessaging bridge
[2017.08.16-05.16.29:907][  0]LogUdpMessaging: Initializing bridge on interface 0.0.0.0:0 to multicast group 230.0.0.1:6666.
[2017.08.16-05.16.32:887][  0]LogMaterial: Uniform references updated for custom material expression Custom.
[2017.08.16-05.16.35:184][  0]SourceControl: 정보 소스 콘트롤이 꺼졌습니다.
[2017.08.16-05.16.35:363][  0]SourceControl: 정보 소스 콘트롤이 꺼졌습니다.
[2017.08.16-05.16.35:677][  0]SourceControl: 정보 소스 콘트롤이 꺼졌습니다.
[2017.08.16-05.16.35:998][  0]SourceControl: 정보 소스 콘트롤이 꺼졌습니다.
[2017.08.16-05.16.40:344][  0]LogAndroidPermission: UAndroidPermissionCallbackProxy::GetInstance
[2017.08.16-05.16.43:957][  0]LogEngine: Initializing Engine...
[2017.08.16-05.16.43:959][  0]LogHMD: Failed to initialize OpenVR with code 110
[2017.08.16-05.16.44:433][  0]LogStats: UGameplayTagsManager::ConstructGameplayTagTree: Construct from data asset -  0.000 s
[2017.08.16-05.16.44:433][  0]LogStats: UGameplayTagsManager::ConstructGameplayTagTree: GameplayTagTreeChangedEvent.Broadcast -  0.000 s
[2017.08.16-05.16.45:288][  0]LogAIModule: Creating AISystem for world Untitled
[2017.08.16-05.16.45:302][  0]LogInit: XAudio2 using '스피커(Realtek High Definition Audio)' : 2 channels at 48 kHz using 32 bits per sample (channel mask 0x3)
[2017.08.16-05.16.45:371][  0]LogInit: FAudioDevice initialized.
[2017.08.16-05.16.45:452][  0]LogDerivedDataCache: Saved boot cache 0.08s 90MB C:/Users/LEEJIU/AppData/Local/UnrealEngine/4.16/DerivedDataCache/Boot.ddc.
[2017.08.16-05.16.45:483][  0]LogInit: Texture streaming: Enabled
[2017.08.16-05.16.46:039][  0]LogEngineSessionManager: EngineSessionManager initialized
[2017.08.16-05.16.47:490][  0]LogInit: Transaction tracking system initialized
[2017.08.16-05.16.49:645][  0]BlueprintLog: New page: 에디터 로드
[2017.08.16-05.16.56:047][  0]LocalizationService: 정보 현지화 서비스가 비활성화되었습니다.
[2017.08.16-05.17.00:555][  0]LogConsoleResponse:Display: 
[2017.08.16-05.17.01:380][  0]LogCook:Display: Max memory allowance for cook 16384mb min free memory 0mb
[2017.08.16-05.17.01:381][  0]LogCook:Display: Mobile HDR setting 1
[2017.08.16-05.17.02:347][  0]LogFileCache: Scanning file cache for directory 'D:/UnrealStudy/Lesson2/Content/' took 0.15s
[2017.08.16-05.17.08:105][  0]SourceControl: 정보 소스 콘트롤이 꺼졌습니다.
[2017.08.16-05.17.08:105][  0]Cmd: MAP LOAD FILE="D:/UnrealStudy/Lesson2/Content/Maps/Step1.umap" TEMPLATE=0 SHOWPROGRESS=1 FEATURELEVEL=3
[2017.08.16-05.17.08:152][  0]LightingResults: New page: 라이팅 빌드
[2017.08.16-05.17.08:428][  0]MapCheck: New page: 맵 체크
[2017.08.16-05.17.08:428][  0]LightingResults: New page: 라이팅 빌드
[2017.08.16-05.17.10:683][  0]LogAIModule: Creating AISystem for world Step1
[2017.08.16-05.17.10:722][  0]LogEditorServer: Finished looking for orphan Actors (0.000 secs)
[2017.08.16-05.17.10:783][  0]Cmd: MAP CHECKDEP NOCLEARLOG
[2017.08.16-05.17.10:994][  0]MapCheck: 정보 맵 체크 완료: 오류 0 회, 경고 0 회, 소요 시간 210.982ms.
[2017.08.16-05.17.10:994][  0]LogFileHelpers: Loading map 'Step1' took 2.889
[2017.08.16-05.17.11:091][  0]LogWindowsTextInputMethodSystem:Display: IME system now activated using TSF (Microsoft 입력기).
[2017.08.16-05.17.11:493][  0]LogCollectionManager: Loaded 0 collections in 0.005234 seconds
[2017.08.16-05.17.11:848][  0]LogFileCache: Scanning file cache for directory 'D:/UnrealStudy/Lesson2/Saved/Collections/' took 0.01s
[2017.08.16-05.17.11:848][  0]LogFileCache: Scanning file cache for directory 'D:/UnrealStudy/Lesson2/Content/Developers/LEEJIU/Collections/' took 0.01s
[2017.08.16-05.17.11:848][  0]LogFileCache: Scanning file cache for directory 'D:/UnrealStudy/Lesson2/Content/Collections/' took 0.01s
[2017.08.16-05.17.11:848][  0]LogCollectionManager: Rebuilt the GUID cache for 0 collections in 0.000003 seconds
[2017.08.16-05.17.11:874][  0]LogContentBrowser: Native class hierarchy populated in 0.0223 seconds. Added 2329 classes and 491 folders.
[2017.08.16-05.17.12:303][  0]LogContentBrowser: Native class hierarchy updated for 'WidgetCarousel' in 0.0015 seconds. Added 0 classes and 0 folders.
[2017.08.16-05.17.13:139][  0]LogContentBrowser: Native class hierarchy updated for 'AddContentDialog' in 0.0020 seconds. Added 0 classes and 0 folders.
[2017.08.16-05.17.13:442][  0]LogContentBrowser: Native class hierarchy updated for 'SceneOutliner' in 0.0021 seconds. Added 1 classes and 2 folders.
[2017.08.16-05.17.13:916][  0]LogCrashTracker: Crashtracker disabled due to settings.
[2017.08.16-05.17.13:934][  0]LogSlate: Took 0.000817 seconds to synchronously load lazily loaded font '../../../Engine/Content/Slate/Fonts/Roboto-Regular.ttf' (155K)
[2017.08.16-05.17.13:943][  0]LogSlate: Took 0.006937 seconds to synchronously load lazily loaded font '../../../Engine/Content/Slate/Fonts/NanumGothic.ttf' (4243K)
[2017.08.16-05.17.13:946][  0]LogSlate: Took 0.000895 seconds to synchronously load lazily loaded font '../../../Engine/Content/Slate/Fonts/Roboto-Bold.ttf' (160K)
[2017.08.16-05.17.13:971][  0]LogSlate: Took 0.010725 seconds to synchronously load lazily loaded font '../../../Engine/Content/Editor/Slate/Fonts/FontAwesome.ttf' (139K)
[2017.08.16-05.17.14:474][  0]LogRenderer: Reallocating scene render targets to support 856x372 NumSamples 1 (Frame:1).
[2017.08.16-05.17.14:913][  0]LogUObjectGlobals:Warning: 'Class 없음.' 오브젝트를 찾는 데 실패했습니다.
[2017.08.16-05.17.15:229][  0]LogContentBrowser: Native class hierarchy updated for 'HierarchicalLODOutliner' in 0.0024 seconds. Added 1 classes and 2 folders.
[2017.08.16-05.17.15:229][  0]LogLoad: (Engine Initialization) Total time: 91.82 seconds
[2017.08.16-05.17.15:229][  0]LogLoad: (Engine Initialization) Total Blueprint compile time: 0.44 seconds
[2017.08.16-05.17.15:229][  0]LogExternalProfiler: Found external profiler: VSPerf
[2017.08.16-05.17.15:229][  0]LogExternalProfiler: Using external profiler: VSPerf
[2017.08.16-05.17.15:260][  0]LogOcInput: OculusInput pre-init called
[2017.08.16-05.17.15:260][  0]LogHMD: Starting GearVRController plugin
[2017.08.16-05.17.15:284][  0]LogContentStreaming: Texture pool size now 1000 MB
[2017.08.16-05.17.15:362][  0]LogSlate: Took 0.009422 seconds to synchronously load lazily loaded font '../../../Engine/Content/Slate/Fonts/Roboto-Light.ttf' (159K)
[2017.08.16-05.17.15:748][  4]LogAssetRegistry: Asset discovery search completed in 58.5557 seconds
[2017.08.16-05.17.15:763][  4]LogCollectionManager: Rebuilt the object cache for 0 collections in 0.000001 seconds (found 0 objects)
[2017.08.16-05.17.15:763][  4]LogCollectionManager: Fixed up redirectors for 0 collections in 0.000074 seconds (updated 0 objects)
[2017.08.16-05.33.19:265][499]LogRenderer: Reallocating scene render targets to support 856x396 NumSamples 1 (Frame:35238).
[2017.08.16-05.40.54:228][901]LogRenderer: Reallocating scene render targets to support 860x396 NumSamples 1 (Frame:35287).
[2017.08.16-05.40.54:795][901]LogRenderer: Reallocating scene render targets to support 1208x652 NumSamples 1 (Frame:35288).
[2017.08.16-05.45.21:083][237]LogSlate: Took 0.002404 seconds to synchronously load lazily loaded font '../../../Engine/Content/Slate/Fonts/Roboto-Light.ttf' (159K)
[2017.08.16-05.45.21:126][237]LogFactory: FactoryCreateFile: StaticMesh with FbxFactory (0 0 D:/UnrealStudy/Lesson3Assets/Animation/WarriorAttack1.FBX)
[2017.08.16-05.45.21:185][237]LogFbx: ItemName: GlobalSettings, ItemCount : 1
[2017.08.16-05.45.21:185][237]LogFbx: ItemName: AnimationStack, ItemCount : 1
[2017.08.16-05.45.21:185][237]LogFbx: ItemName: AnimationLayer, ItemCount : 1
[2017.08.16-05.45.21:185][237]LogFbx: ItemName: NodeAttribute, ItemCount : 43
[2017.08.16-05.45.21:185][237]LogFbx: ItemName: Model, ItemCount : 43
[2017.08.16-05.45.21:185][237]LogFbx: ItemName: AnimationCurveNode, ItemCount : 129
[2017.08.16-05.45.21:185][237]LogFbx: ItemName: AnimationCurve, ItemCount : 387
[2017.08.16-05.45.21:197][237]LogFbx: Loading FBX Scene from D:/UnrealStudy/Lesson3Assets/Animation/WarriorAttack1.FBX
[2017.08.16-05.45.21:234][237]LogFbx: FBX Scene Loaded Succesfully
[2017.08.16-05.45.26:352][237]LogSlate: Took 0.001091 seconds to synchronously load lazily loaded font '../../../Engine/Content/Slate/Fonts/Roboto-Light.ttf' (159K)
[2017.08.16-05.45.36:031][237]LogFbx: Loading FBX Scene from D:/UnrealStudy/Lesson3Assets/Animation/WarriorAttack1.FBX
[2017.08.16-05.45.36:061][237]LogFbx: FBX Scene Loaded Succesfully
[2017.08.16-05.45.36:067][237]LogFbx: SortedLinks :(0) root
[2017.08.16-05.45.36:067][237]LogFbx: SortedLinks :(1) pelvis
[2017.08.16-05.45.36:067][237]LogFbx: SortedLinks :(2) spine_01
[2017.08.16-05.45.36:067][237]LogFbx: SortedLinks :(3) spine_02
[2017.08.16-05.45.36:067][237]LogFbx: SortedLinks :(4) spine_03
[2017.08.16-05.45.36:067][237]LogFbx: SortedLinks :(5) clavicle_l
[2017.08.16-05.45.36:067][237]LogFbx: SortedLinks :(6) upperarm_l
[2017.08.16-05.45.36:067][237]LogFbx: SortedLinks :(7) lowerarm_l
[2017.08.16-05.45.36:067][237]LogFbx: SortedLinks :(8) hand_l
[2017.08.16-05.45.36:067][237]LogFbx: SortedLinks :(9) index_01_l
[2017.08.16-05.45.36:067][237]LogFbx: SortedLinks :(10) index_02_l
[2017.08.16-05.45.36:067][237]LogFbx: SortedLinks :(11) ring_01_l
[2017.08.16-05.45.36:067][237]LogFbx: SortedLinks :(12) ring_02_l
[2017.08.16-05.45.36:067][237]LogFbx: SortedLinks :(13) thumb_01_l
[2017.08.16-05.45.36:067][237]LogFbx: SortedLinks :(14) thumb_02_l
[2017.08.16-05.45.36:067][237]LogFbx: SortedLinks :(15) lowerarm_twist_01_l
[2017.08.16-05.45.36:067][237]LogFbx: SortedLinks :(16) upperarm_twist_01_l
[2017.08.16-05.45.36:067][237]LogFbx: SortedLinks :(17) clavicle_r
[2017.08.16-05.45.36:067][237]LogFbx: SortedLinks :(18) upperarm_r
[2017.08.16-05.45.36:067][237]LogFbx: SortedLinks :(19) lowerarm_r
[2017.08.16-05.45.36:067][237]LogFbx: SortedLinks :(20) hand_r
[2017.08.16-05.45.36:067][237]LogFbx: SortedLinks :(21) index_01_r
[2017.08.16-05.45.36:067][237]LogFbx: SortedLinks :(22) index_02_r
[2017.08.16-05.45.36:067][237]LogFbx: SortedLinks :(23) ring_01_r
[2017.08.16-05.45.36:067][237]LogFbx: SortedLinks :(24) ring_02_r
[2017.08.16-05.45.36:067][237]LogFbx: SortedLinks :(25) thumb_01_r
[2017.08.16-05.45.36:067][237]LogFbx: SortedLinks :(26) thumb_02_r
[2017.08.16-05.45.36:067][237]LogFbx: SortedLinks :(27) lowerarm_twist_01_r
[2017.08.16-05.45.36:067][237]LogFbx: SortedLinks :(28) upperarm_twist_01_r
[2017.08.16-05.45.36:067][237]LogFbx: SortedLinks :(29) neck_01
[2017.08.16-05.45.36:067][237]LogFbx: SortedLinks :(30) head
[2017.08.16-05.45.36:067][237]LogFbx: SortedLinks :(31) thigh_l
[2017.08.16-05.45.36:067][237]LogFbx: SortedLinks :(32) calf_l
[2017.08.16-05.45.36:067][237]LogFbx: SortedLinks :(33) calf_twist_01_l
[2017.08.16-05.45.36:067][237]LogFbx: SortedLinks :(34) foot_l
[2017.08.16-05.45.36:067][237]LogFbx: SortedLinks :(35) ball_l
[2017.08.16-05.45.36:067][237]LogFbx: SortedLinks :(36) thigh_twist_01_l
[2017.08.16-05.45.36:067][237]LogFbx: SortedLinks :(37) thigh_r
[2017.08.16-05.45.36:067][237]LogFbx: SortedLinks :(38) calf_r
[2017.08.16-05.45.36:067][237]LogFbx: SortedLinks :(39) calf_twist_01_r
[2017.08.16-05.45.36:067][237]LogFbx: SortedLinks :(40) foot_r
[2017.08.16-05.45.36:067][237]LogFbx: SortedLinks :(41) ball_r
[2017.08.16-05.45.36:067][237]LogFbx: SortedLinks :(42) thigh_twist_01_r
[2017.08.16-05.45.36:069][237]LogFbx: Parsing AnimStack Unreal Take
[2017.08.16-05.45.36:074][237]LogLinker: '/Game/InfinityBladeWarriors/Character/CompleteCharacters/WarriorAttack1' 파일을 찾을 수 없습니다.
[2017.08.16-05.45.36:074][237]LogLinker: '/Game/InfinityBladeWarriors/Character/CompleteCharacters/WarriorAttack1' 파일을 찾을 수 없습니다.
[2017.08.16-05.45.36:313][237]LogAnimationCompression: Building Anim DDC data for AnimSequence /Game/InfinityBladeWarriors/Character/CompleteCharacters/WarriorAttack1.WarriorAttack1
[2017.08.16-05.45.36:467][237]LogFactory: FactoryCreateFile: AnimSequence with FbxFactory (0 0 D:/UnrealStudy/Lesson3Assets/Animation/WarriorDead.FBX)
[2017.08.16-05.45.36:508][237]LogFbx: Loading FBX Scene from D:/UnrealStudy/Lesson3Assets/Animation/WarriorDead.FBX
[2017.08.16-05.45.36:551][237]LogFbx: FBX Scene Loaded Succesfully
[2017.08.16-05.45.36:557][237]LogFbx: SortedLinks :(0) root
[2017.08.16-05.45.36:557][237]LogFbx: SortedLinks :(1) pelvis
[2017.08.16-05.45.36:557][237]LogFbx: SortedLinks :(2) spine_01
[2017.08.16-05.45.36:557][237]LogFbx: SortedLinks :(3) spine_02
[2017.08.16-05.45.36:557][237]LogFbx: SortedLinks :(4) spine_03
[2017.08.16-05.45.36:557][237]LogFbx: SortedLinks :(5) clavicle_l
[2017.08.16-05.45.36:557][237]LogFbx: SortedLinks :(6) upperarm_l
[2017.08.16-05.45.36:557][237]LogFbx: SortedLinks :(7) lowerarm_l
[2017.08.16-05.45.36:557][237]LogFbx: SortedLinks :(8) hand_l
[2017.08.16-05.45.36:557][237]LogFbx: SortedLinks :(9) index_01_l
[2017.08.16-05.45.36:557][237]LogFbx: SortedLinks :(10) index_02_l
[2017.08.16-05.45.36:557][237]LogFbx: SortedLinks :(11) ring_01_l
[2017.08.16-05.45.36:557][237]LogFbx: SortedLinks :(12) ring_02_l
[2017.08.16-05.45.36:557][237]LogFbx: SortedLinks :(13) thumb_01_l
[2017.08.16-05.45.36:557][237]LogFbx: SortedLinks :(14) thumb_02_l
[2017.08.16-05.45.36:557][237]LogFbx: SortedLinks :(15) lowerarm_twist_01_l
[2017.08.16-05.45.36:557][237]LogFbx: SortedLinks :(16) upperarm_twist_01_l
[2017.08.16-05.45.36:557][237]LogFbx: SortedLinks :(17) clavicle_r
[2017.08.16-05.45.36:557][237]LogFbx: SortedLinks :(18) upperarm_r
[2017.08.16-05.45.36:557][237]LogFbx: SortedLinks :(19) lowerarm_r
[2017.08.16-05.45.36:557][237]LogFbx: SortedLinks :(20) hand_r
[2017.08.16-05.45.36:557][237]LogFbx: SortedLinks :(21) index_01_r
[2017.08.16-05.45.36:557][237]LogFbx: SortedLinks :(22) index_02_r
[2017.08.16-05.45.36:557][237]LogFbx: SortedLinks :(23) ring_01_r
[2017.08.16-05.45.36:557][237]LogFbx: SortedLinks :(24) ring_02_r
[2017.08.16-05.45.36:557][237]LogFbx: SortedLinks :(25) thumb_01_r
[2017.08.16-05.45.36:557][237]LogFbx: SortedLinks :(26) thumb_02_r
[2017.08.16-05.45.36:557][237]LogFbx: SortedLinks :(27) lowerarm_twist_01_r
[2017.08.16-05.45.36:557][237]LogFbx: SortedLinks :(28) upperarm_twist_01_r
[2017.08.16-05.45.36:557][237]LogFbx: SortedLinks :(29) neck_01
[2017.08.16-05.45.36:557][237]LogFbx: SortedLinks :(30) head
[2017.08.16-05.45.36:557][237]LogFbx: SortedLinks :(31) thigh_l
[2017.08.16-05.45.36:557][237]LogFbx: SortedLinks :(32) calf_l
[2017.08.16-05.45.36:557][237]LogFbx: SortedLinks :(33) calf_twist_01_l
[2017.08.16-05.45.36:557][237]LogFbx: SortedLinks :(34) foot_l
[2017.08.16-05.45.36:557][237]LogFbx: SortedLinks :(35) ball_l
[2017.08.16-05.45.36:557][237]LogFbx: SortedLinks :(36) thigh_twist_01_l
[2017.08.16-05.45.36:557][237]LogFbx: SortedLinks :(37) thigh_r
[2017.08.16-05.45.36:557][237]LogFbx: SortedLinks :(38) calf_r
[2017.08.16-05.45.36:557][237]LogFbx: SortedLinks :(39) calf_twist_01_r
[2017.08.16-05.45.36:557][237]LogFbx: SortedLinks :(40) foot_r
[2017.08.16-05.45.36:557][237]LogFbx: SortedLinks :(41) ball_r
[2017.08.16-05.45.36:557][237]LogFbx: SortedLinks :(42) thigh_twist_01_r
[2017.08.16-05.45.36:558][237]LogFbx: Parsing AnimStack Unreal Take
[2017.08.16-05.45.36:561][237]LogLinker: '/Game/InfinityBladeWarriors/Character/CompleteCharacters/WarriorDead' 파일을 찾을 수 없습니다.
[2017.08.16-05.45.36:561][237]LogLinker: '/Game/InfinityBladeWarriors/Character/CompleteCharacters/WarriorDead' 파일을 찾을 수 없습니다.
[2017.08.16-05.45.36:806][237]LogAnimationCompression: Building Anim DDC data for AnimSequence /Game/InfinityBladeWarriors/Character/CompleteCharacters/WarriorDead.WarriorDead
[2017.08.16-05.45.36:880][237]LogFactory: FactoryCreateFile: AnimSequence with FbxFactory (0 0 D:/UnrealStudy/Lesson3Assets/Animation/WarriorIdle.FBX)
[2017.08.16-05.45.36:925][237]LogFbx: Loading FBX Scene from D:/UnrealStudy/Lesson3Assets/Animation/WarriorIdle.FBX
[2017.08.16-05.45.36:991][237]LogFbx: FBX Scene Loaded Succesfully
[2017.08.16-05.45.36:999][237]LogFbx: SortedLinks :(0) root
[2017.08.16-05.45.36:999][237]LogFbx: SortedLinks :(1) pelvis
[2017.08.16-05.45.36:999][237]LogFbx: SortedLinks :(2) spine_01
[2017.08.16-05.45.36:999][237]LogFbx: SortedLinks :(3) spine_02
[2017.08.16-05.45.36:999][237]LogFbx: SortedLinks :(4) spine_03
[2017.08.16-05.45.36:999][237]LogFbx: SortedLinks :(5) clavicle_l
[2017.08.16-05.45.36:999][237]LogFbx: SortedLinks :(6) upperarm_l
[2017.08.16-05.45.36:999][237]LogFbx: SortedLinks :(7) lowerarm_l
[2017.08.16-05.45.36:999][237]LogFbx: SortedLinks :(8) hand_l
[2017.08.16-05.45.36:999][237]LogFbx: SortedLinks :(9) index_01_l
[2017.08.16-05.45.36:999][237]LogFbx: SortedLinks :(10) index_02_l
[2017.08.16-05.45.36:999][237]LogFbx: SortedLinks :(11) ring_01_l
[2017.08.16-05.45.36:999][237]LogFbx: SortedLinks :(12) ring_02_l
[2017.08.16-05.45.36:999][237]LogFbx: SortedLinks :(13) thumb_01_l
[2017.08.16-05.45.36:999][237]LogFbx: SortedLinks :(14) thumb_02_l
[2017.08.16-05.45.36:999][237]LogFbx: SortedLinks :(15) lowerarm_twist_01_l
[2017.08.16-05.45.36:999][237]LogFbx: SortedLinks :(16) upperarm_twist_01_l
[2017.08.16-05.45.36:999][237]LogFbx: SortedLinks :(17) clavicle_r
[2017.08.16-05.45.36:999][237]LogFbx: SortedLinks :(18) upperarm_r
[2017.08.16-05.45.36:999][237]LogFbx: SortedLinks :(19) lowerarm_r
[2017.08.16-05.45.36:999][237]LogFbx: SortedLinks :(20) hand_r
[2017.08.16-05.45.36:999][237]LogFbx: SortedLinks :(21) index_01_r
[2017.08.16-05.45.36:999][237]LogFbx: SortedLinks :(22) index_02_r
[2017.08.16-05.45.36:999][237]LogFbx: SortedLinks :(23) ring_01_r
[2017.08.16-05.45.36:999][237]LogFbx: SortedLinks :(24) ring_02_r
[2017.08.16-05.45.36:999][237]LogFbx: SortedLinks :(25) thumb_01_r
[2017.08.16-05.45.36:999][237]LogFbx: SortedLinks :(26) thumb_02_r
[2017.08.16-05.45.36:999][237]LogFbx: SortedLinks :(27) lowerarm_twist_01_r
[2017.08.16-05.45.36:999][237]LogFbx: SortedLinks :(28) upperarm_twist_01_r
[2017.08.16-05.45.36:999][237]LogFbx: SortedLinks :(29) neck_01
[2017.08.16-05.45.36:999][237]LogFbx: SortedLinks :(30) head
[2017.08.16-05.45.36:999][237]LogFbx: SortedLinks :(31) thigh_l
[2017.08.16-05.45.36:999][237]LogFbx: SortedLinks :(32) calf_l
[2017.08.16-05.45.36:999][237]LogFbx: SortedLinks :(33) calf_twist_01_l
[2017.08.16-05.45.36:999][237]LogFbx: SortedLinks :(34) foot_l
[2017.08.16-05.45.36:999][237]LogFbx: SortedLinks :(35) ball_l
[2017.08.16-05.45.36:999][237]LogFbx: SortedLinks :(36) thigh_twist_01_l
[2017.08.16-05.45.36:999][237]LogFbx: SortedLinks :(37) thigh_r
[2017.08.16-05.45.36:999][237]LogFbx: SortedLinks :(38) calf_r
[2017.08.16-05.45.36:999][237]LogFbx: SortedLinks :(39) calf_twist_01_r
[2017.08.16-05.45.36:999][237]LogFbx: SortedLinks :(40) foot_r
[2017.08.16-05.45.36:999][237]LogFbx: SortedLinks :(41) ball_r
[2017.08.16-05.45.36:999][237]LogFbx: SortedLinks :(42) thigh_twist_01_r
[2017.08.16-05.45.37:002][237]LogFbx: Parsing AnimStack Unreal Take
[2017.08.16-05.45.37:009][237]LogLinker: '/Game/InfinityBladeWarriors/Character/CompleteCharacters/WarriorIdle' 파일을 찾을 수 없습니다.
[2017.08.16-05.45.37:010][237]LogLinker: '/Game/InfinityBladeWarriors/Character/CompleteCharacters/WarriorIdle' 파일을 찾을 수 없습니다.
[2017.08.16-05.45.37:401][237]LogSlate: Took 0.000555 seconds to synchronously load lazily loaded font '../../../Engine/Content/Slate/Fonts/Roboto-Regular.ttf' (155K)
[2017.08.16-05.45.37:483][237]LogAnimationCompression: Building Anim DDC data for AnimSequence /Game/InfinityBladeWarriors/Character/CompleteCharacters/WarriorIdle.WarriorIdle
[2017.08.16-05.45.40:937][265]LogFileHelpers: Editor autosave (incl. sublevels) for '/Game/Maps/Step1' took 0.038
[2017.08.16-05.45.40:944][265]OBJ SavePackage: Generating thumbnails for [1] asset(s) in package [/Game/InfinityBladeWarriors/Character/CompleteCharacters/WarriorAttack1] ([1] browsable assets)...
[2017.08.16-05.45.40:976][265]OBJ SavePackage:     Rendered thumbnail for [AnimSequence /Game/InfinityBladeWarriors/Character/CompleteCharacters/WarriorAttack1.WarriorAttack1]
[2017.08.16-05.45.40:976][265]OBJ SavePackage: Finished generating thumbnails for package [/Game/InfinityBladeWarriors/Character/CompleteCharacters/WarriorAttack1]
[2017.08.16-05.45.41:016][265]LogSavePackage: Save=29.57ms
[2017.08.16-05.45.41:016][265]LogSavePackage: Moving 'D:/UnrealStudy/Lesson2/Saved/WarriorAttack1_Auto15965CD98407568887F975FA950580D91.tmp' to 'D:/UnrealStudy/Lesson2/Saved/Autosaves/Game/InfinityBladeWarriors/Character/CompleteCharacters/WarriorAttack1_Auto1.uasset'
[2017.08.16-05.45.41:052][265]LogSavePackage:Display: Finished SavePackage D:/UnrealStudy/Lesson2/Saved/Autosaves/Game/InfinityBladeWarriors/Character/CompleteCharacters/WarriorAttack1_Auto1.uasset
[2017.08.16-05.45.41:055][265]OBJ SavePackage: Generating thumbnails for [1] asset(s) in package [/Game/InfinityBladeWarriors/Character/CompleteCharacters/WarriorDead] ([1] browsable assets)...
[2017.08.16-05.45.41:105][265]OBJ SavePackage:     Rendered thumbnail for [AnimSequence /Game/InfinityBladeWarriors/Character/CompleteCharacters/WarriorDead.WarriorDead]
[2017.08.16-05.45.41:105][265]OBJ SavePackage: Finished generating thumbnails for package [/Game/InfinityBladeWarriors/Character/CompleteCharacters/WarriorDead]
[2017.08.16-05.45.41:150][265]LogSavePackage: Save=38.73ms
[2017.08.16-05.45.41:150][265]LogSavePackage: Moving 'D:/UnrealStudy/Lesson2/Saved/WarriorDead_Auto1D7852D6747FEF4DD1560B58D72F83732.tmp' to 'D:/UnrealStudy/Lesson2/Saved/Autosaves/Game/InfinityBladeWarriors/Character/CompleteCharacters/WarriorDead_Auto1.uasset'
[2017.08.16-05.45.41:152][265]LogSavePackage:Display: Finished SavePackage D:/UnrealStudy/Lesson2/Saved/Autosaves/Game/InfinityBladeWarriors/Character/CompleteCharacters/WarriorDead_Auto1.uasset
[2017.08.16-05.45.41:153][265]OBJ SavePackage: Generating thumbnails for [1] asset(s) in package [/Game/InfinityBladeWarriors/Character/CompleteCharacters/WarriorIdle] ([1] browsable assets)...
[2017.08.16-05.45.41:181][265]OBJ SavePackage:     Rendered thumbnail for [AnimSequence /Game/InfinityBladeWarriors/Character/CompleteCharacters/WarriorIdle.WarriorIdle]
[2017.08.16-05.45.41:181][265]OBJ SavePackage: Finished generating thumbnails for package [/Game/InfinityBladeWarriors/Character/CompleteCharacters/WarriorIdle]
[2017.08.16-05.45.41:203][265]LogSavePackage: Save=19.24ms
[2017.08.16-05.45.41:203][265]LogSavePackage: Moving 'D:/UnrealStudy/Lesson2/Saved/WarriorIdle_Auto181E678804F023CEC80B1F5959E852694.tmp' to 'D:/UnrealStudy/Lesson2/Saved/Autosaves/Game/InfinityBladeWarriors/Character/CompleteCharacters/WarriorIdle_Auto1.uasset'
[2017.08.16-05.45.41:205][265]LogSavePackage:Display: Finished SavePackage D:/UnrealStudy/Lesson2/Saved/Autosaves/Game/InfinityBladeWarriors/Character/CompleteCharacters/WarriorIdle_Auto1.uasset
[2017.08.16-05.45.41:205][265]LogFileHelpers: Auto-saving content packages took 0.266
[2017.08.16-06.13.38:292][955]LogContentBrowser:Verbose: The majority of assets in the view are of type: Skeleton
[2017.08.16-06.13.56:024][955]LogContentBrowser:Verbose: The majority of assets in the view are of type: Skeleton
[2017.08.16-06.14.40:565][521]LogMetaData: Removing '/Game/Blueprints/WarriorAnimBlueprint.WarriorAnimBlueprint:AnimGraph.AnimGraphNode_Root_0' ref from Metadata '/Game/InfinityBladeWarriors/Character/CompleteCharacters/WarriorAnimBlueprint.PackageMetaData'
[2017.08.16-06.14.40:565][521]LogMetaData: Removing '/Game/Blueprints/WarriorAnimBlueprint.SKEL_WarriorAnimBlueprint_C:ExecuteUbergraph_WarriorAnimBlueprint' ref from Metadata '/Game/InfinityBladeWarriors/Character/CompleteCharacters/WarriorAnimBlueprint.PackageMetaData'
[2017.08.16-06.14.40:565][521]LogMetaData: Removing '/Game/Blueprints/WarriorAnimBlueprint.SKEL_WarriorAnimBlueprint_C' ref from Metadata '/Game/InfinityBladeWarriors/Character/CompleteCharacters/WarriorAnimBlueprint.PackageMetaData'
[2017.08.16-06.14.40:565][521]LogMetaData: Removing '/Game/Blueprints/WarriorAnimBlueprint.WarriorAnimBlueprint_C:ExecuteUbergraph_WarriorAnimBlueprint' ref from Metadata '/Game/InfinityBladeWarriors/Character/CompleteCharacters/WarriorAnimBlueprint.PackageMetaData'
[2017.08.16-06.14.40:565][521]LogMetaData: Removing '/Game/Blueprints/WarriorAnimBlueprint.WarriorAnimBlueprint_C' ref from Metadata '/Game/InfinityBladeWarriors/Character/CompleteCharacters/WarriorAnimBlueprint.PackageMetaData'
[2017.08.16-06.14.40:565][521]LogMetaData: Removing '/Game/Blueprints/WarriorAnimBlueprint.WarriorAnimBlueprint:EventGraph.K2Node_Event_0' ref from Metadata '/Game/InfinityBladeWarriors/Character/CompleteCharacters/WarriorAnimBlueprint.PackageMetaData'
[2017.08.16-06.14.40:643][521]Cmd: OBJ SAVEPACKAGE PACKAGE="/Game/Blueprints/WarriorAnimBlueprint" FILE="D:/UnrealStudy/Lesson2/Content/Blueprints/WarriorAnimBlueprint.uasset" SILENT=true
[2017.08.16-06.14.40:685][521]LogSavePackage: Save=36.94ms
[2017.08.16-06.14.40:685][521]LogSavePackage: Moving 'D:/UnrealStudy/Lesson2/Saved/WarriorAnimBlueprintF145FCFB410FA432F074F3AA9061778A.tmp' to 'D:/UnrealStudy/Lesson2/Content/Blueprints/WarriorAnimBlueprint.uasset'
[2017.08.16-06.14.40:699][521]LogSavePackage:Display: Finished SavePackage D:/UnrealStudy/Lesson2/Content/Blueprints/WarriorAnimBlueprint.uasset
[2017.08.16-06.23.26:953][323]Cmd: OBJ SAVEPACKAGE PACKAGE="/Game/Maps/Step1" FILE="D:/UnrealStudy/Lesson2/Content/Maps/Step1.umap" SILENT=true AUTOSAVING=false KEEPDIRTY=false
[2017.08.16-06.23.27:078][323]LogSavePackage: Save=75.99ms
[2017.08.16-06.23.27:078][323]LogSavePackage: Moving 'D:/UnrealStudy/Lesson2/Saved/Step13BED16724FFCE45AB7545DBB5D06ED5F.tmp' to 'D:/UnrealStudy/Lesson2/Content/Maps/Step1.umap'
[2017.08.16-06.23.27:079][323]LogSavePackage:Display: Finished SavePackage D:/UnrealStudy/Lesson2/Content/Maps/Step1.umap
[2017.08.16-06.23.29:197][350]Cmd: OBJ SAVEPACKAGE PACKAGE="/Game/Maps/Step1" FILE="D:/UnrealStudy/Lesson2/Content/Maps/Step1.umap" SILENT=true AUTOSAVING=false KEEPDIRTY=false
[2017.08.16-06.23.31:861][350]LogSavePackage: Save=70.58ms
[2017.08.16-06.23.31:861][350]LogSavePackage: Moving 'D:/UnrealStudy/Lesson2/Saved/Step11C1A4ED64BB3EB186A02ACB7A81ED38B.tmp' to 'D:/UnrealStudy/Lesson2/Content/Maps/Step1.umap'
[2017.08.16-06.23.31:862][350]LogSavePackage:Display: Finished SavePackage D:/UnrealStudy/Lesson2/Content/Maps/Step1.umap
[2017.08.16-06.24.39:186][647]LogContentBrowser: Native class hierarchy updated for 'SkeletonEditor' in 0.0031 seconds. Added 1 classes and 2 folders.
[2017.08.16-06.24.43:095][647]LogActorComponent: RegisterComponentWithWorld: (/Engine/Transient.World_5:PersistentLevel.Actor_0.DebugSkelMeshComponent_0) Already registered. Aborting.
[2017.08.16-06.24.44:291][647]LogContentBrowser: Native class hierarchy updated for 'BlueprintGraph' in 0.0035 seconds. Added 112 classes and 0 folders.
[2017.08.16-06.24.46:934][647]LogSlate: Took 0.012598 seconds to synchronously load lazily loaded font '../../../Engine/Content/Editor/Slate/Fonts/Roboto-BoldCondensed.ttf' (158K)
[2017.08.16-06.24.47:124][647]LogContentBrowser: Native class hierarchy updated for 'ClothingSystemEditorInterface' in 0.0015 seconds. Added 1 classes and 0 folders.
[2017.08.16-06.24.56:280][675]LogContentBrowser:Verbose: The majority of assets in the view are of type: AnimSequence
[2017.08.16-06.28.25:855][ 56]BlueprintLog: New page: WarriorAnimBlueprint 컴파일
[2017.08.16-06.28.39:682][233]BlueprintLog: New page: WarriorAnimBlueprint 컴파일
[2017.08.16-06.29.03:045][576]BlueprintLog: New page: WarriorAnimBlueprint 컴파일
[2017.08.16-06.31.46:013][541]LogSlate: Took 0.005695 seconds to synchronously load lazily loaded font '../../../Engine/Content/Editor/Slate/Fonts/Roboto-BoldCondensedItalic.ttf' (160K)
[2017.08.16-06.33.32:858][545]BlueprintLog: New page: WarriorAnimBlueprint 컴파일
[2017.08.16-06.34.54:512][351]LogFileHelpers: Editor autosave (incl. sublevels) for '/Game/Maps/Step1' took 0.040
[2017.08.16-06.34.54:514][351]OBJ SavePackage: Generating thumbnails for [1] asset(s) in package [/Game/Blueprints/WarriorAnimBlueprint] ([1] browsable assets)...
[2017.08.16-06.34.54:546][351]OBJ SavePackage:     Rendered thumbnail for [AnimBlueprint /Game/Blueprints/WarriorAnimBlueprint.WarriorAnimBlueprint]
[2017.08.16-06.34.54:546][351]OBJ SavePackage: Finished generating thumbnails for package [/Game/Blueprints/WarriorAnimBlueprint]
[2017.08.16-06.34.54:546][351]Cmd: OBJ SAVEPACKAGE PACKAGE="/Game/Blueprints/WarriorAnimBlueprint" FILE="D:/UnrealStudy/Lesson2/Saved/Autosaves/Game/Blueprints/WarriorAnimBlueprint_Auto2.uasset" SILENT=false AUTOSAVING=true
[2017.08.16-06.34.54:607][351]LogSavePackage: Save=49.81ms
[2017.08.16-06.34.54:607][351]LogSavePackage: Moving 'D:/UnrealStudy/Lesson2/Saved/WarriorAnimBlueprint_Auto282404A9D46A1EE180B37469014EC1A8B.tmp' to 'D:/UnrealStudy/Lesson2/Saved/Autosaves/Game/Blueprints/WarriorAnimBlueprint_Auto2.uasset'
[2017.08.16-06.34.54:609][351]LogSavePackage:Display: Finished SavePackage D:/UnrealStudy/Lesson2/Saved/Autosaves/Game/Blueprints/WarriorAnimBlueprint_Auto2.uasset
[2017.08.16-06.34.54:609][351]LogFileHelpers: Auto-saving content packages took 0.096
[2017.08.16-06.35.09:396][396]BlueprintLog: New page: WarriorAnimBlueprint 컴파일
[2017.08.16-06.35.10:368][405]Cmd: OBJ SAVEPACKAGE PACKAGE="/Game/Blueprints/WarriorAnimBlueprint" FILE="D:/UnrealStudy/Lesson2/Content/Blueprints/WarriorAnimBlueprint.uasset" SILENT=true
[2017.08.16-06.35.10:461][405]LogSavePackage: Save=55.13ms
[2017.08.16-06.35.10:461][405]LogSavePackage: Moving 'D:/UnrealStudy/Lesson2/Saved/WarriorAnimBlueprintC43D1D4742BDB07985A8DCA37E24C6F5.tmp' to 'D:/UnrealStudy/Lesson2/Content/Blueprints/WarriorAnimBlueprint.uasset'
[2017.08.16-06.35.10:467][405]LogSavePackage:Display: Finished SavePackage D:/UnrealStudy/Lesson2/Content/Blueprints/WarriorAnimBlueprint.uasset
[2017.08.16-06.35.12:588][430]Cmd: OBJ SAVEPACKAGE PACKAGE="/Game/Blueprints/WarriorAnimBlueprint" FILE="D:/UnrealStudy/Lesson2/Content/Blueprints/WarriorAnimBlueprint.uasset" SILENT=true
[2017.08.16-06.35.12:637][430]LogSavePackage: Save=42.39ms
[2017.08.16-06.35.12:637][430]LogSavePackage: Moving 'D:/UnrealStudy/Lesson2/Saved/WarriorAnimBlueprintF9470544477DD24C53D258937D060741.tmp' to 'D:/UnrealStudy/Lesson2/Content/Blueprints/WarriorAnimBlueprint.uasset'
[2017.08.16-06.35.12:639][430]LogSavePackage:Display: Finished SavePackage D:/UnrealStudy/Lesson2/Content/Blueprints/WarriorAnimBlueprint.uasset
[2017.08.16-06.36.57:228][834]LogSlate: Took 0.006339 seconds to synchronously load lazily loaded font '../../../Engine/Content/Editor/Slate/Fonts/Roboto-Italic.ttf' (157K)
[2017.08.16-06.37.25:832][164]LogSlate:Warning: Prevented a slow task dialog from being summoned while a context menu was open
[2017.08.16-06.37.54:161][399]BlueprintLog: New page: BP_WarriorDiablo 컴파일
[2017.08.16-06.37.57:084][431]Cmd: OBJ SAVEPACKAGE PACKAGE="/Game/Blueprints/BP_WarriorDiablo" FILE="D:/UnrealStudy/Lesson2/Content/Blueprints/BP_WarriorDiablo.uasset" SILENT=true
[2017.08.16-06.37.57:200][431]LogSavePackage: Save=93.61ms
[2017.08.16-06.37.57:200][431]LogSavePackage: Moving 'D:/UnrealStudy/Lesson2/Saved/BP_WarriorDiabloE1EDF4F9466BB68760E632B4CE88AF79.tmp' to 'D:/UnrealStudy/Lesson2/Content/Blueprints/BP_WarriorDiablo.uasset'
[2017.08.16-06.37.57:205][431]LogSavePackage:Display: Finished SavePackage D:/UnrealStudy/Lesson2/Content/Blueprints/BP_WarriorDiablo.uasset
[2017.08.16-06.38.38:943][756]LogAIModule: Creating AISystem for world Step5
[2017.08.16-06.39.03:404][756]LogSavePackage: Save=22.78ms
[2017.08.16-06.39.03:404][756]LogSavePackage: Moving 'D:/UnrealStudy/Lesson2/Saved/WarriorAttack1AB0F519B469F49A379E32199660EBCE1.tmp' to 'D:/UnrealStudy/Lesson2/Content/InfinityBladeWarriors/Character/CompleteCharacters/WarriorAttack1.uasset'
[2017.08.16-06.39.03:415][756]LogSavePackage:Display: Finished SavePackage D:/UnrealStudy/Lesson2/Content/InfinityBladeWarriors/Character/CompleteCharacters/WarriorAttack1.uasset
[2017.08.16-06.39.03:506][756]LogSavePackage: Save=21.74ms
[2017.08.16-06.39.03:506][756]LogSavePackage: Moving 'D:/UnrealStudy/Lesson2/Saved/WarriorDead29C96C5240445BE3B001B6BD79C980F2.tmp' to 'D:/UnrealStudy/Lesson2/Content/InfinityBladeWarriors/Character/CompleteCharacters/WarriorDead.uasset'
[2017.08.16-06.39.03:513][756]LogSavePackage:Display: Finished SavePackage D:/UnrealStudy/Lesson2/Content/InfinityBladeWarriors/Character/CompleteCharacters/WarriorDead.uasset
[2017.08.16-06.39.03:597][756]LogSavePackage: Save=19.65ms
[2017.08.16-06.39.03:598][756]LogSavePackage: Moving 'D:/UnrealStudy/Lesson2/Saved/WarriorIdle9BF950E44AD9E1EBBE9F739794DA0930.tmp' to 'D:/UnrealStudy/Lesson2/Content/InfinityBladeWarriors/Character/CompleteCharacters/WarriorIdle.uasset'
[2017.08.16-06.39.03:604][756]LogSavePackage:Display: Finished SavePackage D:/UnrealStudy/Lesson2/Content/InfinityBladeWarriors/Character/CompleteCharacters/WarriorIdle.uasset
[2017.08.16-06.39.03:608][756]Cmd: MAP LOAD FILE="D:/UnrealStudy/Lesson2/Content/Maps/Step5.umap" TEMPLATE=0 SHOWPROGRESS=1 FEATURELEVEL=3
[2017.08.16-06.39.03:608][756]LightingResults: New page: 라이팅 빌드
[2017.08.16-06.39.03:610][756]LoadErrors: New page: 맵 로드중: Step5.umap
[2017.08.16-06.39.03:612][756]MapCheck: New page: 맵 체크
[2017.08.16-06.39.03:612][756]LightingResults: New page: 라이팅 빌드
[2017.08.16-06.39.04:984][756]LogEditorServer: Finished looking for orphan Actors (0.001 secs)
[2017.08.16-06.39.05:185][756]Cmd: MAP CHECKDEP NOCLEARLOG
[2017.08.16-06.39.05:646][756]MapCheck: 정보 맵 체크 완료: 오류 0 회, 경고 0 회, 소요 시간 460.408ms.
[2017.08.16-06.39.05:649][756]LogFileHelpers: Loading map 'Step5' took 2.045
[2017.08.16-06.40.41:991][183]LogAIModule: Creating AISystem for world Step6
[2017.08.16-06.40.42:203][183]Cmd: OBJ SAVEPACKAGE PACKAGE="/Game/Maps/Step6" FILE="D:/UnrealStudy/Lesson2/Content/Maps/Step6.umap" SILENT=true AUTOSAVING=false KEEPDIRTY=false
[2017.08.16-06.41.02:698][183]LogSavePackage: Save=20154.43ms
[2017.08.16-06.41.02:698][183]LogSavePackage: Moving 'D:/UnrealStudy/Lesson2/Saved/Step6C160DEEB4ACDDFC63734AABF9151AAA5.tmp' to 'D:/UnrealStudy/Lesson2/Content/Maps/Step6.umap'
[2017.08.16-06.41.02:709][183]LogSavePackage:Display: Finished SavePackage D:/UnrealStudy/Lesson2/Content/Maps/Step6.umap
[2017.08.16-06.41.02:823][183]LogFileHelpers: Saving map 'Step6' took 47.451
[2017.08.16-06.41.02:825][183]Cmd: MAP LOAD FILE="D:/UnrealStudy/Lesson2/Content/Maps/Step6.umap" TEMPLATE=0 SHOWPROGRESS=1 FEATURELEVEL=3
[2017.08.16-06.41.02:842][183]LightingResults: New page: 라이팅 빌드
[2017.08.16-06.41.02:844][183]LoadErrors: New page: 맵 로드중: Step6.umap
[2017.08.16-06.41.02:875][183]MapCheck: New page: 맵 체크
[2017.08.16-06.41.02:875][183]LightingResults: New page: 라이팅 빌드
[2017.08.16-06.41.05:168][183]LogEditorServer: Finished looking for orphan Actors (0.001 secs)
[2017.08.16-06.41.05:364][183]Cmd: MAP CHECKDEP NOCLEARLOG
[2017.08.16-06.41.05:679][183]MapCheck: 정보 맵 체크 완료: 오류 0 회, 경고 0 회, 소요 시간 315.365ms.
[2017.08.16-06.41.05:679][183]LogFileHelpers: Loading map 'Step6' took 2.856
[2017.08.16-06.41.40:931][433]LogAIModule: Creating AISystem for world Step4
[2017.08.16-06.41.43:264][433]Cmd: OBJ SAVEPACKAGE PACKAGE="/Game/Blueprints/BP_WarriorDiablo" FILE="D:/UnrealStudy/Lesson2/Content/Blueprints/BP_WarriorDiablo.uasset" SILENT=true
[2017.08.16-06.41.43:328][433]LogSavePackage: Save=58.29ms
[2017.08.16-06.41.43:328][433]LogSavePackage: Moving 'D:/UnrealStudy/Lesson2/Saved/BP_WarriorDiablo86596E6D48380B56FDF28ABC07BD6271.tmp' to 'D:/UnrealStudy/Lesson2/Content/Blueprints/BP_WarriorDiablo.uasset'
[2017.08.16-06.41.43:332][433]LogSavePackage:Display: Finished SavePackage D:/UnrealStudy/Lesson2/Content/Blueprints/BP_WarriorDiablo.uasset
[2017.08.16-06.41.43:595][433]Cmd: OBJ SAVEPACKAGE PACKAGE="/Game/Maps/Step6" FILE="D:/UnrealStudy/Lesson2/Content/Maps/Step6.umap" SILENT=true AUTOSAVING=false KEEPDIRTY=false
[2017.08.16-06.42.02:427][433]LogSavePackage: Save=18546.76ms
[2017.08.16-06.42.02:427][433]LogSavePackage: Moving 'D:/UnrealStudy/Lesson2/Saved/Step6958A156240AC56ADDFB4F6BE6F62C924.tmp' to 'D:/UnrealStudy/Lesson2/Content/Maps/Step6.umap'
[2017.08.16-06.42.02:450][433]LogSavePackage:Display: Finished SavePackage D:/UnrealStudy/Lesson2/Content/Maps/Step6.umap
[2017.08.16-06.42.02:508][433]LogFileHelpers: Saving map 'Step6' took 19.130
[2017.08.16-06.42.02:509][433]Cmd: MAP LOAD FILE="D:/UnrealStudy/Lesson2/Content/Maps/Step4.umap" TEMPLATE=0 SHOWPROGRESS=1 FEATURELEVEL=3
[2017.08.16-06.42.02:509][433]LightingResults: New page: 라이팅 빌드
[2017.08.16-06.42.02:511][433]LoadErrors: New page: 맵 로드중: Step4.umap
[2017.08.16-06.42.02:540][433]MapCheck: New page: 맵 체크
[2017.08.16-06.42.02:540][433]LightingResults: New page: 라이팅 빌드
[2017.08.16-06.42.03:209][433]LogEditorServer: Finished looking for orphan Actors (0.000 secs)
[2017.08.16-06.42.03:359][433]Cmd: MAP CHECKDEP NOCLEARLOG
[2017.08.16-06.42.03:723][433]MapCheck: 정보 맵 체크 완료: 오류 0 회, 경고 0 회, 소요 시간 364.327ms.
[2017.08.16-06.42.03:727][433]LogFileHelpers: Loading map 'Step4' took 1.219
[2017.08.16-06.42.08:456][446]LogAIModule: Creating AISystem for world Step6
[2017.08.16-06.42.08:692][446]Cmd: MAP LOAD FILE="D:/UnrealStudy/Lesson2/Content/Maps/Step6.umap" TEMPLATE=0 SHOWPROGRESS=1 FEATURELEVEL=3
[2017.08.16-06.42.08:692][446]LightingResults: New page: 라이팅 빌드
[2017.08.16-06.42.08:694][446]LoadErrors: New page: 맵 로드중: Step6.umap
[2017.08.16-06.42.08:697][446]MapCheck: New page: 맵 체크
[2017.08.16-06.42.08:697][446]LightingResults: New page: 라이팅 빌드
[2017.08.16-06.42.12:350][446]LogEditorServer: Finished looking for orphan Actors (0.000 secs)
[2017.08.16-06.42.12:561][446]Cmd: MAP CHECKDEP NOCLEARLOG
[2017.08.16-06.42.12:956][446]MapCheck: 정보 맵 체크 완료: 오류 0 회, 경고 0 회, 소요 시간 395.044ms.
[2017.08.16-06.42.12:961][446]LogFileHelpers: Loading map 'Step6' took 4.271
[2017.08.16-06.53.21:751][742]LogActorComponent: RegisterComponentWithWorld: (/Engine/Transient.World_12:PersistentLevel.Actor_1.DebugSkelMeshComponent_2) Already registered. Aborting.
[2017.08.16-06.57.33:770][898]LogFileHelpers: Editor autosave (incl. sublevels) for '/Game/Maps/Step6' took 0.172
[2017.08.16-06.57.33:777][898]OBJ SavePackage: Generating thumbnails for [1] asset(s) in package [/Game/Blueprints/WarriorAnimBlueprint] ([1] browsable assets)...
[2017.08.16-06.57.33:836][898]OBJ SavePackage:     Rendered thumbnail for [AnimBlueprint /Game/Blueprints/WarriorAnimBlueprint.WarriorAnimBlueprint]
[2017.08.16-06.57.33:836][898]OBJ SavePackage: Finished generating thumbnails for package [/Game/Blueprints/WarriorAnimBlueprint]
[2017.08.16-06.57.33:836][898]Cmd: OBJ SAVEPACKAGE PACKAGE="/Game/Blueprints/WarriorAnimBlueprint" FILE="D:/UnrealStudy/Lesson2/Saved/Autosaves/Game/Blueprints/WarriorAnimBlueprint_Auto3.uasset" SILENT=false AUTOSAVING=true
[2017.08.16-06.57.34:017][898]LogSavePackage: Save=151.14ms
[2017.08.16-06.57.34:017][898]LogSavePackage: Moving 'D:/UnrealStudy/Lesson2/Saved/WarriorAnimBlueprint_Auto38402BF74451B6039DCFB1DA6073DA858.tmp' to 'D:/UnrealStudy/Lesson2/Saved/Autosaves/Game/Blueprints/WarriorAnimBlueprint_Auto3.uasset'
[2017.08.16-06.57.34:021][898]LogSavePackage:Display: Finished SavePackage D:/UnrealStudy/Lesson2/Saved/Autosaves/Game/Blueprints/WarriorAnimBlueprint_Auto3.uasset
[2017.08.16-06.57.34:021][898]LogFileHelpers: Auto-saving content packages took 0.249
[2017.08.16-07.07.38:526][743]LogFileHelpers: Editor autosave (incl. sublevels) for '/Game/Maps/Step6' took 0.728
[2017.08.16-07.07.38:534][743]OBJ SavePackage: Generating thumbnails for [1] asset(s) in package [/Game/Blueprints/WarriorAnimBlueprint] ([1] browsable assets)...
[2017.08.16-07.07.38:613][743]OBJ SavePackage:     Rendered thumbnail for [AnimBlueprint /Game/Blueprints/WarriorAnimBlueprint.WarriorAnimBlueprint]
[2017.08.16-07.07.38:613][743]OBJ SavePackage: Finished generating thumbnails for package [/Game/Blueprints/WarriorAnimBlueprint]
[2017.08.16-07.07.38:613][743]Cmd: OBJ SAVEPACKAGE PACKAGE="/Game/Blueprints/WarriorAnimBlueprint" FILE="D:/UnrealStudy/Lesson2/Saved/Autosaves/Game/Blueprints/WarriorAnimBlueprint_Auto4.uasset" SILENT=false AUTOSAVING=true
[2017.08.16-07.07.39:896][743]LogSavePackage: Save=1232.82ms
[2017.08.16-07.07.39:975][743]LogSavePackage: Moving 'D:/UnrealStudy/Lesson2/Saved/WarriorAnimBlueprint_Auto4ACF055E348CFF80C1A2405B8D15B730A.tmp' to 'D:/UnrealStudy/Lesson2/Saved/Autosaves/Game/Blueprints/WarriorAnimBlueprint_Auto4.uasset'
[2017.08.16-07.07.39:981][743]LogSavePackage:Display: Finished SavePackage D:/UnrealStudy/Lesson2/Saved/Autosaves/Game/Blueprints/WarriorAnimBlueprint_Auto4.uasset
[2017.08.16-07.07.39:981][743]LogFileHelpers: Auto-saving content packages took 1.451
[2017.08.16-07.22.00:664][455]BlueprintLog: New page: WarriorAnimBlueprint 컴파일
[2017.08.16-07.22.02:907][466]Cmd: OBJ SAVEPACKAGE PACKAGE="/Game/Blueprints/WarriorAnimBlueprint" FILE="D:/UnrealStudy/Lesson2/Content/Blueprints/WarriorAnimBlueprint.uasset" SILENT=true
[2017.08.16-07.22.06:695][466]LogSavePackage: Save=175.52ms
[2017.08.16-07.22.06:696][466]LogSavePackage: Moving 'D:/UnrealStudy/Lesson2/Saved/WarriorAnimBlueprint010CBF514884387DCF6A0F83AD92E338.tmp' to 'D:/UnrealStudy/Lesson2/Content/Blueprints/WarriorAnimBlueprint.uasset'
[2017.08.16-07.22.06:726][466]LogSavePackage:Display: Finished SavePackage D:/UnrealStudy/Lesson2/Content/Blueprints/WarriorAnimBlueprint.uasset
[2017.08.16-07.22.12:289][516]LogTemp: Repeting last play command: 선택된 뷰포트
[2017.08.16-07.22.14:105][516]LogBlueprintUserMessages: Early PlayInEditor Detection: Level '/Game/Maps/Step6.Step6:PersistentLevel' has LevelScriptBlueprint '/Game/Maps/Step6.Step6:PersistentLevel.Step6' with GeneratedClass '/Game/Maps/Step6.Step6_C' with ClassGeneratedBy '/Game/Maps/Step6.Step6:PersistentLevel.Step6'
[2017.08.16-07.22.14:107][516]LogPlayLevel: PlayLevel: No blueprints needed recompiling
[2017.08.16-07.22.14:116][516]PIE: New page: PIE 세션: Step6 (2017. 8. 17. 오전 1:22:14)
[2017.08.16-07.22.14:117][516]LogPlayLevel: Creating play world package: /Game/Maps/UEDPIE_0_Step6
[2017.08.16-07.22.15:113][516]LogPlayLevel: PIE: StaticDuplicateObject took: (0.996332s)
[2017.08.16-07.22.15:118][516]LogAIModule: Creating AISystem for world Step6
[2017.08.16-07.22.15:119][516]LogPlayLevel: PIE: World Init took: (0.006029s)
[2017.08.16-07.22.15:122][516]LogPlayLevel: PIE: Created PIE world by copying editor world from /Game/Maps/Step6.Step6 to /Game/Maps/UEDPIE_0_Step6.Step6 (1.005709s)
[2017.08.16-07.22.15:369][516]LogInit: XAudio2 using '스피커(Realtek High Definition Audio)' : 2 channels at 48 kHz using 32 bits per sample (channel mask 0x3)
[2017.08.16-07.22.15:459][516]LogInit: FAudioDevice initialized.
[2017.08.16-07.22.17:839][516]LogLoad: Game class is 'ThirdPersonGameMode_C'
[2017.08.16-07.22.18:079][516]LogWorld: Bringing World /Game/Maps/UEDPIE_0_Step6.Step6 up for play (max tick rate 60) at 2017.08.16-16.22.18
[2017.08.16-07.22.18:094][516]LogWorld: Bringing up level for play took: 0.251878
[2017.08.16-07.22.19:098][516]LogContentBrowser: Native class hierarchy updated for 'MovieSceneCapture' in 0.0055 seconds. Added 11 classes and 0 folders.
[2017.08.16-07.22.19:117][516]PIE: 정보 /Game/Maps/UEDPIE_0_Step6 에 대한 에디터에서 플레이 시작 시간: 5.908
[2017.08.16-07.22.19:121][516]LogBlueprintUserMessages: Late PlayInEditor Detection: Level '/Game/Maps/Step6.Step6:PersistentLevel' has LevelScriptBlueprint '/Game/Maps/Step6.Step6:PersistentLevel.Step6' with GeneratedClass '/Game/Maps/Step6.Step6_C' with ClassGeneratedBy '/Game/Maps/Step6.Step6:PersistentLevel.Step6'
[2017.08.16-07.22.31:979][782]LogD3D11RHI: Timed out while waiting for GPU to catch up. (0.5 s)
[2017.08.16-07.22.42:518][999]LogBlueprintUserMessages: Early EndPlayMap Detection: Level '/Game/Maps/Step6.Step6:PersistentLevel' has LevelScriptBlueprint '/Game/Maps/Step6.Step6:PersistentLevel.Step6' with GeneratedClass '/Game/Maps/Step6.Step6_C' with ClassGeneratedBy '/Game/Maps/Step6.Step6:PersistentLevel.Step6'
[2017.08.16-07.22.42:655][999]LogBlueprintUserMessages: Late EndPlayMap Detection: Level '/Game/Maps/Step6.Step6:PersistentLevel' has LevelScriptBlueprint '/Game/Maps/Step6.Step6:PersistentLevel.Step6' with GeneratedClass '/Game/Maps/Step6.Step6_C' with ClassGeneratedBy '/Game/Maps/Step6.Step6:PersistentLevel.Step6'
[2017.08.16-07.22.50:609][129]Cmd: CAMERA ALIGN ACTIVEVIEWPORTONLY
[2017.08.16-07.23.03:959][318]LogWindowsTextInputMethodSystem:Display: IME system now activated using TSF (Microsoft 입력기).
[2017.08.16-07.23.09:913][319]Cmd: QUIT_EDITOR
[2017.08.16-07.23.13:941][319]LogExit: Preparing to exit.
[2017.08.16-07.23.20:804][319]LogExit: Editor shut down
[2017.08.16-07.23.21:293][319]LogExit: Transaction tracking system shut down
[2017.08.16-07.23.28:393][319]LogObj: Freed 0b from 0 cluster array pools.
[2017.08.16-07.23.28:395][319]LogExit: Object subsystem successfully closed.
[2017.08.16-07.23.28:544][319]LogD3D11RHI: Shutdown
[2017.08.16-07.23.28:544][319]LogD3D11RHI: CleanupD3DDevice
[2017.08.16-07.23.30:611][319]LogD3D11RHI: ~FD3D11DynamicRHI
[2017.08.16-07.23.30:991][319]LogModuleManager: Shutting down and abandoning module MovieSceneCapture (536)
[2017.08.16-07.23.30:991][319]LogModuleManager: Shutting down and abandoning module ClothingSystemEditorInterface (534)
[2017.08.16-07.23.30:991][319]LogModuleManager: Shutting down and abandoning module BlueprintGraph (532)
[2017.08.16-07.23.30:991][319]LogModuleManager: Shutting down and abandoning module BlueprintProfiler (530)
[2017.08.16-07.23.30:991][319]LogModuleManager: Shutting down and abandoning module SkeletonEditor (528)
[2017.08.16-07.23.30:991][319]LogModuleManager: Shutting down and abandoning module AnimationBlueprintEditor (526)
[2017.08.16-07.23.30:992][319]LogModuleManager: Shutting down and abandoning module HierarchicalLODOutliner (524)
[2017.08.16-07.23.30:996][319]LogModuleManager: Shutting down and abandoning module CrashTracker (522)
[2017.08.16-07.23.30:997][319]LogModuleManager: Shutting down and abandoning module SceneOutliner (520)
[2017.08.16-07.23.30:997][319]LogModuleManager: Shutting down and abandoning module AddContentDialog (518)
[2017.08.16-07.23.30:997][319]LogDirectoryWatcher: A directory notification for 'C:/Program Files/Epic Games/UE_4.16/FeaturePacks/' was aborted.
[2017.08.16-07.23.31:033][319]LogModuleManager: Shutting down and abandoning module WidgetCarousel (517)
[2017.08.16-07.23.31:033][319]LogModuleManager: Shutting down and abandoning module EditorWidgets (514)
[2017.08.16-07.23.31:033][319]LogModuleManager: Shutting down and abandoning module CollectionManager (512)
[2017.08.16-07.23.31:033][319]LogDirectoryWatcher: A directory notification for 'D:/UnrealStudy/Lesson2/Content/Collections/' was aborted.
[2017.08.16-07.23.31:033][319]LogDirectoryWatcher: A directory notification for 'D:/UnrealStudy/Lesson2/Content/Developers/LEEJIU/Collections/' was aborted.
[2017.08.16-07.23.31:033][319]LogDirectoryWatcher: A directory notification for 'D:/UnrealStudy/Lesson2/Saved/Collections/' was aborted.
[2017.08.16-07.23.31:034][319]LogModuleManager: Shutting down and abandoning module StatsViewer (510)
[2017.08.16-07.23.31:034][319]LogModuleManager: Shutting down and abandoning module FoliageEdit (508)
[2017.08.16-07.23.31:035][319]LogModuleManager: Shutting down and abandoning module LandscapeEditor (506)
[2017.08.16-07.23.31:038][319]LogModuleManager: Shutting down and abandoning module MeshPaintMode (504)
[2017.08.16-07.23.31:039][319]LogModuleManager: Shutting down and abandoning module SceneDepthPickerMode (502)
[2017.08.16-07.23.31:039][319]LogModuleManager: Shutting down and abandoning module ActorPickerMode (500)
[2017.08.16-07.23.31:039][319]LogModuleManager: Shutting down and abandoning module GeometryMode (498)
[2017.08.16-07.23.31:039][319]LogModuleManager: Shutting down and abandoning module TextureAlignMode (496)
[2017.08.16-07.23.31:039][319]LogModuleManager: Shutting down and abandoning module BspMode (494)
[2017.08.16-07.23.31:040][319]LogModuleManager: Shutting down and abandoning module HardwareSurvey (492)
[2017.08.16-07.23.31:041][319]LogModuleManager: Shutting down and abandoning module SequenceRecorderSections (490)
[2017.08.16-07.23.31:041][319]LogModuleManager: Shutting down and abandoning module AutomationWorker (488)
[2017.08.16-07.23.31:042][319]LogModuleManager: Shutting down and abandoning module MatineeToLevelSequence (486)
[2017.08.16-07.23.31:043][319]LogModuleManager: Shutting down and abandoning module LevelSequenceEditor (484)
[2017.08.16-07.23.31:049][319]LogModuleManager: Shutting down and abandoning module PlacementMode (483)
[2017.08.16-07.23.31:049][319]LogModuleManager: Shutting down and abandoning module WmfMediaFactory (480)
[2017.08.16-07.23.31:050][319]LogModuleManager: Shutting down and abandoning module WmfMediaEditor (478)
[2017.08.16-07.23.31:050][319]LogModuleManager: Shutting down and abandoning module AvfMediaFactory (476)
[2017.08.16-07.23.31:050][319]LogModuleManager: Shutting down and abandoning module AvfMediaEditor (474)
[2017.08.16-07.23.31:051][319]LogModuleManager: Shutting down and abandoning module AndroidMediaFactory (472)
[2017.08.16-07.23.31:051][319]LogModuleManager: Shutting down and abandoning module Media (471)
[2017.08.16-07.23.31:051][319]LogModuleManager: Shutting down and abandoning module AndroidMediaEditor (468)
[2017.08.16-07.23.31:051][319]LogModuleManager: Shutting down and abandoning module CharacterAI (466)
[2017.08.16-07.23.31:051][319]LogModuleManager: Shutting down and abandoning module AudioCapture (464)
[2017.08.16-07.23.31:052][319]LogModuleManager: Shutting down and abandoning module SequenceRecorder (463)
[2017.08.16-07.23.31:053][319]LogModuleManager: Shutting down and abandoning module SmartSnapping (460)
[2017.08.16-07.23.31:053][319]LogModuleManager: Shutting down and abandoning module SessionServices (458)
[2017.08.16-07.23.31:053][319]LogModuleManager: Shutting down and abandoning module ViewportSnapping (456)
[2017.08.16-07.23.31:053][319]LogModuleManager: Shutting down and abandoning module ViewportInteraction (454)
[2017.08.16-07.23.31:053][319]LogModuleManager: Shutting down and abandoning module ClothPainter (452)
[2017.08.16-07.23.31:055][319]LogModuleManager: Shutting down and abandoning module LogVisualizer (450)
[2017.08.16-07.23.31:057][319]LogModuleManager: Shutting down and abandoning module IntroTutorials (448)
[2017.08.16-07.23.31:061][319]LogModuleManager: Shutting down and abandoning module GameProjectGeneration (447)
[2017.08.16-07.23.31:075][319]LogModuleManager: Shutting down and abandoning module EditorLiveStreaming (444)
[2017.08.16-07.23.31:075][319]LogModuleManager: Shutting down and abandoning module IOSPlatformEditor (442)
[2017.08.16-07.23.31:077][319]LogModuleManager: Shutting down and abandoning module HTML5PlatformEditor (440)
[2017.08.16-07.23.31:077][319]LogModuleManager: Shutting down and abandoning module AndroidPlatformEditor (438)
[2017.08.16-07.23.31:077][319]LogModuleManager: Shutting down and abandoning module AndroidDeviceDetection (437)
[2017.08.16-07.23.31:084][319]LogModuleManager: Shutting down and abandoning module IOSRuntimeSettings (434)
[2017.08.16-07.23.31:084][319]LogModuleManager: Shutting down and abandoning module AndroidRuntimeSettings (432)
[2017.08.16-07.23.31:084][319]LogModuleManager: Shutting down and abandoning module InputBindingEditor (430)
[2017.08.16-07.23.31:085][319]LogModuleManager: Shutting down and abandoning module MergeActors (428)
[2017.08.16-07.23.31:085][319]LogModuleManager: Shutting down and abandoning module SizeMap (426)
[2017.08.16-07.23.31:085][319]LogModuleManager: Shutting down and abandoning module TreeMap (424)
[2017.08.16-07.23.31:086][319]LogModuleManager: Shutting down and abandoning module ReferenceViewer (422)
[2017.08.16-07.23.31:086][319]LogModuleManager: Shutting down and abandoning module LocalizationDashboard (420)
[2017.08.16-07.23.31:088][319]LogModuleManager: Shutting down and abandoning module LocalizationService (419)
[2017.08.16-07.23.31:088][319]LogModuleManager: Shutting down and abandoning module HardwareTargeting (416)
[2017.08.16-07.23.31:088][319]LogModuleManager: Shutting down and abandoning module DeviceProfileEditor (414)
[2017.08.16-07.23.31:089][319]LogModuleManager: Shutting down and abandoning module UndoHistory (412)
[2017.08.16-07.23.31:089][319]LogModuleManager: Shutting down and abandoning module UserFeedback (410)
[2017.08.16-07.23.31:089][319]LogModuleManager: Shutting down and abandoning module XmlParser (408)
[2017.08.16-07.23.31:090][319]LogModuleManager: Shutting down and abandoning module Blutility (406)
[2017.08.16-07.23.31:090][319]LogModuleManager: Shutting down and abandoning module ProjectSettingsViewer (404)
[2017.08.16-07.23.31:091][319]LogModuleManager: Shutting down and abandoning module ProjectTargetPlatformEditor (403)
[2017.08.16-07.23.31:092][319]LogModuleManager: Shutting down and abandoning module EditorSettingsViewer (400)
[2017.08.16-07.23.31:093][319]LogModuleManager: Shutting down and abandoning module SettingsEditor (398)
[2017.08.16-07.23.31:094][319]LogModuleManager: Shutting down and abandoning module ProjectLauncher (396)
[2017.08.16-07.23.31:096][319]LogModuleManager: Shutting down and abandoning module SessionFrontend (394)
[2017.08.16-07.23.31:097][319]LogModuleManager: Shutting down and abandoning module ProfilerClient (392)
[2017.08.16-07.23.31:098][319]LogModuleManager: Shutting down and abandoning module DeviceManager (390)
[2017.08.16-07.23.31:099][319]LogModuleManager: Shutting down and abandoning module TargetDeviceServices (389)
[2017.08.16-07.23.31:155][319]LogModuleManager: Shutting down and abandoning module AutomationController (386)
[2017.08.16-07.23.31:156][319]LogModuleManager: Shutting down and abandoning module AutomationWindow (384)
[2017.08.16-07.23.31:157][319]LogModuleManager: Shutting down and abandoning module Layers (382)
[2017.08.16-07.23.31:159][319]LogModuleManager: Shutting down and abandoning module ComponentVisualizers (380)
[2017.08.16-07.23.31:159][319]LogModuleManager: Shutting down and abandoning module DetailCustomizations (378)
[2017.08.16-07.23.31:160][319]LogModuleManager: Shutting down and abandoning module PackagesDialog (376)
[2017.08.16-07.23.31:161][319]LogModuleManager: Shutting down and abandoning module Persona (374)
[2017.08.16-07.23.31:161][319]LogModuleManager: Shutting down and abandoning module AdvancedPreviewScene (373)
[2017.08.16-07.23.31:161][319]LogModuleManager: Shutting down and abandoning module AnimGraph (371)
[2017.08.16-07.23.31:161][319]LogModuleManager: Shutting down and abandoning module Kismet (368)
[2017.08.16-07.23.31:185][319]LogModuleManager: Shutting down and abandoning module ClassViewer (366)
[2017.08.16-07.23.31:190][319]LogModuleManager: Shutting down and abandoning module Toolbox (364)
[2017.08.16-07.23.31:190][319]LogModuleManager: Shutting down and abandoning module ModuleUI (362)
[2017.08.16-07.23.31:191][319]LogModuleManager: Shutting down and abandoning module MovieSceneTools (360)
[2017.08.16-07.23.31:193][319]LogModuleManager: Shutting down and abandoning module OutputLog (358)
[2017.08.16-07.23.31:194][319]LogModuleManager: Shutting down and abandoning module GammaUI (356)
[2017.08.16-07.23.31:194][319]LogModuleManager: Shutting down and abandoning module Documentation (354)
[2017.08.16-07.23.31:194][319]LogModuleManager: Shutting down and abandoning module MovieSceneTracks (352)
[2017.08.16-07.23.31:194][319]LogModuleManager: Shutting down and abandoning module MovieScene (350)
[2017.08.16-07.23.31:194][319]LogModuleManager: Shutting down and abandoning module Niagara (348)
[2017.08.16-07.23.31:194][319]LogModuleManager: Shutting down and abandoning module NiagaraEditor (347)
[2017.08.16-07.23.31:199][319]LogModuleManager: Shutting down and abandoning module StreamingPauseRendering (344)
[2017.08.16-07.23.31:199][319]LogModuleManager: Shutting down and abandoning module AnalyticsET (342)
[2017.08.16-07.23.31:199][319]LogModuleManager: Shutting down and abandoning module PortalServices (340)
[2017.08.16-07.23.31:199][319]LogModuleManager: Shutting down and abandoning module PortalRpc (338)
[2017.08.16-07.23.31:199][319]LogModuleManager: Shutting down and abandoning module MessagingRpc (336)
[2017.08.16-07.23.31:200][319]LogModuleManager: Shutting down and abandoning module AIModule (334)
[2017.08.16-07.23.31:200][319]LogModuleManager: Shutting down and abandoning module GameplayDebugger (333)
[2017.08.16-07.23.31:200][319]LogModuleManager: Shutting down and abandoning module AITestSuite (331)
[2017.08.16-07.23.31:200][319]LogModuleManager: Shutting down and abandoning module ProfilerService (328)
[2017.08.16-07.23.31:421][319]LogModuleManager: Shutting down and abandoning module TaskGraph (326)
[2017.08.16-07.23.31:423][319]LogModuleManager: Shutting down and abandoning module SteamVRController (324)
[2017.08.16-07.23.31:423][319]LogModuleManager: Shutting down and abandoning module SteamVR (322)
[2017.08.16-07.23.31:423][319]LogModuleManager: Shutting down and abandoning module ProceduralMeshComponentEditor (320)
[2017.08.16-07.23.31:423][319]LogModuleManager: Shutting down and abandoning module ProceduralMeshComponent (318)
[2017.08.16-07.23.31:423][319]LogModuleManager: Shutting down and abandoning module OculusLibrary (316)
[2017.08.16-07.23.31:423][319]LogModuleManager: Shutting down and abandoning module OculusInput (314)
[2017.08.16-07.23.31:423][319]LogModuleManager: Shutting down and abandoning module MobilePatchingUtils (312)
[2017.08.16-07.23.31:423][319]LogModuleManager: Shutting down and abandoning module CustomMeshComponent (310)
[2017.08.16-07.23.31:423][319]LogModuleManager: Shutting down and abandoning module CableComponent (308)
[2017.08.16-07.23.31:423][319]LogModuleManager: Shutting down and abandoning module ArchVisCharacter (306)
[2017.08.16-07.23.31:423][319]LogModuleManager: Shutting down and abandoning module AndroidPermission (304)
[2017.08.16-07.23.31:423][319]LogModuleManager: Shutting down and abandoning module MediaPlayerEditor (300)
[2017.08.16-07.23.31:425][319]LogModuleManager: Shutting down and abandoning module HTML5Networking (298)
[2017.08.16-07.23.31:425][319]LogModuleManager: Shutting down and abandoning module AlembicImporter (296)
[2017.08.16-07.23.31:426][319]LogModuleManager: Shutting down and abandoning module AlembicLibrary (295)
[2017.08.16-07.23.31:426][319]LogModuleManager: Shutting down and abandoning module GeometryCache (294)
[2017.08.16-07.23.31:427][319]LogModuleManager: Shutting down and abandoning module GeometryCacheEd (293)
[2017.08.16-07.23.31:427][319]LogModuleManager: Shutting down and abandoning module SuperSearchEditor (288)
[2017.08.16-07.23.31:427][319]LogModuleManager: Shutting down and abandoning module SuperSearch (287)
[2017.08.16-07.23.31:427][319]LogModuleManager: Shutting down and abandoning module SpeedTreeImporter (284)
[2017.08.16-07.23.31:427][319]LogModuleManager: Shutting down and abandoning module PluginBrowser (282)
[2017.08.16-07.23.31:429][319]LogModuleManager: Shutting down and abandoning module MobileLauncherProfileWizard (280)
[2017.08.16-07.23.31:431][319]LogModuleManager: Shutting down and abandoning module VisualStudioSourceCodeAccess (278)
[2017.08.16-07.23.31:431][319]LogModuleManager: Shutting down and abandoning module DesktopPlatform (277)
[2017.08.16-07.23.31:431][319]LogModuleManager: Shutting down and abandoning module UObjectPlugin (274)
[2017.08.16-07.23.31:431][319]LogModuleManager: Shutting down and abandoning module SubversionSourceControl (272)
[2017.08.16-07.23.31:431][319]LogModuleManager: Shutting down and abandoning module PerforceSourceControl (270)
[2017.08.16-07.23.31:433][319]LogModuleManager: Shutting down and abandoning module GitSourceControl (268)
[2017.08.16-07.23.31:434][319]LogModuleManager: Shutting down and abandoning module SourceControl (267)
[2017.08.16-07.23.31:434][319]LogModuleManager: Shutting down and abandoning module LightPropagationVolumeEditor (264)
[2017.08.16-07.23.31:434][319]LogModuleManager: Shutting down and abandoning module PaperTiledImporter (262)
[2017.08.16-07.23.31:434][319]LogModuleManager: Shutting down and abandoning module PaperSpriteSheetImporter (260)
[2017.08.16-07.23.31:434][319]LogModuleManager: Shutting down and abandoning module Paper2DEditor (258)
[2017.08.16-07.23.31:435][319]LogModuleManager: Shutting down and abandoning module MeshPaint (257)
[2017.08.16-07.23.31:436][319]LogModuleManager: Shutting down and abandoning module LevelEditor (255)
[2017.08.16-07.23.31:440][319]LogModuleManager: Shutting down and abandoning module PixelInspectorModule (254)
[2017.08.16-07.23.31:442][319]LogModuleManager: Shutting down and abandoning module MainFrame (252)
[2017.08.16-07.23.31:442][319]LogModuleManager: Shutting down and abandoning module HotReload (251)
[2017.08.16-07.23.31:445][319]LogModuleManager: Shutting down and abandoning module PhysXVehiclesEditor (246)
[2017.08.16-07.23.31:446][319]LogModuleManager: Shutting down and abandoning module PhysXVehicles (244)
[2017.08.16-07.23.31:446][319]LogModuleManager: Shutting down and abandoning module LocationServicesBPLibrary (242)
[2017.08.16-07.23.31:446][319]LogModuleManager: Shutting down and abandoning module ImmediatePhysicsEditor (240)
[2017.08.16-07.23.31:446][319]LogModuleManager: Shutting down and abandoning module ImmediatePhysics (238)
[2017.08.16-07.23.31:446][319]LogModuleManager: Shutting down and abandoning module UdpMessaging (236)
[2017.08.16-07.23.31:581][319]LogModuleManager: Shutting down and abandoning module TcpMessaging (234)
[2017.08.16-07.23.31:683][319]LogModuleManager: Shutting down and abandoning module GameplayTagsEditor (232)
[2017.08.16-07.23.31:685][319]LogModuleManager: Shutting down and abandoning module FacialAnimationEditor (230)
[2017.08.16-07.23.31:685][319]LogModuleManager: Shutting down and abandoning module FacialAnimation (228)
[2017.08.16-07.23.31:685][319]LogModuleManager: Shutting down and abandoning module AssetManagerEditor (226)
[2017.08.16-07.23.31:687][319]LogModuleManager: Shutting down and abandoning module GraphEditor (225)
[2017.08.16-07.23.31:687][319]LogModuleManager: Shutting down and abandoning module ContentBrowser (223)
[2017.08.16-07.23.31:695][319]LogModuleManager: Shutting down and abandoning module LightPropagationVolumeRuntime (220)
[2017.08.16-07.23.31:695][319]LogModuleManager: Shutting down and abandoning module Paper2D (218)
[2017.08.16-07.23.31:696][319]LogModuleManager: Shutting down and abandoning module WindowsMoviePlayer (216)
[2017.08.16-07.23.31:696][319]LogModuleManager: Shutting down and abandoning module WmfMedia (214)
[2017.08.16-07.23.31:698][319]LogModuleManager: Shutting down and abandoning module ClothingSystemEditor (212)
[2017.08.16-07.23.31:698][319]LogModuleManager: Shutting down and abandoning module ClothingSystemRuntime (210)
[2017.08.16-07.23.31:699][319]LogModuleManager: Shutting down and abandoning module MediaAssets (208)
[2017.08.16-07.23.31:699][319]LogModuleManager: Shutting down and abandoning module GameLiveStreaming (206)
[2017.08.16-07.23.31:699][319]LogModuleManager: Shutting down and abandoning module VREditor (204)
[2017.08.16-07.23.31:701][319]LogModuleManager: Shutting down and abandoning module StringTableEditor (202)
[2017.08.16-07.23.31:702][319]LogModuleManager: Shutting down and abandoning module GameplayTasksEditor (200)
[2017.08.16-07.23.31:702][319]LogModuleManager: Shutting down and abandoning module BehaviorTreeEditor (198)
[2017.08.16-07.23.31:705][319]LogModuleManager: Shutting down and abandoning module FunctionalTesting (196)
[2017.08.16-07.23.31:705][319]LogModuleManager: Shutting down and abandoning module CollisionAnalyzer (194)
[2017.08.16-07.23.31:706][319]LogModuleManager: Shutting down and abandoning module UMG (192)
[2017.08.16-07.23.31:708][319]LogModuleManager: Shutting down and abandoning module UMGEditor (191)
[2017.08.16-07.23.31:711][319]LogModuleManager: Shutting down and abandoning module Sequencer (190)
[2017.08.16-07.23.31:714][319]LogModuleManager: Shutting down and abandoning module AssetTools (188)
[2017.08.16-07.23.31:716][319]LogModuleManager: Shutting down and abandoning module MessageLog (187)
[2017.08.16-07.23.31:716][319]LogModuleManager: Shutting down and abandoning module WorkspaceMenuStructure (186)
[2017.08.16-07.23.31:716][319]LogModuleManager: Shutting down and abandoning module SlateReflector (180)
[2017.08.16-07.23.31:720][319]LogModuleManager: Shutting down and abandoning module Slate (178)
[2017.08.16-07.23.31:720][319]LogModuleManager: Shutting down and abandoning module EditorStyle (176)
[2017.08.16-07.23.31:732][319]LogModuleManager: Shutting down and abandoning module SourceCodeAccess (174)
[2017.08.16-07.23.31:733][319]LogModuleManager: Shutting down and abandoning module HeadMountedDisplay (172)
[2017.08.16-07.23.31:733][319]LogModuleManager: Shutting down and abandoning module XAudio2 (170)
[2017.08.16-07.23.31:733][319]LogModuleManager: Shutting down and abandoning module Networking (168)
[2017.08.16-07.23.31:733][319]LogModuleManager: Shutting down and abandoning module Core (164)
[2017.08.16-07.23.31:733][319]LogModuleManager: Shutting down and abandoning module AssetRegistry (162)
[2017.08.16-07.23.32:371][319]LogDirectoryWatcher: A directory notification for '../../../Engine/Content/' was aborted.
[2017.08.16-07.23.32:371][319]LogDirectoryWatcher: A directory notification for 'D:/UnrealStudy/Lesson2/Content/' was aborted.
[2017.08.16-07.23.32:371][319]LogDirectoryWatcher: A directory notification for '../../../Engine/Plugins/2D/Paper2D/Content/' was aborted.
[2017.08.16-07.23.32:371][319]LogDirectoryWatcher: A directory notification for '../../../Engine/Plugins/Runtime/GearVR/Content/' was aborted.
[2017.08.16-07.23.32:419][319]LogModuleManager: Shutting down and abandoning module DirectoryWatcher (161)
[2017.08.16-07.23.32:433][319]LogModuleManager: Shutting down and abandoning module KismetCompiler (158)
[2017.08.16-07.23.32:433][319]LogModuleManager: Shutting down and abandoning module LevelSequence (156)
[2017.08.16-07.23.32:433][319]LogModuleManager: Shutting down and abandoning module PhysXFormats (154)
[2017.08.16-07.23.32:434][319]LogModuleManager: Shutting down and abandoning module MeshUtilities (152)
[2017.08.16-07.23.32:436][319]LogModuleManager: Shutting down and abandoning module SimplygonSwarm (151)
[2017.08.16-07.23.32:436][319]LogModuleManager: Shutting down and abandoning module SimplygonMeshReduction (149)
[2017.08.16-07.23.32:437][319]LogModuleManager: Shutting down and abandoning module QuadricMeshReduction (147)
[2017.08.16-07.23.32:437][319]LogModuleManager: Shutting down and abandoning module DerivedDataCache (144)
[2017.08.16-07.23.32:503][319]LogDerivedDataCache: Shutdown
[2017.08.16-07.23.32:503][319]LogModuleManager: Shutting down and abandoning module TargetPlatform (142)
[2017.08.16-07.23.32:504][319]LogModuleManager: Shutting down and abandoning module VulkanShaderFormat (141)
[2017.08.16-07.23.32:505][319]LogModuleManager: Shutting down and abandoning module ShaderFormatVectorVM (139)
[2017.08.16-07.23.32:506][319]LogModuleManager: Shutting down and abandoning module ShaderFormatOpenGL (137)
[2017.08.16-07.23.32:507][319]LogModuleManager: Shutting down and abandoning module ShaderFormatD3D (135)
[2017.08.16-07.23.32:507][319]LogModuleManager: Shutting down and abandoning module MetalShaderFormat (133)
[2017.08.16-07.23.32:508][319]LogModuleManager: Shutting down and abandoning module TextureFormatUncompressed (131)
[2017.08.16-07.23.32:508][319]LogModuleManager: Shutting down and abandoning module TextureFormatPVR (129)
[2017.08.16-07.23.32:508][319]LogModuleManager: Shutting down and abandoning module TextureFormatDXT (127)
[2017.08.16-07.23.32:508][319]LogModuleManager: Shutting down and abandoning module TextureFormatIntelISPCTexComp (125)
[2017.08.16-07.23.32:509][319]LogModuleManager: Shutting down and abandoning module TextureFormatASTC (123)
[2017.08.16-07.23.32:509][319]LogModuleManager: Shutting down and abandoning module ImageWrapper (122)
[2017.08.16-07.23.32:509][319]LogModuleManager: Shutting down and abandoning module TextureFormatAndroid (119)
[2017.08.16-07.23.32:509][319]LogModuleManager: Shutting down and abandoning module AudioFormatOpus (117)
[2017.08.16-07.23.32:509][319]LogModuleManager: Shutting down and abandoning module AudioFormatOgg (115)
[2017.08.16-07.23.32:509][319]LogModuleManager: Shutting down and abandoning module AudioFormatADPCM (113)
[2017.08.16-07.23.32:509][319]LogModuleManager: Shutting down and abandoning module LinuxTargetPlatform (111)
[2017.08.16-07.23.32:510][319]LogModuleManager: Shutting down and abandoning module LinuxServerTargetPlatform (109)
[2017.08.16-07.23.32:510][319]LogModuleManager: Shutting down and abandoning module LinuxNoEditorTargetPlatform (107)
[2017.08.16-07.23.32:510][319]LogModuleManager: Shutting down and abandoning module LinuxClientTargetPlatform (105)
[2017.08.16-07.23.32:510][319]LogModuleManager: Shutting down and abandoning module TVOSTargetPlatform (103)
[2017.08.16-07.23.32:510][319]LogModuleManager: Shutting down and abandoning module Messaging (101)
[2017.08.16-07.23.32:510][319]LogModuleManager: Shutting down and abandoning module IOSTargetPlatform (99)
[2017.08.16-07.23.32:510][319]LogModuleManager: Shutting down and abandoning module HTML5TargetPlatform (97)
[2017.08.16-07.23.32:511][319]LogModuleManager: Shutting down and abandoning module Android_PVRTCTargetPlatform (95)
[2017.08.16-07.23.32:511][319]LogModuleManager: Shutting down and abandoning module Android_MultiTargetPlatform (93)
[2017.08.16-07.23.32:511][319]LogModuleManager: Shutting down and abandoning module Android_ETC2TargetPlatform (91)
[2017.08.16-07.23.32:512][319]LogModuleManager: Shutting down and abandoning module Android_ETC1TargetPlatform (89)
[2017.08.16-07.23.32:512][319]LogModuleManager: Shutting down and abandoning module Android_DXTTargetPlatform (87)
[2017.08.16-07.23.32:513][319]LogModuleManager: Shutting down and abandoning module Android_ATCTargetPlatform (85)
[2017.08.16-07.23.32:513][319]LogModuleManager: Shutting down and abandoning module Android_ASTCTargetPlatform (83)
[2017.08.16-07.23.32:513][319]LogModuleManager: Shutting down and abandoning module AndroidTargetPlatform (81)
[2017.08.16-07.23.32:514][319]LogModuleManager: Shutting down and abandoning module WindowsTargetPlatform (79)
[2017.08.16-07.23.32:514][319]LogModuleManager: Shutting down and abandoning module WindowsServerTargetPlatform (77)
[2017.08.16-07.23.32:515][319]LogModuleManager: Shutting down and abandoning module WindowsNoEditorTargetPlatform (75)
[2017.08.16-07.23.32:515][319]LogModuleManager: Shutting down and abandoning module WindowsClientTargetPlatform (73)
[2017.08.16-07.23.32:515][319]LogModuleManager: Shutting down and abandoning module MacTargetPlatform (71)
[2017.08.16-07.23.32:515][319]LogModuleManager: Shutting down and abandoning module MacServerTargetPlatform (69)
[2017.08.16-07.23.32:515][319]LogModuleManager: Shutting down and abandoning module MacNoEditorTargetPlatform (67)
[2017.08.16-07.23.32:515][319]LogModuleManager: Shutting down and abandoning module MacClientTargetPlatform (65)
[2017.08.16-07.23.32:515][319]LogModuleManager: Shutting down and abandoning module AllDesktopTargetPlatform (63)
[2017.08.16-07.23.32:515][319]LogModuleManager: Shutting down and abandoning module InputCore (60)
[2017.08.16-07.23.32:515][319]LogModuleManager: Shutting down and abandoning module Settings (58)
[2017.08.16-07.23.32:516][319]LogModuleManager: Shutting down and abandoning module OculusRift (56)
[2017.08.16-07.23.32:516][319]LogModuleManager: Shutting down and abandoning module GearVRController (54)
[2017.08.16-07.23.32:516][319]LogModuleManager: Shutting down and abandoning module GearVR (52)
[2017.08.16-07.23.32:518][319]LogModuleManager: Shutting down and abandoning module ExampleDeviceProfileSelector (50)
[2017.08.16-07.23.32:518][319]LogModuleManager: Shutting down and abandoning module OnlineBlueprintSupport (48)
[2017.08.16-07.23.32:518][319]LogModuleManager: Shutting down and abandoning module OnlineSubsystem (44)
[2017.08.16-07.23.32:518][319]LogOnline:Display: Unloading online subsystem: NULL
[2017.08.16-07.23.32:520][319]LogModuleManager: Shutting down and abandoning module XMPP (43)
[2017.08.16-07.23.32:521][319]LogModuleManager: Shutting down and abandoning module HTTP (41)
[2017.08.16-07.23.32:521][319]LogHttp:Display: Http module shutting down, but needs to wait on 1 outstanding Http requests:
[2017.08.16-07.23.32:522][319]LogHttp:Display: 	verb=[POST] url=[https://datarouter.ol.epicgames.com/datarouter/api/v1/public/data?SessionID=%7B411CF273-4FE7-8B0B-1285-938663700147%7D&AppID=UEEditor.Rocket.Release&AppVersion=4.16.3-3561208%2B%2B%2BUE4%2BRelease-4.16&UserID=6309f6d84a95ae2fd4720a8936598cbb%7C47c8acbb412c4c59ac4a2cbb28f674b9%7Cc22bf75b-b27c-4543-aa8c-1a82ec03a7f1&AppEnvironment=datacollector-binary&UploadType=eteventstream] status=Processing
[2017.08.16-07.23.32:540][319]LogModuleManager: Shutting down and abandoning module SSL (40)
[2017.08.16-07.23.32:547][319]LogModuleManager: Shutting down and abandoning module HTTPChunkInstaller (36)
[2017.08.16-07.23.32:549][319]LogModuleManager: Shutting down and abandoning module AnimationModifiers (34)
[2017.08.16-07.23.32:550][319]LogModuleManager: Shutting down and abandoning module PropertyEditor (33)
[2017.08.16-07.23.32:550][319]LogModuleManager: Shutting down and abandoning module AudioEditor (30)
[2017.08.16-07.23.32:551][319]LogModuleManager: Shutting down and abandoning module TextureCompressor (28)
[2017.08.16-07.23.32:552][319]LogModuleManager: Shutting down and abandoning module ShaderCore (26)
[2017.08.16-07.23.32:552][319]LogModuleManager: Shutting down and abandoning module Landscape (24)
[2017.08.16-07.23.32:552][319]LogModuleManager: Shutting down and abandoning module SlateRHIRenderer (22)
[2017.08.16-07.23.32:595][319]LogModuleManager: Shutting down and abandoning module OpenGLDrv (20)
[2017.08.16-07.23.32:596][319]LogModuleManager: Shutting down and abandoning module D3D11RHI (18)
[2017.08.16-07.23.32:596][319]LogModuleManager: Shutting down and abandoning module AnimGraphRuntime (16)
[2017.08.16-07.23.32:596][319]LogModuleManager: Shutting down and abandoning module Renderer (14)
[2017.08.16-07.23.32:596][319]LogModuleManager: Shutting down and abandoning module Engine (12)
[2017.08.16-07.23.32:596][319]LogModuleManager: Shutting down and abandoning module CoreUObject (10)
[2017.08.16-07.23.32:596][319]LogModuleManager: Shutting down and abandoning module NetworkFile (8)
[2017.08.16-07.23.32:600][319]LogModuleManager: Shutting down and abandoning module StreamingFile (6)
[2017.08.16-07.23.32:601][319]LogModuleManager: Shutting down and abandoning module SandboxFile (4)
[2017.08.16-07.23.32:601][319]LogModuleManager: Shutting down and abandoning module PakFile (2)
[2017.08.16-07.23.32:605][319]LogExit: Exiting.
[2017.08.16-07.23.32:675][319]Log file closed, 08/16/17 16:23:32
