Log file open, 08/16/17 17:13:22
LogInit:Display: Running engine for game: Lesson2
LogPlatformFile: Not using cached read wrapper
LogInit:Display: RandInit(-649606005) SRandInit(-649606005).
LogTaskGraph: Started task graph with 5 named threads and 6 total threads with 1 sets of task threads.
LogStats: Stats thread started at 0.111745
LogInit: Using libcurl 7.47.1
LogInit:  - built for x86_64-pc-win32
LogInit:  - supports SSL with OpenSSL/1.0.2g
LogInit:  - supports HTTP deflate (compression) using libz 1.2.8
LogInit:  - other features:
LogInit:      CURL_VERSION_SSL
LogInit:      CURL_VERSION_LIBZ
LogInit:      CURL_VERSION_IPV6
LogInit:      CURL_VERSION_ASYNCHDNS
LogInit:      CURL_VERSION_LARGEFILE
LogInit:      CURL_VERSION_IDN
LogInit:  CurlRequestOptions (configurable via config and command line):
LogInit:  - bVerifyPeer = false  - Libcurl will NOT verify peer certificate
LogInit:  - bUseHttpProxy = false  - Libcurl will NOT use HTTP proxy
LogInit:  - bDontReuseConnections = false  - Libcurl will reuse connections
LogInit:  - CertBundlePath = nullptr  - Libcurl will use whatever was configured at build time.
LogInit: Build: ++UE4+Release-4.16-CL-3561208
LogInit: Engine Version: 4.16.3-3561208+++UE4+Release-4.16
LogInit: Compatible Engine Version: 4.16.0-3452394+++UE4+Release-4.16
LogInit: Net CL: 3452394
LogDevObjectVersion: Number of dev versions registered: 16
LogDevObjectVersion:   Dev-Blueprints (B0D832E4-1F89-4F0D-ACCF-7EB736FD4AA2): 9
LogDevObjectVersion:   Dev-Build (E1C64328-A22C-4D53-A36C-8E866417BD8C): 0
LogDevObjectVersion:   Dev-Core (375EC13C-06E4-48FB-B500-84F0262A717E): 2
LogDevObjectVersion:   Dev-Editor (E4B068ED-F494-42E9-A231-DA0B2E46BB41): 17
LogDevObjectVersion:   Dev-Framework (CFFC743F-43B0-4480-9391-14DF171D2073): 23
LogDevObjectVersion:   Dev-Mobile (B02B49B5-BB20-44E9-A304-32B752E40360): 0
LogDevObjectVersion:   Dev-Networking (A4E4105C-59A1-49B5-A7C5-40C4547EDFEE): 0
LogDevObjectVersion:   Dev-Online (39C831C9-5AE6-47DC-9A44-9C173E1C8E7C): 0
LogDevObjectVersion:   Dev-Physics (78F01B33-EBEA-4F98-B9B4-84EACCB95AA2): 0
LogDevObjectVersion:   Dev-Platform (6631380F-2D4D-43E0-8009-CF276956A95A): 0
LogDevObjectVersion:   Dev-Rendering (12F88B9F-8875-4AFC-A67C-D90C383ABD29): 15
LogDevObjectVersion:   Dev-Sequencer (7B5AE74C-D270-4C10-A958-57980B212A5A): 4
LogDevObjectVersion:   Dev-VR (D7296918-1DD6-4BDD-9DE2-64A83CC13884): 0
LogDevObjectVersion:   Dev-LoadTimes (C2A15278-BFE7-4AFE-6C17-90FF531DF755): 1
LogDevObjectVersion:   Private-Geometry (6EACA3D4-40EC-4CC1-B786-8BED09428FC5): 1
LogDevObjectVersion:   Dev-AnimPhys (29E575DD-E0A3-4627-9D10-D276232CDCEA): 3
LogInit: Compiled (64-bit): Jul 28 2017 11:49:47
LogInit: Compiled with Visual C++: 19.00.24215.01
LogInit: Build Configuration: Development
LogInit: Branch Name: ++UE4+Release-4.16
LogInit: Command line: -EpicPortal 
LogInit: Base directory: C:/Program Files/Epic Games/UE_4.16/Engine/Binaries/Win64/
LogInit: Installed Engine Build: 1
LogInit: Presizing for max 8388607 objects, including 0 objects not considered by GC, pre-allocating 0 bytes for permanent pool.
LogInit: Object subsystem initialized
[2017.08.16-08.13.23:441][  0]LogInit: Selected Device Profile: [Windows]
[2017.08.16-08.13.23:441][  0]LogInit: Applying CVar settings loaded from the selected device profile: [Windows]
[2017.08.16-08.13.23:479][  0]LogInit: Computer: LEEJIU
[2017.08.16-08.13.23:479][  0]LogInit: User: LEEJIU
[2017.08.16-08.13.23:479][  0]LogInit: CPU Page size=4096, Cores=2
[2017.08.16-08.13.23:479][  0]LogInit: High frequency timer resolution =2.435881 MHz
[2017.08.16-08.13.23:480][  0]LogMemory: Memory total: Physical=7.9GB (8GB approx)
[2017.08.16-08.13.23:480][  0]LogMemory: Platform Memory Stats for Windows
[2017.08.16-08.13.23:480][  0]LogMemory: Process Physical Memory: 274.07 MB used, 274.07 MB peak
[2017.08.16-08.13.23:480][  0]LogMemory: Process Virtual Memory: 266.33 MB used, 266.33 MB peak
[2017.08.16-08.13.23:480][  0]LogMemory: Physical Memory: 2962.15 MB used,  5137.24 MB free, 8099.39 MB total
[2017.08.16-08.13.23:480][  0]LogMemory: Virtual Memory: 641.95 MB used,  5137.24 MB free, 134217728.00 MB total
[2017.08.16-08.13.23:676][  0]LogInit: Using OS detected language (ko-KR).
[2017.08.16-08.13.23:676][  0]LogInit: Using OS detected locale (ko-KR).
[2017.08.16-08.13.23:682][  0]LogTextLocalizationManager: No specific localization for 'ko-KR' exists, so the 'ko' localization will be used.
[2017.08.16-08.13.25:111][  0]LogD3D11RHI: D3D11 adapters:
[2017.08.16-08.13.25:197][  0]LogD3D11RHI:    0. 'Intel(R) HD Graphics 3000' (Feature Level 11_0)
[2017.08.16-08.13.25:197][  0]LogD3D11RHI:       32/0/1632 MB DedicatedVideo/DedicatedSystem/SharedSystem, Outputs:2, VendorId:0x8086
[2017.08.16-08.13.25:278][  0]LogD3D11RHI:    1. 'NVIDIA GeForce GT 635M' (Feature Level 11_0)
[2017.08.16-08.13.25:278][  0]LogD3D11RHI:       2000/0/4049 MB DedicatedVideo/DedicatedSystem/SharedSystem, Outputs:0, VendorId:0x10de
[2017.08.16-08.13.25:286][  0]LogD3D11RHI:    2. 'Microsoft Basic Render Driver' (Feature Level 11_0)
[2017.08.16-08.13.25:286][  0]LogD3D11RHI:       0/0/4049 MB DedicatedVideo/DedicatedSystem/SharedSystem, Outputs:0, VendorId:0x1414
[2017.08.16-08.13.25:286][  0]LogD3D11RHI: Chosen D3D11 Adapter: 1
[2017.08.16-08.13.25:299][  0]LogD3D11RHI: Creating new Direct3DDevice
[2017.08.16-08.13.25:299][  0]LogD3D11RHI:     GPU DeviceId: 0x124d (for the marketing name, search the web for "GPU Device Id")
[2017.08.16-08.13.25:299][  0]LogWindows: EnumDisplayDevices:
[2017.08.16-08.13.25:299][  0]LogWindows:    0. 'Intel(R) HD Graphics 3000' (P:1 D:1)
[2017.08.16-08.13.25:300][  0]LogWindows:    1. 'Intel(R) HD Graphics 3000' (P:0 D:1)
[2017.08.16-08.13.25:300][  0]LogWindows:    2. 'NVIDIA GeForce GT 635M' (P:0 D:0)
[2017.08.16-08.13.25:301][  0]LogWindows: DebugString: PrimaryIsNotTheChoosenAdapter PrimaryIsNotTheChoosenAdapter 
[2017.08.16-08.13.25:301][  0]LogD3D11RHI:     Adapter Name: NVIDIA GeForce GT 635M
[2017.08.16-08.13.25:301][  0]LogD3D11RHI:   Driver Version: 382.05 (internal:22.21.13.8205, unified:382.05)
[2017.08.16-08.13.25:301][  0]LogD3D11RHI:      Driver Date: 5-1-2017
[2017.08.16-08.13.25:301][  0]LogRHI: Texture pool is 1361 MB (70% of 1945 MB)
[2017.08.16-08.13.25:359][  0]LogD3D11RHI:Display: Timestamp queries are currently disabled on this hardware due to instability. Realtime GPU stats will not be available. You can override this behaviour by setting r.NVIDIATimestampWorkaround to 0
[2017.08.16-08.13.25:359][  0]LogD3D11RHI: Async texture creation enabled
[2017.08.16-08.13.25:374][  0]LogD3D11RHI: GPU Timing Frequency: 1000.000000 (Debug: 2 1)
[2017.08.16-08.13.25:375][  0]LogShaderCompilers: Guid format shader working directory is 25 characters bigger than the processId version (D:/UnrealStudy/Lesson2/Intermediate/Shaders/WorkingDirectory/5136/).
[2017.08.16-08.13.25:375][  0]LogShaderCompilers: Cleaned the shader compiler working directory 'C:/Users/LEEJIU/AppData/Local/Temp/UnrealShaderWorkingDir/9C6156B140E6AECD555E2C9CCAACA154/'.
[2017.08.16-08.13.25:375][  0]LogShaderCompilers:Display: Using Local Shader Compiler.
[2017.08.16-08.13.27:537][  0]LogTemp:Display: Loaded TP AllDesktopTargetPlatform
[2017.08.16-08.13.27:738][  0]LogTemp:Display: Loaded TP MacClientTargetPlatform
[2017.08.16-08.13.27:939][  0]LogTemp:Display: Loaded TP MacNoEditorTargetPlatform
[2017.08.16-08.13.28:146][  0]LogTemp:Display: Loaded TP MacServerTargetPlatform
[2017.08.16-08.13.28:352][  0]LogTemp:Display: Loaded TP MacTargetPlatform
[2017.08.16-08.13.28:552][  0]LogTemp:Display: Loaded TP WindowsClientTargetPlatform
[2017.08.16-08.13.28:755][  0]LogTemp:Display: Loaded TP WindowsNoEditorTargetPlatform
[2017.08.16-08.13.28:966][  0]LogTemp:Display: Loaded TP WindowsServerTargetPlatform
[2017.08.16-08.13.29:150][  0]LogTemp:Display: Loaded TP WindowsTargetPlatform
[2017.08.16-08.13.29:358][  0]LogTemp:Display: Loaded TP AndroidTargetPlatform
[2017.08.16-08.13.29:554][  0]LogTemp:Display: Loaded TP Android_ASTCTargetPlatform
[2017.08.16-08.13.29:753][  0]LogTemp:Display: Loaded TP Android_ATCTargetPlatform
[2017.08.16-08.13.29:953][  0]LogTemp:Display: Loaded TP Android_DXTTargetPlatform
[2017.08.16-08.13.30:151][  0]LogTemp:Display: Loaded TP Android_ETC1TargetPlatform
[2017.08.16-08.13.30:361][  0]LogTemp:Display: Loaded TP Android_ETC2TargetPlatform
[2017.08.16-08.13.30:754][  0]LogTemp:Display: Loaded TP Android_MultiTargetPlatform
[2017.08.16-08.13.30:754][  0]LogTemp:Display: Loaded TP Android_PVRTCTargetPlatform
[2017.08.16-08.13.30:935][  0]LogTemp:Display: Loaded TP HTML5TargetPlatform
[2017.08.16-08.13.31:235][  0]LogTemp:Display: Loaded TP IOSTargetPlatform
[2017.08.16-08.13.31:391][  0]LogTemp:Display: Loaded TP TVOSTargetPlatform
[2017.08.16-08.13.31:581][  0]LogTemp:Display: Loaded TP LinuxClientTargetPlatform
[2017.08.16-08.13.31:770][  0]LogTemp:Display: Loaded TP LinuxNoEditorTargetPlatform
[2017.08.16-08.13.31:961][  0]LogTemp:Display: Loaded TP LinuxServerTargetPlatform
[2017.08.16-08.13.32:160][  0]LogTemp:Display: Loaded TP LinuxTargetPlatform
[2017.08.16-08.13.32:160][  0]LogTargetPlatformManager:Display: Building Assets For Windows
[2017.08.16-08.13.34:020][  0]LogDerivedDataCache:Display: Max Cache Size: 512 MB
[2017.08.16-08.13.34:151][  0]LogDerivedDataCache: Loaded boot cache 0.13s 90MB C:/Users/LEEJIU/AppData/Local/UnrealEngine/4.16/DerivedDataCache/Boot.ddc.
[2017.08.16-08.13.34:151][  0]LogDerivedDataCache:Display: Loaded Boot cache: C:/Users/LEEJIU/AppData/Local/UnrealEngine/4.16/DerivedDataCache/Boot.ddc
[2017.08.16-08.13.34:151][  0]LogDerivedDataCache: FDerivedDataBackendGraph:  Pak pak cache file D:/UnrealStudy/Lesson2/DerivedDataCache/DDC.ddp not found, will not use a pak cache.
[2017.08.16-08.13.34:151][  0]LogDerivedDataCache: Unable to find inner node Pak for hierarchical cache Hierarchy.
[2017.08.16-08.13.34:151][  0]LogDerivedDataCache: FDerivedDataBackendGraph:  CompressedPak pak cache file D:/UnrealStudy/Lesson2/DerivedDataCache/Compressed.ddp not found, will not use a pak cache.
[2017.08.16-08.13.34:151][  0]LogDerivedDataCache: Unable to find inner node CompressedPak for hierarchical cache Hierarchy.
[2017.08.16-08.13.34:178][  0]LogDerivedDataCache:Display: Pak cache opened for reading ../../../Engine/DerivedDataCache/Compressed.ddp.
[2017.08.16-08.13.34:192][  0]LogDerivedDataCache: Using Local data cache path C:/Users/LEEJIU/AppData/Local/UnrealEngine/Common/DerivedDataCache: Writable
[2017.08.16-08.13.34:209][  0]LogMaterial: Verifying Global Shaders for PCD3D_SM5
[2017.08.16-08.13.34:209][  0]LogSlate: Using Freetype 2.6.0
[2017.08.16-08.13.34:210][  0]LogSlate: SlateFontCache - WITH_FREETYPE: 1, WITH_HARFBUZZ: 1
[2017.08.16-08.13.34:210][  0]LogSlate: SlateFontCache - WITH_FREETYPE: 1, WITH_HARFBUZZ: 1
[2017.08.16-08.13.34:978][  0]LogInit: Selected Device Profile: [Windows]
[2017.08.16-08.13.35:094][  0]LogContentStreaming: Texture pool size is 0.00 MB
[2017.08.16-08.13.35:566][  0]LogMeshUtilities: Using QuadricMeshReduction for automatic static mesh reduction
[2017.08.16-08.13.35:769][  0]LogSimplygon: Simplygon DLL not present - disabling.
[2017.08.16-08.13.35:977][  0]LogMeshUtilities: Using SimplygonSwarm for distributed automatic mesh merging
[2017.08.16-08.13.35:977][  0]LogMeshUtilities: No automatic skeletal mesh reduction module available
[2017.08.16-08.13.35:977][  0]LogMeshUtilities: No automatic mesh merging module available
[2017.08.16-08.13.37:425][  0]LogNetVersion: Lesson2 , NetCL: 3452394, EngineNetVer: 2, GameNetVer: 0 (Checksum: 2403904122)
[2017.08.16-08.13.37:562][  0]LogAssetRegistry: FAssetRegistry took 0.0290 seconds to start up
[2017.08.16-08.13.37:785][  0]LogPackageLocalizationCache: Processed 4 localized package path(s) for 2 prioritized culture(s) in 0.121446 seconds
[2017.08.16-08.13.37:793][  0]LogUObjectArray: 34194 objects as part of root set at end of initial load.
[2017.08.16-08.13.37:793][  0]LogUObjectAllocator: 7260416 out of 0 bytes used by permanent object pool.
[2017.08.16-08.13.37:793][  0]LogUObjectArray: CloseDisregardForGC: 0/0 objects in disregard for GC pool
[2017.08.16-08.13.38:033][  0]LogInit: WinSock: version 1.1 (2.2), MaxSocks=32767, MaxUdp=65467
[2017.08.16-08.13.46:052][  0]LogTcpMessaging: Initializing TcpMessaging bridge
[2017.08.16-08.13.46:157][  0]LogUdpMessaging: Initializing bridge on interface 0.0.0.0:0 to multicast group 230.0.0.1:6666.
[2017.08.16-08.13.48:451][  0]LogMaterial: Uniform references updated for custom material expression Custom.
[2017.08.16-08.13.50:015][  0]SourceControl: 정보 소스 콘트롤이 꺼졌습니다.
[2017.08.16-08.13.50:141][  0]SourceControl: 정보 소스 콘트롤이 꺼졌습니다.
[2017.08.16-08.13.50:369][  0]SourceControl: 정보 소스 콘트롤이 꺼졌습니다.
[2017.08.16-08.13.50:571][  0]SourceControl: 정보 소스 콘트롤이 꺼졌습니다.
[2017.08.16-08.13.53:608][  0]LogAndroidPermission: UAndroidPermissionCallbackProxy::GetInstance
[2017.08.16-08.13.56:165][  0]LogEngine: Initializing Engine...
[2017.08.16-08.13.56:166][  0]LogHMD: Failed to initialize OpenVR with code 110
[2017.08.16-08.13.56:511][  0]LogStats: UGameplayTagsManager::ConstructGameplayTagTree: Construct from data asset -  0.000 s
[2017.08.16-08.13.56:511][  0]LogStats: UGameplayTagsManager::ConstructGameplayTagTree: GameplayTagTreeChangedEvent.Broadcast -  0.000 s
[2017.08.16-08.13.57:084][  0]LogAIModule: Creating AISystem for world Untitled
[2017.08.16-08.13.57:097][  0]LogInit: XAudio2 using '스피커(Realtek High Definition Audio)' : 2 channels at 48 kHz using 32 bits per sample (channel mask 0x3)
[2017.08.16-08.13.57:145][  0]LogInit: FAudioDevice initialized.
[2017.08.16-08.13.57:208][  0]LogDerivedDataCache: Saved boot cache 0.06s 90MB C:/Users/LEEJIU/AppData/Local/UnrealEngine/4.16/DerivedDataCache/Boot.ddc.
[2017.08.16-08.13.57:230][  0]LogInit: Texture streaming: Enabled
[2017.08.16-08.13.57:584][  0]LogEngineSessionManager: EngineSessionManager initialized
[2017.08.16-08.13.58:635][  0]LogInit: Transaction tracking system initialized
[2017.08.16-08.14.00:187][  0]BlueprintLog: New page: 에디터 로드
[2017.08.16-08.14.04:488][  0]LocalizationService: 정보 현지화 서비스가 비활성화되었습니다.
[2017.08.16-08.14.07:546][  0]LogConsoleResponse:Display: 
[2017.08.16-08.14.08:256][  0]LogCook:Display: Max memory allowance for cook 16384mb min free memory 0mb
[2017.08.16-08.14.08:256][  0]LogCook:Display: Mobile HDR setting 1
[2017.08.16-08.14.09:203][  0]LogFileCache: Scanning file cache for directory 'D:/UnrealStudy/Lesson2/Content/' took 0.14s
[2017.08.16-08.14.12:746][  0]SourceControl: 정보 소스 콘트롤이 꺼졌습니다.
[2017.08.16-08.14.12:746][  0]Cmd: MAP LOAD FILE="D:/UnrealStudy/Lesson2/Content/Maps/Step1.umap" TEMPLATE=0 SHOWPROGRESS=1 FEATURELEVEL=3
[2017.08.16-08.14.12:747][  0]LightingResults: New page: 라이팅 빌드
[2017.08.16-08.14.12:942][  0]MapCheck: New page: 맵 체크
[2017.08.16-08.14.12:942][  0]LightingResults: New page: 라이팅 빌드
[2017.08.16-08.14.15:352][  0]LogAIModule: Creating AISystem for world Step1
[2017.08.16-08.14.15:381][  0]LogEditorServer: Finished looking for orphan Actors (0.000 secs)
[2017.08.16-08.14.15:422][  0]Cmd: MAP CHECKDEP NOCLEARLOG
[2017.08.16-08.14.15:556][  0]MapCheck: 정보 맵 체크 완료: 오류 0 회, 경고 0 회, 소요 시간 134.243ms.
[2017.08.16-08.14.15:556][  0]LogFileHelpers: Loading map 'Step1' took 2.810
[2017.08.16-08.14.15:669][  0]LogWindowsTextInputMethodSystem:Display: IME system now activated using TSF (Microsoft 입력기).
[2017.08.16-08.14.15:975][  0]LogCollectionManager: Loaded 0 collections in 0.004386 seconds
[2017.08.16-08.14.16:237][  0]LogFileCache: Scanning file cache for directory 'D:/UnrealStudy/Lesson2/Saved/Collections/' took 0.01s
[2017.08.16-08.14.16:237][  0]LogFileCache: Scanning file cache for directory 'D:/UnrealStudy/Lesson2/Content/Developers/LEEJIU/Collections/' took 0.01s
[2017.08.16-08.14.16:237][  0]LogFileCache: Scanning file cache for directory 'D:/UnrealStudy/Lesson2/Content/Collections/' took 0.01s
[2017.08.16-08.14.16:237][  0]LogCollectionManager: Rebuilt the GUID cache for 0 collections in 0.000005 seconds
[2017.08.16-08.14.16:277][  0]LogContentBrowser: Native class hierarchy populated in 0.0356 seconds. Added 2329 classes and 491 folders.
[2017.08.16-08.14.16:585][  0]LogContentBrowser: Native class hierarchy updated for 'WidgetCarousel' in 0.0011 seconds. Added 0 classes and 0 folders.
[2017.08.16-08.14.17:315][  0]LogContentBrowser: Native class hierarchy updated for 'AddContentDialog' in 0.0021 seconds. Added 0 classes and 0 folders.
[2017.08.16-08.14.17:553][  0]LogContentBrowser: Native class hierarchy updated for 'SceneOutliner' in 0.0011 seconds. Added 1 classes and 2 folders.
[2017.08.16-08.14.17:921][  0]LogCrashTracker: Crashtracker disabled due to settings.
[2017.08.16-08.14.17:937][  0]LogSlate: Took 0.000530 seconds to synchronously load lazily loaded font '../../../Engine/Content/Slate/Fonts/Roboto-Regular.ttf' (155K)
[2017.08.16-08.14.17:944][  0]LogSlate: Took 0.004963 seconds to synchronously load lazily loaded font '../../../Engine/Content/Slate/Fonts/NanumGothic.ttf' (4243K)
[2017.08.16-08.14.17:946][  0]LogSlate: Took 0.000436 seconds to synchronously load lazily loaded font '../../../Engine/Content/Slate/Fonts/Roboto-Bold.ttf' (160K)
[2017.08.16-08.14.17:966][  0]LogSlate: Took 0.006953 seconds to synchronously load lazily loaded font '../../../Engine/Content/Editor/Slate/Fonts/FontAwesome.ttf' (139K)
[2017.08.16-08.14.18:339][  0]LogRenderer: Reallocating scene render targets to support 856x372 NumSamples 1 (Frame:1).
[2017.08.16-08.14.18:778][  0]LogUObjectGlobals:Warning: 'Class 없음.' 오브젝트를 찾는 데 실패했습니다.
[2017.08.16-08.14.18:991][  0]LogContentBrowser: Native class hierarchy updated for 'HierarchicalLODOutliner' in 0.0012 seconds. Added 1 classes and 2 folders.
[2017.08.16-08.14.18:991][  0]LogLoad: (Engine Initialization) Total time: 62.03 seconds
[2017.08.16-08.14.18:991][  0]LogLoad: (Engine Initialization) Total Blueprint compile time: 0.33 seconds
[2017.08.16-08.14.18:991][  0]LogExternalProfiler: Found external profiler: VSPerf
[2017.08.16-08.14.18:991][  0]LogExternalProfiler: Using external profiler: VSPerf
[2017.08.16-08.14.19:014][  0]LogOcInput: OculusInput pre-init called
[2017.08.16-08.14.19:014][  0]LogHMD: Starting GearVRController plugin
[2017.08.16-08.14.19:044][  0]LogContentStreaming: Texture pool size now 1000 MB
[2017.08.16-08.14.19:109][  0]LogSlate: Took 0.016513 seconds to synchronously load lazily loaded font '../../../Engine/Content/Slate/Fonts/Roboto-Light.ttf' (159K)
[2017.08.16-08.14.19:488][  4]LogAssetRegistry: Asset discovery search completed in 41.9479 seconds
[2017.08.16-08.14.19:497][  4]LogCollectionManager: Rebuilt the object cache for 0 collections in 0.000001 seconds (found 0 objects)
[2017.08.16-08.14.19:497][  4]LogCollectionManager: Fixed up redirectors for 0 collections in 0.000071 seconds (updated 0 objects)
[2017.08.16-08.14.31:420][371]LogRenderer: Reallocating scene render targets to support 1208x652 NumSamples 1 (Frame:373).
[2017.08.16-08.29.48:483][319]LogSlate: Took 0.002537 seconds to synchronously load lazily loaded font '../../../Engine/Content/Slate/Fonts/Roboto-Light.ttf' (159K)
[2017.08.16-08.30.35:404][698]LogFileHelpers: Editor autosave (incl. sublevels) for '/Game/Maps/Step1' took 0.029
[2017.08.16-08.30.35:412][698]OBJ SavePackage: Generating thumbnails for [0] asset(s) in package [/Game/InfinityBladeAdversaries/Blueprints/BP_Enemy] ([1] browsable assets)...
[2017.08.16-08.30.35:412][698]OBJ SavePackage: Finished generating thumbnails for package [/Game/InfinityBladeAdversaries/Blueprints/BP_Enemy]
[2017.08.16-08.30.35:448][698]LogSavePackage: Save=30.74ms
[2017.08.16-08.30.35:448][698]LogSavePackage: Moving 'D:/UnrealStudy/Lesson2/Saved/BP_Enemy_Auto1F88114384184D41FBAC74687756B436C.tmp' to 'D:/UnrealStudy/Lesson2/Saved/Autosaves/Game/InfinityBladeAdversaries/Blueprints/BP_Enemy_Auto1.uasset'
[2017.08.16-08.30.35:449][698]LogSavePackage:Display: Finished SavePackage D:/UnrealStudy/Lesson2/Saved/Autosaves/Game/InfinityBladeAdversaries/Blueprints/BP_Enemy_Auto1.uasset
[2017.08.16-08.30.35:450][698]OBJ SavePackage: Generating thumbnails for [0] asset(s) in package [/Game/InfinityBladeAdversaries/Blueprints/NewBlueprint] ([1] browsable assets)...
[2017.08.16-08.30.35:450][698]OBJ SavePackage: Finished generating thumbnails for package [/Game/InfinityBladeAdversaries/Blueprints/NewBlueprint]
[2017.08.16-08.30.35:475][698]LogSavePackage: Save=22.88ms
[2017.08.16-08.30.35:475][698]LogSavePackage: Moving 'D:/UnrealStudy/Lesson2/Saved/NewBlueprint_Auto1CB2DF2674ED5563F13227498E6B5706A.tmp' to 'D:/UnrealStudy/Lesson2/Saved/Autosaves/Game/InfinityBladeAdversaries/Blueprints/NewBlueprint_Auto1.uasset'
[2017.08.16-08.30.35:477][698]LogSavePackage:Display: Finished SavePackage D:/UnrealStudy/Lesson2/Saved/Autosaves/Game/InfinityBladeAdversaries/Blueprints/NewBlueprint_Auto1.uasset
[2017.08.16-08.30.35:477][698]LogFileHelpers: Auto-saving content packages took 0.071
[2017.08.16-08.30.43:524][844]LogMetaData: Removing '/Game/InfinityBladeAdversaries/Blueprints/BP_Bear.BP_Bear:UserConstructionScript.K2Node_FunctionEntry_0' ref from Metadata '/Game/InfinityBladeAdversaries/Blueprints/NewBlueprint.PackageMetaData'
[2017.08.16-08.30.43:524][844]LogMetaData: Removing '/Game/InfinityBladeAdversaries/Blueprints/BP_Bear.SKEL_BP_Bear_C' ref from Metadata '/Game/InfinityBladeAdversaries/Blueprints/NewBlueprint.PackageMetaData'
[2017.08.16-08.30.43:524][844]LogMetaData: Removing '/Game/InfinityBladeAdversaries/Blueprints/BP_Bear.BP_Bear_C' ref from Metadata '/Game/InfinityBladeAdversaries/Blueprints/NewBlueprint.PackageMetaData'
[2017.08.16-08.30.43:524][844]LogMetaData: Removing '/Game/InfinityBladeAdversaries/Blueprints/BP_Bear.BP_Bear:EventGraph.K2Node_Event_0' ref from Metadata '/Game/InfinityBladeAdversaries/Blueprints/NewBlueprint.PackageMetaData'
[2017.08.16-08.30.43:524][844]LogMetaData: Removing '/Game/InfinityBladeAdversaries/Blueprints/BP_Bear.BP_Bear:EventGraph.K2Node_Event_1' ref from Metadata '/Game/InfinityBladeAdversaries/Blueprints/NewBlueprint.PackageMetaData'
[2017.08.16-08.30.43:524][844]LogMetaData: Removing '/Game/InfinityBladeAdversaries/Blueprints/BP_Bear.BP_Bear:EventGraph.K2Node_Event_2' ref from Metadata '/Game/InfinityBladeAdversaries/Blueprints/NewBlueprint.PackageMetaData'
[2017.08.16-08.30.43:545][844]Cmd: OBJ SAVEPACKAGE PACKAGE="/Game/InfinityBladeAdversaries/Blueprints/BP_Bear" FILE="D:/UnrealStudy/Lesson2/Content/InfinityBladeAdversaries/Blueprints/BP_Bear.uasset" SILENT=true
[2017.08.16-08.30.43:573][844]LogSavePackage: Save=23.36ms
[2017.08.16-08.30.43:573][844]LogSavePackage: Moving 'D:/UnrealStudy/Lesson2/Saved/BP_BearD3E6F2374EE8AA3DE42907A608B6781D.tmp' to 'D:/UnrealStudy/Lesson2/Content/InfinityBladeAdversaries/Blueprints/BP_Bear.uasset'
[2017.08.16-08.30.43:578][844]LogSavePackage:Display: Finished SavePackage D:/UnrealStudy/Lesson2/Content/InfinityBladeAdversaries/Blueprints/BP_Bear.uasset
[2017.08.16-08.31.25:642][ 77]LogSlate: Took 0.000422 seconds to synchronously load lazily loaded font '../../../Engine/Content/Slate/Fonts/Roboto-Regular.ttf' (155K)
[2017.08.16-08.31.26:046][ 77]LogContentBrowser: Native class hierarchy updated for 'BlueprintGraph' in 0.0018 seconds. Added 112 classes and 0 folders.
[2017.08.16-08.31.27:770][ 78]LogRenderer: Reallocating scene render targets to support 1208x688 NumSamples 1 (Frame:1).
[2017.08.16-08.31.30:397][112]BlueprintLog: New page: BP_Enemy 컴파일
[2017.08.16-08.31.31:594][124]Cmd: OBJ SAVEPACKAGE PACKAGE="/Game/InfinityBladeAdversaries/Blueprints/BP_Enemy" FILE="D:/UnrealStudy/Lesson2/Content/InfinityBladeAdversaries/Blueprints/BP_Enemy.uasset" SILENT=true
[2017.08.16-08.31.31:625][124]LogSavePackage: Save=25.67ms
[2017.08.16-08.31.31:625][124]LogSavePackage: Moving 'D:/UnrealStudy/Lesson2/Saved/BP_EnemyDF230C7143BD0EAE51CFBF8B2CF3EDC2.tmp' to 'D:/UnrealStudy/Lesson2/Content/InfinityBladeAdversaries/Blueprints/BP_Enemy.uasset'
[2017.08.16-08.31.31:632][124]LogSavePackage:Display: Finished SavePackage D:/UnrealStudy/Lesson2/Content/InfinityBladeAdversaries/Blueprints/BP_Enemy.uasset
[2017.08.16-08.31.41:024][252]LogSlate: Took 0.005746 seconds to synchronously load lazily loaded font '../../../Engine/Content/Editor/Slate/Fonts/Roboto-Italic.ttf' (157K)
[2017.08.16-08.35.09:374][198]LogSlate: Took 0.007308 seconds to synchronously load lazily loaded font '../../../Engine/Content/Editor/Slate/Fonts/Roboto-BoldCondensed.ttf' (158K)
[2017.08.16-08.35.28:011][453]LogSlate: Took 0.000361 seconds to synchronously load lazily loaded font '../../../Engine/Content/Slate/Fonts/Roboto-Light.ttf' (159K)
[2017.08.16-08.35.31:654][520]LogTexture:Display: 텍스처 빌드: T_Enemy_Bear_D (AutoDXT, 2048X2048)
[2017.08.16-08.35.43:281][520]LogTexture:Display: 텍스처 빌드: T_Enemy_Bear_M (AutoDXT, 2048X2048)
[2017.08.16-08.35.46:627][520]LogTexture:Display: 텍스처 빌드: T_Enemy_Bear_N (BC5, 2048X2048)
[2017.08.16-08.35.47:738][520]LogMaterial: Missing cached shader map for material M_Bear_Master, compiling. 
[2017.08.16-08.36.26:229][388]LogAnimationCompression: Building Anim DDC data for AnimSequence /Game/InfinityBladeAdversaries/Enemy/Enemy_Bear/Enemy_Bear_Animations/ExoGame_Bears_Idle.ExoGame_Bears_Idle
[2017.08.16-08.39.13:941][787]BlueprintLog: New page: BP_Bear 컴파일
[2017.08.16-08.39.15:129][797]Cmd: OBJ SAVEPACKAGE PACKAGE="/Game/InfinityBladeAdversaries/Blueprints/BP_Bear" FILE="D:/UnrealStudy/Lesson2/Content/InfinityBladeAdversaries/Blueprints/BP_Bear.uasset" SILENT=true
[2017.08.16-08.39.18:528][797]LogSavePackage: Save=46.89ms
[2017.08.16-08.39.18:528][797]LogSavePackage: Moving 'D:/UnrealStudy/Lesson2/Saved/BP_Bear4F69F0744D30CEFE60DFC6BA35662A5A.tmp' to 'D:/UnrealStudy/Lesson2/Content/InfinityBladeAdversaries/Blueprints/BP_Bear.uasset'
[2017.08.16-08.39.18:532][797]LogSavePackage:Display: Finished SavePackage D:/UnrealStudy/Lesson2/Content/InfinityBladeAdversaries/Blueprints/BP_Bear.uasset
[2017.08.16-09.18.51:188][158]LogAIModule: Creating AISystem for world Step6
[2017.08.16-09.18.51:439][158]Cmd: MAP LOAD FILE="D:/UnrealStudy/Lesson2/Content/Maps/Step6.umap" TEMPLATE=0 SHOWPROGRESS=1 FEATURELEVEL=3
[2017.08.16-09.18.51:439][158]LightingResults: New page: 라이팅 빌드
[2017.08.16-09.18.51:441][158]LoadErrors: New page: 맵 로드중: Step6.umap
[2017.08.16-09.18.51:443][158]MapCheck: New page: 맵 체크
[2017.08.16-09.18.51:444][158]LightingResults: New page: 라이팅 빌드
[2017.08.16-09.18.52:725][158]LogEditorServer: Finished looking for orphan Actors (0.000 secs)
[2017.08.16-09.18.52:887][158]Cmd: MAP CHECKDEP NOCLEARLOG
[2017.08.16-09.18.53:164][158]MapCheck: 정보 맵 체크 완료: 오류 0 회, 경고 0 회, 소요 시간 275.805ms.
[2017.08.16-09.18.53:167][158]LogFileHelpers: Loading map 'Step6' took 1.731
[2017.08.16-09.21.26:970][224]LogTemp: Repeting last play command: 선택된 뷰포트
[2017.08.16-09.21.30:156][224]LogBlueprintUserMessages: Early PlayInEditor Detection: Level '/Game/Maps/Step6.Step6:PersistentLevel' has LevelScriptBlueprint '/Game/Maps/Step6.Step6:PersistentLevel.Step6' with GeneratedClass '/Game/Maps/Step6.Step6_C' with ClassGeneratedBy '/Game/Maps/Step6.Step6:PersistentLevel.Step6'
[2017.08.16-09.21.30:157][224]LogPlayLevel: PlayLevel: No blueprints needed recompiling
[2017.08.16-09.21.30:161][224]PIE: New page: PIE 세션: Step6 (2017. 8. 17. 오전 3:21:30)
[2017.08.16-09.21.30:161][224]LogPlayLevel: Creating play world package: /Game/Maps/UEDPIE_0_Step6
[2017.08.16-09.21.30:333][224]LogPlayLevel: PIE: StaticDuplicateObject took: (0.171978s)
[2017.08.16-09.21.30:334][224]LogAIModule: Creating AISystem for world Step6
[2017.08.16-09.21.30:334][224]LogPlayLevel: PIE: World Init took: (0.001211s)
[2017.08.16-09.21.30:336][224]LogPlayLevel: PIE: Created PIE world by copying editor world from /Game/Maps/Step6.Step6 to /Game/Maps/UEDPIE_0_Step6.Step6 (0.175106s)
[2017.08.16-09.21.30:412][224]LogInit: XAudio2 using '스피커(Realtek High Definition Audio)' : 2 channels at 48 kHz using 32 bits per sample (channel mask 0x3)
[2017.08.16-09.21.30:434][224]LogInit: FAudioDevice initialized.
[2017.08.16-09.21.31:835][224]LogLoad: Game class is 'ThirdPersonGameMode_C'
[2017.08.16-09.21.31:912][224]LogWorld: Bringing World /Game/Maps/UEDPIE_0_Step6.Step6 up for play (max tick rate 60) at 2017.08.16-18.21.31
[2017.08.16-09.21.31:933][224]LogWorld: Bringing up level for play took: 0.083978
[2017.08.16-09.21.32:228][224]LogContentBrowser: Native class hierarchy updated for 'MovieSceneCapture' in 0.0025 seconds. Added 11 classes and 0 folders.
[2017.08.16-09.21.32:236][224]PIE: 정보 /Game/Maps/UEDPIE_0_Step6 에 대한 에디터에서 플레이 시작 시간: 3.027
[2017.08.16-09.21.32:237][224]LogBlueprintUserMessages: Late PlayInEditor Detection: Level '/Game/Maps/Step6.Step6:PersistentLevel' has LevelScriptBlueprint '/Game/Maps/Step6.Step6:PersistentLevel.Step6' with GeneratedClass '/Game/Maps/Step6.Step6_C' with ClassGeneratedBy '/Game/Maps/Step6.Step6:PersistentLevel.Step6'
[2017.08.16-09.21.51:706][662]LogBlueprintUserMessages: Early EndPlayMap Detection: Level '/Game/Maps/Step6.Step6:PersistentLevel' has LevelScriptBlueprint '/Game/Maps/Step6.Step6:PersistentLevel.Step6' with GeneratedClass '/Game/Maps/Step6.Step6_C' with ClassGeneratedBy '/Game/Maps/Step6.Step6:PersistentLevel.Step6'
[2017.08.16-09.21.51:989][662]LogBlueprintUserMessages: Late EndPlayMap Detection: Level '/Game/Maps/Step6.Step6:PersistentLevel' has LevelScriptBlueprint '/Game/Maps/Step6.Step6:PersistentLevel.Step6' with GeneratedClass '/Game/Maps/Step6.Step6_C' with ClassGeneratedBy '/Game/Maps/Step6.Step6:PersistentLevel.Step6'
[2017.08.16-09.21.53:812][699]LogEditorViewport: Clicking on Actor (LMB): BP_Bear_C (BP_Bear)
[2017.08.16-09.22.26:667][ 32]LogFactory: FactoryCreateFile: PackFactory with PackFactory (0 0 C:/Program Files/Epic Games/UE_4.16/FeaturePacks/FP_FirstPersonBP.upack)
[2017.08.16-09.22.26:788][ 32]LogPackFactory: Finished extracting 8 files (including 0 errors).
[2017.08.16-09.22.26:808][ 32]LogPackFactory: Copied "../../../Templates/FP_FirstPersonBP/Content/FirstPersonBP/FirstPersonOverview.uasset" to "D:/UnrealStudy/Lesson2/Content/FirstPersonBP/FirstPersonOverview.uasset"
[2017.08.16-09.22.26:831][ 32]LogPackFactory: Copied "../../../Templates/FP_FirstPersonBP/Content/FirstPersonBP/Blueprints/FirstPersonCharacter.uasset" to "D:/UnrealStudy/Lesson2/Content/FirstPersonBP/Blueprints/FirstPersonCharacter.uasset"
[2017.08.16-09.22.26:848][ 32]LogPackFactory: Copied "../../../Templates/FP_FirstPersonBP/Content/FirstPersonBP/Blueprints/FirstPersonGameMode.uasset" to "D:/UnrealStudy/Lesson2/Content/FirstPersonBP/Blueprints/FirstPersonGameMode.uasset"
[2017.08.16-09.22.26:866][ 32]LogPackFactory: Copied "../../../Templates/FP_FirstPersonBP/Content/FirstPersonBP/Blueprints/FirstPersonHUD.uasset" to "D:/UnrealStudy/Lesson2/Content/FirstPersonBP/Blueprints/FirstPersonHUD.uasset"
[2017.08.16-09.22.27:010][ 32]LogPackFactory: Copied "../../../Templates/FP_FirstPersonBP/Content/FirstPersonBP/Maps/FirstPersonExampleMap.umap" to "D:/UnrealStudy/Lesson2/Content/FirstPersonBP/Maps/FirstPersonExampleMap.umap"
[2017.08.16-09.22.27:117][ 32]Cmd: OBJ SAVEPACKAGE PACKAGE="/Game/FirstPersonBP/FirstPersonOverview" FILE="D:/UnrealStudy/Lesson2/Content/FirstPersonBP/FirstPersonOverview.uasset" SILENT=true
[2017.08.16-09.22.27:168][ 32]LogSavePackage: Save=21.37ms
[2017.08.16-09.22.27:168][ 32]LogSavePackage: Moving 'D:/UnrealStudy/Lesson2/Saved/FirstPersonOverviewA14EB2E54363D9111CA589A345BB72D4.tmp' to 'D:/UnrealStudy/Lesson2/Content/FirstPersonBP/FirstPersonOverview.uasset'
[2017.08.16-09.22.27:177][ 32]LogSavePackage:Display: Finished SavePackage D:/UnrealStudy/Lesson2/Content/FirstPersonBP/FirstPersonOverview.uasset
[2017.08.16-09.28.58:617][646]Cmd: OBJ SAVEPACKAGE PACKAGE="/Game/Maps/Step6" FILE="D:/UnrealStudy/Lesson2/Saved/Autosaves/Game/Maps/Step6_Auto2.umap" SILENT=true AUTOSAVING=true KEEPDIRTY=false
[2017.08.16-09.29.17:548][646]LogSavePackage: Save=18642.49ms
[2017.08.16-09.29.17:548][646]LogSavePackage: Moving 'D:/UnrealStudy/Lesson2/Saved/Step6_Auto2FDBA48004F7530D19A407780FA955AE5.tmp' to 'D:/UnrealStudy/Lesson2/Saved/Autosaves/Game/Maps/Step6_Auto2.umap'
[2017.08.16-09.29.17:553][646]LogSavePackage:Display: Finished SavePackage D:/UnrealStudy/Lesson2/Saved/Autosaves/Game/Maps/Step6_Auto2.umap
[2017.08.16-09.29.17:560][646]LogFileHelpers: Editor autosave (incl. sublevels) for '/Game/Maps/Step6' took 22.391
[2017.08.16-09.29.17:560][646]LogFileHelpers: Editor autosave (incl. sublevels) for all levels took 22.391
[2017.08.16-09.40.50:619][218]LogFileHelpers: Editor autosave (incl. sublevels) for '/Game/Maps/Step6' took 0.065
[2017.08.16-09.40.50:622][218]OBJ SavePackage: Generating thumbnails for [0] asset(s) in package [/Game/Blueprints/BP_Ball] ([1] browsable assets)...
[2017.08.16-09.40.50:622][218]OBJ SavePackage: Finished generating thumbnails for package [/Game/Blueprints/BP_Ball]
[2017.08.16-09.40.50:622][218]Cmd: OBJ SAVEPACKAGE PACKAGE="/Game/Blueprints/BP_Ball" FILE="D:/UnrealStudy/Lesson2/Saved/Autosaves/Game/Blueprints/BP_Ball_Auto3.uasset" SILENT=false AUTOSAVING=true
[2017.08.16-09.40.53:956][218]LogSavePackage: Save=3329.58ms
[2017.08.16-09.40.53:956][218]LogSavePackage: Moving 'D:/UnrealStudy/Lesson2/Saved/BP_Ball_Auto370F5D8E34D438CBB7CE4C98846364D31.tmp' to 'D:/UnrealStudy/Lesson2/Saved/Autosaves/Game/Blueprints/BP_Ball_Auto3.uasset'
[2017.08.16-09.40.53:981][218]LogSavePackage:Display: Finished SavePackage D:/UnrealStudy/Lesson2/Saved/Autosaves/Game/Blueprints/BP_Ball_Auto3.uasset
[2017.08.16-09.40.53:981][218]LogFileHelpers: Auto-saving content packages took 3.361
[2017.08.16-09.42.44:650][352]BlueprintLog: New page: BP_Ball 컴파일
[2017.08.16-09.42.48:927][400]Cmd: OBJ SAVEPACKAGE PACKAGE="/Game/Blueprints/BP_Ball" FILE="D:/UnrealStudy/Lesson2/Content/Blueprints/BP_Ball.uasset" SILENT=true
[2017.08.16-09.42.52:260][400]LogSavePackage: Save=3329.82ms
[2017.08.16-09.42.52:260][400]LogSavePackage: Moving 'D:/UnrealStudy/Lesson2/Saved/BP_BallF9A49D2C42F88E93534049AD8E2C23E1.tmp' to 'D:/UnrealStudy/Lesson2/Content/Blueprints/BP_Ball.uasset'
[2017.08.16-09.42.52:271][400]LogSavePackage:Display: Finished SavePackage D:/UnrealStudy/Lesson2/Content/Blueprints/BP_Ball.uasset
[2017.08.16-09.43.09:290][700]LogSlate: Only BGRA pngs, bmps or icos are supported in by External Image Picker
[2017.08.16-09.43.11:076][705]LogTemp: Executing iPhonePackager certificates Engine -bundlename com.YourCompany.Lesson2
[2017.08.16-09.43.11:076][705]LogTemp: CWD: C:\Program Files\Epic Games\UE_4.16\Engine\Binaries\DotNET\IOS
[2017.08.16-09.43.11:076][705]LogTemp: Initial Dir: C:\Program Files\Epic Games\UE_4.16
[2017.08.16-09.43.11:076][705]LogTemp: Env CWD: C:\Program Files\Epic Games\UE_4.16\Engine\Binaries\DotNET\IOS
[2017.08.16-09.43.11:076][705]LogTemp: BranchPath = LEEJIU/C/Program Files/Epic Games/UE_4.16/Engine/Binaries --- GameBranchPath = LEEJIU/C/Program Files/Epic Games/UE_4.16/Engine/Binaries
[2017.08.16-09.43.11:191][707]LogTemp: IPP ERROR: Could not find provision directory 'C:\Users\LEEJIU\AppData\Local/Apple Computer/MobileDevice/Provisioning Profiles/'.
[2017.08.16-09.45.39:823][406]BlueprintLog: New page: BP_WarriorDiablo 컴파일
[2017.08.16-09.45.41:324][415]Cmd: OBJ SAVEPACKAGE PACKAGE="/Game/Blueprints/BP_WarriorDiablo" FILE="D:/UnrealStudy/Lesson2/Content/Blueprints/BP_WarriorDiablo.uasset" SILENT=true
[2017.08.16-09.45.41:473][415]LogSavePackage: Save=126.59ms
[2017.08.16-09.45.41:473][415]LogSavePackage: Moving 'D:/UnrealStudy/Lesson2/Saved/BP_WarriorDiabloECB4D0FE41A3278FEDFFD49DC917A1D2.tmp' to 'D:/UnrealStudy/Lesson2/Content/Blueprints/BP_WarriorDiablo.uasset'
[2017.08.16-09.45.41:476][415]LogSavePackage:Display: Finished SavePackage D:/UnrealStudy/Lesson2/Content/Blueprints/BP_WarriorDiablo.uasset
[2017.08.16-09.46.01:586][668]Cmd: OBJ SAVEPACKAGE PACKAGE="/Game/Maps/Step6" FILE="D:/UnrealStudy/Lesson2/Content/Maps/Step6.umap" SILENT=true AUTOSAVING=false KEEPDIRTY=false
[2017.08.16-09.46.26:434][668]LogSavePackage: Save=24607.84ms
[2017.08.16-09.46.26:434][668]LogSavePackage: Moving 'D:/UnrealStudy/Lesson2/Saved/Step6EF67CDC440B899DC24A3B6AC5EDCD5AB.tmp' to 'D:/UnrealStudy/Lesson2/Content/Maps/Step6.umap'
[2017.08.16-09.46.26:498][668]LogSavePackage:Display: Finished SavePackage D:/UnrealStudy/Lesson2/Content/Maps/Step6.umap
[2017.08.16-09.49.20:192][379]Cmd: QUIT_EDITOR
[2017.08.16-09.49.21:112][379]LogWindowsTextInputMethodSystem:Display: IME system now activated using TSF (Microsoft 입력기).
[2017.08.16-09.49.21:142][379]LogExit: Preparing to exit.
[2017.08.16-09.49.22:506][379]LogExit: Editor shut down
[2017.08.16-09.49.22:546][379]LogExit: Transaction tracking system shut down
[2017.08.16-09.49.23:025][379]LogObj: Freed 0b from 0 cluster array pools.
[2017.08.16-09.49.23:026][379]LogExit: Object subsystem successfully closed.
[2017.08.16-09.49.23:070][379]LogD3D11RHI: Shutdown
[2017.08.16-09.49.23:070][379]LogD3D11RHI: CleanupD3DDevice
[2017.08.16-09.49.23:426][379]LogD3D11RHI: ~FD3D11DynamicRHI
[2017.08.16-09.49.23:503][379]LogModuleManager: Shutting down and abandoning module ExternalImagePicker (534)
[2017.08.16-09.49.23:503][379]LogModuleManager: Shutting down and abandoning module HierarchicalLODUtilities (532)
[2017.08.16-09.49.23:503][379]LogModuleManager: Shutting down and abandoning module MovieSceneCapture (530)
[2017.08.16-09.49.23:503][379]LogModuleManager: Shutting down and abandoning module BlueprintGraph (528)
[2017.08.16-09.49.23:503][379]LogModuleManager: Shutting down and abandoning module BlueprintProfiler (526)
[2017.08.16-09.49.23:503][379]LogModuleManager: Shutting down and abandoning module HierarchicalLODOutliner (524)
[2017.08.16-09.49.23:503][379]LogModuleManager: Shutting down and abandoning module CrashTracker (522)
[2017.08.16-09.49.23:503][379]LogModuleManager: Shutting down and abandoning module SceneOutliner (520)
[2017.08.16-09.49.23:503][379]LogModuleManager: Shutting down and abandoning module AddContentDialog (518)
[2017.08.16-09.49.23:504][379]LogDirectoryWatcher: A directory notification for 'C:/Program Files/Epic Games/UE_4.16/FeaturePacks/' was aborted.
[2017.08.16-09.49.23:514][379]LogModuleManager: Shutting down and abandoning module WidgetCarousel (517)
[2017.08.16-09.49.23:514][379]LogModuleManager: Shutting down and abandoning module EditorWidgets (514)
[2017.08.16-09.49.23:514][379]LogModuleManager: Shutting down and abandoning module CollectionManager (512)
[2017.08.16-09.49.23:514][379]LogDirectoryWatcher: A directory notification for 'D:/UnrealStudy/Lesson2/Content/Collections/' was aborted.
[2017.08.16-09.49.23:514][379]LogDirectoryWatcher: A directory notification for 'D:/UnrealStudy/Lesson2/Content/Developers/LEEJIU/Collections/' was aborted.
[2017.08.16-09.49.23:514][379]LogDirectoryWatcher: A directory notification for 'D:/UnrealStudy/Lesson2/Saved/Collections/' was aborted.
[2017.08.16-09.49.23:514][379]LogModuleManager: Shutting down and abandoning module StatsViewer (510)
[2017.08.16-09.49.23:514][379]LogModuleManager: Shutting down and abandoning module FoliageEdit (508)
[2017.08.16-09.49.23:514][379]LogModuleManager: Shutting down and abandoning module LandscapeEditor (506)
[2017.08.16-09.49.23:515][379]LogModuleManager: Shutting down and abandoning module MeshPaintMode (504)
[2017.08.16-09.49.23:515][379]LogModuleManager: Shutting down and abandoning module SceneDepthPickerMode (502)
[2017.08.16-09.49.23:515][379]LogModuleManager: Shutting down and abandoning module ActorPickerMode (500)
[2017.08.16-09.49.23:515][379]LogModuleManager: Shutting down and abandoning module GeometryMode (498)
[2017.08.16-09.49.23:515][379]LogModuleManager: Shutting down and abandoning module TextureAlignMode (496)
[2017.08.16-09.49.23:515][379]LogModuleManager: Shutting down and abandoning module BspMode (494)
[2017.08.16-09.49.23:515][379]LogModuleManager: Shutting down and abandoning module HardwareSurvey (492)
[2017.08.16-09.49.23:515][379]LogModuleManager: Shutting down and abandoning module SequenceRecorderSections (490)
[2017.08.16-09.49.23:515][379]LogModuleManager: Shutting down and abandoning module AutomationWorker (488)
[2017.08.16-09.49.23:515][379]LogModuleManager: Shutting down and abandoning module MatineeToLevelSequence (486)
[2017.08.16-09.49.23:515][379]LogModuleManager: Shutting down and abandoning module LevelSequenceEditor (484)
[2017.08.16-09.49.23:515][379]LogModuleManager: Shutting down and abandoning module PlacementMode (483)
[2017.08.16-09.49.23:515][379]LogModuleManager: Shutting down and abandoning module WmfMediaFactory (480)
[2017.08.16-09.49.23:515][379]LogModuleManager: Shutting down and abandoning module WmfMediaEditor (478)
[2017.08.16-09.49.23:516][379]LogModuleManager: Shutting down and abandoning module AvfMediaFactory (476)
[2017.08.16-09.49.23:516][379]LogModuleManager: Shutting down and abandoning module AvfMediaEditor (474)
[2017.08.16-09.49.23:516][379]LogModuleManager: Shutting down and abandoning module AndroidMediaFactory (472)
[2017.08.16-09.49.23:516][379]LogModuleManager: Shutting down and abandoning module Media (471)
[2017.08.16-09.49.23:516][379]LogModuleManager: Shutting down and abandoning module AndroidMediaEditor (468)
[2017.08.16-09.49.23:516][379]LogModuleManager: Shutting down and abandoning module CharacterAI (466)
[2017.08.16-09.49.23:516][379]LogModuleManager: Shutting down and abandoning module AudioCapture (464)
[2017.08.16-09.49.23:516][379]LogModuleManager: Shutting down and abandoning module SequenceRecorder (463)
[2017.08.16-09.49.23:516][379]LogModuleManager: Shutting down and abandoning module SmartSnapping (460)
[2017.08.16-09.49.23:516][379]LogModuleManager: Shutting down and abandoning module SessionServices (458)
[2017.08.16-09.49.23:516][379]LogModuleManager: Shutting down and abandoning module ViewportSnapping (456)
[2017.08.16-09.49.23:516][379]LogModuleManager: Shutting down and abandoning module ViewportInteraction (454)
[2017.08.16-09.49.23:516][379]LogModuleManager: Shutting down and abandoning module ClothPainter (452)
[2017.08.16-09.49.23:516][379]LogModuleManager: Shutting down and abandoning module LogVisualizer (450)
[2017.08.16-09.49.23:516][379]LogModuleManager: Shutting down and abandoning module IntroTutorials (448)
[2017.08.16-09.49.23:516][379]LogModuleManager: Shutting down and abandoning module GameProjectGeneration (447)
[2017.08.16-09.49.23:516][379]LogModuleManager: Shutting down and abandoning module EditorLiveStreaming (444)
[2017.08.16-09.49.23:517][379]LogModuleManager: Shutting down and abandoning module IOSPlatformEditor (442)
[2017.08.16-09.49.23:517][379]LogModuleManager: Shutting down and abandoning module HTML5PlatformEditor (440)
[2017.08.16-09.49.23:517][379]LogModuleManager: Shutting down and abandoning module AndroidPlatformEditor (438)
[2017.08.16-09.49.23:517][379]LogModuleManager: Shutting down and abandoning module AndroidDeviceDetection (437)
[2017.08.16-09.49.23:584][379]LogModuleManager: Shutting down and abandoning module IOSRuntimeSettings (434)
[2017.08.16-09.49.23:584][379]LogModuleManager: Shutting down and abandoning module AndroidRuntimeSettings (432)
[2017.08.16-09.49.23:584][379]LogModuleManager: Shutting down and abandoning module InputBindingEditor (430)
[2017.08.16-09.49.23:584][379]LogModuleManager: Shutting down and abandoning module MergeActors (428)
[2017.08.16-09.49.23:584][379]LogModuleManager: Shutting down and abandoning module SizeMap (426)
[2017.08.16-09.49.23:584][379]LogModuleManager: Shutting down and abandoning module TreeMap (424)
[2017.08.16-09.49.23:584][379]LogModuleManager: Shutting down and abandoning module ReferenceViewer (422)
[2017.08.16-09.49.23:584][379]LogModuleManager: Shutting down and abandoning module LocalizationDashboard (420)
[2017.08.16-09.49.23:584][379]LogModuleManager: Shutting down and abandoning module LocalizationService (419)
[2017.08.16-09.49.23:584][379]LogModuleManager: Shutting down and abandoning module HardwareTargeting (416)
[2017.08.16-09.49.23:585][379]LogModuleManager: Shutting down and abandoning module DeviceProfileEditor (414)
[2017.08.16-09.49.23:585][379]LogModuleManager: Shutting down and abandoning module UndoHistory (412)
[2017.08.16-09.49.23:585][379]LogModuleManager: Shutting down and abandoning module UserFeedback (410)
[2017.08.16-09.49.23:585][379]LogModuleManager: Shutting down and abandoning module XmlParser (408)
[2017.08.16-09.49.23:585][379]LogModuleManager: Shutting down and abandoning module Blutility (406)
[2017.08.16-09.49.23:585][379]LogModuleManager: Shutting down and abandoning module ProjectSettingsViewer (404)
[2017.08.16-09.49.23:585][379]LogModuleManager: Shutting down and abandoning module ProjectTargetPlatformEditor (403)
[2017.08.16-09.49.23:587][379]LogModuleManager: Shutting down and abandoning module EditorSettingsViewer (400)
[2017.08.16-09.49.23:587][379]LogModuleManager: Shutting down and abandoning module SettingsEditor (398)
[2017.08.16-09.49.23:587][379]LogModuleManager: Shutting down and abandoning module ProjectLauncher (396)
[2017.08.16-09.49.23:587][379]LogModuleManager: Shutting down and abandoning module SessionFrontend (394)
[2017.08.16-09.49.23:588][379]LogModuleManager: Shutting down and abandoning module ProfilerClient (392)
[2017.08.16-09.49.23:588][379]LogModuleManager: Shutting down and abandoning module DeviceManager (390)
[2017.08.16-09.49.23:588][379]LogModuleManager: Shutting down and abandoning module TargetDeviceServices (389)
[2017.08.16-09.49.23:645][379]LogModuleManager: Shutting down and abandoning module AutomationController (386)
[2017.08.16-09.49.23:645][379]LogModuleManager: Shutting down and abandoning module AutomationWindow (384)
[2017.08.16-09.49.23:645][379]LogModuleManager: Shutting down and abandoning module Layers (382)
[2017.08.16-09.49.23:645][379]LogModuleManager: Shutting down and abandoning module ComponentVisualizers (380)
[2017.08.16-09.49.23:645][379]LogModuleManager: Shutting down and abandoning module DetailCustomizations (378)
[2017.08.16-09.49.23:645][379]LogModuleManager: Shutting down and abandoning module PackagesDialog (376)
[2017.08.16-09.49.23:656][379]LogModuleManager: Shutting down and abandoning module Persona (374)
[2017.08.16-09.49.23:656][379]LogModuleManager: Shutting down and abandoning module AdvancedPreviewScene (373)
[2017.08.16-09.49.23:656][379]LogModuleManager: Shutting down and abandoning module AnimGraph (371)
[2017.08.16-09.49.23:656][379]LogModuleManager: Shutting down and abandoning module Kismet (368)
[2017.08.16-09.49.23:791][379]LogModuleManager: Shutting down and abandoning module ClassViewer (366)
[2017.08.16-09.49.23:835][379]LogModuleManager: Shutting down and abandoning module Toolbox (364)
[2017.08.16-09.49.23:835][379]LogModuleManager: Shutting down and abandoning module ModuleUI (362)
[2017.08.16-09.49.23:835][379]LogModuleManager: Shutting down and abandoning module MovieSceneTools (360)
[2017.08.16-09.49.23:836][379]LogModuleManager: Shutting down and abandoning module OutputLog (358)
[2017.08.16-09.49.23:836][379]LogModuleManager: Shutting down and abandoning module GammaUI (356)
[2017.08.16-09.49.23:836][379]LogModuleManager: Shutting down and abandoning module Documentation (354)
[2017.08.16-09.49.23:837][379]LogModuleManager: Shutting down and abandoning module MovieSceneTracks (352)
[2017.08.16-09.49.23:837][379]LogModuleManager: Shutting down and abandoning module MovieScene (350)
[2017.08.16-09.49.23:837][379]LogModuleManager: Shutting down and abandoning module Niagara (348)
[2017.08.16-09.49.23:837][379]LogModuleManager: Shutting down and abandoning module NiagaraEditor (347)
[2017.08.16-09.49.23:837][379]LogModuleManager: Shutting down and abandoning module StreamingPauseRendering (344)
[2017.08.16-09.49.23:838][379]LogModuleManager: Shutting down and abandoning module AnalyticsET (342)
[2017.08.16-09.49.23:838][379]LogModuleManager: Shutting down and abandoning module PortalServices (340)
[2017.08.16-09.49.23:838][379]LogModuleManager: Shutting down and abandoning module PortalRpc (338)
[2017.08.16-09.49.23:838][379]LogModuleManager: Shutting down and abandoning module MessagingRpc (336)
[2017.08.16-09.49.23:838][379]LogModuleManager: Shutting down and abandoning module AIModule (334)
[2017.08.16-09.49.23:838][379]LogModuleManager: Shutting down and abandoning module GameplayDebugger (333)
[2017.08.16-09.49.23:838][379]LogModuleManager: Shutting down and abandoning module AITestSuite (331)
[2017.08.16-09.49.23:838][379]LogModuleManager: Shutting down and abandoning module ProfilerService (328)
[2017.08.16-09.49.24:024][379]LogModuleManager: Shutting down and abandoning module TaskGraph (326)
[2017.08.16-09.49.24:024][379]LogModuleManager: Shutting down and abandoning module SteamVRController (324)
[2017.08.16-09.49.24:024][379]LogModuleManager: Shutting down and abandoning module SteamVR (322)
[2017.08.16-09.49.24:024][379]LogModuleManager: Shutting down and abandoning module ProceduralMeshComponentEditor (320)
[2017.08.16-09.49.24:024][379]LogModuleManager: Shutting down and abandoning module ProceduralMeshComponent (318)
[2017.08.16-09.49.24:024][379]LogModuleManager: Shutting down and abandoning module OculusLibrary (316)
[2017.08.16-09.49.24:024][379]LogModuleManager: Shutting down and abandoning module OculusInput (314)
[2017.08.16-09.49.24:024][379]LogModuleManager: Shutting down and abandoning module MobilePatchingUtils (312)
[2017.08.16-09.49.24:024][379]LogModuleManager: Shutting down and abandoning module CustomMeshComponent (310)
[2017.08.16-09.49.24:024][379]LogModuleManager: Shutting down and abandoning module CableComponent (308)
[2017.08.16-09.49.24:024][379]LogModuleManager: Shutting down and abandoning module ArchVisCharacter (306)
[2017.08.16-09.49.24:024][379]LogModuleManager: Shutting down and abandoning module AndroidPermission (304)
[2017.08.16-09.49.24:024][379]LogModuleManager: Shutting down and abandoning module MediaPlayerEditor (300)
[2017.08.16-09.49.24:024][379]LogModuleManager: Shutting down and abandoning module HTML5Networking (298)
[2017.08.16-09.49.24:024][379]LogModuleManager: Shutting down and abandoning module AlembicImporter (296)
[2017.08.16-09.49.24:024][379]LogModuleManager: Shutting down and abandoning module AlembicLibrary (295)
[2017.08.16-09.49.24:025][379]LogModuleManager: Shutting down and abandoning module GeometryCache (294)
[2017.08.16-09.49.24:025][379]LogModuleManager: Shutting down and abandoning module GeometryCacheEd (293)
[2017.08.16-09.49.24:025][379]LogModuleManager: Shutting down and abandoning module SuperSearchEditor (288)
[2017.08.16-09.49.24:025][379]LogModuleManager: Shutting down and abandoning module SuperSearch (287)
[2017.08.16-09.49.24:025][379]LogModuleManager: Shutting down and abandoning module SpeedTreeImporter (284)
[2017.08.16-09.49.24:025][379]LogModuleManager: Shutting down and abandoning module PluginBrowser (282)
[2017.08.16-09.49.24:025][379]LogModuleManager: Shutting down and abandoning module MobileLauncherProfileWizard (280)
[2017.08.16-09.49.24:025][379]LogModuleManager: Shutting down and abandoning module VisualStudioSourceCodeAccess (278)
[2017.08.16-09.49.24:025][379]LogModuleManager: Shutting down and abandoning module DesktopPlatform (277)
[2017.08.16-09.49.24:025][379]LogModuleManager: Shutting down and abandoning module UObjectPlugin (274)
[2017.08.16-09.49.24:026][379]LogModuleManager: Shutting down and abandoning module SubversionSourceControl (272)
[2017.08.16-09.49.24:026][379]LogModuleManager: Shutting down and abandoning module PerforceSourceControl (270)
[2017.08.16-09.49.24:026][379]LogModuleManager: Shutting down and abandoning module GitSourceControl (268)
[2017.08.16-09.49.24:026][379]LogModuleManager: Shutting down and abandoning module SourceControl (267)
[2017.08.16-09.49.24:027][379]LogModuleManager: Shutting down and abandoning module LightPropagationVolumeEditor (264)
[2017.08.16-09.49.24:027][379]LogModuleManager: Shutting down and abandoning module PaperTiledImporter (262)
[2017.08.16-09.49.24:027][379]LogModuleManager: Shutting down and abandoning module PaperSpriteSheetImporter (260)
[2017.08.16-09.49.24:027][379]LogModuleManager: Shutting down and abandoning module Paper2DEditor (258)
[2017.08.16-09.49.24:027][379]LogModuleManager: Shutting down and abandoning module MeshPaint (257)
[2017.08.16-09.49.24:027][379]LogModuleManager: Shutting down and abandoning module LevelEditor (255)
[2017.08.16-09.49.24:044][379]LogModuleManager: Shutting down and abandoning module PixelInspectorModule (254)
[2017.08.16-09.49.24:044][379]LogModuleManager: Shutting down and abandoning module MainFrame (252)
[2017.08.16-09.49.24:044][379]LogModuleManager: Shutting down and abandoning module HotReload (251)
[2017.08.16-09.49.24:047][379]LogModuleManager: Shutting down and abandoning module PhysXVehiclesEditor (246)
[2017.08.16-09.49.24:047][379]LogModuleManager: Shutting down and abandoning module PhysXVehicles (244)
[2017.08.16-09.49.24:047][379]LogModuleManager: Shutting down and abandoning module LocationServicesBPLibrary (242)
[2017.08.16-09.49.24:047][379]LogModuleManager: Shutting down and abandoning module ImmediatePhysicsEditor (240)
[2017.08.16-09.49.24:047][379]LogModuleManager: Shutting down and abandoning module ImmediatePhysics (238)
[2017.08.16-09.49.24:047][379]LogModuleManager: Shutting down and abandoning module UdpMessaging (236)
[2017.08.16-09.49.24:149][379]LogModuleManager: Shutting down and abandoning module TcpMessaging (234)
[2017.08.16-09.49.24:250][379]LogModuleManager: Shutting down and abandoning module GameplayTagsEditor (232)
[2017.08.16-09.49.24:250][379]LogModuleManager: Shutting down and abandoning module FacialAnimationEditor (230)
[2017.08.16-09.49.24:250][379]LogModuleManager: Shutting down and abandoning module FacialAnimation (228)
[2017.08.16-09.49.24:250][379]LogModuleManager: Shutting down and abandoning module AssetManagerEditor (226)
[2017.08.16-09.49.24:250][379]LogModuleManager: Shutting down and abandoning module GraphEditor (225)
[2017.08.16-09.49.24:250][379]LogModuleManager: Shutting down and abandoning module ContentBrowser (223)
[2017.08.16-09.49.24:257][379]LogModuleManager: Shutting down and abandoning module LightPropagationVolumeRuntime (220)
[2017.08.16-09.49.24:257][379]LogModuleManager: Shutting down and abandoning module Paper2D (218)
[2017.08.16-09.49.24:257][379]LogModuleManager: Shutting down and abandoning module WindowsMoviePlayer (216)
[2017.08.16-09.49.24:257][379]LogModuleManager: Shutting down and abandoning module WmfMedia (214)
[2017.08.16-09.49.24:257][379]LogModuleManager: Shutting down and abandoning module ClothingSystemEditor (212)
[2017.08.16-09.49.24:258][379]LogModuleManager: Shutting down and abandoning module ClothingSystemRuntime (210)
[2017.08.16-09.49.24:258][379]LogModuleManager: Shutting down and abandoning module MediaAssets (208)
[2017.08.16-09.49.24:258][379]LogModuleManager: Shutting down and abandoning module GameLiveStreaming (206)
[2017.08.16-09.49.24:258][379]LogModuleManager: Shutting down and abandoning module VREditor (204)
[2017.08.16-09.49.24:258][379]LogModuleManager: Shutting down and abandoning module StringTableEditor (202)
[2017.08.16-09.49.24:258][379]LogModuleManager: Shutting down and abandoning module GameplayTasksEditor (200)
[2017.08.16-09.49.24:258][379]LogModuleManager: Shutting down and abandoning module BehaviorTreeEditor (198)
[2017.08.16-09.49.24:258][379]LogModuleManager: Shutting down and abandoning module FunctionalTesting (196)
[2017.08.16-09.49.24:258][379]LogModuleManager: Shutting down and abandoning module CollisionAnalyzer (194)
[2017.08.16-09.49.24:258][379]LogModuleManager: Shutting down and abandoning module UMG (192)
[2017.08.16-09.49.24:258][379]LogModuleManager: Shutting down and abandoning module UMGEditor (191)
[2017.08.16-09.49.24:259][379]LogModuleManager: Shutting down and abandoning module Sequencer (190)
[2017.08.16-09.49.24:259][379]LogModuleManager: Shutting down and abandoning module AssetTools (188)
[2017.08.16-09.49.24:259][379]LogModuleManager: Shutting down and abandoning module MessageLog (187)
[2017.08.16-09.49.24:259][379]LogModuleManager: Shutting down and abandoning module WorkspaceMenuStructure (186)
[2017.08.16-09.49.24:259][379]LogModuleManager: Shutting down and abandoning module SlateReflector (180)
[2017.08.16-09.49.24:259][379]LogModuleManager: Shutting down and abandoning module Slate (178)
[2017.08.16-09.49.24:259][379]LogModuleManager: Shutting down and abandoning module EditorStyle (176)
[2017.08.16-09.49.24:268][379]LogModuleManager: Shutting down and abandoning module SourceCodeAccess (174)
[2017.08.16-09.49.24:268][379]LogModuleManager: Shutting down and abandoning module HeadMountedDisplay (172)
[2017.08.16-09.49.24:268][379]LogModuleManager: Shutting down and abandoning module XAudio2 (170)
[2017.08.16-09.49.24:269][379]LogModuleManager: Shutting down and abandoning module Networking (168)
[2017.08.16-09.49.24:269][379]LogModuleManager: Shutting down and abandoning module Core (164)
[2017.08.16-09.49.24:269][379]LogModuleManager: Shutting down and abandoning module AssetRegistry (162)
[2017.08.16-09.49.24:612][379]LogDirectoryWatcher: A directory notification for '../../../Engine/Content/' was aborted.
[2017.08.16-09.49.24:613][379]LogDirectoryWatcher: A directory notification for 'D:/UnrealStudy/Lesson2/Content/' was aborted.
[2017.08.16-09.49.24:613][379]LogDirectoryWatcher: A directory notification for '../../../Engine/Plugins/2D/Paper2D/Content/' was aborted.
[2017.08.16-09.49.24:613][379]LogDirectoryWatcher: A directory notification for '../../../Engine/Plugins/Runtime/GearVR/Content/' was aborted.
[2017.08.16-09.49.24:631][379]LogModuleManager: Shutting down and abandoning module DirectoryWatcher (161)
[2017.08.16-09.49.24:641][379]LogModuleManager: Shutting down and abandoning module KismetCompiler (158)
[2017.08.16-09.49.24:641][379]LogModuleManager: Shutting down and abandoning module LevelSequence (156)
[2017.08.16-09.49.24:641][379]LogModuleManager: Shutting down and abandoning module PhysXFormats (154)
[2017.08.16-09.49.24:641][379]LogModuleManager: Shutting down and abandoning module MeshUtilities (152)
[2017.08.16-09.49.24:641][379]LogModuleManager: Shutting down and abandoning module SimplygonSwarm (151)
[2017.08.16-09.49.24:642][379]LogModuleManager: Shutting down and abandoning module SimplygonMeshReduction (149)
[2017.08.16-09.49.24:642][379]LogModuleManager: Shutting down and abandoning module QuadricMeshReduction (147)
[2017.08.16-09.49.24:642][379]LogModuleManager: Shutting down and abandoning module DerivedDataCache (144)
[2017.08.16-09.49.24:704][379]LogDerivedDataCache: Shutdown
[2017.08.16-09.49.24:704][379]LogModuleManager: Shutting down and abandoning module TargetPlatform (142)
[2017.08.16-09.49.24:704][379]LogModuleManager: Shutting down and abandoning module VulkanShaderFormat (141)
[2017.08.16-09.49.24:704][379]LogModuleManager: Shutting down and abandoning module ShaderFormatVectorVM (139)
[2017.08.16-09.49.24:704][379]LogModuleManager: Shutting down and abandoning module ShaderFormatOpenGL (137)
[2017.08.16-09.49.24:704][379]LogModuleManager: Shutting down and abandoning module ShaderFormatD3D (135)
[2017.08.16-09.49.24:704][379]LogModuleManager: Shutting down and abandoning module MetalShaderFormat (133)
[2017.08.16-09.49.24:704][379]LogModuleManager: Shutting down and abandoning module TextureFormatUncompressed (131)
[2017.08.16-09.49.24:704][379]LogModuleManager: Shutting down and abandoning module TextureFormatPVR (129)
[2017.08.16-09.49.24:704][379]LogModuleManager: Shutting down and abandoning module TextureFormatDXT (127)
[2017.08.16-09.49.24:704][379]LogModuleManager: Shutting down and abandoning module TextureFormatIntelISPCTexComp (125)
[2017.08.16-09.49.24:704][379]LogModuleManager: Shutting down and abandoning module TextureFormatASTC (123)
[2017.08.16-09.49.24:704][379]LogModuleManager: Shutting down and abandoning module ImageWrapper (122)
[2017.08.16-09.49.24:704][379]LogModuleManager: Shutting down and abandoning module TextureFormatAndroid (119)
[2017.08.16-09.49.24:704][379]LogModuleManager: Shutting down and abandoning module AudioFormatOpus (117)
[2017.08.16-09.49.24:704][379]LogModuleManager: Shutting down and abandoning module AudioFormatOgg (115)
[2017.08.16-09.49.24:704][379]LogModuleManager: Shutting down and abandoning module AudioFormatADPCM (113)
[2017.08.16-09.49.24:704][379]LogModuleManager: Shutting down and abandoning module LinuxTargetPlatform (111)
[2017.08.16-09.49.24:704][379]LogModuleManager: Shutting down and abandoning module LinuxServerTargetPlatform (109)
[2017.08.16-09.49.24:705][379]LogModuleManager: Shutting down and abandoning module LinuxNoEditorTargetPlatform (107)
[2017.08.16-09.49.24:705][379]LogModuleManager: Shutting down and abandoning module LinuxClientTargetPlatform (105)
[2017.08.16-09.49.24:705][379]LogModuleManager: Shutting down and abandoning module TVOSTargetPlatform (103)
[2017.08.16-09.49.24:705][379]LogModuleManager: Shutting down and abandoning module Messaging (101)
[2017.08.16-09.49.24:705][379]LogModuleManager: Shutting down and abandoning module IOSTargetPlatform (99)
[2017.08.16-09.49.24:705][379]LogModuleManager: Shutting down and abandoning module HTML5TargetPlatform (97)
[2017.08.16-09.49.24:705][379]LogModuleManager: Shutting down and abandoning module Android_PVRTCTargetPlatform (95)
[2017.08.16-09.49.24:705][379]LogModuleManager: Shutting down and abandoning module Android_MultiTargetPlatform (93)
[2017.08.16-09.49.24:705][379]LogModuleManager: Shutting down and abandoning module Android_ETC2TargetPlatform (91)
[2017.08.16-09.49.24:705][379]LogModuleManager: Shutting down and abandoning module Android_ETC1TargetPlatform (89)
[2017.08.16-09.49.24:705][379]LogModuleManager: Shutting down and abandoning module Android_DXTTargetPlatform (87)
[2017.08.16-09.49.24:705][379]LogModuleManager: Shutting down and abandoning module Android_ATCTargetPlatform (85)
[2017.08.16-09.49.24:705][379]LogModuleManager: Shutting down and abandoning module Android_ASTCTargetPlatform (83)
[2017.08.16-09.49.24:705][379]LogModuleManager: Shutting down and abandoning module AndroidTargetPlatform (81)
[2017.08.16-09.49.24:705][379]LogModuleManager: Shutting down and abandoning module WindowsTargetPlatform (79)
[2017.08.16-09.49.24:705][379]LogModuleManager: Shutting down and abandoning module WindowsServerTargetPlatform (77)
[2017.08.16-09.49.24:705][379]LogModuleManager: Shutting down and abandoning module WindowsNoEditorTargetPlatform (75)
[2017.08.16-09.49.24:705][379]LogModuleManager: Shutting down and abandoning module WindowsClientTargetPlatform (73)
[2017.08.16-09.49.24:705][379]LogModuleManager: Shutting down and abandoning module MacTargetPlatform (71)
[2017.08.16-09.49.24:705][379]LogModuleManager: Shutting down and abandoning module MacServerTargetPlatform (69)
[2017.08.16-09.49.24:705][379]LogModuleManager: Shutting down and abandoning module MacNoEditorTargetPlatform (67)
[2017.08.16-09.49.24:705][379]LogModuleManager: Shutting down and abandoning module MacClientTargetPlatform (65)
[2017.08.16-09.49.24:705][379]LogModuleManager: Shutting down and abandoning module AllDesktopTargetPlatform (63)
[2017.08.16-09.49.24:705][379]LogModuleManager: Shutting down and abandoning module InputCore (60)
[2017.08.16-09.49.24:705][379]LogModuleManager: Shutting down and abandoning module Settings (58)
[2017.08.16-09.49.24:705][379]LogModuleManager: Shutting down and abandoning module OculusRift (56)
[2017.08.16-09.49.24:705][379]LogModuleManager: Shutting down and abandoning module GearVRController (54)
[2017.08.16-09.49.24:705][379]LogModuleManager: Shutting down and abandoning module GearVR (52)
[2017.08.16-09.49.24:706][379]LogModuleManager: Shutting down and abandoning module ExampleDeviceProfileSelector (50)
[2017.08.16-09.49.24:706][379]LogModuleManager: Shutting down and abandoning module OnlineBlueprintSupport (48)
[2017.08.16-09.49.24:706][379]LogModuleManager: Shutting down and abandoning module OnlineSubsystem (44)
[2017.08.16-09.49.24:706][379]LogOnline:Display: Unloading online subsystem: NULL
[2017.08.16-09.49.24:706][379]LogModuleManager: Shutting down and abandoning module XMPP (43)
[2017.08.16-09.49.24:706][379]LogModuleManager: Shutting down and abandoning module HTTP (41)
[2017.08.16-09.49.24:706][379]LogHttp:Display: Http module shutting down, but needs to wait on 1 outstanding Http requests:
[2017.08.16-09.49.24:706][379]LogHttp:Display: 	verb=[POST] url=[https://datarouter.ol.epicgames.com/datarouter/api/v1/public/data?SessionID=%7BD38D582D-4A82-45DD-E17D-B7A06E51BF05%7D&AppID=UEEditor.Rocket.Release&AppVersion=4.16.3-3561208%2B%2B%2BUE4%2BRelease-4.16&UserID=6309f6d84a95ae2fd4720a8936598cbb%7C47c8acbb412c4c59ac4a2cbb28f674b9%7Cc22bf75b-b27c-4543-aa8c-1a82ec03a7f1&AppEnvironment=datacollector-binary&UploadType=eteventstream] status=Processing
[2017.08.16-09.49.24:726][379]LogModuleManager: Shutting down and abandoning module SSL (40)
[2017.08.16-09.49.24:729][379]LogModuleManager: Shutting down and abandoning module HTTPChunkInstaller (36)
[2017.08.16-09.49.24:729][379]LogModuleManager: Shutting down and abandoning module AnimationModifiers (34)
[2017.08.16-09.49.24:729][379]LogModuleManager: Shutting down and abandoning module PropertyEditor (33)
[2017.08.16-09.49.24:730][379]LogModuleManager: Shutting down and abandoning module AudioEditor (30)
[2017.08.16-09.49.24:730][379]LogModuleManager: Shutting down and abandoning module TextureCompressor (28)
[2017.08.16-09.49.24:730][379]LogModuleManager: Shutting down and abandoning module ShaderCore (26)
[2017.08.16-09.49.24:730][379]LogModuleManager: Shutting down and abandoning module Landscape (24)
[2017.08.16-09.49.24:730][379]LogModuleManager: Shutting down and abandoning module SlateRHIRenderer (22)
[2017.08.16-09.49.24:749][379]LogModuleManager: Shutting down and abandoning module OpenGLDrv (20)
[2017.08.16-09.49.24:749][379]LogModuleManager: Shutting down and abandoning module D3D11RHI (18)
[2017.08.16-09.49.24:749][379]LogModuleManager: Shutting down and abandoning module AnimGraphRuntime (16)
[2017.08.16-09.49.24:749][379]LogModuleManager: Shutting down and abandoning module Renderer (14)
[2017.08.16-09.49.24:749][379]LogModuleManager: Shutting down and abandoning module Engine (12)
[2017.08.16-09.49.24:749][379]LogModuleManager: Shutting down and abandoning module CoreUObject (10)
[2017.08.16-09.49.24:749][379]LogModuleManager: Shutting down and abandoning module NetworkFile (8)
[2017.08.16-09.49.24:749][379]LogModuleManager: Shutting down and abandoning module StreamingFile (6)
[2017.08.16-09.49.24:749][379]LogModuleManager: Shutting down and abandoning module SandboxFile (4)
[2017.08.16-09.49.24:750][379]LogModuleManager: Shutting down and abandoning module PakFile (2)
[2017.08.16-09.49.24:751][379]LogExit: Exiting.
[2017.08.16-09.49.24:811][379]Log file closed, 08/16/17 18:49:24
